process_radtags v2.41, executed 2021-08-10 13:42:27 (zlib-1.2.11)
process_radtags -1 MiSeq/fastq/Selwyn_P4P1_S2_1.fq.gz -2 MiSeq/fastq/Selwyn_P4P1_S2_2.fq.gz -i gzfastq -b MiSeq/fastq/20190909-Selwyn_Plate4Pool1_MiSeq_demultiplex.txt -r -e ecoRI -o MiSeq/demultiplexed_seqs/P4P1 -D
File	Retained Reads	Low Quality	Barcode Not Found	RAD cutsite Not Found	Total
Selwyn_P4P1_S2_1.fq.gz	5915655	0	44750	8917	5969322

Total Sequences	5969322
Barcode Not Found	44750
Low Quality	0
RAD Cutsite Not Found	8917
Retained Reads	5915655

Barcode	Filename	Total	NoRadTag	LowQuality	Retained
GTCGA	COPE-0942	5924572	8917	0	5915655

Sequences not recorded
Barcode	Total
TTCTC	6120
TCGAA	5844
GGAGA	4884
GTGAA	3188
GAGTC	3162
GCGAA	3092
GGGGG	2434
GTCTC	2272
TTCTA	1006
GTCCG	968
TGTCG	832
CGAAA	590
GTCAC	544
AAGGA	532
GTCAT	428
TCTGC	398
GGTCG	384
GTTCG	370
GTAAA	346
GTCAG	324
GGGGA	300
GTGAC	298
CTGTC	292
TACGT	280
TCCGG	260
GGCTC	202
GAAAT	196
CGAAT	176
GAAGA	166
GGAAA	162
GTGAT	148
GCTGA	144
GTGAG	140
TTCGC	140
GTTCT	136
CGATC	124
GAGGA	116
TTCCC	100
TCGCA	98
GTCCC	80
NNNNN	66
GCGCC	64
TTACC	64
GCCCC	62
CGGTC	56
GTGCC	54
CGGTG	50
ACGGT	50
CGGTT	48
CGGTA	46
GTCTG	46
GCGCA	42
CGGGT	42
AAATT	40
TGTTC	40
TGAGA	40
CGGAC	36
GCACC	36
CGGAT	36
TCAAA	36
GCATG	36
GTAGT	36
CGGAG	34
CGGCC	34
CGGAA	34
CGCAA	34
CGGGA	32
GCCGG	32
GTGCA	32
AGAGA	30
GAATT	30
GTACT	30
CGACA	30
GGAGG	30
CGCTC	28
TTAGA	28
TTATA	28
GTCTT	28
TGAAA	26
CTCTC	26
GAAAA	26
GTCCT	26
CGGGC	24
TACCG	24
GGTGA	24
TCTCC	22
GGAAG	22
ATCAA	22
TAAGA	22
GTGCT	20
TATAC	20
GTAGG	20
GTACC	20
GACGG	18
GTAAC	18
CGGGG	18
TTCTG	18
GAACT	18
CGGCA	18
GATCA	18
GAATA	16
GTACA	16
GACCA	16
AAAAA	16
TCGAT	16
TCCGA	16
GATGT	16
CGTCG	14
TCTCA	14
TTCCA	14
GGACT	14
GCCAA	14
GCACA	14
GCAAC	14
GTATA	14
TAAAA	14
ACCTC	14
GAGAA	12
GGATA	12
GAGAC	12
GCAAA	12
CCAGC	12
CTCTT	12
CGGCT	12
CGACG	12
CTCAC	12
ACATA	12
GGACC	10
ATCTA	10
GCCGC	10
GAGTA	10
GACGC	10
GTAAG	10
GGACA	10
GCCTG	10
GCCTT	10
TCCAA	10
TCATT	10
ATCAT	10
ACCCT	10
GCAGA	10
ACAAA	10
CGCCG	10
TCGAC	10
TTTTC	10
TGCAT	10
CGACT	10
GATTC	8
GCAGT	8
GCGAC	8
GATTT	8
TCTTA	8
GTAAT	8
GTGTG	8
GTTCA	8
AAATG	8
GTGCG	8
AACTT	8
AATTC	8
GTTTG	8
GTATG	8
GCGTG	8
ATCTC	8
GGCAA	8
CACTG	8
GGAAT	8
CATAT	8
GCTTG	8
TCACT	8
GACTA	8
GAGCC	8
GAGCA	8
GAGAT	8
GAATC	8
CTCTG	8
GATAA	8
GACTC	8
GATGA	8
CTCCC	6
GAGGC	6
TTTCC	6
GAAGC	6
GTTTT	6
GACAA	6
GTTTC	6
TTGAA	6
TGATA	6
ATAGA	6
TTCTT	6
GGAAC	6
CATGA	6
GCTGC	6
TAACC	6
TTCCT	6
GCTTC	6
TCAAT	6
GTACG	6
TCCGT	6
TCGAG	6
GGCCC	6
ATGTC	6
GAAAC	6
GAGTT	6
GCATA	6
GGCAG	6
GGGAA	6
GAACC	6
GACAT	6
GCCAT	6
GACAG	6
CCGAT	6
GGCGG	6
TAATA	6
GAGTG	6
TGCCC	6
GGTCC	6
GTTGC	6
TCTTC	6
TTAGT	4
ATGGA	4
GAATG	4
GGTCA	4
ACCGA	4
AAGTT	4
GATTA	4
GTGGT	4
GTGGC	4
TCTGA	4
CTTCT	4
AACAA	4
AACGA	4
TTTTA	4
ATATT	4
GTTCC	4
GAACG	4
CTCTA	4
CTCCG	4
CTGTA	4
ACTTC	4
AGCTA	4
GACTT	4
CCCAT	4
TCGNA	4
GCCTC	4
GCCTA	4
TCCCC	4
CCCGC	4
ATTGA	4
GCGTA	4
TCAGT	4
GCTAG	4
GCTCC	4
GCTTA	4
CGTAT	4
TGTTA	4
CGGCG	4
CGATT	4
GGCAC	4
GGATT	4
GCAAG	4
TGTTG	4
GATCC	4
TGGCG	4
GCATC	4
GCATT	4
TTTGA	2
TCCGC	2
TGGTA	2
TTTGC	2
TGCTT	2
TGCCT	2
TTTGG	2
TGTCA	2
TTGCC	2
TGCCG	2
GTNAA	2
TCCTC	2
TGACT	2
TAGCA	2
TAGTC	2
TACCC	2
TTAAT	2
TTAAA	2
TATGA	2
TAAGG	2
TTATC	2
TTCAA	2
TTCAC	2
TGCAA	2
TGTNC	2
TGATT	2
TTTTT	2
TTCGT	2
TGTGA	2
TAAAG	2
TGTCT	2
TCNAA	2
TTGGA	2
TTTAC	2
CCGTG	2
ATTTC	2
CAAAT	2
CAACC	2
CACCG	2
CACGA	2
CACGT	2
CAGAG	2
CATGT	2
CATTA	2
CCAAT	2
CCCCT	2
CCGCA	2
ATTCA	2
CCGTT	2
CGAGA	2
CGANA	2
CGATA	2
CGCAT	2
CGTAA	2
CGTAC	2
CTACA	2
CTCAA	2
CTCAT	2
GTGTC	2
AGGAA	2
AAAGA	2
AACCC	2
AAGAA	2
AAGGT	2
AAGTA	2
AATCA	2
ACAAC	2
ACCAA	2
ACCAG	2
ACGAA	2
ACTCA	2
AGAAA	2
CTCCA	2
AGGAG	2
AGGAT	2
AGGGA	2
AGTCA	2
AGTCG	2
ATATA	2
ATCCA	2
ATCCC	2
ATCCG	2
ATGAA	2
ATTAC	2
GGCNA	2
GCGAT	2
GCGNA	2
GCGTC	2
GCTGG	2
GCTTT	2
GGACG	2
GGAGC	2
GGATC	2
GGCCA	2
CTGAA	2
GGGAG	2
GGGCC	2
GGGGT	2
GGTCT	2
GGTTT	2
GTATC	2
GTATT	2
GTCNG	2
GCCGT	2
CTGGA	2
CTTCC	2
GAAGG	2
GAGCG	2
GAGNC	2
GANTC	2
GATCT	2
GCAAT	2
GCACT	2
GCAGC	2
GCCAC	2
GCCAG	2
GCCCG	2
GCGAG	2
