process_radtags v2.41, executed 2021-08-10 13:53:18 (zlib-1.2.11)
process_radtags -1 MiSeq/fastq/Selwyn_P5P1_S3_1.fq.gz -2 MiSeq/fastq/Selwyn_P5P1_S3_2.fq.gz -i gzfastq -b MiSeq/fastq/20190909-Selwyn_Plate5Pool1_MiSeq_demultiplex.txt -r -e ecoRI -o MiSeq/demultiplexed_seqs/P5P1 -D
File	Retained Reads	Low Quality	Barcode Not Found	RAD cutsite Not Found	Total
Selwyn_P5P1_S3_1.fq.gz	7451231	0	49924	16885	7518040

Total Sequences	7518040
Barcode Not Found	49924
Low Quality	0
RAD Cutsite Not Found	16885
Retained Reads	7451231

Barcode	Filename	Total	NoRadTag	LowQuality	Retained
AAGGA	COPE-1030	4499708	14411	0	4485297
TACGT	COPE-0697	2968408	2474	0	2965934

Sequences not recorded
Barcode	Total
ACGTA	9510
AGGAA	8560
CCTTC	4592
TCCTT	4408
TCGTA	3366
GGGGG	2936
TAGTA	1700
ACTTC	1326
TAAGG	1098
GAAGG	834
AAAGG	808
GAGGG	792
GTCGA	740
CATTA	550
TTACG	490
CATGA	422
TACTA	392
GGAAA	390
GACGG	312
AAAAA	278
CCTTA	270
CCTGC	224
CCTGA	216
TAGGG	200
AGGCA	178
CGTAA	166
GCATG	160
AGAAA	144
TACCG	142
AATTA	138
TAACG	128
GAAAT	114
ACGGC	110
CCTCC	110
NNNNN	96
TCCCT	78
AACGG	76
TACTC	72
ACTTA	64
GAGGT	64
AAAAT	62
CATTC	62
CGGAG	60
CGGTT	58
ACGTC	58
CGGAC	52
TGTTC	50
TAGTC	50
CAGGC	50
CGGTG	48
CGGAA	46
GAAGT	46
TATAA	46
TAGTT	46
AGGAC	44
AAGAG	44
TACTG	42
CGGGA	42
CGGGG	42
ACTCC	40
CGGAT	38
CGGGC	38
TCTAA	38
CAGTA	38
GGACT	38
TGTAA	38
AAGAT	36
CGGCA	36
CGGCT	34
CCCTC	32
CGGGT	32
GGACA	32
CGGCC	30
GCCCC	30
GTAAT	28
CGGCG	28
CGGTA	28
GGAAG	26
TTCTT	26
GGATA	26
CCGTC	24
TTCCG	24
AAGAC	24
AAACA	24
CATGC	22
TATTT	22
GGCAA	22
ATGAA	22
TCTTT	22
CGGTC	22
TTCCC	22
AAGTC	20
ACTGC	20
CTTCC	20
ACGTG	20
AAAAC	18
CCTCA	18
GAAGA	18
CGCTC	18
AAATT	18
AGACT	18
GGTTG	16
CCCGC	16
AAACC	16
CTTTC	16
AGTAA	16
ACCTC	14
CTGAT	14
ATGTA	14
AACTG	14
ACGCC	14
AACAA	14
TAATT	14
CTGTA	14
TAACC	14
GCTCT	12
ACTAA	12
TAGAA	12
TCTTC	12
AACAC	12
AAAGC	12
AATGC	12
TAAGA	12
AGGAG	12
TATTG	10
CCGCC	10
CAGAA	10
TATGG	10
TCCGA	10
TTCCT	10
GACTG	10
CAAGA	10
ACTGA	10
CGTTC	10
CGTCA	10
AACCC	10
AACCA	10
AAATA	10
GGATG	10
ACATA	10
AACAT	10
ACCCC	10
ACGAA	10
TACAA	10
AAGTG	10
CTTAC	10
TAAAG	10
GATTC	8
TGTGG	8
TCGGG	8
ACACA	8
CTAAG	8
TGTCT	8
CCGGC	8
TCGTC	8
CCTTT	8
CTGTT	8
AAATC	8
ACACT	8
TAAAA	8
GGAGT	8
TATAC	8
AGCAA	8
AGACA	8
GCTGA	8
TATCT	8
CACGC	8
TAGAG	8
AATAA	8
TTGTA	8
GATGG	8
TACCC	8
CATCA	8
TACAC	8
TCCCC	8
AGACC	8
GTCAA	6
CGTCT	6
AACTA	6
GGCTA	6
TACAG	6
TAGTG	6
GCTTA	6
GGAGA	6
GGACC	6
GGAAT	6
TATCC	6
GAAAA	6
TATGC	6
TATTA	6
AAGCT	6
TCGGT	6
GATCT	6
GACAT	6
TCAGT	6
TCGAT	6
GACTC	6
CCCTT	6
CGACC	6
ATCTT	6
TGTGA	6
ATGGC	6
TTCAT	6
AGATC	6
TTCTC	6
AAAGT	6
TTCTA	6
TTAAT	6
TTTGA	6
ATTCC	6
ATTGA	6
TGCCT	6
TTTGT	6
CAAAG	4
CAATA	4
TTCGC	4
CACCC	4
TATCA	4
TTAGA	4
AAACT	4
CACTT	4
TCAAA	4
GATTT	4
AGAGT	4
GATTA	4
CAGTT	4
TCACG	4
TTATT	4
TTAGT	4
GAGTA	4
TGCAT	4
GGTGT	4
AGGAT	4
TAAAT	4
AGCAT	4
AAGCG	4
AGGCC	4
TTTGG	4
TTTCC	4
TTTAT	4
TTGTT	4
GTAGC	4
AAGTT	4
GGTCA	4
GGGGT	4
TAGCG	4
GGGAA	4
GGCTC	4
TTCTG	4
ATTCA	4
TATAT	4
GGACG	4
ATTTA	4
TCTTA	4
CCGTA	4
TCGTG	4
TCGTT	4
ACTGT	4
CTTCT	4
CCTCT	4
ACGTT	4
CTGGT	4
CTGGA	4
TCTGT	4
AGAGC	4
CTCAA	4
TCTTG	4
TGGGA	4
CGTGT	4
CGTAT	4
ACGGG	4
TGAAC	4
TGAAT	4
ACCAC	4
TGCAC	4
AAATG	4
TCGAA	4
TCCCG	4
AGAAT	4
CCACT	4
TGTTG	4
GAACC	4
GACCA	4
TGTGT	4
GACGC	4
TTGTC	2
TCCTC	2
TTTAC	2
AACTC	2
TGCTA	2
TTGGA	2
TGCTT	2
TTGGC	2
TTAAG	2
TACCA	2
TTTCA	2
TCAGG	2
TCCTA	2
TGCGA	2
TAATG	2
TCATA	2
TGATA	2
TTACC	2
TGATG	2
TGCCA	2
GGAGC	2
TTCAC	2
TTCGA	2
TTCGG	2
TATGA	2
TGTCG	2
TGTCC	2
TTCCA	2
TCGGA	2
TGTAC	2
TATAG	2
TCTCA	2
TTGCT	2
AAAAG	2
TTGAA	2
TCAAT	2
TGGTG	2
AACCT	2
TAGGC	2
TAGCT	2
TGGTA	2
TAGCA	2
TTACA	2
ACGNA	2
ACATT	2
ACCAT	2
ACCCT	2
ACCGG	2
ACCTA	2
ACGCA	2
ACGGT	2
CGCTG	2
ACATG	2
CGCCG	2
CGATC	2
CCTTG	2
ACTAC	2
ACTTT	2
AGAAC	2
CCGGA	2
CCCTG	2
CTTTA	2
GACGA	2
GACCC	2
GAATG	2
GAATA	2
ACAAC	2
GAACA	2
ACACG	2
GAAAG	2
CCCTA	2
CTTAA	2
CTGCA	2
CTGAG	2
CTCTT	2
CTATT	2
CGTAC	2
ACAGG	2
AGTTT	2
ATGTT	2
ATGTC	2
ATGGG	2
ATGCC	2
ATCTA	2
ATCAC	2
ATACA	2
ATAAC	2
CAACA	2
AGTTG	2
AGTTA	2
AGTAT	2
AGGTA	2
AGGNA	2
AGGCT	2
AGCCA	2
CATAC	2
CCCGG	2
CCCCT	2
CCCCA	2
CCCAG	2
CCAGC	2
CCAAG	2
CATTG	2
CATCT	2
AATTC	2
CATAA	2
CAGAG	2
CACTC	2
CACTA	2
CACAA	2
CAACT	2
CAACC	2
GTCAT	2
AANAA	2
AGCCT	2
GGAGG	2
GGATC	2
GGCCC	2
GGCCT	2
GGCTG	2
GGGGA	2
GGGGC	2
GGTCC	2
GTACC	2
GTCAG	2
GACTT	2
GTCCC	2
GTCCG	2
GTCGT	2
GTCNA	2
GTGAA	2
GTGCA	2
GTGCG	2
GTGGA	2
GTTAA	2
GTTTA	2
GTTTT	2
GCCGG	2
GCAGC	2
AATCA	2
GAGAT	2
GCATT	2
GATGA	2
GATTG	2
GATCA	2
GCCGC	2
GAGTT	2
GAGAG	2
GCCTG	2
GCAAG	2
GCGTA	2
AATCC	2
GAGTG	2
