process_radtags v2.41, executed 2021-08-10 14:03:08 (zlib-1.2.11)
process_radtags -1 MiSeq/fastq/Selwyn_P6P1_S4_1.fq.gz -2 MiSeq/fastq/Selwyn_P6P1_S4_2.fq.gz -i gzfastq -b MiSeq/fastq/20190909-Selwyn_Plate6Pool1_MiSeq_demultiplex.txt -r -e ecoRI -o MiSeq/demultiplexed_seqs/P6P1 -D
File	Retained Reads	Low Quality	Barcode Not Found	RAD cutsite Not Found	Total
Selwyn_P6P1_S4_1.fq.gz	6736657	0	51854	10789	6799300

Total Sequences	6799300
Barcode Not Found	51854
Low Quality	0
RAD Cutsite Not Found	10789
Retained Reads	6736657

Barcode	Filename	Total	NoRadTag	LowQuality	Retained
GCATG	COPE-0922	1250578	1042	0	1249536
GTCGA	COPE-0694	5496868	9747	0	5487121

Sequences not recorded
Barcode	Total
TCGAA	5948
TTCTC	5388
GGAGA	4228
GTGAA	3380
GCGAA	3012
CATGA	2348
GGGGG	2328
GTCTC	2268
GCTGA	1270
TCCTT	1120
AAGGA	1018
GAAGG	992
TGTCG	928
TTCTA	902
GTCAC	894
GTCAT	724
GATGA	718
GCCTT	666
GTCAG	632
GCAGA	612
GGGGA	558
NNNNN	508
CGAAA	506
TCCTG	504
TACGT	490
GTCCG	404
GTTCG	402
GGTCG	396
GTGAC	376
GTGAT	294
GGCTC	288
TGCAT	276
GTGAG	272
GTAAA	236
TTCCC	196
GGCAT	172
ATGAA	170
GCCAT	168
GAAAT	162
TCGCA	158
TTCGC	148
CGTCG	114
GGAAA	114
GCAAT	112
GCCCC	102
GTCTG	94
CGGAG	92
ACCTG	92
GGACT	92
CGGAT	88
GAGGA	86
TCATT	76
CGGTG	74
GTCCC	72
GGTGA	72
CGGGT	70
GTTCT	68
CGGTT	68
GCGCA	68
CGGAA	66
CGGTA	64
AAATT	64
GAAGA	62
GGAAT	62
GAATT	60
GCCGG	60
TCAAA	58
CGGGA	58
CGGAC	56
GCAGC	56
CGGCA	54
GCAGT	54
GGAGG	54
GCGCC	52
CGGGG	52
GCCTA	50
CGGGC	50
CGGTC	48
TGAGA	46
GTCCT	44
GTGCA	42
TTATA	42
TGTTC	42
TCGAT	40
TTAGA	40
AGAGA	38
GCGAC	38
CGCAA	34
GCCCG	32
CGGCT	32
CGGCG	30
GCACT	30
TTCTT	28
GACAA	28
GGTTT	28
CGGCC	26
GACAT	26
GATGT	24
GATGC	24
GTACA	24
GTACT	24
GGCTG	24
ATCTG	22
GTCTT	22
GTAAT	22
GTAAC	22
TAATG	22
GAAAA	22
GCAAA	22
GCCAA	22
AAAAA	20
GACTG	20
GTATA	20
TCTTT	20
AATTC	20
TTCCA	20
TGAAA	20
GTGGT	20
GTGCC	20
GCCAG	18
GGAAG	18
GACTT	18
GAAAG	18
GTGTT	18
CTCTC	18
GTAAG	18
TTTTC	18
GCACC	18
GAACT	18
GTACC	18
TTATT	16
GCGAG	16
GCACA	16
GCCTC	16
CGACG	16
GTAGG	16
GTATT	16
GGTTA	14
GCTGT	14
GGTAG	14
CTGAT	14
GTTGC	14
TCACC	14
GGAGT	14
ATCAA	14
GCCGC	14
TCCGG	14
CCCTG	14
CGACA	14
CTTGG	12
TCGAG	12
GTATC	12
GGGAC	12
TCAGT	12
CTGTG	12
GCTGC	12
TCCAA	12
GTAGT	12
AAAGG	12
GGTGC	12
TGCCT	12
GCGAT	12
GCCNG	12
GCTCC	12
TTCAT	10
GAATA	10
GGATT	10
GCCCT	10
TTCTG	10
TTCGT	10
AACTG	10
AGTCC	10
AAGAA	10
TTCAA	10
TGAAT	10
AGAAA	10
GCTTC	10
GATCT	10
GATCA	10
GAGTT	10
CTCTT	10
CGCCG	10
CCATT	10
GTGCG	10
GTTCA	10
GTTCC	10
CTCAA	10
TAAGA	10
CAAAC	10
TAAGG	10
GGCAA	10
GGTCC	10
TCACA	10
GGCGC	10
TAATA	8
GGCTT	8
CTCTA	8
GACCC	8
TCCTC	8
GGATA	8
GACAC	8
GATTT	8
GCAAC	8
CAACA	8
GTTTA	8
CAGAA	8
GGCCT	8
GTTAC	8
GTTAA	8
GTGTA	8
GAATC	8
CCCCC	8
GCCCA	8
GTAGC	8
GGTCT	8
GGAGC	8
GAGAA	8
TCTCC	8
GGGAG	8
GGTCA	8
GAGTA	8
TAATT	8
GGACG	6
TCGAC	6
GGACC	6
TCGTA	6
TCCAT	6
TTTGA	6
TTGGA	6
AAACC	6
GTGTG	6
TCATA	6
TCTCA	6
TCCGC	6
GGGCC	6
TACAT	6
GTTGT	6
TTCAC	6
GTACG	6
GTTTC	6
GTTTT	6
GGGTT	6
GCTGG	6
TGTTA	6
TCTGT	6
TGTCT	6
TCACT	6
GCGGC	6
GACTA	6
ATCTA	6
CCCAG	6
ATCCT	6
AGGGA	6
GAGGC	6
CGCTG	6
AGATT	6
GAGAG	6
AGCGA	6
GACGG	6
CTCTG	6
CTGAA	6
ACACG	6
CTGTC	6
ACCAC	6
ACATT	6
GATTA	6
CTGCA	4
TCTTG	4
ACGGG	4
GGTGT	4
CACCC	4
ACGAA	4
CACAT	4
GTTGG	4
GTTTG	4
CTGAG	4
GTTAG	4
CAAGA	4
GGGTC	4
ATTTT	4
TGCGA	4
TGGTA	4
TGTCA	4
TAACC	4
GAACA	4
TAAAG	4
CATCC	4
ATCNA	4
TCCCA	4
TCCCC	4
TCAAT	4
CCCTT	4
TAGTA	4
CCTGC	4
CCTTC	4
ATACA	4
ATGCA	4
TGACT	4
GTANA	4
AGCCC	4
CGCCA	4
TACTG	4
CATAA	4
AGAAG	4
CTCAT	4
GAGTG	4
TTCCT	4
AACTT	4
GAGAC	4
GGAAC	4
AACGA	4
GAGCC	4
AACCA	4
GAGGG	4
GAGGT	4
GAGTC	4
AACAA	4
TGTTG	4
GCTCA	4
GCGTT	4
TTGAG	4
GATAC	4
GCGGA	4
AAATG	4
GATGG	4
GATTC	4
TTTTA	4
GCCGT	4
GGCCC	4
GGCAG	4
TTAAA	4
ACACT	4
ACATA	4
ATGTA	2
TACTC	2
TTGGT	2
TGTTT	2
TAGCC	2
TGTCC	2
TAGGA	2
TTGGG	2
TATCG	2
TACTA	2
TCAAC	2
ATGGC	2
ATGGA	2
TCACG	2
ATGCG	2
TCAGA	2
TTTCT	2
TTTTT	2
AAAGA	2
CAAAT	2
ACATC	2
TTTGG	2
ATTTA	2
ATTGG	2
ATTGA	2
AAATC	2
ATCTT	2
TACAA	2
TTTCA	2
TACAC	2
ATTAC	2
TACCT	2
TTGTA	2
TACGC	2
ATNGA	2
ACTGA	2
TGAGG	2
AGCAT	2
AGCAC	2
AACCC	2
ACCTC	2
AGATG	2
AGACT	2
TCTAA	2
TTCGG	2
TTATG	2
ACACA	2
ACTAC	2
AATTA	2
GTNAA	2
ACGAC	2
AATGA	2
AAGAT	2
TGACA	2
TCCGA	2
TGTAG	2
AAGTA	2
TGGTT	2
TTGCA	2
TGCNT	2
TTGAC	2
TCCCT	2
TTGAA	2
TCAGG	2
TGCGG	2
ATCCC	2
TCCGT	2
TCCTA	2
ACCCT	2
ACCGA	2
TGAGT	2
AACAT	2
CTGAC	2
CTTTC	2
GGGAA	2
CTTCT	2
CTTCA	2
GGGCA	2
CTGTT	2
GGGCT	2
GGGGC	2
CTGGT	2
GGGGT	2
CTGCT	2
CTGCG	2
CTTTG	2
GGTGG	2
CTCCC	2
TAAAA	2
GGTTG	2
CTCCA	2
CTCAG	2
CTACT	2
CTAAT	2
CGTTT	2
CGTNG	2
CGTAC	2
GACTC	2
GCCAC	2
GATAT	2
GCGCT	2
GCGGG	2
GCTAA	2
GCTCT	2
GCTNG	2
GCTTA	2
GCTTT	2
GAGAT	2
GGACA	2
GGTTC	2
GACGT	2
GACCT	2
GACCG	2
GACAG	2
GAAGT	2
GGCAC	2
GAAGC	2
GGCCA	2
GGCCG	2
GAACC	2
GAAAC	2
CATAT	2
CCAGT	2
CCACT	2
CCACG	2
CCAAC	2
CATTT	2
CATGC	2
CATCG	2
GTGCT	2
GTGGC	2
CATCA	2
CGCGA	2
CANGA	2
CAGTT	2
CAGCC	2
CACGA	2
CACCT	2
CACAC	2
CAATT	2
CAATA	2
CAACC	2
NTCTA	2
CGAAC	2
CCCAA	2
CCTGA	2
CCATA	2
CCGAA	2
CGACT	2
CGATG	2
CCCGG	2
CGCAT	2
