process_radtags v2.41, executed 2021-08-10 13:33:49 (zlib-1.2.11)
process_radtags -1 MiSeq/fastq/Selwyn_P3P1_S1_1.fq.gz -2 MiSeq/fastq/Selwyn_P3P1_S1_2.fq.gz -i gzfastq -b MiSeq/fastq/20190909-Selwyn_Plate3Pool1_MiSeq_demultiplex.txt -r -e ecoRI -o MiSeq/demultiplexed_seqs/P3P1 -D
File	Retained Reads	Low Quality	Barcode Not Found	RAD cutsite Not Found	Total
Selwyn_P3P1_S1_1.fq.gz	4169451	0	25936	17421	4212808

Total Sequences	4212808
Barcode Not Found	25936
Low Quality	0
RAD Cutsite Not Found	17421
Retained Reads	4169451

Barcode	Filename	Total	NoRadTag	LowQuality	Retained
AAGGA	COPE-1188	4186872	17421	0	4169451

Sequences not recorded
Barcode	Total
AGGAA	9080
CCTTC	4454
GGGGG	2054
ACTTC	1282
TAAGG	804
AAAGG	796
CATTA	488
CATGA	482
GGAAA	480
AAAAA	350
GTCGA	302
CCTGC	292
CGATC	258
TACGT	250
TCGAT	234
CCTTA	214
AGAAA	206
CCTGA	180
GCATG	176
AGGCA	160
AATTA	140
GAAAT	134
ACGGC	90
TGCAT	84
CGGAG	76
CGGAA	70
TACGG	68
AACGG	66
AAGTC	66
AAAAT	64
ACTTA	62
CGGGA	56
NNNNN	56
CGGAC	56
CATTC	54
CAGGC	52
AAGAG	52
CAGTA	50
ACGTC	48
CGGGT	46
CGGTT	42
CCCTC	42
CGGTG	42
AAGAT	42
CGGTC	42
AAGAC	38
CGGAT	38
TTACC	38
CTTTC	34
AAATT	34
CGGGC	34
AACCA	34
CCTCC	32
AAGTT	32
CATGC	28
CGGCT	28
GCCCC	24
CGGTA	24
CTTCC	22
AAATA	22
GGCAA	22
AAACC	22
CAACC	20
AGGAC	20
GGTTG	20
AACAA	18
TAGTA	18
GGACT	18
CGCTC	18
AATGT	16
AAGCT	16
ATGGT	16
GGATT	16
CGGCA	16
AATGC	16
ATGAA	16
CGGCG	14
ACTGC	14
GGACA	14
CCTCA	12
CGTAC	12
CGGGG	12
GGAGT	12
CGGCC	12
GGAGG	12
ACCCC	12
GACAT	12
ACCTC	12
AGCAA	10
GATCT	10
AAGCG	10
CACGA	10
AGACA	10
CTGTT	10
AAAGT	10
AAACA	10
ACTGT	10
CTGAT	10
ACTCC	10
CTCTG	10
TTCCT	10
GGAAG	10
ACGTA	10
CGTCA	10
CTTCG	8
AGTAA	8
GAACA	8
ATGTC	8
AAAGC	8
AGATC	8
TCACA	8
AGAGA	8
AGACT	8
TCAGT	8
GGCTC	8
GCCTG	8
GGTAC	8
GGACG	8
GGACC	8
TTAGG	6
CACGC	6
AACGC	6
AAGTG	6
ATTGA	6
CCGGC	6
AAATG	6
AAAAG	6
ATTTT	6
CCCCA	6
AGAGG	6
GGGGA	6
GGAAT	6
GCTGA	6
ACTTT	6
AGAAT	6
GGTGT	6
AGAGT	6
AGGAG	6
AGGCC	6
GACGA	6
ATCTA	6
AAATC	6
CTGGA	6
GACAC	6
TTTCT	4
CTATA	4
GGCCC	4
GGATC	4
CTCTC	4
TCGCT	4
TTCCC	4
GGTCT	4
CCTTT	4
CGAAT	4
AAAAC	4
TCCTT	4
TAAGT	4
GTTCT	4
TTCTT	4
TCATA	4
GATTG	4
CTAAG	4
GATGT	4
GATGA	4
TAGAA	4
GACTT	4
GAACT	4
GACAA	4
ACGCC	4
ATGGC	4
ATACA	4
AGGTT	4
AGGTA	4
AGGNA	4
AGGAT	4
AGCTT	4
AGACC	4
ACTGA	4
ACTAT	4
CCGAT	4
ACAGA	4
ACACT	4
ACACC	4
AATTT	4
AATTC	4
AATCA	4
AATAG	4
AAGCC	4
AACTT	4
AACCC	4
CCAGA	4
CCCGC	4
ATTGG	4
CATCA	4
CACTA	4
CATAA	4
CAAAA	4
CCGTC	4
GTGCC	2
GGTTA	2
GTCAA	2
GTCAC	2
AATAC	2
GTCTA	2
GTGAC	2
AATCT	2
GTTCA	2
AATAA	2
TAAAG	2
TAACC	2
TAAGA	2
TAAGC	2
CCACT	2
GGTGC	2
TACTT	2
GGTCG	2
GGTAT	2
GGTAA	2
GGNGG	2
GGGTT	2
GGGTG	2
AATGG	2
AATNA	2
GGGAT	2
GGGAA	2
GGCTT	2
CGACA	2
GGCGA	2
TTGAT	2
TGGAC	2
TGGGA	2
TGGTC	2
AACAT	2
TTCAT	2
AACAC	2
AAANA	2
TTCTA	2
TGCTT	2
TTGTC	2
TTTAT	2
TTTCC	2
AAACG	2
TTTGG	2
TTTTC	2
TTTTT	2
TAATA	2
TGATA	2
TCTCT	2
TCTAA	2
TCGGT	2
AACGT	2
AACTC	2
AACTG	2
TCCGA	2
TCCAT	2
CCCTG	2
TCAAG	2
TATAC	2
TAGTT	2
GGGAC	2
TACTA	2
CAAGA	2
CTTGA	2
AGTGC	2
GAAAA	2
AGTCC	2
CAACA	2
GAACC	2
AGGTG	2
GAAGC	2
ATAAG	2
CAATG	2
AGGGC	2
GACCA	2
GACCC	2
GAGAG	2
GAGCT	2
GAGTC	2
CATTT	2
ATAAT	2
CTTAA	2
CTGTA	2
ATAGG	2
CTGCG	2
ATCAG	2
ATCCT	2
ATCGC	2
CTATC	2
ATGAC	2
ATGAT	2
CGTCC	2
ATTTG	2
ATGTA	2
ATGTG	2
ACGAA	2
GCATC	2
CAGAC	2
GAGTT	2
AGAAC	2
GCGGT	2
CAGTC	2
ACTAC	2
ACTAA	2
ACGAC	2
GCCCA	2
ACCGG	2
ACAGT	2
ACAGG	2
GGATA	2
CATAC	2
CATGT	2
GGCAT	2
GGCCA	2
GGCCG	2
GATTT	2
AGACG	2
AGATA	2
GATGC	2
GCAGG	2
GANGA	2
CACTC	2
AGCAC	2
