process_radtags v2.41, executed 2021-08-10 13:27:35 (zlib-1.2.11)
process_radtags -1 MiSeq/fastq/Selwyn_P1P1_S5_1.fq.gz -2 MiSeq/fastq/Selwyn_P1P1_S5_2.fq.gz -i gzfastq -b MiSeq/fastq/20190909-Selwyn_Plate1Pool1_MiSeq_demultiplex.txt -r -e ecoRI -o MiSeq/demultiplexed_seqs/P1P1 -D
File	Retained Reads	Low Quality	Barcode Not Found	RAD cutsite Not Found	Total
Selwyn_P1P1_S5_1.fq.gz	517325	0	5996	453	523774

Total Sequences	523774
Barcode Not Found	5996
Low Quality	0
RAD Cutsite Not Found	453
Retained Reads	517325

Barcode	Filename	Total	NoRadTag	LowQuality	Retained
TCGAT	COPE-0773	517778	453	0	517325

Sequences not recorded
Barcode	Total
CGATA	1186
TCTCT	970
TCATA	770
TGCAT	404
GAGAG	334
TGATA	318
GGGGG	240
ACGGT	232
TTCGA	116
TAGAG	100
TCGTA	86
GATAA	62
CGCTA	60
TCGGA	56
GCGCT	52
GCGAG	48
TCCGA	42
TCCTA	38
AAGGA	36
CGATC	32
NNNNN	26
ATAAT	26
TCGGG	22
TGCTA	22
TATAA	20
TTAAT	16
TCCCT	14
CGGTA	14
CGGGG	14
GGGAG	14
TCGGC	14
CGGTT	12
TGTTC	12
CGGTG	12
CGGTC	12
TAGCG	12
AAGAG	12
TCATC	12
CGGAC	10
GTCGA	10
CGGGA	10
CGGAG	10
TCGCG	10
TCTAA	10
CGGAA	8
TAGCT	8
CGGCT	8
GAGAT	8
TAGAA	8
AATTC	8
TACGT	6
CGGGT	6
TTTTG	6
CGGGC	6
TCACT	6
CGGCA	6
CGGAT	6
TCTGA	6
TGATG	6
TGCCT	6
TTATT	6
TTGCT	6
TTGTT	6
ACACA	6
AGTTT	6
ATATT	4
AACCA	4
TCTTC	4
TCTCA	4
GATCA	4
GCATG	4
GCCCC	4
ACACT	4
TCCTC	4
ACGCT	4
ACGGC	4
CCTTT	4
GGGGC	4
GGTCC	4
GGTTG	4
TCACA	4
TATGG	4
TATCT	4
AGAAC	4
TAAGA	4
TAGTG	4
TAGCA	4
AAAGT	4
CGGCG	4
AAAAA	4
CTGGT	4
AAACC	4
CAACG	4
TTGCA	4
TTATC	2
AAATA	2
TCCCC	2
AAAGC	2
TTGAG	2
TCCAC	2
TCATG	2
ACTCT	2
ACTTA	2
AGAAA	2
TCACC	2
TATTG	2
TATTA	2
AAACT	2
TATAT	2
TTTAA	2
TTTCT	2
TAGGT	2
AGAAT	2
AGATG	2
CCTCT	2
ACAAT	2
AACCC	2
AACTC	2
TGATC	2
AAGTG	2
TGAAA	2
TCTTG	2
TCTGG	2
AATGA	2
ACAAC	2
TGCTC	2
TCTAG	2
TGGTA	2
ACTAT	2
TCGTG	2
TGTAA	2
TGTCC	2
TGTGT	2
ACAGT	2
ACATC	2
ACCGA	2
TCGCC	2
AAATC	2
TGTTT	2
AAATG	2
GAGGG	2
CTTGA	2
CTTGC	2
CTTGG	2
CTTTG	2
GACAG	2
GAGAC	2
ATTGG	2
ATGAC	2
CTTCC	2
GAGTG	2
GAGTT	2
ATGAA	2
GATAT	2
GATTT	2
GCACG	2
AGCAC	2
ATCAT	2
CACGA	2
CCTCC	2
CGCTC	2
CCGCT	2
CCCCA	2
CATGA	2
CAGTT	2
CGGCC	2
CACTC	2
GCATA	2
CAATT	2
CAATG	2
CAAGG	2
CAACC	2
CAACA	2
ATTTT	2
CGTAA	2
CTCCC	2
GGCAT	2
GTTCC	2
GTTGA	2
GTGGT	2
GTGCC	2
GTGAT	2
GTTTA	2
GTGAA	2
GTCTG	2
GTCGG	2
AGTTC	2
GGGCC	2
GGGAA	2
GGCGG	2
GGATG	2
AGTCG	2
TAAAT	2
TAATG	2
TAATT	2
GCTTA	2
ATCAA	2
AGGTT	2
TACTC	2
GCGCG	2
AGGGA	2
