scripts/assignSpecies.R
[1] "Mitochondrial_Mapping/blast_speciesID.csv"                        
[2] "fltrVCF_MiSeq/MiSeq_lightSpecies2.10.1.Fltr20.8.randSNPperLoc.vcf"
[3] "500"                                                              
[4] "MiSeq_lightSpecies2"                                              
Scanning file to determine attributes.
File attributes:
  meta lines: 59
  header_line: 60
  variant count: 1726
  column count: 787
Meta line 59 read in.
All meta lines processed.
gt matrix initialized.
Character matrix gt created.
  Character matrix gt rows: 1726
  Character matrix gt cols: 787
  skip: 0
  nrows: 1726
  row_num: 0
Processed variant 1000Processed variant: 1726
All variants processed
