scripts/assignSpecies.R
[1] "Mitochondrial_Mapping/blast_speciesID.csv"                       
[2] "fltrVCF_MiSeq/MiSeq_lightSpecies.10.1.Fltr20.7.randSNPperLoc.vcf"
[3] "1000"                                                            
[4] "MiSeq_lightSpecies"                                              
Scanning file to determine attributes.
File attributes:
  meta lines: 59
  header_line: 60
  variant count: 1575
  column count: 787
Meta line 59 read in.
All meta lines processed.
gt matrix initialized.
Character matrix gt created.
  Character matrix gt rows: 1575
  Character matrix gt cols: 787
  skip: 0
  nrows: 1575
  row_num: 0
Processed variant 1000Processed variant: 1575
All variants processed
slurmstepd: error: *** JOB 48382 ON hpcc31 CANCELLED AT 2021-09-24T09:36:47 ***
