

fltrVCF.bash v4.4 -- a script to filter vcf files repeatably

Dependencies required for fltrVCF to be fully functional:
	R
		tidyverse
		gridExtra
	vcftools
	vcflib
	samtools
	perl
	mawk
	parallel
	rad_haplotyper.pl https://github.com/cbirdlab/rad_haplotyper.git
	filter_hwe_by_pop_HPC

Tue Oct 5 10:42:53 CDT 2021 Reading options from command line:

	Settings File:            /work/hobi/jselwyn/Coryphopterus_RAD/config_files/fltrVCF_chya_A.config

	Cutoffs:                  10.1
	Path to BAM files:        /work/hobi/jselwyn/Coryphopterus_RAD/mkVCF_MiSeq
	PopMap File:              /work/hobi/jselwyn/Coryphopterus_RAD/mkVCF_MiSeq/mapped.10.1.bed
	VCF File:                 /work/hobi/jselwyn/Coryphopterus_RAD/fltrVCF_MiSeq/MiSeq_CHYA_Initial.10.1.Fltr02.2.recode.vcf.gz
	REF File:                 /work/hobi/jselwyn/Coryphopterus_RAD/mkREF_MiSeq/reference.10.1.fasta
	PopMap File:              /work/hobi/jselwyn/Coryphopterus_RAD/mkVCF_MiSeq/popmap.10.1
	Output file prefix:       MiSeq_chyaA
	Path to R scripts and other scripts:        /work/hobi/jselwyn/Coryphopterus_RAD/scripts/fltrVCF/scripts
	HWE Script:               /work/hobi/jselwyn/Coryphopterus_RAD/scripts/fltrVCF/filter_hwe_by_pop_HPC.pl
	Rad_Haplotyper script:    /work/hobi/jselwyn/Coryphopterus_RAD/scripts/rad_haplotyper/rad_haplotyper.pl
	Number of threads:          20

Tue Oct 5 10:42:53 CDT 2021 Reading options from config file and setting defaults
	SETTINGS are being loaded from file: '/work/hobi/jselwyn/Coryphopterus_RAD/config_files/fltrVCF_chya_A.config'
	Filters are set to '01 02 03 04 14 07 05 15 06 11 09 08 10 04 13 07 05 16 05 16 05 16 05 16 01 21'
	CutoffCode is set to '.10.1'
	BAM_PATH is set to '/work/hobi/jselwyn/Coryphopterus_RAD/mkVCF_MiSeq'
	SCRIPT_PATH is set to '/work/hobi/jselwyn/Coryphopterus_RAD/scripts/fltrVCF/scripts'
	VCF_FILE is set to '/work/hobi/jselwyn/Coryphopterus_RAD/mkVCF_MiSeq/TotalRawSNPs.10.1.vcf'
	Bed file is set to '/work/hobi/jselwyn/Coryphopterus_RAD/mkVCF_MiSeq/mapped.10.1.bed'
	Reference genome is set to '/work/hobi/jselwyn/Coryphopterus_RAD/mkREF_MiSeq/reference.10.1.fasta'
	PopMap is set to '/work/hobi/jselwyn/Coryphopterus_RAD/mkVCF_MiSeq/popmap.10.1'
	HWE_SCRIPT is set to '/work/hobi/jselwyn/Coryphopterus_RAD/scripts/fltrVCF/filter_hwe_by_pop_HPC.pl'
	RADHAP_SCRIPT is set to '/work/hobi/jselwyn/Coryphopterus_RAD/scripts/rad_haplotyper/rad_haplotyper.pl'
	Output file prefix is set to 'MiSeq_chyaA'
	The number of threads is set to '1'
	-P not set by user. Only filters that natively support parallelization will be run in parallel.
	/work/hobi/jselwyn/Coryphopterus_RAD/mkVCF_MiSeq/TotalRawSNPs.10.1.vcf will be used for serial processing.

Tue Oct 5 10:42:53 CDT 2021 Getting universal chromosome/contig prefix ...
          Querying /work/hobi/jselwyn/Coryphopterus_RAD/mkVCF_MiSeq/TotalRawSNPs.10.1.vcf ...
          Prefix: dDocent
          It is assumed that all values in the CHROM column of vcf begin with dDocent
          If this is not the case, then fltrVCF will not work properly.
          The prefix is used to count SNPs/variants, contigs, etc and is used in some filters.

Tue Oct 5 10:42:54 CDT 2021  reading variables into MAIN

Tue Oct 5 10:42:54 CDT 2021 ---------------------------FILTER01: Remove sites with Y < alleles < X -----------------------------
     vcftools --vcf /work/hobi/jselwyn/Coryphopterus_RAD/mkVCF_MiSeq/TotalRawSNPs.10.1.vcf --min-alleles 2 --max-alleles 2 --recode --recode-INFO-all --out MiSeq_chyaA.10.1.Fltr01.1.recode.vcf 2> /dev/null
	Sites remaining:	835491
	Contigs remaining:	22217


Tue Oct 5 11:17:47 CDT 2021 ---------------------------FILTER02: Remove Sites with Indels -----------------------------
     vcftools --vcf MiSeq_chyaA.10.1.Fltr01.1.recode.vcf --remove-indels --recode --recode-INFO-all --out MiSeq_chyaA.10.1.Fltr02.2.recode.vcf 2> /dev/null
	Sites remaining:	802220
	Contigs remaining:	22196


Tue Oct 5 11:50:39 CDT 2021 ---------------------------FILTER03: Remove Sites with QUAL < minQ -----------------------------
                                                                                                                        
                                                     Histogram of QUAL before FILTER03                                  
                                                                                                                        
                 3000 +---------------------------------------------------------------------------------------------+   
                      |                  +                  +                 +                  +                  |   
                      |                                         'QUALbefore' using (bin($1,binwidth)):(***) ******* |   
                      |                                                                   ************ * * **       |   
                 2500 |-+                                                                 * ** * * * *** ***********|   
                      |                                                                   * ** * * * * * * ** * * * |   
                      |                                                                 *** ** * * * * * * ** * * * |   
                      |                                                               *** * ** * * * * * * ** * * * |   
                 2000 |-+                                                             * * * ** * * * * * * ** * * *-|   
                      |                                                               * * * ** * * * * * * ** * * * |   
                      |                                                             *** * * ** * * * * * * ** * * * |   
                 1500 |-+                                                         *** * * * ** * * * * * * ** * * *-|   
                      |                                                         *** * * * * ** * * * * * * ** * * * |   
                      |                                                       *** * * * * * ** * * * * * * ** * * * |   
                      |                                                       * * * * * * * ** * * * * * * ** * * * |   
                 1000 |-+                                                     * * * * * * * ** * * * * * * ** * * *-|   
                      |                                                      ** * * * * * * ** * * * * * * ** * * * |   
                      |                                                  ****** * * * * * * ** * * * * * * ** * * * |   
                      |                                                *** * ** * * * * * * ** * * * * * * ** * * * |   
                  500 |-+                                            *** * * ** * * * * * * ** * * * * * * ** * * *-|   
                      |**                                          *** * * * ** * * * * * * ** * * * * * * ** * * * |   
                      | *                                      ***** * * * * ** * * * * * * ** * * * * * * ** * * * |   
                      | *                +          ************ * * * * * * ** * * * * * * ** * * * * * * ** * * * |   
                    0 +---------------------------------------------------------------------------------------------+   
                      0                 100                200               300                400                500  
                                          QUAL ~ Phred-Scaled Probality of Zero Alternate Alleles                       
                                                                                                                        
                                                                                                                        
                                                                         Scatter plot of QUAL per site.                 
                                                                                                                        
                                                         500 +------------------------------------------------------+   
                                                             |     +     +     +     +      +     +     +  *  +     |   
                                                             |                                 'QUALbefore'**  *    |   
                                                             |                                              *       |   
                                                             |                                              *       |   
                                                         400 |-+                                            **    +-|   
                                                             |                                               *      |   
                                                             |                                               *      |   
                                                             |                                               **     |   
                                                         300 |-+                                              *   +-|   
                                                             |                                                *     |   
                                                             |                                                *     |   
                                                             |                                                *     |   
                                                             |                                                *     |   
                                                         200 |-+                                              *   +-|   
                                                             |                                                *     |   
                                                             |                                                *     |   
                                                             |                                                *     |   
                                                         100 |-+                                              *   +-|   
                                                             |                                                *     |   
                                                             |                                                *     |   
                                                             |                                                *     |   
                                                             |     +     +     +     +      +     +     +     *     |   
                                                           0 +------------------------------------------------------+   
                                                             0   10000 20000 30000 400000 50000 60000 70000 80000 900000
                                                                                      Site                              
                                                                                                                        
     vcftools --vcf MiSeq_chyaA.10.1.Fltr02.2.recode.vcf --minQ 40 --recode --recode-INFO-all --out MiSeq_chyaA.10.1.Fltr03.3.recode.vcf 2> /dev/null
	Sites remaining:	801770
	Contigs remaining:	22194


Tue Oct 5 12:24:24 CDT 2021 ---------------------------FILTER04: Remove Sites With Mean Depth of Coverage < min-meanDP -----------------------------
                                                                                                                        
                                             Histogram of mean depth per site before FILTER04                           
                                                                                                                        
                 12000 +--------------------------------------------------------------------------------------------+   
                       |   *    +         +        +        +         +        +        +        +         +        |   
                       |  ***                          'sitedepthmeanbefore' using (bin($1,binwidth)):(1.0) ******* |   
                       |  ***                                                                                       |   
                 10000 |-+***                                                                                     +-|   
                       |  ***                                                                                       |   
                       |  ***                                                                                       |   
                       | *****                                                                                      |   
                  8000 |-*****                                                                                    +-|   
                       | *****                                                                                      |   
                       | ******                                                                                     |   
                  6000 |-******                                                                                   +-|   
                       |*******                                                                                     |   
                       |********                                                                                    |   
                       |********                                                                                    |   
                  4000 |*********                                                                                 +-|   
                       |**********                                                                                  |   
                       |**********                                                                                  |   
                       |**********                                                                                  |   
                  2000 |************                                                                              +-|   
                       |*************                                                                               |   
                       |***************                                                                             |   
                       |*******************        +        +         +        +        +        +         +        |   
                     0 +--------------------------------------------------------------------------------------------+   
                       0       100       200      300      400       500      600      700      800       900      1000 
                                                                Mean Depth                                              
                                                                                                                        
                                                                                                                        
                                        Scatter plot of mean depth per site before FILTER04.                            
                                                                                                                        
            1000 +--------------------------------------------------------------------------------------------------+   
                 |          +          +          +          +          +          +          +          +          |   
             900 |-+                                                                  'sitedepthmeanbefore'    *  +-|   
                 |                                                                                                  |   
                 |                                                                                                  |   
             800 |-+                                                                                              +-|   
                 |                                                                                                  |   
             700 |-+                                                                                              +-|   
                 |                                                                                                  |   
             600 |-+                                                                                              +-|   
                 |                                                                                                  |   
             500 |-+                                                                                              +-|   
                 |                                                                                                  |   
                 |                                                                                                  |   
             400 |-+                                                                                              +-|   
                 |                                                                                                  |   
             300 |-+                                                                                              +-|   
                 |*                                                                                                 |   
             200 |*+                                                                                              +-|   
                 |****                                                                                              |   
                 |   ********                                                                                       |   
             100 |-+        ************************                                                              +-|   
                 |          +          +          +***********************************************       +          |   
               0 +--------------------------------------------------------------------------------------------------+   
                 0        100000     200000     300000     400000     500000     600000     700000     800000     900000
                                                                Site                                                    
                                                                                                                        
                                                                                                                        
                                   Scatter plot of depth variance vs mean depth per site before FILTER04.               
                                                                                                                        
                   6e+06 +------------------------------------------------------------------------------------------+   
                         |        +        +        +        +         +        +        +        +        +        |   
                         |                                                            'meandepthVSvariance'    *    |   
                         |                                              **                                          |   
                   5e+06 |-+                                           **                                         +-|   
                         |                                            *                               *             |   
                         |                                          *                                               |   
                         |                                                                                          |   
                   4e+06 |-+                                                                              *       +-|   
                         |                                                                  *            *          |   
                         |                                                                 **                       |   
                   3e+06 |-+                                                 *           *                  ***   +-|   
                         |                               *                 ***                          * ***       |   
                         |                       *      *                          *                 ****           |   
                         |                      *     *                                 ***        *                |   
                   2e+06 |-+                        **                                ***     *               *   +-|   
                         |                                                          ****               *            |   
                         |                                               *     ** **                ****            |   
                         |                           **        **  *        ****              *                     |   
                   1e+06 |-+                    **  ******** *******    ******                                    +-|   
                         |                  ** *   *****  ******** ******                                           |   
                         |       ***  ***********************************    *                                      |   
                         |      *******************************   *    +        +        +        +        +        |   
                       0 +------------------------------------------------------------------------------------------+   
                         0       100      200      300      400       500      600      700      800      900      1000 
                                                                 Mean Depth                                             
                                                                                                                        
     vcftools --vcf MiSeq_chyaA.10.1.Fltr03.3.recode.vcf --min-meanDP 10 --recode --recode-INFO-all --out MiSeq_chyaA.10.1.Fltr04.4.recode.vcf 2> /dev/null
	Sites remaining:	585044
	Contigs remaining:	14992


Tue Oct 5 12:53:01 CDT 2021 ---------------------------FILTER14: If individual's genotype has DP < X, convert to missing data -----------------------------
slurmstepd: error: *** JOB 49235 ON hpcc31 CANCELLED AT 2021-10-05T13:25:01 ***
