

fltrVCF.bash v4.4 -- a script to filter vcf files repeatably

Dependencies required for fltrVCF to be fully functional:
	R
		tidyverse
		gridExtra
	vcftools
	vcflib
	samtools
	perl
	mawk
	parallel
	rad_haplotyper.pl https://github.com/cbirdlab/rad_haplotyper.git
	filter_hwe_by_pop_HPC

Mon Oct 25 12:29:46 CDT 2021 Reading options from command line:

	Settings File:            /work/hobi/jselwyn/Coryphopterus_RAD/config_files/fltrVCF_chya_D.config

	Cutoffs:                  2.1
	Path to BAM files:        /work/hobi/jselwyn/Coryphopterus_RAD/mkVCF_MiSeq_CHYA
	PopMap File:              /work/hobi/jselwyn/Coryphopterus_RAD/mkVCF_MiSeq_CHYA/mapped.2.1.bed
	VCF File:                 /work/hobi/jselwyn/Coryphopterus_RAD/mkVCF_MiSeq_CHYA/TotalRawSNPs.2.1.vcf
	REF File:                 /work/hobi/jselwyn/Coryphopterus_RAD/mkREF_MiSeq_CHYA/reference.2.1.fasta
	PopMap File:              /work/hobi/jselwyn/Coryphopterus_RAD/mkVCF_MiSeq_CHYA/popmap.2.1
	Output file prefix:       MiSeq_CHYA_chyaD
	Path to R scripts and other scripts:        /work/hobi/jselwyn/Coryphopterus_RAD/scripts/fltrVCF/scripts
	HWE Script:               /work/hobi/jselwyn/Coryphopterus_RAD/scripts/fltrVCF/filter_hwe_by_pop_HPC.pl
	Rad_Haplotyper script:    /work/hobi/jselwyn/Coryphopterus_RAD/scripts/rad_haplotyper/rad_haplotyper.pl
	Number of threads:          20

Mon Oct 25 12:29:46 CDT 2021 Reading options from config file and setting defaults
	SETTINGS are being loaded from file: '/work/hobi/jselwyn/Coryphopterus_RAD/config_files/fltrVCF_chya_D.config'
	Filters are set to '05 16 01 02 03 04 14 86 07 15 06 86 11 09 08 10 04 13 86 07 041 32 181 05 86 16 05 86 16 05 86 16 05 86 16 01 21'
	CutoffCode is set to '.2.1'
	BAM_PATH is set to '/work/hobi/jselwyn/Coryphopterus_RAD/mkVCF_MiSeq_CHYA'
	SCRIPT_PATH is set to '/work/hobi/jselwyn/Coryphopterus_RAD/scripts/fltrVCF/scripts'
	VCF_FILE is set to '/work/hobi/jselwyn/Coryphopterus_RAD/mkVCF_MiSeq_CHYA/TotalRawSNPs.2.1.vcf'
	Bed file is set to '/work/hobi/jselwyn/Coryphopterus_RAD/mkVCF_MiSeq_CHYA/mapped.2.1.bed'
	Reference genome is set to '/work/hobi/jselwyn/Coryphopterus_RAD/mkREF_MiSeq_CHYA/reference.2.1.fasta'
	PopMap is set to '/work/hobi/jselwyn/Coryphopterus_RAD/mkVCF_MiSeq_CHYA/popmap.2.1'
	HWE_SCRIPT is set to '/work/hobi/jselwyn/Coryphopterus_RAD/scripts/fltrVCF/filter_hwe_by_pop_HPC.pl'
	RADHAP_SCRIPT is set to '/work/hobi/jselwyn/Coryphopterus_RAD/scripts/rad_haplotyper/rad_haplotyper.pl'
	Output file prefix is set to 'MiSeq_CHYA_chyaD'
	The number of threads is set to '1'
	-P not set by user. Only filters that natively support parallelization will be run in parallel.
	/work/hobi/jselwyn/Coryphopterus_RAD/mkVCF_MiSeq_CHYA/TotalRawSNPs.2.1.vcf will be used for serial processing.

Mon Oct 25 12:29:46 CDT 2021 Getting universal chromosome/contig prefix ...
          Querying /work/hobi/jselwyn/Coryphopterus_RAD/mkVCF_MiSeq_CHYA/TotalRawSNPs.2.1.vcf ...
          Prefix: dDocent
          It is assumed that all values in the CHROM column of vcf begin with dDocent
          If this is not the case, then fltrVCF will not work properly.
          The prefix is used to count SNPs/variants, contigs, etc and is used in some filters.

Mon Oct 25 12:29:46 CDT 2021  reading variables into MAIN

Mon Oct 25 12:29:46 CDT 2021 ---------------------------FILTER05: Remove sites called in <X proportion of individuals -----------------------------
                                                                                                                        
                                          Histogram of the proportion of genotypes that are missing                     
                                                                                                                        
                 120000 +-------------------------------------------------------------------------------------------+   
                        |                 +                  +                 +                  +                 |   
                        |             **********           'sitemissingness' using (bin($1,binwidth)):(1.0) ******* |   
                        |             *   *    *                                                                    |   
                 100000 |-+           *   *    ******                                                             +-|   
                        |             *   *    *    *                                                               |   
                        |             *   *    *    **************                                *****             |   
                        |        ******   *    *    *   *    *   ***************                  *   ******        |   
                  80000 |-+      *    *   *    *    *   *    *   *    *    *   ********************   *    *      +-|   
                        |        *    *   *    *    *   *    *   *    *    *   *    *   *    *    *   *    *****    |   
                        |        *    *   *    *    *   *    *   *    *    *   *    *   *    *    *   *    *   *    |   
                  60000 |-+      *    *   *    *    *   *    *   *    *    *   *    *   *    *    *   *    *   *  +-|   
                        |        *    *   *    *    *   *    *   *    *    *   *    *   *    *    *   *    *   *    |   
                        |        *    *   *    *    *   *    *   *    *    *   *    *   *    *    *   *    *   *    |   
                        |        *    *   *    *    *   *    *   *    *    *   *    *   *    *    *   *    *   *    |   
                  40000 |-+      *    *   *    *    *   *    *   *    *    *   *    *   *    *    *   *    *   *  +-|   
                        |        *    *   *    *    *   *    *   *    *    *   *    *   *    *    *   *    *   **** |   
                        |        *    *   *    *    *   *    *   *    *    *   *    *   *    *    *   *    *   *  * |   
                        |    *****    *   *    *    *   *    *   *    *    *   *    *   *    *    *   *    *   *  * |   
                  20000 |-+  *   *    *   *    *    *   *    *   *    *    *   *    *   *    *    *   *    *   *  *-|   
                        |    *   *    *   *    *    *   *    *   *    *    *   *    *   *    *    *   *    *   *  * |   
                        |    *   *    *   *    *    *   *    *   *    *    *   *    *   *    *    *   *    *   *  * |   
                        |    *   *    *   *    *    *   *    *   *    *    *   *    *   *    *    *   *    *   *  * |   
                      0 +-------------------------------------------------------------------------------------------+   
                        0                0.2                0.4               0.6                0.8                1   
                                                             Proportion Missing                                         
                                                                                                                        
                                                                                                                        
                                             Scatter plot of the proportion of genotypes that are missing.              
                                                                                                                        
                                1 +---------------------------------------------------------------------------------+   
                                  |***      +          +         +         +         +          +         +         |   
                              0.9 |-+****                                                 'sitemissingness'    *  +-|   
                                  |     *****                                                                       |   
                                  |         *****                                                                   |   
                              0.8 |-+           ****                                                              +-|   
                                  |                *****                                                            |   
                              0.7 |-+                  ****                                                       +-|   
                                  |                       *****                                                     |   
                              0.6 |-+                         *****                                               +-|   
                                  |                               ****                                              |   
                              0.5 |-+                                *****                                        +-|   
                                  |                                      *****                                      |   
                                  |                                          ****                                   |   
                              0.4 |-+                                           *****                             +-|   
                                  |                                                 ******                          |   
                              0.3 |-+                                                    *****                    +-|   
                                  |                                                          *****                  |   
                              0.2 |-+                                                            ******           +-|   
                                  |                                                                   ******        |   
                                  |                                                                        *****    |   
                              0.1 |-+                                                                          ** +-|   
                                  |         +          +         +         +         +          +         +     **  |   
                                0 +---------------------------------------------------------------------------------+   
                                  0       200000     400000    600000    800000    1e+06     1.2e+06   1.4e+06   1.6e+06
                                                                         Site                                           
                                                                                                                        
     vcftools --vcf /work/hobi/jselwyn/Coryphopterus_RAD/mkVCF_MiSeq_CHYA/TotalRawSNPs.2.1.vcf --max-missing 0.5 --recode --recode-INFO-all --out MiSeq_CHYA_chyaD.2.1.Fltr05.1.recode.vcf 2> /dev/null
	Sites remaining:	778377
	Contigs remaining:	19862


Mon Oct 25 13:09:59 CDT 2021 ---------------------------FILTER16: Remove Individuals|Libraries with Too Much Missing Data-----------------------------
                                                                                                                        
                      Histogram of % missing data per individual|library before filter. Bars to the left are desireable.
                                                                                                                        
                                 40 +-------------------------------------------------------------------------------+   
                                    |        **     +               +               +               +               |   
                                    |        **               'totalmissing' using (bin($1,binwidth)):(1.0) ******* |   
                                 35 |-+      **                                                                   +-|   
                                    |        **                                                                     |   
                                    |        **                                                                     |   
                                 30 |-+      **                                                                   +-|   
                                    |       ***   **                                                                |   
                                    |       ***   **                                                                |   
                                 25 |-+     *** ****                                                              +-|   
                                    |       ***********                                                             |   
                                 20 |-+     ***********                                                           +-|   
                                    |       ***********  **                                                         |   
                                    |       ************ **                                                         |   
                                 15 |-+    ************* **                                                       +-|   
                                    |      ************* **                                                         |   
                                    |      ****************                                                         |   
                                 10 |-+    ****************   **                                                  +-|   
                                    |     ******************* **                                                    |   
                                    |     ******************* **         **          **                             |   
                                  5 |-+  **********************************          ***                          +-|   
                                    |    ***********************************  **********  ******* *   *   ** ***    |   
                                    |   ***************************************************** ******************    |   
                                  0 +-------------------------------------------------------------------------------+   
                                    0              0.2             0.4             0.6             0.8              1   
                                                                   % missing genotypes                                  
                                                                                                                        
                                                                                                                        
                                          Scatter plot of % missing data per individual|library.                        
                                                                                                                        
                     1 +--------------------------------------------------------------------------------------------+   
                       |              +              +              +             +              +              +   |   
                       |*                                                                       'imiss.dat'    *    |   
                       |***                                                                                         |   
                       |  **                                                                                        |   
                   0.8 |-+ **                                                                                     +-|   
                       |    *                                                                                       |   
                       |     **                                                                                     |   
                       |      ***                                                                                   |   
                   0.6 |-+      ***                                                                               +-|   
                       |          ***                                                                               |   
                       |            ***                                                                             |   
                       |              ****                                                                          |   
                       |                 ****                                                                       |   
                   0.4 |-+                  ***                                                                   +-|   
                       |                      *****                                                                 |   
                       |                          *****                                                             |   
                       |                              ********                                                      |   
                   0.2 |-+                                   *************                                        +-|   
                       |                                                 *****************                          |   
                       |                                                                 *******************        |   
                       |                                                                                   *********|   
                       |              +              +              +             +              +              +  *|   
                     0 +--------------------------------------------------------------------------------------------+   
                       0             100            200            300           400            500            600      
                                                                Individual                                              
                                                                                                                        
 17 individuals|libraries with too much missing data:
INDV
COPE_0472.fp2.repr
COPE_0628.fp2.repr
COPE_0641.fp2.repr
COPE_0698.fp2.repr
COPE_0811.fp2.repr
COPE_0839.fp2.repr
COPE_0858.fp2.repr
COPE_0946.fp2.repr
COPE_1066.fp2.repr
COPE_1113.fp2.repr
COPE_1151.fp2.repr
COPE_1162.fp2.repr
COPE_1182.fp2.repr
COPE_1204.fp2.repr
COPE_1213.fp2.repr
COPE_1214.fp2.repr
COPE_1228.fp2.repr
     vcftools --vcf MiSeq_CHYA_chyaD.2.1.Fltr05.1.recode.vcf --remove MiSeq_CHYA_chyaD.2.1.Fltr16.2.lowDP-2.indv --recode --recode-INFO-all --out MiSeq_CHYA_chyaD.2.1.Fltr16.2.recode.vcf 2> /dev/null | vcffixup -
parallel: Warning: A record was longer than 10485760. Increasing to --blocksize 13631489.
parallel: Warning: A record was longer than 13631489. Increasing to --blocksize 17720937.
parallel: Warning: A record was longer than 17720937. Increasing to --blocksize 23037220.
parallel: Warning: A record was longer than 23037220. Increasing to --blocksize 29948387.
	Sites remaining:	778377
	Contigs remaining:	19862


 Individuals|Libraries Remaining Per Sample
    608 COPE

Mon Oct 25 15:37:33 CDT 2021 ---------------------------FILTER01: Remove sites with Y < alleles < X -----------------------------
     vcftools --vcf MiSeq_CHYA_chyaD.2.1.Fltr16.2.recode.vcf --min-alleles 2 --max-alleles 2 --recode --recode-INFO-all --out MiSeq_CHYA_chyaD.2.1.Fltr01.3.recode.vcf 2> /dev/null
	Sites remaining:	648108
	Contigs remaining:	19840


Mon Oct 25 16:03:41 CDT 2021 ---------------------------FILTER02: Remove Sites with Indels -----------------------------
     vcftools --vcf MiSeq_CHYA_chyaD.2.1.Fltr01.3.recode.vcf --remove-indels --recode --recode-INFO-all --out MiSeq_CHYA_chyaD.2.1.Fltr02.4.recode.vcf 2> /dev/null
	Sites remaining:	623240
	Contigs remaining:	19817


Mon Oct 25 16:27:52 CDT 2021 ---------------------------FILTER03: Remove Sites with QUAL < minQ -----------------------------
                                                                                                                        
                                                     Histogram of QUAL before FILTER03                                  
                                                                                                                        
                 2500 +---------------------------------------------------------------------------------------------+   
                      |                  +                  +                 +                  +                  |   
                      |                                         'QUALbefore' using (bin($1******dth***(1.0) ******* |   
                      |                                                                 *** ** ***** *****          |   
                      |                                                               *** * ** * * * * * ***********|   
                 2000 |-+                                                             * * * ** * * * * * * ** * * *-|   
                      |                                                             *** * * ** * * * * * * ** * * * |   
                      |                                                           *** * * * ** * * * * * * ** * * * |   
                      |                                                           * * * * * ** * * * * * * ** * * * |   
                 1500 |-+                                                       *** * * * * ** * * * * * * ** * * *-|   
                      |                                                         * * * * * * ** * * * * * * ** * * * |   
                      |                                                       *** * * * * * ** * * * * * * ** * * * |   
                      |                                                       * * * * * * * ** * * * * * * ** * * * |   
                      |                                                      ** * * * * * * ** * * * * * * ** * * * |   
                 1000 |-+                                                  **** * * * * * * ** * * * * * * ** * * *-|   
                      |                                                  *** ** * * * * * * ** * * * * * * ** * * * |   
                      |                                                  * * ** * * * * * * ** * * * * * * ** * * * |   
                      |                                                *** * ** * * * * * * ** * * * * * * ** * * * |   
                  500 |-+                                            *** * * ** * * * * * * ** * * * * * * ** * * *-|   
                      |                                            *** * * * ** * * * * * * ** * * * * * * ** * * * |   
                      |                                          *** * * * * ** * * * * * * ** * * * * * * ** * * * |   
                      |**                                    ***** * * * * * ** * * * * * * ** * * * * * * ** * * * |   
                      | *                +        ************ * * * * * * * ** * * * * * * ** * * * * * * ** * * * |   
                    0 +---------------------------------------------------------------------------------------------+   
                      0                 100                200               300                400                500  
                                          QUAL ~ Phred-Scaled Probality of Zero Alternate Alleles                       
                                                                                                                        
                                                                                                                        
                                                                         Scatter plot of QUAL per site.                 
                                                                                                                        
                                                         500 +------------------------------------------------------+   
                                                             |       +       +       +      +       +     **+       |   
                                                             |                                 'QUALbefore'*   *    |   
                                                             |                                             **       |   
                                                             |                                              *       |   
                                                         400 |-+                                            *     +-|   
                                                             |                                              **      |   
                                                             |                                               *      |   
                                                             |                                               *      |   
                                                         300 |-+                                             **   +-|   
                                                             |                                                *     |   
                                                             |                                                *     |   
                                                             |                                                *     |   
                                                             |                                                *     |   
                                                         200 |-+                                              *   +-|   
                                                             |                                                *     |   
                                                             |                                                *     |   
                                                             |                                                *     |   
                                                         100 |-+                                              *   +-|   
                                                             |                                                *     |   
                                                             |                                                *     |   
                                                             |                                                *     |   
                                                             |       +       +       +      +       +       + *     |   
                                                           0 +------------------------------------------------------+   
                                                             0     100000  200000  300000 400000  500000  600000  700000
                                                                                      Site                              
                                                                                                                        
     vcftools --vcf MiSeq_CHYA_chyaD.2.1.Fltr02.4.recode.vcf --minQ 200 --recode --recode-INFO-all --out MiSeq_CHYA_chyaD.2.1.Fltr03.5.recode.vcf 2> /dev/null
	Sites remaining:	622412
	Contigs remaining:	19816


Mon Oct 25 16:52:38 CDT 2021 ---------------------------FILTER04: Remove Sites With Mean Depth of Coverage < min-meanDP -----------------------------
                                                                                                                        
                                             Histogram of mean depth per site before FILTER04                           
                                                                                                                        
                 10000 +--------------------------------------------------------------------------------------------+   
                       |               +              +               +              +               +              |   
                  9000 |-+  *                          'sitedepthmeanbefore' using (bin($1,binwidth)):(1.0) *******-|   
                       |   ***                                                                                      |   
                       |   ****                                                                                     |   
                  8000 |-+ ****                                                                                   +-|   
                       |  *****                                                                                     |   
                  7000 |-+******                                                                                  +-|   
                       |  *******                                                                                   |   
                  6000 |-+*******                                                                                 +-|   
                       |  *******                                                                                   |   
                  5000 |-*********                                                                                +-|   
                       | ***********                                                                                |   
                       | ************                                                                               |   
                  4000 |-************                                                                             +-|   
                       | *************                                                                              |   
                  3000 |***************                                                                           +-|   
                       |*****************                                                                           |   
                  2000 |******************                                                                        +-|   
                       |********************                                                                        |   
                       |***********************                                                                     |   
                  1000 |*************************                                                                 +-|   
                       |********************************              +              +               +              |   
                     0 +--------------------------------------------------------------------------------------------+   
                       0              100            200             300            400             500            600  
                                                                Mean Depth                                              
                                                                                                                        
                                                                                                                        
                                        Scatter plot of mean depth per site before FILTER04.                            
                                                                                                                        
            600 +---------------------------------------------------------------------------------------------------+   
                |             +              +             +             +             +              +             |   
                |                                                                     'sitedepthmeanbefore'    *    |   
                |                                                                                                   |   
            500 |-+                                                                                               +-|   
                |                                                                                                   |   
                |                                                                                                   |   
                |                                                                                                   |   
            400 |-+                                                                                               +-|   
                |                                                                                                   |   
                |                                                                                                   |   
            300 |-+                                                                                               +-|   
                |                                                                                                   |   
                |                                                                                                   |   
                |*                                                                                                  |   
            200 |*+                                                                                               +-|   
                |***                                                                                                |   
                |  ***                                                                                              |   
                |    *******                                                                                        |   
            100 |-+        **********                                                                             +-|   
                |                   ****************                                                                |   
                |                                  *************************                                        |   
                |             +              +             +             + ****************************             |   
              0 +---------------------------------------------------------------------------------------------------+   
                0           100000         200000        300000        400000        500000         600000        700000
                                                                Site                                                    
                                                                                                                        
                                                                                                                        
                                    Scatter plot of depth variance vs mean depth per site before FILTER04.              
                                                                                                                        
                   3.5e+06 +----------------------------------------------------------------------------------------+   
                           |              +              +              +             +              +          **  |   
                           |                                                          'meandepthVSvariance'    *    |   
                     3e+06 |-+                                                                                    +-|   
                           |                                                                                        |   
                           |                                                                                        |   
                           |                                                                                        |   
                   2.5e+06 |-+                                                                                    +-|   
                           |                                                                                        |   
                           |                                                                                        |   
                     2e+06 |-+                                                                                    +-|   
                           |                                                                                        |   
                           |                                                                                     *  |   
                   1.5e+06 |-+                                       *    *                                   * **+-|   
                           |                                        *  *                   **     *       * **      |   
                           |                                     *** **                **                           |   
                     1e+06 |-+                               *  **** *               *  *       *                 +-|   
                           |                              ****   *           *      ** **     ***                   |   
                           |                          *****  ** ***                *     **   **       *          * |   
                           |                       * **** *******              * **  * ******        * ** **** ***  |   
                    500000 |-+          *       ******  ***** *******  ********** ********** *  *  *              +-|   
                           |           ********************** ******************************                        |   
                           |      **********************************************      +              +              |   
                         0 +----------------------------------------------------------------------------------------+   
                           0             100            200            300           400            500            600  
                                                                  Mean Depth                                            
                                                                                                                        
     vcftools --vcf MiSeq_CHYA_chyaD.2.1.Fltr03.5.recode.vcf --min-meanDP 25 --recode --recode-INFO-all --out MiSeq_CHYA_chyaD.2.1.Fltr04.6.recode.vcf 2> /dev/null
	Sites remaining:	436715
	Contigs remaining:	12482


Mon Oct 25 17:12:41 CDT 2021 ---------------------------FILTER14: If individual's genotype has DP < X, convert to missing data -----------------------------
                                                                                                                        
                                                   Histogram of genotype depth before FILTER14                          
                                                                                                                        
                     1.2e+08 +--------------------------------------------------------------------------------------+   
                             |                +                 +                +                 +                |   
                             |                         'genotypedepthbefore' using (bin($1,binwidth)):(1.0) ******* |   
                             |****                                                                                  |   
                       1e+08 |-+ *                                                                                +-|   
                             |   *                                                                                  |   
                             |   *                                                                                  |   
                             |   *                                                                                  |   
                       8e+07 |-+ *                                                                                +-|   
                             |   *                                                                                  |   
                             |   *                                                                                  |   
                       6e+07 |-+ *                                                                                +-|   
                             |   *                                                                                  |   
                             |   *                                                                                  |   
                             |   *                                                                                  |   
                       4e+07 |-+ *                                                                                +-|   
                             |   *                                                                                  |   
                             |   *                                                                                  |   
                             |   ******                                                                             |   
                       2e+07 |-+ *    *                                                                           +-|   
                             |   *    *****                                                                         |   
                             |   *    *   **********                                                                |   
                             |   *    *   *   *    ********************************************    +                |   
                           0 +--------------------------------------------------------------------------------------+   
                             0                20                40               60                80              100  
                                                                      Depth                                             
                                                                                                                        
                                                                                                                        
                                     Scatter plot of mean depth per site before FILTER14.                               
                                                                                                                        
       100 +--------------------------------------------------------------------------------------------------------+   
           |                **                +                 +                +                 +                |   
           |                 *                                                        'genotypedepthbefore'    *    |   
           |                 **                                                                                     |   
           |                  **                                                                                    |   
        80 |-+                 *                                                                                  +-|   
           |                   **                                                                                   |   
           |                    **                                                                                  |   
           |                     **                                                                                 |   
        60 |-+                    **                                                                              +-|   
           |                       **                                                                               |   
           |                        ***                                                                             |   
           |                          **                                                                            |   
           |                           **                                                                           |   
        40 |-+                          ***                                                                       +-|   
           |                              **                                                                        |   
           |                               ***                                                                      |   
           |                                 ***                                                                    |   
        20 |-+                                 ****                                                               +-|   
           |                                      ****                                                              |   
           |                                         *****                                                          |   
           |                                             *******                                                    |   
           |                 +                +                ***********       +                 +                |   
         0 +--------------------------------------------------------------------------------------------------------+   
           0               5e+07            1e+08            1.5e+08           2e+08            2.5e+08           3e+08 
                                                           Genotype                                                     
                                                                                                                        
     vcftools --vcf MiSeq_CHYA_chyaD.2.1.Fltr04.6.recode.vcf --minDP 3 --recode --recode-INFO-all --out MiSeq_CHYA_chyaD.2.1.Fltr14.7.recode.vcf 2> /dev/null | vcffixup -
	Sites remaining:	436715
	Contigs remaining:	12482


Mon Oct 25 19:14:12 CDT 2021 ---------------------------FILTER 86: Remove contigs -----------------------------
	Before site filter: MiSeq_CHYA_chyaD.2.1.Fltr04.6.recode.vcf
	After site filter: MiSeq_CHYA_chyaD.2.1.Fltr14.7.recode.vcf
	After contig filter: MiSeq_CHYA_chyaD.2.1.Fltr14.7.recode.Fltr86.rmCONTIGS.8.vcf
	12482 rmCONTIGS.txt contigs filtered

Mon Oct 25 19:34:02 CDT 2021 ---------------------------FILTER07: Remove sites with Alternate Allele Count <=X -----------------------------
     vcffixup MiSeq_CHYA_chyaD.2.1.Fltr14.7.recode.Fltr86.rmCONTIGS.8.vcf | vcffilter -s -f "AC > 3 & AN - AC > 3"  > MiSeq_CHYA_chyaD.2.1.Fltr07.9.vcf
	Sites remaining:	0
	Contigs remaining:	0

Mon Oct 25 19:34:03 CDT 2021 ---------------------------FILTER15: Remove sites with maf > minor allele frequency > max-maf -----------------------------
     vcftools --vcf MiSeq_CHYA_chyaD.2.1.Fltr07.9.vcf --maf 0.1 --max-maf 0.9 --recode --recode-INFO-all --out MiSeq_CHYA_chyaD.2.1.Fltr15.10.recode.vcf 2> /dev/null
	Sites remaining:	0
	Contigs remaining:	0


Mon Oct 25 19:34:03 CDT 2021 ---------------------------FILTER06: Remove sites with Average Allele Balance deviating too far from 0.5 while keeping those with AB=0  -----------------------------
Broken VCF header, no column names?
 at /home/apps/vcftools/0.1.15/lib/site_perl/5.22.0/Vcf.pm line 172.
	Vcf::throw(Vcf4_2=HASH(0xc37690), "Broken VCF header, no column names?") called at /home/apps/vcftools/0.1.15/lib/site_perl/5.22.0/Vcf.pm line 867
	VcfReader::_read_column_names(Vcf4_2=HASH(0xc37690)) called at /home/apps/vcftools/0.1.15/lib/site_perl/5.22.0/Vcf.pm line 602
	VcfReader::parse_header(Vcf4_2=HASH(0xc37690)) called at /home/apps/vcftools/0.1.15/bin/vcf-query line 212
	main::read_data(HASH(0x7c9f30)) called at /home/apps/vcftools/0.1.15/bin/vcf-query line 12
         line 0: warning: Skipping data file with no valid points

gnuplot> plot 'siteAB.dat' using (bin($1,binwidth)):(1.0) smooth freq with boxes
                                                                                ^
         line 0: all points y value undefined!

         line 0: warning: Skipping data file with no valid points

gnuplot> plot 'siteAB.dat' pt "*"
                                 ^
         line 0: x range is invalid

     vcffixup MiSeq_CHYA_chyaD.2.1.Fltr15.10.recode.vcf | vcffilter -s -f "AB > 0.2 & AB < 0.8 | AB = 0"  > MiSeq_CHYA_chyaD.2.1.Fltr06.11.vcf
	Sites remaining:	0
	Contigs remaining:	0

Mon Oct 25 19:34:03 CDT 2021 ---------------------------FILTER 86: Remove contigs -----------------------------
	Before site filter: MiSeq_CHYA_chyaD.2.1.Fltr15.10.recode.vcf
	After site filter: MiSeq_CHYA_chyaD.2.1.Fltr06.11.vcf
	After contig filter: MiSeq_CHYA_chyaD.2.1.Fltr06.11.Fltr86.rmCONTIGS.12.vcf
	0 rmCONTIGS.txt contigs filtered

Mon Oct 25 19:34:04 CDT 2021 ---------------------------FILTER11: Remove sites with Quality/DP ratio < X -----------------------------
     vcffilter -s -f "QUAL / DP > 0.2" MiSeq_CHYA_chyaD.2.1.Fltr06.11.Fltr86.rmCONTIGS.12.vcf > MiSeq_CHYA_chyaD.2.1.Fltr11.13.vcf
	Sites remaining:	0
	Contigs remaining:	0

Mon Oct 25 19:34:04 CDT 2021 ---------------------------FILTER09: Remove sites with low/high ratio of mean mapping quality of alt to ref -----------------------------
     vcffilter -s -f "MQM / MQMR > 0.75 & MQM / MQMR < 1.33333" MiSeq_CHYA_chyaD.2.1.Fltr11.13.vcf > MiSeq_CHYA_chyaD.2.1.Fltr09.14.vcf
	Sites remaining:	0
	Contigs remaining:	0

Mon Oct 25 19:34:04 CDT 2021 ---------------------------FILTER08: Remove sites covered by both F and R reads-----------------------------
     vcffilter -s -f "SAF / SAR > 10 & SRF / SRR > 10 | SAR / SAF > 10 & SRR / SRF > 10" MiSeq_CHYA_chyaD.2.1.Fltr09.14.vcf > MiSeq_CHYA_chyaD.2.1.Fltr08.15.vcf
	Sites remaining:	0
	Contigs remaining:	0

Mon Oct 25 19:34:05 CDT 2021 ---------------------------FILTER10: Remove sites with one allele only supported by reads not properly paired -----------------------------
     vcffilter -s -f "PAIRED > 0.05 & PAIREDR > 0.05 & PAIREDR / PAIRED < 1.75 & PAIREDR / PAIRED > 0.25 | PAIRED < 0.05 & PAIREDR < 0.05" MiSeq_CHYA_chyaD.2.1.Fltr08.15.vcf > MiSeq_CHYA_chyaD.2.1.Fltr10.16.vcf
	Sites remaining:	0
	Contigs remaining:	0

Mon Oct 25 19:34:05 CDT 2021 ---------------------------FILTER04: Remove Sites With Mean Depth of Coverage < min-meanDP -----------------------------
cut: MiSeq_CHYA_chyaD.2.1.Fltr04.17.ldepth.mean: No such file or directory
cut: MiSeq_CHYA_chyaD.2.1.Fltr04.17.ldepth.mean: No such file or directory
         line 0: warning: Skipping data file with no valid points

gnuplot> plot 'sitedepthmeanbefore' using (bin($1,binwidth)):(1.0) smooth freq with boxes
                                                                                         ^
         line 0: x range is invalid

         line 0: warning: Skipping data file with no valid points

gnuplot> plot 'sitedepthmeanbefore' pt "*"
                                          ^
         line 0: x range is invalid

         line 0: warning: Skipping data file with no valid points

gnuplot> plot 'meandepthVSvariance' pt "*"
                                          ^
         line 0: x range is invalid

     vcftools --vcf MiSeq_CHYA_chyaD.2.1.Fltr10.16.vcf --min-meanDP 25 --recode --recode-INFO-all --out MiSeq_CHYA_chyaD.2.1.Fltr04.17.recode.vcf 2> /dev/null
	Sites remaining:	0
	Contigs remaining:	0


Mon Oct 25 19:34:05 CDT 2021 ---------------------------FILTER13: Remove sites with mean DP greater than X  -----------------------------
cut: MiSeq_CHYA_chyaD.2.1.Fltr13.18.ldepth: No such file or directory
         line 0: warning: Skipping data file with no valid points

gnuplot> plot 'meandepthpersitebefore' using (bin($1,binwidth)):(1.0) smooth freq with boxes
                                                                                            ^
         line 0: x range is invalid

     vcftools --vcf MiSeq_CHYA_chyaD.2.1.Fltr04.17.recode.vcf --max-meanDP 150 --recode --recode-INFO-all --out MiSeq_CHYA_chyaD.2.1.Fltr13.18.recode.vcf 2> /dev/null
	Sites remaining:	0
	Contigs remaining:	0


Mon Oct 25 19:34:06 CDT 2021 ---------------------------FILTER 86: Remove contigs -----------------------------
	Before site filter: MiSeq_CHYA_chyaD.2.1.Fltr04.17.recode.vcf
	After site filter: MiSeq_CHYA_chyaD.2.1.Fltr13.18.recode.vcf
	After contig filter: MiSeq_CHYA_chyaD.2.1.Fltr13.18.recode.Fltr86.rmCONTIGS.19.vcf
	0 rmCONTIGS.txt contigs filtered

Mon Oct 25 19:34:06 CDT 2021 ---------------------------FILTER07: Remove sites with Alternate Allele Count <=X -----------------------------
     vcffixup MiSeq_CHYA_chyaD.2.1.Fltr13.18.recode.Fltr86.rmCONTIGS.19.vcf | vcffilter -s -f "AC > 3 & AN - AC > 3"  > MiSeq_CHYA_chyaD.2.1.Fltr07.20.vcf
	Sites remaining:	0
	Contigs remaining:	0

Mon Oct 25 19:34:07 CDT 2021 ---------------------------FILTER041: Remove Contigs With Extreme DP -----------------------------
tail: cannot open MiSeq_CHYA_chyaD.2.1.Fltr041.21.ldepth.mean for reading: No such file or directory
 Attaching packages  tidyverse 1.3.0.9000 
 ggplot2 3.3.5      purrr   0.3.4
 tibble  3.1.4      dplyr   1.0.7
 tidyr   1.1.3      stringr 1.4.0
 readr   1.3.1      forcats 0.5.0
 Conflicts  tidyverse_conflicts() 
 dplyr::filter() masks stats::filter()
 dplyr::lag()    masks stats::lag()

Attaching package: gridExtra

The following object is masked from package:dplyr:

    combine

Error in read.table(inputFile, header = FALSE, sep = "\t") : 
  no lines available in input
Execution halted
 The following contigs have been filtered:

 Plots output to MiSeq_CHYA_chyaD.2.1.Fltr041.21.ldepth.mean.contigs.pdf

Mon Oct 25 19:34:10 CDT 2021 ---------------------------FILTER32: Keep Contigs w Fewer Heterozygotes -----------------------------
MiSeq_CHYA_chyaD.2.1.Fltr041.21.vcf
0.67
Broken VCF header, no column names?
 at /home/apps/vcftools/0.1.15/lib/site_perl/5.22.0/Vcf.pm line 172.
	Vcf::throw(Vcf4_2=HASH(0x804778), "Broken VCF header, no column names?") called at /home/apps/vcftools/0.1.15/lib/site_perl/5.22.0/Vcf.pm line 867
	VcfReader::_read_column_names(Vcf4_2=HASH(0x804778)) called at /home/apps/vcftools/0.1.15/lib/site_perl/5.22.0/Vcf.pm line 602
	VcfReader::parse_header(Vcf4_2=HASH(0x804778)) called at /home/apps/vcftools/0.1.15/bin/vcf-query line 212
	main::read_data(HASH(0x7c9f30)) called at /home/apps/vcftools/0.1.15/bin/vcf-query line 12
Broken VCF header, no column names?
 at /home/apps/vcftools/0.1.15/lib/site_perl/5.22.0/Vcf.pm line 172.
	Vcf::throw(Vcf4_2=HASH(0x804778), "Broken VCF header, no column names?") called at /home/apps/vcftools/0.1.15/lib/site_perl/5.22.0/Vcf.pm line 867
	VcfReader::_read_column_names(Vcf4_2=HASH(0x804778)) called at /home/apps/vcftools/0.1.15/lib/site_perl/5.22.0/Vcf.pm line 602
	VcfReader::parse_header(Vcf4_2=HASH(0x804778)) called at /home/apps/vcftools/0.1.15/bin/vcf-query line 212
	main::read_data(HASH(0x7c9f30)) called at /home/apps/vcftools/0.1.15/bin/vcf-query line 12
Error: Can't rename columns that don't exist.
 Column `X1` doesn't exist.
Backtrace:
     
  1. `%>%`(...)
  2. tidyr::separate(...)
  3. dplyr::filter(., str_detect(value, "\\.", negate = TRUE))
  4. dplyr::mutate(., value = str_remove(value, "\\]"))
  5. tidyr::separate(., value, sep = "=", into = c("id", "value"))
  6. dplyr::select(., -name)
  7. tidyr::pivot_longer(., cols = starts_with("X"))
  8. dplyr::rename(., locus = X1, ref_allele = X2)
  9. dplyr:::rename.data.frame(., locus = X1, ref_allele = X2)
 10.   tidyselect::eval_rename(expr(c(...)), .data)
 11.     tidyselect:::rename_impl(...)
 12.       tidyselect:::eval_select_impl(...)
 13.         tidyselect:::with_subscript_errors(...)
 14.          base::tryCatch(...)
 15.           base:::tryCatchList(expr, classes, parentenv, handlers)
 16.             base:::tryCatchOne(expr, names, parentenv, handlers[[1L]])
 17.               base:::doTryCatch(return(expr), name, parentenv, handler)
 18.          tidyselect:::instrument_base_errors(expr)
 19.            base::withCallingHandlers(...)
 20.         tidyselect:::vars_select_eval(...)
 21.           tidyselect:::walk_data_tree(expr, data_mask, context_mask)
 22.             tidyselect:::eval_c(expr, data_mask, context_mask)
 23.               tidyselect:::reduce_sels(node, data_mask, context_mask, init = init)
 24.                 tidyselect:::walk_data_tree(new, data_mask, context_mask)
 25.                   tidyselect:::as_indices_sel_impl(...)
 26.                     tidyselect:::as_indices_impl(x, vars, strict = strict)
 27.                       tidyselect:::chr_as_locations(x, vars)
 28.                         vctrs::vec_as_location(x, n = length(vars), names = vars)
 29.                           (function () ...
 30.                             vctrs:::stop_subscript_oob(...)
 31.                               vctrs:::stop_subscript(...)
Warning message:
`data_frame()` was deprecated in tibble 1.1.0.
Please use `tibble()` instead.
This warning is displayed once every 8 hours.
Call `lifecycle::last_warnings()` to see where this warning was generated. 
Execution halted
 Attaching packages  tidyverse 1.3.0.9000 
 ggplot2 3.3.5      purrr   0.3.4
 tibble  3.1.4      dplyr   1.0.7
 tidyr   1.1.3      stringr 1.4.0
 readr   1.3.1      forcats 0.5.0
 Conflicts  tidyverse_conflicts() 
 dplyr::filter() masks stats::filter()
 dplyr::lag()    masks stats::lag()

Attaching package: gridExtra

The following object is masked from package:dplyr:

    combine

Error in read.table(inputFile, header = FALSE, sep = "\t") : 
  no lines available in input
Execution halted

 The following contigs have been filtered:

 Plots output to MiSeq_CHYA_chyaD.2.1.Fltr32.22.hetero.contigs.plots.pdf

	Sites remaining:	0
	Contigs remaining:	0

Mon Oct 25 19:34:14 CDT 2021 ---------------------------FILTER181: Remove sites & contigs in & not in HWE p<X) -----------------------------
Processing population: COPE (625 inds)
No such file or directory at /work/hobi/jselwyn/Coryphopterus_RAD/scripts/fltrVCF/filter_hwe_by_pop_HPC.pl line 72.
grep: MiSeq_CHYA_chyaD.2.1.Fltr181.23.HWE.recode.vcf: No such file or directory

Contigs in HWE:
	Sites remaining:	0
	Contigs remaining:	0

Contigs not in HWE:
	Sites remaining:	0
	Contigs remaining:	0

Mon Oct 25 19:34:15 CDT 2021 ---------------------------FILTER05: Remove sites called in <X proportion of individuals -----------------------------
cut: MiSeq_CHYA_chyaD.2.1.Fltr05.24.lmiss: No such file or directory
         line 0: warning: Skipping data file with no valid points

gnuplot> plot 'sitemissingness' using (bin($1,binwidth)):(1.0) smooth freq with boxes
                                                                                     ^
         line 0: all points y value undefined!

         line 0: warning: Skipping data file with no valid points

gnuplot> plot 'sitemissingness' pt "*"
                                      ^
         line 0: x range is invalid

     vcftools --vcf MiSeq_CHYA_chyaD.2.1.Fltr181.23.CONTIGS.IN.HWE.vcf --max-missing 0.7 --recode --recode-INFO-all --out MiSeq_CHYA_chyaD.2.1.Fltr05.24.recode.vcf 2> /dev/null
	Sites remaining:	0
	Contigs remaining:	0


Mon Oct 25 19:34:15 CDT 2021 ---------------------------FILTER 86: Remove contigs -----------------------------
	Before site filter: MiSeq_CHYA_chyaD.2.1.Fltr181.23.CONTIGS.IN.HWE.vcf
	After site filter: MiSeq_CHYA_chyaD.2.1.Fltr05.24.recode.vcf
	After contig filter: MiSeq_CHYA_chyaD.2.1.Fltr05.24.recode.Fltr86.rmCONTIGS.25.vcf
	0 rmCONTIGS.txt contigs filtered

Mon Oct 25 19:34:16 CDT 2021 ---------------------------FILTER16: Remove Individuals|Libraries with Too Much Missing Data-----------------------------
mawk: cannot open MiSeq_CHYA_chyaD.2.1.Fltr16.26.imiss (No such file or directory)
         line 0: warning: Skipping data file with no valid points

gnuplot> plot 'totalmissing' using (bin($1,binwidth)):(1.0) smooth freq with boxes
                                                                                  ^
         line 0: all points y value undefined!

         line 0: Non-numeric string found where a numeric expression was expected

         line 0: warning: Skipping data file with no valid points
         line 0: Can't plot with an empty x range!

mawk: cannot open MiSeq_CHYA_chyaD.2.1.Fltr16.26.imiss (No such file or directory)
 0 individuals|libraries with too much missing data:
     vcftools --vcf MiSeq_CHYA_chyaD.2.1.Fltr05.24.recode.Fltr86.rmCONTIGS.25.vcf --remove MiSeq_CHYA_chyaD.2.1.Fltr16.26.lowDP-2.indv --recode --recode-INFO-all --out MiSeq_CHYA_chyaD.2.1.Fltr16.26.recode.vcf 2> /dev/null | vcffixup -
	Sites remaining:	0
	Contigs remaining:	0


 Individuals|Libraries Remaining Per Sample

Mon Oct 25 19:34:17 CDT 2021 ---------------------------FILTER05: Remove sites called in <X proportion of individuals -----------------------------
cut: MiSeq_CHYA_chyaD.2.1.Fltr05.27.lmiss: No such file or directory
         line 0: warning: Skipping data file with no valid points

gnuplot> plot 'sitemissingness' using (bin($1,binwidth)):(1.0) smooth freq with boxes
                                                                                     ^
         line 0: all points y value undefined!

         line 0: warning: Skipping data file with no valid points

gnuplot> plot 'sitemissingness' pt "*"
                                      ^
         line 0: x range is invalid

     vcftools --vcf MiSeq_CHYA_chyaD.2.1.Fltr16.26.recode.vcf --max-missing 0.75 --recode --recode-INFO-all --out MiSeq_CHYA_chyaD.2.1.Fltr05.27.recode.vcf 2> /dev/null
	Sites remaining:	0
	Contigs remaining:	0


Mon Oct 25 19:34:17 CDT 2021 ---------------------------FILTER 86: Remove contigs -----------------------------
	Before site filter: MiSeq_CHYA_chyaD.2.1.Fltr16.26.recode.vcf
	After site filter: MiSeq_CHYA_chyaD.2.1.Fltr05.27.recode.vcf
	After contig filter: MiSeq_CHYA_chyaD.2.1.Fltr05.27.recode.Fltr86.rmCONTIGS.28.vcf
	0 rmCONTIGS.txt contigs filtered

Mon Oct 25 19:34:18 CDT 2021 ---------------------------FILTER16: Remove Individuals|Libraries with Too Much Missing Data-----------------------------
mawk: cannot open MiSeq_CHYA_chyaD.2.1.Fltr16.29.imiss (No such file or directory)
         line 0: warning: Skipping data file with no valid points

gnuplot> plot 'totalmissing' using (bin($1,binwidth)):(1.0) smooth freq with boxes
                                                                                  ^
         line 0: all points y value undefined!

         line 0: Non-numeric string found where a numeric expression was expected

         line 0: warning: Skipping data file with no valid points
         line 0: Can't plot with an empty x range!

mawk: cannot open MiSeq_CHYA_chyaD.2.1.Fltr16.29.imiss (No such file or directory)
 0 individuals|libraries with too much missing data:
     vcftools --vcf MiSeq_CHYA_chyaD.2.1.Fltr05.27.recode.Fltr86.rmCONTIGS.28.vcf --remove MiSeq_CHYA_chyaD.2.1.Fltr16.29.lowDP-2.indv --recode --recode-INFO-all --out MiSeq_CHYA_chyaD.2.1.Fltr16.29.recode.vcf 2> /dev/null | vcffixup -
	Sites remaining:	0
	Contigs remaining:	0


 Individuals|Libraries Remaining Per Sample

Mon Oct 25 19:34:19 CDT 2021 ---------------------------FILTER05: Remove sites called in <X proportion of individuals -----------------------------
cut: MiSeq_CHYA_chyaD.2.1.Fltr05.30.lmiss: No such file or directory
         line 0: warning: Skipping data file with no valid points

gnuplot> plot 'sitemissingness' using (bin($1,binwidth)):(1.0) smooth freq with boxes
                                                                                     ^
         line 0: all points y value undefined!

         line 0: warning: Skipping data file with no valid points

gnuplot> plot 'sitemissingness' pt "*"
                                      ^
         line 0: x range is invalid

     vcftools --vcf MiSeq_CHYA_chyaD.2.1.Fltr16.29.recode.vcf --max-missing 0.8 --recode --recode-INFO-all --out MiSeq_CHYA_chyaD.2.1.Fltr05.30.recode.vcf 2> /dev/null
	Sites remaining:	0
	Contigs remaining:	0


Mon Oct 25 19:34:19 CDT 2021 ---------------------------FILTER 86: Remove contigs -----------------------------
	Before site filter: MiSeq_CHYA_chyaD.2.1.Fltr16.29.recode.vcf
	After site filter: MiSeq_CHYA_chyaD.2.1.Fltr05.30.recode.vcf
	After contig filter: MiSeq_CHYA_chyaD.2.1.Fltr05.30.recode.Fltr86.rmCONTIGS.31.vcf
	0 rmCONTIGS.txt contigs filtered

Mon Oct 25 19:34:19 CDT 2021 ---------------------------FILTER16: Remove Individuals|Libraries with Too Much Missing Data-----------------------------
mawk: cannot open MiSeq_CHYA_chyaD.2.1.Fltr16.32.imiss (No such file or directory)
         line 0: warning: Skipping data file with no valid points

gnuplot> plot 'totalmissing' using (bin($1,binwidth)):(1.0) smooth freq with boxes
                                                                                  ^
         line 0: all points y value undefined!

         line 0: Non-numeric string found where a numeric expression was expected

         line 0: warning: Skipping data file with no valid points
         line 0: Can't plot with an empty x range!

mawk: cannot open MiSeq_CHYA_chyaD.2.1.Fltr16.32.imiss (No such file or directory)
 0 individuals|libraries with too much missing data:
     vcftools --vcf MiSeq_CHYA_chyaD.2.1.Fltr05.30.recode.Fltr86.rmCONTIGS.31.vcf --remove MiSeq_CHYA_chyaD.2.1.Fltr16.32.lowDP-2.indv --recode --recode-INFO-all --out MiSeq_CHYA_chyaD.2.1.Fltr16.32.recode.vcf 2> /dev/null | vcffixup -
	Sites remaining:	0
	Contigs remaining:	0


 Individuals|Libraries Remaining Per Sample

Mon Oct 25 19:34:21 CDT 2021 ---------------------------FILTER05: Remove sites called in <X proportion of individuals -----------------------------
cut: MiSeq_CHYA_chyaD.2.1.Fltr05.33.lmiss: No such file or directory
         line 0: warning: Skipping data file with no valid points

gnuplot> plot 'sitemissingness' using (bin($1,binwidth)):(1.0) smooth freq with boxes
                                                                                     ^
         line 0: all points y value undefined!

         line 0: warning: Skipping data file with no valid points

gnuplot> plot 'sitemissingness' pt "*"
                                      ^
         line 0: x range is invalid

     vcftools --vcf MiSeq_CHYA_chyaD.2.1.Fltr16.32.recode.vcf --max-missing 0.85 --recode --recode-INFO-all --out MiSeq_CHYA_chyaD.2.1.Fltr05.33.recode.vcf 2> /dev/null
	Sites remaining:	0
	Contigs remaining:	0


Mon Oct 25 19:34:21 CDT 2021 ---------------------------FILTER 86: Remove contigs -----------------------------
	Before site filter: MiSeq_CHYA_chyaD.2.1.Fltr16.32.recode.vcf
	After site filter: MiSeq_CHYA_chyaD.2.1.Fltr05.33.recode.vcf
	After contig filter: MiSeq_CHYA_chyaD.2.1.Fltr05.33.recode.Fltr86.rmCONTIGS.34.vcf
	0 rmCONTIGS.txt contigs filtered

Mon Oct 25 19:34:22 CDT 2021 ---------------------------FILTER16: Remove Individuals|Libraries with Too Much Missing Data-----------------------------
mawk: cannot open MiSeq_CHYA_chyaD.2.1.Fltr16.35.imiss (No such file or directory)
         line 0: warning: Skipping data file with no valid points

gnuplot> plot 'totalmissing' using (bin($1,binwidth)):(1.0) smooth freq with boxes
                                                                                  ^
         line 0: all points y value undefined!

         line 0: Non-numeric string found where a numeric expression was expected

         line 0: warning: Skipping data file with no valid points
         line 0: Can't plot with an empty x range!

mawk: cannot open MiSeq_CHYA_chyaD.2.1.Fltr16.35.imiss (No such file or directory)
 0 individuals|libraries with too much missing data:
     vcftools --vcf MiSeq_CHYA_chyaD.2.1.Fltr05.33.recode.Fltr86.rmCONTIGS.34.vcf --remove MiSeq_CHYA_chyaD.2.1.Fltr16.35.lowDP-2.indv --recode --recode-INFO-all --out MiSeq_CHYA_chyaD.2.1.Fltr16.35.recode.vcf 2> /dev/null | vcffixup -
	Sites remaining:	0
	Contigs remaining:	0


 Individuals|Libraries Remaining Per Sample

Mon Oct 25 19:34:23 CDT 2021 ---------------------------FILTER01: Remove sites with Y < alleles < X -----------------------------
     vcftools --vcf MiSeq_CHYA_chyaD.2.1.Fltr16.35.recode.vcf --min-alleles 2 --max-alleles 2 --recode --recode-INFO-all --out MiSeq_CHYA_chyaD.2.1.Fltr01.36.recode.vcf 2> /dev/null
	Sites remaining:	0
	Contigs remaining:	0


Mon Oct 25 19:34:23 CDT 2021 ---------------------------FILTER21: Select Most Informative SNP per Contig -----------------------------
Broken VCF header, no column names?
 at /home/apps/vcftools/0.1.15/lib/site_perl/5.22.0/Vcf.pm line 172.
	Vcf::throw(Vcf4_2=HASH(0xc37920), "Broken VCF header, no column names?") called at /home/apps/vcftools/0.1.15/lib/site_perl/5.22.0/Vcf.pm line 867
	VcfReader::_read_column_names(Vcf4_2=HASH(0xc37920)) called at /home/apps/vcftools/0.1.15/lib/site_perl/5.22.0/Vcf.pm line 602
	VcfReader::parse_header(Vcf4_2=HASH(0xc37920)) called at /home/apps/vcftools/0.1.15/bin/vcf-query line 212
	main::read_data(HASH(0x7c9f30)) called at /home/apps/vcftools/0.1.15/bin/vcf-query line 12
-1
-1
0

Mon Oct 25 19:34:24 CDT 2021  --------------------------- Filtering complete! ---------------------------


Mon Oct 25 19:34:24 CDT 2021 Running fltrVCFstats2 with the following settings...
          DIRECTORY: /work/hobi/jselwyn/Coryphopterus_RAD/fltrVCF_MiSeq_CHYA
          THREADS: 20
          FILE PREFIX: MiSeq_CHYA_chyaD

Mon Oct 25 19:34:24 CDT 2021 Getting universal chromosome/contig prefix ...
          Querying  ...
          Prefix: dDocent
          It is assumed that all values in the CHROM column of vcf begin with dDocent
          If this is not the case, then fltrVCF will not work properly.

Mon Oct 25 19:34:24 CDT 2021 Making column 1 of 19 ...

Mon Oct 25 19:34:24 CDT 2021 Making column 2 of 19 ...

Mon Oct 25 19:34:25 CDT 2021 Making column 3 of 19 ...

Mon Oct 25 19:41:26 CDT 2021 Making column 4 of 19 ...

Mon Oct 25 19:42:43 CDT 2021 Making column 5 of 19 ...

Mon Oct 25 19:43:58 CDT 2021 Making column 6 of 19 ...

Mon Oct 25 19:43:58 CDT 2021 Making column 7 of 19 ...

Mon Oct 25 19:45:02 CDT 2021 Making column 8 of 19 ...

Mon Oct 25 19:45:12 CDT 2021 Making column 9 of 19 ...

Mon Oct 25 19:45:24 CDT 2021 Making column 10 of 19 ...

Mon Oct 25 19:45:33 CDT 2021 Making column 11 of 19 ...

Mon Oct 25 19:45:41 CDT 2021 Making column 12 of 19 ...

Mon Oct 25 19:45:49 CDT 2021 Making column 13 of 19 ...

Mon Oct 25 19:55:14 CDT 2021 Making column 14 of 19 ...

Mon Oct 25 20:24:07 CDT 2021 Making column 15 of 19 ...

Mon Oct 25 20:52:11 CDT 2021 Making column 16 of 19 ...

Mon Oct 25 21:20:36 CDT 2021 Making column 17 of 19 ...

Mon Oct 25 21:49:14 CDT 2021 Making column 18 of 19 ...

Mon Oct 25 22:19:34 CDT 2021 Making column 19 of 19 ...
slurmstepd: error: *** JOB 50649 ON hpcc11 CANCELLED AT 2021-10-25T22:29:25 ***
