

fltrVCF.bash v4.4 -- a script to filter vcf files repeatably

Dependencies required for fltrVCF to be fully functional:
	R
		tidyverse
		gridExtra
	vcftools
	vcflib
	samtools
	perl
	mawk
	parallel
	rad_haplotyper.pl https://github.com/cbirdlab/rad_haplotyper.git
	filter_hwe_by_pop_HPC

Thu Sep 23 10:13:54 CDT 2021 Reading options from command line:

	Settings File:            /work/hobi/jselwyn/Coryphopterus_RAD/config_files/fltrVCF_lightSpecies.config

	Cutoffs:                  10.1
	Path to BAM files:        /work/hobi/jselwyn/Coryphopterus_RAD/mkVCF_MiSeq
	PopMap File:              /work/hobi/jselwyn/Coryphopterus_RAD/mkVCF_MiSeq/mapped.10.1.bed
	VCF File:                 /work/hobi/jselwyn/Coryphopterus_RAD/mkVCF_MiSeq/TotalRawSNPs.10.1.vcf
	REF File:                 /work/hobi/jselwyn/Coryphopterus_RAD/mkREF_MiSeq/reference.10.1.fasta
	PopMap File:              /work/hobi/jselwyn/Coryphopterus_RAD/mkVCF_MiSeq/popmap.10.1
	Output file prefix:       MiSeq_lightSpecies
	Path to R scripts and other scripts:        /work/hobi/jselwyn/Coryphopterus_RAD/scripts/fltrVCF/scripts
	HWE Script:               /work/hobi/jselwyn/Coryphopterus_RAD/scripts/fltrVCF/filter_hwe_by_pop_HPC.pl
	Rad_Haplotyper script:    /work/hobi/jselwyn/Coryphopterus_RAD/scripts/rad_haplotyper/rad_haplotyper.pl
	Number of threads:          20

Thu Sep 23 10:13:54 CDT 2021 Reading options from config file and setting defaults
	SETTINGS are being loaded from file: '/work/hobi/jselwyn/Coryphopterus_RAD/config_files/fltrVCF_lightSpecies.config'
	Filters are set to '01 02 03 04 05 86 20'
	CutoffCode is set to '.10.1'
	BAM_PATH is set to '/work/hobi/jselwyn/Coryphopterus_RAD/mkVCF_MiSeq'
	SCRIPT_PATH is set to '/work/hobi/jselwyn/Coryphopterus_RAD/scripts/fltrVCF/scripts'
	VCF_FILE is set to '/work/hobi/jselwyn/Coryphopterus_RAD/mkVCF_MiSeq/TotalRawSNPs.10.1.vcf'
	Bed file is set to '/work/hobi/jselwyn/Coryphopterus_RAD/mkVCF_MiSeq/mapped.10.1.bed'
	Reference genome is set to '/work/hobi/jselwyn/Coryphopterus_RAD/mkREF_MiSeq/reference.10.1.fasta'
	PopMap is set to '/work/hobi/jselwyn/Coryphopterus_RAD/mkVCF_MiSeq/popmap.10.1'
	HWE_SCRIPT is set to '/work/hobi/jselwyn/Coryphopterus_RAD/scripts/fltrVCF/filter_hwe_by_pop_HPC.pl'
	RADHAP_SCRIPT is set to '/work/hobi/jselwyn/Coryphopterus_RAD/scripts/rad_haplotyper/rad_haplotyper.pl'
	Output file prefix is set to 'MiSeq_lightSpecies'
	The number of threads is set to '1'
	-P not set by user. Only filters that natively support parallelization will be run in parallel.
	/work/hobi/jselwyn/Coryphopterus_RAD/mkVCF_MiSeq/TotalRawSNPs.10.1.vcf will be used for serial processing.

Thu Sep 23 10:13:54 CDT 2021 Getting universal chromosome/contig prefix ...
          Querying /work/hobi/jselwyn/Coryphopterus_RAD/mkVCF_MiSeq/TotalRawSNPs.10.1.vcf ...
          Prefix: dDocent
          It is assumed that all values in the CHROM column of vcf begin with dDocent
          If this is not the case, then fltrVCF will not work properly.
          The prefix is used to count SNPs/variants, contigs, etc and is used in some filters.

Thu Sep 23 10:13:54 CDT 2021  reading variables into MAIN

Thu Sep 23 10:13:54 CDT 2021 ---------------------------FILTER01: Remove sites with Y < alleles < X -----------------------------
     vcftools --vcf /work/hobi/jselwyn/Coryphopterus_RAD/mkVCF_MiSeq/TotalRawSNPs.10.1.vcf --min-alleles 2 --max-alleles 2 --recode --recode-INFO-all --out MiSeq_lightSpecies.10.1.Fltr01.1.recode.vcf 2> /dev/null
	Sites remaining:	835491
	Contigs remaining:	22217


Thu Sep 23 11:00:45 CDT 2021 ---------------------------FILTER02: Remove Sites with Indels -----------------------------
     vcftools --vcf MiSeq_lightSpecies.10.1.Fltr01.1.recode.vcf --remove-indels --recode --recode-INFO-all --out MiSeq_lightSpecies.10.1.Fltr02.2.recode.vcf 2> /dev/null
	Sites remaining:	802220
	Contigs remaining:	22196


Thu Sep 23 11:42:04 CDT 2021 ---------------------------FILTER03: Remove Sites with QUAL < minQ -----------------------------
                                                                                                                        
                                                     Histogram of QUAL before FILTER03                                  
                                                                                                                        
                 3000 +---------------------------------------------------------------------------------------------+   
                      |                  +                  +                 +                  +                  |   
                      |                                         'QUALbefore' using (bin($1,binwidth)):(***) ******* |   
                      |                                                                   ************ * * **       |   
                 2500 |-+                                                                 * ** * * * *** ***********|   
                      |                                                                   * ** * * * * * * ** * * * |   
                      |                                                                 *** ** * * * * * * ** * * * |   
                      |                                                               *** * ** * * * * * * ** * * * |   
                 2000 |-+                                                             * * * ** * * * * * * ** * * *-|   
                      |                                                               * * * ** * * * * * * ** * * * |   
                      |                                                             *** * * ** * * * * * * ** * * * |   
                 1500 |-+                                                         *** * * * ** * * * * * * ** * * *-|   
                      |                                                         *** * * * * ** * * * * * * ** * * * |   
                      |                                                       *** * * * * * ** * * * * * * ** * * * |   
                      |                                                       * * * * * * * ** * * * * * * ** * * * |   
                 1000 |-+                                                     * * * * * * * ** * * * * * * ** * * *-|   
                      |                                                      ** * * * * * * ** * * * * * * ** * * * |   
                      |                                                  ****** * * * * * * ** * * * * * * ** * * * |   
                      |                                                *** * ** * * * * * * ** * * * * * * ** * * * |   
                  500 |-+                                            *** * * ** * * * * * * ** * * * * * * ** * * *-|   
                      |**                                          *** * * * ** * * * * * * ** * * * * * * ** * * * |   
                      | *                                      ***** * * * * ** * * * * * * ** * * * * * * ** * * * |   
                      | *                +          ************ * * * * * * ** * * * * * * ** * * * * * * ** * * * |   
                    0 +---------------------------------------------------------------------------------------------+   
                      0                 100                200               300                400                500  
                                          QUAL ~ Phred-Scaled Probality of Zero Alternate Alleles                       
                                                                                                                        
                                                                                                                        
                                                                         Scatter plot of QUAL per site.                 
                                                                                                                        
                                                         500 +------------------------------------------------------+   
                                                             |     +     +     +     +      +     +     +  *  +     |   
                                                             |                                 'QUALbefore'**  *    |   
                                                             |                                              *       |   
                                                             |                                              *       |   
                                                         400 |-+                                            **    +-|   
                                                             |                                               *      |   
                                                             |                                               *      |   
                                                             |                                               **     |   
                                                         300 |-+                                              *   +-|   
                                                             |                                                *     |   
                                                             |                                                *     |   
                                                             |                                                *     |   
                                                             |                                                *     |   
                                                         200 |-+                                              *   +-|   
                                                             |                                                *     |   
                                                             |                                                *     |   
                                                             |                                                *     |   
                                                         100 |-+                                              *   +-|   
                                                             |                                                *     |   
                                                             |                                                *     |   
                                                             |                                                *     |   
                                                             |     +     +     +     +      +     +     +     *     |   
                                                           0 +------------------------------------------------------+   
                                                             0   10000 20000 30000 400000 50000 60000 70000 80000 900000
                                                                                      Site                              
                                                                                                                        
     vcftools --vcf MiSeq_lightSpecies.10.1.Fltr02.2.recode.vcf --minQ 40 --recode --recode-INFO-all --out MiSeq_lightSpecies.10.1.Fltr03.3.recode.vcf 2> /dev/null
	Sites remaining:	801770
	Contigs remaining:	22194


Thu Sep 23 12:24:24 CDT 2021 ---------------------------FILTER04: Remove Sites With Mean Depth of Coverage < min-meanDP -----------------------------
                                                                                                                        
                                             Histogram of mean depth per site before FILTER04                           
                                                                                                                        
                 12000 +--------------------------------------------------------------------------------------------+   
                       |   *    +         +        +        +         +        +        +        +         +        |   
                       |  ***                          'sitedepthmeanbefore' using (bin($1,binwidth)):(1.0) ******* |   
                       |  ***                                                                                       |   
                 10000 |-+***                                                                                     +-|   
                       |  ***                                                                                       |   
                       |  ***                                                                                       |   
                       | *****                                                                                      |   
                  8000 |-*****                                                                                    +-|   
                       | *****                                                                                      |   
                       | ******                                                                                     |   
                  6000 |-******                                                                                   +-|   
                       |*******                                                                                     |   
                       |********                                                                                    |   
                       |********                                                                                    |   
                  4000 |*********                                                                                 +-|   
                       |**********                                                                                  |   
                       |**********                                                                                  |   
                       |**********                                                                                  |   
                  2000 |************                                                                              +-|   
                       |*************                                                                               |   
                       |***************                                                                             |   
                       |*******************        +        +         +        +        +        +         +        |   
                     0 +--------------------------------------------------------------------------------------------+   
                       0       100       200      300      400       500      600      700      800       900      1000 
                                                                Mean Depth                                              
                                                                                                                        
                                                                                                                        
                                        Scatter plot of mean depth per site before FILTER04.                            
                                                                                                                        
            1000 +--------------------------------------------------------------------------------------------------+   
                 |          +          +          +          +          +          +          +          +          |   
             900 |-+                                                                  'sitedepthmeanbefore'    *  +-|   
                 |                                                                                                  |   
                 |                                                                                                  |   
             800 |-+                                                                                              +-|   
                 |                                                                                                  |   
             700 |-+                                                                                              +-|   
                 |                                                                                                  |   
             600 |-+                                                                                              +-|   
                 |                                                                                                  |   
             500 |-+                                                                                              +-|   
                 |                                                                                                  |   
                 |                                                                                                  |   
             400 |-+                                                                                              +-|   
                 |                                                                                                  |   
             300 |-+                                                                                              +-|   
                 |*                                                                                                 |   
             200 |*+                                                                                              +-|   
                 |****                                                                                              |   
                 |   ********                                                                                       |   
             100 |-+        ************************                                                              +-|   
                 |          +          +          +***********************************************       +          |   
               0 +--------------------------------------------------------------------------------------------------+   
                 0        100000     200000     300000     400000     500000     600000     700000     800000     900000
                                                                Site                                                    
                                                                                                                        
                                                                                                                        
                                   Scatter plot of depth variance vs mean depth per site before FILTER04.               
                                                                                                                        
                   6e+06 +------------------------------------------------------------------------------------------+   
                         |        +        +        +        +         +        +        +        +        +        |   
                         |                                                            'meandepthVSvariance'    *    |   
                         |                                              **                                          |   
                   5e+06 |-+                                           **                                         +-|   
                         |                                            *                               *             |   
                         |                                          *                                               |   
                         |                                                                                          |   
                   4e+06 |-+                                                                              *       +-|   
                         |                                                                  *            *          |   
                         |                                                                 **                       |   
                   3e+06 |-+                                                 *           *                  ***   +-|   
                         |                               *                 ***                          * ***       |   
                         |                       *      *                          *                 ****           |   
                         |                      *     *                                 ***        *                |   
                   2e+06 |-+                        **                                ***     *               *   +-|   
                         |                                                          ****               *            |   
                         |                                               *     ** **                ****            |   
                         |                           **        **  *        ****              *                     |   
                   1e+06 |-+                    **  ******** *******    ******                                    +-|   
                         |                  ** *   *****  ******** ******                                           |   
                         |       ***  ***********************************    *                                      |   
                         |      *******************************   *    +        +        +        +        +        |   
                       0 +------------------------------------------------------------------------------------------+   
                         0       100      200      300      400       500      600      700      800      900      1000 
                                                                 Mean Depth                                             
                                                                                                                        
     vcftools --vcf MiSeq_lightSpecies.10.1.Fltr03.3.recode.vcf --min-meanDP 10 --recode --recode-INFO-all --out MiSeq_lightSpecies.10.1.Fltr04.4.recode.vcf 2> /dev/null
	Sites remaining:	585044
	Contigs remaining:	14992


Thu Sep 23 13:00:10 CDT 2021 ---------------------------FILTER05: Remove sites called in <X proportion of individuals -----------------------------
                                                                                                                        
                                         Histogram of the proportion of genotypes that are missing                      
                                                                                                                        
                 70000 +--------------------------------------------------------------------------------------------+   
                       |                  +                 +                  +                 +                  |   
                       |                                   'sitemissingness' using (bin($1,binwidth)):(1.0) ******* |   
                 60000 |-+                *****                                                                   +-|   
                       |             ******   ******                                                                |   
                       |             *    *   *    ******                                                           |   
                       |             *    *   *    *    *****                                                       |   
                 50000 |-+           *    *   *    *    *   *                                                     +-|   
                       |             *    *   *    *    *   *                                                       |   
                       |        ******    *   *    *    *   ******                                                  |   
                 40000 |-+      *    *    *   *    *    *   *    ******                                           +-|   
                       |        *    *    *   *    *    *   *    *    *                                             |   
                       |        *    *    *   *    *    *   *    *    *****                                         |   
                 30000 |-+      *    *    *   *    *    *   *    *    *   ******                                  +-|   
                       |        *    *    *   *    *    *   *    *    *   *    *****                                |   
                       |        *    *    *   *    *    *   *    *    *   *    *   ******                           |   
                 20000 |-+      *    *    *   *    *    *   *    *    *   *    *   *    ******                    +-|   
                       |        *    *    *   *    *    *   *    *    *   *    *   *    *    *                      |   
                       |    *****    *    *   *    *    *   *    *    *   *    *   *    *    *****                  |   
                       |    *   *    *    *   *    *    *   *    *    *   *    *   *    *    *   *                  |   
                 10000 |-+  *   *    *    *   *    *    *   *    *    *   *    *   *    *    *   *                +-|   
                       |    *   *    *    *   *    *    *   *    *    *   *    *   *    *    *   ******             |   
                       |    *   *    *    *   *    *    *   *    *    *   *    *   *    *    *   *    ******        |   
                     0 +--------------------------------------------------------------------------------------------+   
                       0                 0.2               0.4                0.6               0.8                 1   
                                                            Proportion Missing                                          
                                                                                                                        
                                                                                                                        
                                             Scatter plot of the proportion of genotypes that are missing.              
                                                                                                                        
                                1 +---------------------------------------------------------------------------------+   
                                  |             +            +             +             +            +             |   
                              0.9 |-+                                                     'sitemissingness'    *  +-|   
                                  |                                                                                 |   
                                  |*                                                                                |   
                              0.8 |***                                                                            +-|   
                                  |  ***                                                                            |   
                              0.7 |-+  ****                                                                       +-|   
                                  |       ****                                                                      |   
                              0.6 |-+        ****                                                                 +-|   
                                  |             *****                                                               |   
                              0.5 |-+               *****                                                         +-|   
                                  |                     ******                                                      |   
                                  |                          ******                                                 |   
                              0.4 |-+                             *******                                         +-|   
                                  |                                     *******                                     |   
                              0.3 |-+                                         ********                            +-|   
                                  |                                                  ********                       |   
                              0.2 |-+                                                       ********              +-|   
                                  |                                                                ********         |   
                                  |                                                                       ******    |   
                              0.1 |-+                                                                          ****-|   
                                  |             +            +             +             +            +           * |   
                                0 +---------------------------------------------------------------------------------+   
                                  0           100000       200000        300000        400000       500000        600000
                                                                         Site                                           
                                                                                                                        
     vcftools --vcf MiSeq_lightSpecies.10.1.Fltr04.4.recode.vcf --max-missing 0.75 --recode --recode-INFO-all --out MiSeq_lightSpecies.10.1.Fltr05.5.recode.vcf 2> /dev/null
	Sites remaining:	176370
	Contigs remaining:	4259


Thu Sep 23 13:14:03 CDT 2021 ---------------------------FILTER 86: Remove contigs -----------------------------
	Before site filter: MiSeq_lightSpecies.10.1.Fltr04.4.recode.vcf
	After site filter: MiSeq_lightSpecies.10.1.Fltr05.5.recode.vcf
	After contig filter: MiSeq_lightSpecies.10.1.Fltr05.5.recode.Fltr86.rmCONTIGS.6.vcf
	11952 rmCONTIGS.txt contigs filtered

Thu Sep 23 13:33:02 CDT 2021 ---------------------------FILTER20: Select 1 Random SNP per Contig -----------------------------
1575

Thu Sep 23 13:33:38 CDT 2021  --------------------------- Filtering complete! ---------------------------


Thu Sep 23 13:33:38 CDT 2021 Running fltrVCFstats2 with the following settings...
          DIRECTORY: /work/hobi/jselwyn/Coryphopterus_RAD/fltrVCF_MiSeq
          THREADS: 20
          FILE PREFIX: MiSeq_lightSpecies

Thu Sep 23 13:33:38 CDT 2021 Getting universal chromosome/contig prefix ...
          Querying  ...
          Prefix: dDocent
          It is assumed that all values in the CHROM column of vcf begin with dDocent
          If this is not the case, then fltrVCF will not work properly.

Thu Sep 23 13:33:39 CDT 2021 Making column 1 of 19 ...

Thu Sep 23 13:33:39 CDT 2021 Making column 2 of 19 ...

Thu Sep 23 13:33:39 CDT 2021 Making column 3 of 19 ...

Thu Sep 23 13:33:52 CDT 2021 Making column 4 of 19 ...

Thu Sep 23 13:34:53 CDT 2021 Making column 5 of 19 ...

Thu Sep 23 13:35:53 CDT 2021 Making column 6 of 19 ...

Thu Sep 23 13:35:53 CDT 2021 Making column 7 of 19 ...

Thu Sep 23 13:36:51 CDT 2021 Making column 8 of 19 ...

Thu Sep 23 13:36:56 CDT 2021 Making column 9 of 19 ...

Thu Sep 23 13:37:02 CDT 2021 Making column 10 of 19 ...

Thu Sep 23 13:37:08 CDT 2021 Making column 11 of 19 ...

Thu Sep 23 13:37:13 CDT 2021 Making column 12 of 19 ...

Thu Sep 23 13:37:19 CDT 2021 Making column 13 of 19 ...

Thu Sep 23 13:45:36 CDT 2021 Making column 14 of 19 ...

Thu Sep 23 14:09:42 CDT 2021 Making column 15 of 19 ...

Thu Sep 23 14:33:45 CDT 2021 Making column 16 of 19 ...

Thu Sep 23 14:57:44 CDT 2021 Making column 17 of 19 ...

Thu Sep 23 15:21:58 CDT 2021 Making column 18 of 19 ...

Thu Sep 23 15:47:35 CDT 2021 Making column 19 of 19 ...

Thu Sep 23 16:17:08 CDT 2021 Assembling tidy data table...

Thu Sep 23 16:17:08 CDT 2021 Plotting results...
Warning messages:
1: Removed 7 row(s) containing missing values (geom_path). 
2: Removed 7 rows containing missing values (geom_point). 
null device 
          1 

Thu Sep 23 16:17:13 CDT 2021 fltrVCFstats2 complete!
