

fltrVCF.bash v4.4 -- a script to filter vcf files repeatably

Dependencies required for fltrVCF to be fully functional:
	R
		tidyverse
		gridExtra
	vcftools
	vcflib
	samtools
	perl
	mawk
	parallel
	rad_haplotyper.pl https://github.com/cbirdlab/rad_haplotyper.git
	filter_hwe_by_pop_HPC

Mon Oct 25 22:33:56 CDT 2021 Reading options from command line:

	Settings File:            /work/hobi/jselwyn/Coryphopterus_RAD/config_files/fltrVCF_chya_D.config

	Cutoffs:                  2.1
	Path to BAM files:        /work/hobi/jselwyn/Coryphopterus_RAD/mkVCF_MiSeq_CHYA
	PopMap File:              /work/hobi/jselwyn/Coryphopterus_RAD/mkVCF_MiSeq_CHYA/mapped.2.1.bed
	VCF File:                 /work/hobi/jselwyn/Coryphopterus_RAD/mkVCF_MiSeq_CHYA/TotalRawSNPs.2.1.vcf
	REF File:                 /work/hobi/jselwyn/Coryphopterus_RAD/mkREF_MiSeq_CHYA/reference.2.1.fasta
	PopMap File:              /work/hobi/jselwyn/Coryphopterus_RAD/mkVCF_MiSeq_CHYA/popmap.2.1
	Output file prefix:       MiSeq_CHYA_chyaD
	Path to R scripts and other scripts:        /work/hobi/jselwyn/Coryphopterus_RAD/scripts/fltrVCF/scripts
	HWE Script:               /work/hobi/jselwyn/Coryphopterus_RAD/scripts/fltrVCF/filter_hwe_by_pop_HPC.pl
	Rad_Haplotyper script:    /work/hobi/jselwyn/Coryphopterus_RAD/scripts/rad_haplotyper/rad_haplotyper.pl
	Number of threads:          20

Mon Oct 25 22:33:56 CDT 2021 Reading options from config file and setting defaults
	SETTINGS are being loaded from file: '/work/hobi/jselwyn/Coryphopterus_RAD/config_files/fltrVCF_chya_D.config'
	Filters are set to '05 16 01 02 03 04 14 86 07 15 06 86 11 09 08 10 04 13 86 07 041 32 181 05 86 16 05 86 16 05 86 16 05 86 16 01 21'
	CutoffCode is set to '.2.1'
	BAM_PATH is set to '/work/hobi/jselwyn/Coryphopterus_RAD/mkVCF_MiSeq_CHYA'
	SCRIPT_PATH is set to '/work/hobi/jselwyn/Coryphopterus_RAD/scripts/fltrVCF/scripts'
	VCF_FILE is set to '/work/hobi/jselwyn/Coryphopterus_RAD/mkVCF_MiSeq_CHYA/TotalRawSNPs.2.1.vcf'
	Bed file is set to '/work/hobi/jselwyn/Coryphopterus_RAD/mkVCF_MiSeq_CHYA/mapped.2.1.bed'
	Reference genome is set to '/work/hobi/jselwyn/Coryphopterus_RAD/mkREF_MiSeq_CHYA/reference.2.1.fasta'
	PopMap is set to '/work/hobi/jselwyn/Coryphopterus_RAD/mkVCF_MiSeq_CHYA/popmap.2.1'
	HWE_SCRIPT is set to '/work/hobi/jselwyn/Coryphopterus_RAD/scripts/fltrVCF/filter_hwe_by_pop_HPC.pl'
	RADHAP_SCRIPT is set to '/work/hobi/jselwyn/Coryphopterus_RAD/scripts/rad_haplotyper/rad_haplotyper.pl'
	Output file prefix is set to 'MiSeq_CHYA_chyaD'
	The number of threads is set to '1'
	-P not set by user. Only filters that natively support parallelization will be run in parallel.
	/work/hobi/jselwyn/Coryphopterus_RAD/mkVCF_MiSeq_CHYA/TotalRawSNPs.2.1.vcf will be used for serial processing.

Mon Oct 25 22:33:56 CDT 2021 Getting universal chromosome/contig prefix ...
          Querying /work/hobi/jselwyn/Coryphopterus_RAD/mkVCF_MiSeq_CHYA/TotalRawSNPs.2.1.vcf ...
          Prefix: dDocent
          It is assumed that all values in the CHROM column of vcf begin with dDocent
          If this is not the case, then fltrVCF will not work properly.
          The prefix is used to count SNPs/variants, contigs, etc and is used in some filters.

Mon Oct 25 22:33:56 CDT 2021  reading variables into MAIN

Mon Oct 25 22:33:56 CDT 2021 ---------------------------FILTER05: Remove sites called in <X proportion of individuals -----------------------------
slurmstepd: error: *** JOB 50664 ON hpcc11 CANCELLED AT 2021-10-25T22:37:30 ***
