

fltrVCF.bash v4.4 -- a script to filter vcf files repeatably

Dependencies required for fltrVCF to be fully functional:
	R
		tidyverse
		gridExtra
	vcftools
	vcflib
	samtools
	perl
	mawk
	parallel
	rad_haplotyper.pl https://github.com/cbirdlab/rad_haplotyper.git
	filter_hwe_by_pop_HPC

Tue Oct 5 13:39:34 CDT 2021 Reading options from command line:

	Settings File:            /work/hobi/jselwyn/Coryphopterus_RAD/config_files/fltrVCF_chya_B.config

	Cutoffs:                  10.1
	Path to BAM files:        /work/hobi/jselwyn/Coryphopterus_RAD/mkVCF_MiSeq
	PopMap File:              /work/hobi/jselwyn/Coryphopterus_RAD/mkVCF_MiSeq/mapped.10.1.bed
	VCF File:                 /work/hobi/jselwyn/Coryphopterus_RAD/fltrVCF_MiSeq/MiSeq_CHYA_Initial.10.1.Fltr02.2.recode.vcf
	REF File:                 /work/hobi/jselwyn/Coryphopterus_RAD/mkREF_MiSeq/reference.10.1.fasta
	PopMap File:              /work/hobi/jselwyn/Coryphopterus_RAD/mkVCF_MiSeq/popmap.10.1
	Output file prefix:       MiSeq_chyaB
	Path to R scripts and other scripts:        /work/hobi/jselwyn/Coryphopterus_RAD/scripts/fltrVCF/scripts
	HWE Script:               /work/hobi/jselwyn/Coryphopterus_RAD/scripts/fltrVCF/filter_hwe_by_pop_HPC.pl
	Rad_Haplotyper script:    /work/hobi/jselwyn/Coryphopterus_RAD/scripts/rad_haplotyper/rad_haplotyper.pl
	Number of threads:          20

Tue Oct 5 13:39:34 CDT 2021 Reading options from config file and setting defaults
	SETTINGS are being loaded from file: '/work/hobi/jselwyn/Coryphopterus_RAD/config_files/fltrVCF_chya_B.config'
	Filters are set to '01 02 03 04 14 07 05 15 06 11 09 08 10 04 13 07 041 32 05 16 05 16 05 16 05 16 01 21'
	CutoffCode is set to '.10.1'
	BAM_PATH is set to '/work/hobi/jselwyn/Coryphopterus_RAD/mkVCF_MiSeq'
	SCRIPT_PATH is set to '/work/hobi/jselwyn/Coryphopterus_RAD/scripts/fltrVCF/scripts'
	VCF_FILE is set to '/work/hobi/jselwyn/Coryphopterus_RAD/fltrVCF_MiSeq/MiSeq_CHYA_Initial.10.1.Fltr02.2.recode.vcf'
	Bed file is set to '/work/hobi/jselwyn/Coryphopterus_RAD/mkVCF_MiSeq/mapped.10.1.bed'
	Reference genome is set to '/work/hobi/jselwyn/Coryphopterus_RAD/mkREF_MiSeq/reference.10.1.fasta'
	PopMap is set to '/work/hobi/jselwyn/Coryphopterus_RAD/mkVCF_MiSeq/popmap.10.1'
	HWE_SCRIPT is set to '/work/hobi/jselwyn/Coryphopterus_RAD/scripts/fltrVCF/filter_hwe_by_pop_HPC.pl'
	RADHAP_SCRIPT is set to '/work/hobi/jselwyn/Coryphopterus_RAD/scripts/rad_haplotyper/rad_haplotyper.pl'
	Output file prefix is set to 'MiSeq_chyaB'
	The number of threads is set to '1'
	-P not set by user. Only filters that natively support parallelization will be run in parallel.
	/work/hobi/jselwyn/Coryphopterus_RAD/fltrVCF_MiSeq/MiSeq_CHYA_Initial.10.1.Fltr02.2.recode.vcf will be used for serial processing.

Tue Oct 5 13:39:34 CDT 2021 Getting universal chromosome/contig prefix ...
          Querying /work/hobi/jselwyn/Coryphopterus_RAD/fltrVCF_MiSeq/MiSeq_CHYA_Initial.10.1.Fltr02.2.recode.vcf ...
          Prefix: ##contig=<ID=dDocent
          It is assumed that all values in the CHROM column of vcf begin with ##contig=<ID=dDocent
          If this is not the case, then fltrVCF will not work properly.
          The prefix is used to count SNPs/variants, contigs, etc and is used in some filters.

Tue Oct 5 13:39:34 CDT 2021  reading variables into MAIN

Tue Oct 5 13:39:34 CDT 2021 ---------------------------FILTER01: Remove sites with Y < alleles < X -----------------------------
     vcftools --vcf /work/hobi/jselwyn/Coryphopterus_RAD/fltrVCF_MiSeq/MiSeq_CHYA_Initial.10.1.Fltr02.2.recode.vcf --min-alleles 2 --max-alleles 2 --recode --recode-INFO-all --out MiSeq_chyaB.10.1.Fltr01.1.recode.vcf 2> /dev/null
	Sites remaining:	0
	Contigs remaining:	0


Tue Oct 5 14:06:42 CDT 2021 ---------------------------FILTER02: Remove Sites with Indels -----------------------------
     vcftools --vcf MiSeq_chyaB.10.1.Fltr01.1.recode.vcf --remove-indels --recode --recode-INFO-all --out MiSeq_chyaB.10.1.Fltr02.2.recode.vcf 2> /dev/null
	Sites remaining:	0
	Contigs remaining:	0


Tue Oct 5 14:33:53 CDT 2021 ---------------------------FILTER03: Remove Sites with QUAL < minQ -----------------------------
         line 0: warning: Skipping data file with no valid points

gnuplot> plot 'QUALbefore' using (bin($1,binwidth)):(1.0) smooth freq with boxes
                                                                                ^
         line 0: all points y value undefined!

         line 0: warning: Skipping data file with no valid points

gnuplot> plot 'QUALbefore' pt "*"
                                 ^
         line 0: x range is invalid

     vcftools --vcf MiSeq_chyaB.10.1.Fltr02.2.recode.vcf --minQ 40 --recode --recode-INFO-all --out MiSeq_chyaB.10.1.Fltr03.3.recode.vcf 2> /dev/null
	Sites remaining:	0
	Contigs remaining:	0


Tue Oct 5 15:01:10 CDT 2021 ---------------------------FILTER04: Remove Sites With Mean Depth of Coverage < min-meanDP -----------------------------
                                                                                                                        
                                             Histogram of mean depth per site before FILTER04                           
                                                                                                                        
                 12000 +--------------------------------------------------------------------------------------------+   
                       |               +              +               +              +               +              |   
                       |  *                            'sitedepthmeanbefore' using (bin($1,binwidth)):(1.0) ******* |   
                       |  **                                                                                        |   
                 10000 |-***                                                                                      +-|   
                       | ***                                                                                        |   
                       | ****                                                                                       |   
                       | ****                                                                                       |   
                  8000 |-****                                                                                     +-|   
                       | *****                                                                                      |   
                       | *****                                                                                      |   
                  6000 |******                                                                                    +-|   
                       |******                                                                                      |   
                       |*******                                                                                     |   
                       |*******                                                                                     |   
                  4000 |*******                                                                                   +-|   
                       |********                                                                                    |   
                       |*********                                                                                   |   
                       |*********                                                                                   |   
                  2000 |**********                                                                                +-|   
                       |***********                                                                                 |   
                       |************                                                                                |   
                       |****************              +               +              +               +              |   
                     0 +--------------------------------------------------------------------------------------------+   
                       0              200            400             600            800             1000           1200 
                                                                Mean Depth                                              
                                                                                                                        
                                                                                                                        
                                        Scatter plot of mean depth per site before FILTER04.                            
                                                                                                                        
            1200 +--------------------------------------------------------------------------------------------------+   
                 |          +          +          +          +          +          +          +          +          |   
                 |                                                                    'sitedepthmeanbefore'    *    |   
                 |                                                                                                  |   
            1000 |-+                                                                                              +-|   
                 |                                                                                                  |   
                 |                                                                                                  |   
                 |                                                                                                  |   
             800 |-+                                                                                              +-|   
                 |                                                                                                  |   
                 |                                                                                                  |   
             600 |-+                                                                                              +-|   
                 |                                                                                                  |   
                 |                                                                                                  |   
                 |                                                                                                  |   
             400 |-+                                                                                              +-|   
                 |                                                                                                  |   
                 |                                                                                                  |   
                 |*                                                                                                 |   
             200 |**                                                                                              +-|   
                 | ******                                                                                           |   
                 |      ********************                                                                        |   
                 |          +          +   ****************************************************          +          |   
               0 +--------------------------------------------------------------------------------------------------+   
                 0        100000     200000     300000     400000     500000     600000     700000     800000     900000
                                                                Site                                                    
                                                                                                                        
                                                                                                                        
                                   Scatter plot of depth variance vs mean depth per site before FILTER04.               
                                                                                                                        
                   6e+06 +------------------------------------------------------------------------------------------+   
                         |              +              +           *   +              +              +              |   
                         |                                        *                   'meandepthVSvariance'    *    |   
                         |                                       *                                                  |   
                   5e+06 |-+                                    *                                                 +-|   
                         |                                                                                          |   
                         |                                                                                          |   
                         |                                                                                          |   
                   4e+06 |-+                                                                 **                   +-|   
                         |                                                                  **      ***             |   
                         |                                           *                                **            |   
                   3e+06 |-+                         *              **                        ****** *            +-|   
                         |                     *     *                                      *                       |   
                         |                    *    *                                                                |   
                         |                        **                          ***  ***   *              **          |   
                   2e+06 |-+                     *                          *** ****                              +-|   
                         |                                         *  *    **  **              ****                 |   
                         |                                               * **             *                         |   
                         |                            *** * *****       ****                                        |   
                   1e+06 |-+                  **** ************  ***  ***                                         +-|   
                         |            **  ****  ** **************** *                                               |   
                         |      **  * ******************************                                                |   
                         |     *****************************           +*             +              +              |   
                       0 +------------------------------------------------------------------------------------------+   
                         0             200            400             600            800            1000           1200 
                                                                 Mean Depth                                             
                                                                                                                        
     vcftools --vcf MiSeq_chyaB.10.1.Fltr03.3.recode.vcf --min-meanDP 10 --recode --recode-INFO-all --out MiSeq_chyaB.10.1.Fltr04.4.recode.vcf 2> /dev/null
	Sites remaining:	0
	Contigs remaining:	0


Tue Oct 5 15:24:55 CDT 2021 ---------------------------FILTER14: If individual's genotype has DP < X, convert to missing data -----------------------------
                                                                                                                        
                                                   Histogram of genotype depth before FILTER14                          
                                                                                                                        
                       2e+08 +--------------------------------------------------------------------------------------+   
                             |****            +                 +                +                 +                |   
                     1.8e+08 |-+ *                     'genotypedepthbefore' using (bin($1,binwidth)):(1.0) *******-|   
                             |   *                                                                                  |   
                             |   *                                                                                  |   
                     1.6e+08 |-+ *                                                                                +-|   
                             |   *                                                                                  |   
                     1.4e+08 |-+ *                                                                                +-|   
                             |   *                                                                                  |   
                     1.2e+08 |-+ *                                                                                +-|   
                             |   *                                                                                  |   
                       1e+08 |-+ *                                                                                +-|   
                             |   *                                                                                  |   
                             |   *                                                                                  |   
                       8e+07 |-+ *                                                                                +-|   
                             |   *                                                                                  |   
                       6e+07 |-+ *                                                                                +-|   
                             |   *                                                                                  |   
                       4e+07 |-+ *                                                                                +-|   
                             |   *                                                                                  |   
                             |   ******                                                                             |   
                       2e+07 |-+ *    *****                                                                       +-|   
                             |   *    *   ****************************************                 +                |   
                           0 +--------------------------------------------------------------------------------------+   
                             0                20                40               60                80              100  
                                                                      Depth                                             
                                                                                                                        
                                                                                                                        
                                     Scatter plot of mean depth per site before FILTER14.                               
                                                                                                                        
       100 +--------------------------------------------------------------------------------------------------------+   
           |            + **         +            +            +             +            +            +            |   
           |               *                                                          'genotypedepthbefore'    *    |   
           |               **                                                                                       |   
           |                *                                                                                       |   
        80 |-+              **                                                                                    +-|   
           |                 **                                                                                     |   
           |                  **                                                                                    |   
           |                   **                                                                                   |   
        60 |-+                  **                                                                                +-|   
           |                     *                                                                                  |   
           |                     ***                                                                                |   
           |                       **                                                                               |   
           |                        **                                                                              |   
        40 |-+                       ***                                                                          +-|   
           |                           **                                                                           |   
           |                            ***                                                                         |   
           |                              ***                                                                       |   
        20 |-+                              ***                                                                   +-|   
           |                                  ****                                                                  |   
           |                                     *****                                                              |   
           |                                         *****                                                          |   
           |            +            +            +      *********           +            +            +            |   
         0 +--------------------------------------------------------------------------------------------------------+   
           0          5e+07        1e+08       1.5e+08       2e+08        2.5e+08       3e+08       3.5e+08       4e+08 
                                                           Genotype                                                     
                                                                                                                        
     vcftools --vcf MiSeq_chyaB.10.1.Fltr04.4.recode.vcf --minDP 5 --recode --recode-INFO-all --out MiSeq_chyaB.10.1.Fltr14.5.recode.vcf 2> /dev/null | vcffixup -
	Sites remaining:	0
	Contigs remaining:	0


Tue Oct 5 18:32:28 CDT 2021 ---------------------------FILTER07: Remove sites with Alternate Allele Count <=X -----------------------------
     vcffixup MiSeq_chyaB.10.1.Fltr14.5.recode.vcf | vcffilter -s -f "AC > 3 & AN - AC > 3"  > MiSeq_chyaB.10.1.Fltr07.6.vcf
	Sites remaining:	0
	Contigs remaining:	0

Tue Oct 5 20:14:58 CDT 2021 ---------------------------FILTER05: Remove sites called in <X proportion of individuals -----------------------------
                                                                                                                        
                                         Histogram of the proportion of genotypes that are missing                      
                                                                                                                        
                 30000 +--------------------------------------------------------------------------------------------+   
                       |                  +                 +                  +                 +                  |   
                       |                                   'sitemissingness' using (bin($1,binwidth)):(1.0) ******* |   
                       |                                                                                            |   
                 25000 |-+                         **********    ******                                           +-|   
                       |                           *    *   ******    **************                                |   
                       |                           *    *   *    *    *   *    *   ******                           |   
                       |                      ******    *   *    *    *   *    *   *    **********                  |   
                 20000 |-+                    *    *    *   *    *    *   *    *   *    *    *   *                +-|   
                       |                      *    *    *   *    *    *   *    *   *    *    *   *                  |   
                       |                      *    *    *   *    *    *   *    *   *    *    *   *                  |   
                 15000 |-+                    *    *    *   *    *    *   *    *   *    *    *   ******           +-|   
                       |                  *****    *    *   *    *    *   *    *   *    *    *   *    *             |   
                       |                  *   *    *    *   *    *    *   *    *   *    *    *   *    *             |   
                       |                  *   *    *    *   *    *    *   *    *   *    *    *   *    *             |   
                 10000 |-+                *   *    *    *   *    *    *   *    *   *    *    *   *    *           +-|   
                       |                  *   *    *    *   *    *    *   *    *   *    *    *   *    *             |   
                       |                  *   *    *    *   *    *    *   *    *   *    *    *   *    ******        |   
                       |                  *   *    *    *   *    *    *   *    *   *    *    *   *    *    *        |   
                  5000 |-+           ******   *    *    *   *    *    *   *    *   *    *    *   *    *    *      +-|   
                       |             *    *   *    *    *   *    *    *   *    *   *    *    *   *    *    *        |   
                       |             *    *   *    *    *   *    *    *   *    *   *    *    *   *    *    *        |   
                       |        ******    *   *    *    *   *    *    *   *    *   *    *    *   *    *    *****    |   
                     0 +--------------------------------------------------------------------------------------------+   
                       0                 0.2               0.4                0.6               0.8                 1   
                                                            Proportion Missing                                          
                                                                                                                        
                                                                                                                        
                                             Scatter plot of the proportion of genotypes that are missing.              
                                                                                                                        
                                1 +---------------------------------------------------------------------------------+   
                                  |           +          +           +           +           +          +           |   
                              0.9 |-+                                                     'sitemissingness'    *  +-|   
                                  |**                                                                               |   
                                  | ****                                                                            |   
                              0.8 |-+  ******                                                                     +-|   
                                  |         *****                                                                   |   
                              0.7 |-+           *****                                                             +-|   
                                  |                 ******                                                          |   
                              0.6 |-+                    ******                                                   +-|   
                                  |                           *****                                                 |   
                              0.5 |-+                             ******                                          +-|   
                                  |                                    ******                                       |   
                                  |                                         ******                                  |   
                              0.4 |-+                                            ******                           +-|   
                                  |                                                   *******                       |   
                              0.3 |-+                                                       *****                 +-|   
                                  |                                                             *****               |   
                              0.2 |-+                                                               ****          +-|   
                                  |                                                                    **           |   
                                  |                                                                     *           |   
                              0.1 |-+                                                                   *         +-|   
                                  |           +          +           +           +           +          *           |   
                                0 +---------------------------------------------------------------------------------+   
                                  0         50000      100000      150000      200000      250000     300000      350000
                                                                         Site                                           
                                                                                                                        
     vcftools --vcf MiSeq_chyaB.10.1.Fltr07.6.vcf --max-missing 0.7 --recode --recode-INFO-all --out MiSeq_chyaB.10.1.Fltr05.7.recode.vcf 2> /dev/null
	Sites remaining:	0
	Contigs remaining:	0


Tue Oct 5 20:17:54 CDT 2021 ---------------------------FILTER15: Remove sites with maf > minor allele frequency > max-maf -----------------------------
     vcftools --vcf MiSeq_chyaB.10.1.Fltr05.7.recode.vcf --maf 0.005 --max-maf 0.995 --recode --recode-INFO-all --out MiSeq_chyaB.10.1.Fltr15.8.recode.vcf 2> /dev/null
	Sites remaining:	0
	Contigs remaining:	0


Tue Oct 5 20:19:18 CDT 2021 ---------------------------FILTER06: Remove sites with Average Allele Balance deviating too far from 0.5 while keeping those with AB=0  -----------------------------
                                                                                                                        
                                                        Histogram of Allele Balance                                     
                                                                                                                        
                 3000 +---------------------------------------------------------------------------------------------+   
                      |                  +                  +                 +                  +                  |   
                      |                                         's***AB.dat' using (bin($1,binwidth)):(1.0) ******* |   
                      |                                           ****                                              |   
                 2500 |-+                                        ******                                           +-|   
                      |                                          ******                                             |   
                      |                                          ******                                             |   
                      |                                         ********                                            |   
                 2000 |-+                                       ********                                          +-|   
                      |                                        *********                                            |   
                      |                                        *********                                            |   
                 1500 |-+                                      **********                                         +-|   
                      |                                       ***********                                           |   
                      |                                       ***********                                           |   
                      |                                      *************                                          |   
                 1000 |-+                                    *************                                        +-|   
                      |                                      **************                                         |   
                      |                                     ***************                                         |   
                      |                                    *****************                                        |   
                  500 |-+                                  ******************                                     +-|   
                      |                                 **********************                                      |   
                      |                             ***************************                                     |   
                      |           **************************************************             +                  |   
                    0 +---------------------------------------------------------------------------------------------+   
                      0                 0.2                0.4               0.6                0.8                 1   
                         Allele Balance ~ proportion of alleles in heterozygotes that are reference allelic state       
                                                                                                                        
                                                                                                                        
                                                     Scatter plot of Allele Balance.                                    
                                                                                                                        
                  1 +-----------------------------------------------------------------------------------------------+   
                    |           +           +           +           +           +           +           +           |   
                0.9 |-+                                                                        'siteAB.dat'    *  +-|   
                    |                                                                                               |   
                    |                                                                                               |   
                0.8 |-+                                                                                           +-|   
                    |                                                                                               |   
                0.7 |*+                                                                                           +-|   
                    |*                                                                                              |   
                0.6 |***                                                                                          +-|   
                    |  *******                                                                                      |   
                0.5 |-+      *******************                                                                  +-|   
                    |                          ****************************                                         |   
                    |                                                     *****************                         |   
                0.4 |-+                                                                   *******                 +-|   
                    |                                                                           ****                |   
                0.3 |-+                                                                            **             +-|   
                    |                                                                               ***             |   
                0.2 |-+                                                                               **          +-|   
                    |                                                                                  ***          |   
                    |                                                                                    *          |   
                0.1 |-+                                                                                  *        +-|   
                    |           +           +           +           +           +           +           +           |   
                  0 +-----------------------------------------------------------------------------------------------+   
                    0          5000       10000       15000       20000       25000       30000       35000       40000 
                                                                  Site                                                  
                                                                                                                        
     vcffixup MiSeq_chyaB.10.1.Fltr15.8.recode.vcf | vcffilter -s -f "AB > 0.2 & AB < 0.8 | AB = 0"  > MiSeq_chyaB.10.1.Fltr06.9.vcf
	Sites remaining:	0
	Contigs remaining:	0

Tue Oct 5 20:26:46 CDT 2021 ---------------------------FILTER11: Remove sites with Quality/DP ratio < X -----------------------------
     vcffilter -s -f "QUAL / DP > 0.2" MiSeq_chyaB.10.1.Fltr06.9.vcf > MiSeq_chyaB.10.1.Fltr11.10.vcf
	Sites remaining:	0
	Contigs remaining:	0

Tue Oct 5 20:27:33 CDT 2021 ---------------------------FILTER09: Remove sites with low/high ratio of mean mapping quality of alt to ref -----------------------------
     vcffilter -s -f "MQM / MQMR > 0.75 & MQM / MQMR < 1.33333" MiSeq_chyaB.10.1.Fltr11.10.vcf > MiSeq_chyaB.10.1.Fltr09.11.vcf
	Sites remaining:	0
	Contigs remaining:	0

Tue Oct 5 20:28:07 CDT 2021 ---------------------------FILTER08: Remove sites covered by both F and R reads-----------------------------
     vcffilter -s -f "SAF / SAR > 10 & SRF / SRR > 10 | SAR / SAF > 10 & SRR / SRF > 10" MiSeq_chyaB.10.1.Fltr09.11.vcf > MiSeq_chyaB.10.1.Fltr08.12.vcf
	Sites remaining:	0
	Contigs remaining:	0

Tue Oct 5 20:28:39 CDT 2021 ---------------------------FILTER10: Remove sites with one allele only supported by reads not properly paired -----------------------------
     vcffilter -s -f "PAIRED > 0.05 & PAIREDR > 0.05 & PAIREDR / PAIRED < 1.75 & PAIREDR / PAIRED > 0.25 | PAIRED < 0.05 & PAIREDR < 0.05" MiSeq_chyaB.10.1.Fltr08.12.vcf > MiSeq_chyaB.10.1.Fltr10.13.vcf
	Sites remaining:	0
	Contigs remaining:	0

Tue Oct 5 20:29:11 CDT 2021 ---------------------------FILTER04: Remove Sites With Mean Depth of Coverage < min-meanDP -----------------------------
                                                                                                                        
                                            Histogram of mean depth per site before FILTER04                            
                                                                                                                        
                 300 +----------------------------------------------------------------------------------------------+   
                     |               +               +               +              +               +               |   
                     |      *                          'sitedepthmeanbefore' using (bin($1,binwidth)):(1.0) ******* |   
                     |      *                                                                                       |   
                 250 |-+   **                                                                                     +-|   
                     |     ***                                                                                      |   
                     |     ***                                                                                      |   
                     |     ***                                                                                      |   
                 200 |-+   ****                                                                                   +-|   
                     |     ****                                                                                     |   
                     |    *****                                                                                     |   
                 150 |-+  *******                                                                                 +-|   
                     |    *******                                                                                   |   
                     |    *******                                                                                   |   
                     |    *******                                                                                   |   
                 100 |-+  ********                                                                                +-|   
                     |    ********                                                                                  |   
                     |    **********                                                                                |   
                     |   ***********                                                                                |   
                  50 |-+ ************                                                                             +-|   
                     |  **************                                                                              |   
                     |  ******************                                                                          |   
                     |  *********************** *    +               +              +               +               |   
                   0 +----------------------------------------------------------------------------------------------+   
                     0              200             400             600            800             1000            1200 
                                                               Mean Depth                                               
                                                                                                                        
                                                                                                                        
                                        Scatter plot of mean depth per site before FILTER04.                            
                                                                                                                        
            1200 +--------------------------------------------------------------------------------------------------+   
                 |         +         +         +         +         +        +         +         +         +         |   
                 |                                                                    'sitedepthmeanbefore'    *    |   
                 |                                                                                                  |   
            1000 |-+                                                                                              +-|   
                 |                                                                                                  |   
                 |                                                                                                  |   
                 |                                                                                                  |   
             800 |-+                                                                                              +-|   
                 |                                                                                                  |   
                 |                                                                                                  |   
             600 |-+                                                                                              +-|   
                 |                                                                                                  |   
                 |                                                                                                  |   
                 |                                                                                                  |   
             400 |*+                                                                                              +-|   
                 |*                                                                                                 |   
                 |**                                                                                                |   
                 | ****                                                                                             |   
             200 |-+  *******                                                                                     +-|   
                 |          ********************                                                                    |   
                 |                             ***********************************************                      |   
                 |         +         +         +         +         +        +         +      *******************    |   
               0 +--------------------------------------------------------------------------------------------------+   
                 0        2000      4000      6000      8000     10000    12000     14000     16000     18000     20000 
                                                                Site                                                    
                                                                                                                        
                                                                                                                        
                                   Scatter plot of depth variance vs mean depth per site before FILTER04.               
                                                                                                                        
                   6e+06 +------------------------------------------------------------------------------------------+   
                         |              +              +           *   +              +              +              |   
                         |                                        *                   'meandepthVSvariance'    *    |   
                         |                                       *                                                  |   
                   5e+06 |-+                                                                                      +-|   
                         |                                                                                          |   
                         |                                                                                          |   
                         |                                                                                          |   
                   4e+06 |-+                                                                 *                    +-|   
                         |                                                                          *               |   
                         |                                           *                                 *            |   
                   3e+06 |-+                                        *                          **                 +-|   
                         |                                                                                          |   
                         |                                                                                          |   
                         |                                                    **    *                    *          |   
                   2e+06 |-+                                                 ** *                                 +-|   
                         |                                                                     ***                  |   
                         |                                                                                          |   
                         |                              * *  ** *         *                                         |   
                   1e+06 |-+                     *  **  *  **    * *                                              +-|   
                         |             *   *    *  * **** *  *  **                                                  |   
                         |          * ** * *** **************  **  *                                                |   
                         |       * * ******************** **           +*             +              +              |   
                       0 +------------------------------------------------------------------------------------------+   
                         0             200            400             600            800            1000           1200 
                                                                 Mean Depth                                             
                                                                                                                        
     vcftools --vcf MiSeq_chyaB.10.1.Fltr10.13.vcf --min-meanDP 10 --recode --recode-INFO-all --out MiSeq_chyaB.10.1.Fltr04.14.recode.vcf 2> /dev/null
	Sites remaining:	0
	Contigs remaining:	0


Tue Oct 5 20:30:00 CDT 2021 ---------------------------FILTER13: Remove sites with mean DP greater than X  -----------------------------
                                                                                                                        
                                                Histogram of mean depth per site before filter                          
                                                                                                                        
                       350 +----------------------------------------------------------------------------------------+   
                           |        +        +        +        +        +       +        +        +        +        |   
                           |                        'meandepthpersitebefore' using (bin($1,binwidth)):(1.0) ******* |   
                       300 |-+   *                                                                                +-|   
                           |     **                                                                                 |   
                           |    ***                                                                                 |   
                           |    ***                                                                                 |   
                       250 |-+  ****                                                                              +-|   
                           |    ****                                                                                |   
                           |    ****                                                                                |   
                       200 |-+  ****                                                                              +-|   
                           |    *****                                                                               |   
                           |    ******                                                                              |   
                       150 |-+  *******                                                                           +-|   
                           |    *******                                                                             |   
                           |    *******                                                                             |   
                       100 |-+  *******                                                                           +-|   
                           |   *********                                                                            |   
                           |   **********                                                                           |   
                           |   ***********                                                                          |   
                        50 |-+ *************                                                                      +-|   
                           |  ****************  *                                                                   |   
                           | ***********************  *        +        +       +        +        +        +        |   
                         0 +----------------------------------------------------------------------------------------+   
                           0       100      200      300      400      500     600      700      800      900      1000 
                                                                  Mean Depth                                            
                                                                                                                        
     vcftools --vcf MiSeq_chyaB.10.1.Fltr04.14.recode.vcf --max-meanDP 150 --recode --recode-INFO-all --out MiSeq_chyaB.10.1.Fltr13.15.recode.vcf 2> /dev/null
	Sites remaining:	0
	Contigs remaining:	0


Tue Oct 5 20:30:42 CDT 2021 ---------------------------FILTER07: Remove sites with Alternate Allele Count <=X -----------------------------
     vcffixup MiSeq_chyaB.10.1.Fltr13.15.recode.vcf | vcffilter -s -f "AC > 3 & AN - AC > 3"  > MiSeq_chyaB.10.1.Fltr07.16.vcf
	Sites remaining:	0
	Contigs remaining:	0

Tue Oct 5 20:33:46 CDT 2021 ---------------------------FILTER041: Remove Contigs With Extreme DP -----------------------------
slurmstepd: error: *** JOB 49268 ON hpcc30 CANCELLED AT 2021-10-05T20:33:49 ***
