

fltrVCF.bash v4.4 -- a script to filter vcf files repeatably

Dependencies required for fltrVCF to be fully functional:
	R
		tidyverse
		gridExtra
	vcftools
	vcflib
	samtools
	perl
	mawk
	parallel
	rad_haplotyper.pl https://github.com/cbirdlab/rad_haplotyper.git
	filter_hwe_by_pop_HPC

Tue Oct 26 09:11:40 CDT 2021 Reading options from command line:

	Settings File:            /work/hobi/jselwyn/Coryphopterus_RAD/config_files/fltrVCF_chya_E.config

	Cutoffs:                  2.1
	Path to BAM files:        /work/hobi/jselwyn/Coryphopterus_RAD/mkVCF_MiSeq_CHYA
	PopMap File:              /work/hobi/jselwyn/Coryphopterus_RAD/mkVCF_MiSeq_CHYA/mapped.2.1.bed
	VCF File:                 /work/hobi/jselwyn/Coryphopterus_RAD/mkVCF_MiSeq_CHYA/TotalRawSNPs.2.1.vcf
	REF File:                 /work/hobi/jselwyn/Coryphopterus_RAD/mkREF_MiSeq_CHYA/reference.2.1.fasta
	PopMap File:              /work/hobi/jselwyn/Coryphopterus_RAD/mkVCF_MiSeq_CHYA/popmap.2.1
	Output file prefix:       MiSeq_CHYA_chyaE
	Path to R scripts and other scripts:        /work/hobi/jselwyn/Coryphopterus_RAD/scripts/fltrVCF/scripts
	HWE Script:               /work/hobi/jselwyn/Coryphopterus_RAD/scripts/fltrVCF/filter_hwe_by_pop_HPC.pl
	Rad_Haplotyper script:    /work/hobi/jselwyn/Coryphopterus_RAD/scripts/rad_haplotyper/rad_haplotyper.pl
	Number of threads:          20

Tue Oct 26 09:11:40 CDT 2021 Reading options from config file and setting defaults
	SETTINGS are being loaded from file: '/work/hobi/jselwyn/Coryphopterus_RAD/config_files/fltrVCF_chya_E.config'
	Filters are set to '05 16 01 02 03 04 14 05 07 15 06 86 11 09 08 10 04 13 86 07 041 32 181 16 05 86 16 05 86 16 05 86 16 05 86 01 21'
	CutoffCode is set to '.2.1'
	BAM_PATH is set to '/work/hobi/jselwyn/Coryphopterus_RAD/mkVCF_MiSeq_CHYA'
	SCRIPT_PATH is set to '/work/hobi/jselwyn/Coryphopterus_RAD/scripts/fltrVCF/scripts'
	VCF_FILE is set to '/work/hobi/jselwyn/Coryphopterus_RAD/mkVCF_MiSeq_CHYA/TotalRawSNPs.2.1.vcf'
	Bed file is set to '/work/hobi/jselwyn/Coryphopterus_RAD/mkVCF_MiSeq_CHYA/mapped.2.1.bed'
	Reference genome is set to '/work/hobi/jselwyn/Coryphopterus_RAD/mkREF_MiSeq_CHYA/reference.2.1.fasta'
	PopMap is set to '/work/hobi/jselwyn/Coryphopterus_RAD/mkVCF_MiSeq_CHYA/popmap.2.1'
	HWE_SCRIPT is set to '/work/hobi/jselwyn/Coryphopterus_RAD/scripts/fltrVCF/filter_hwe_by_pop_HPC.pl'
	RADHAP_SCRIPT is set to '/work/hobi/jselwyn/Coryphopterus_RAD/scripts/rad_haplotyper/rad_haplotyper.pl'
	Output file prefix is set to 'MiSeq_CHYA_chyaE'
	The number of threads is set to '1'
	-P not set by user. Only filters that natively support parallelization will be run in parallel.
	/work/hobi/jselwyn/Coryphopterus_RAD/mkVCF_MiSeq_CHYA/TotalRawSNPs.2.1.vcf will be used for serial processing.

Tue Oct 26 09:11:40 CDT 2021 Getting universal chromosome/contig prefix ...
          Querying /work/hobi/jselwyn/Coryphopterus_RAD/mkVCF_MiSeq_CHYA/TotalRawSNPs.2.1.vcf ...
          Prefix: dDocent
          It is assumed that all values in the CHROM column of vcf begin with dDocent
          If this is not the case, then fltrVCF will not work properly.
          The prefix is used to count SNPs/variants, contigs, etc and is used in some filters.

Tue Oct 26 09:11:41 CDT 2021  reading variables into MAIN

Tue Oct 26 09:11:41 CDT 2021 ---------------------------FILTER05: Remove sites called in <X proportion of individuals -----------------------------
                                                                                                                        
                                          Histogram of the proportion of genotypes that are missing                     
                                                                                                                        
                 120000 +-------------------------------------------------------------------------------------------+   
                        |                 +                  +                 +                  +                 |   
                        |             **********           'sitemissingness' using (bin($1,binwidth)):(1.0) ******* |   
                        |             *   *    *                                                                    |   
                 100000 |-+           *   *    ******                                                             +-|   
                        |             *   *    *    *                                                               |   
                        |             *   *    *    **************                                *****             |   
                        |        ******   *    *    *   *    *   ***************                  *   ******        |   
                  80000 |-+      *    *   *    *    *   *    *   *    *    *   ********************   *    *      +-|   
                        |        *    *   *    *    *   *    *   *    *    *   *    *   *    *    *   *    *****    |   
                        |        *    *   *    *    *   *    *   *    *    *   *    *   *    *    *   *    *   *    |   
                  60000 |-+      *    *   *    *    *   *    *   *    *    *   *    *   *    *    *   *    *   *  +-|   
                        |        *    *   *    *    *   *    *   *    *    *   *    *   *    *    *   *    *   *    |   
                        |        *    *   *    *    *   *    *   *    *    *   *    *   *    *    *   *    *   *    |   
                        |        *    *   *    *    *   *    *   *    *    *   *    *   *    *    *   *    *   *    |   
                  40000 |-+      *    *   *    *    *   *    *   *    *    *   *    *   *    *    *   *    *   *  +-|   
                        |        *    *   *    *    *   *    *   *    *    *   *    *   *    *    *   *    *   **** |   
                        |        *    *   *    *    *   *    *   *    *    *   *    *   *    *    *   *    *   *  * |   
                        |    *****    *   *    *    *   *    *   *    *    *   *    *   *    *    *   *    *   *  * |   
                  20000 |-+  *   *    *   *    *    *   *    *   *    *    *   *    *   *    *    *   *    *   *  *-|   
                        |    *   *    *   *    *    *   *    *   *    *    *   *    *   *    *    *   *    *   *  * |   
                        |    *   *    *   *    *    *   *    *   *    *    *   *    *   *    *    *   *    *   *  * |   
                        |    *   *    *   *    *    *   *    *   *    *    *   *    *   *    *    *   *    *   *  * |   
                      0 +-------------------------------------------------------------------------------------------+   
                        0                0.2                0.4               0.6                0.8                1   
                                                             Proportion Missing                                         
                                                                                                                        
                                                                                                                        
                                             Scatter plot of the proportion of genotypes that are missing.              
                                                                                                                        
                                1 +---------------------------------------------------------------------------------+   
                                  |***      +          +         +         +         +          +         +         |   
                              0.9 |-+****                                                 'sitemissingness'    *  +-|   
                                  |     *****                                                                       |   
                                  |         *****                                                                   |   
                              0.8 |-+           ****                                                              +-|   
                                  |                *****                                                            |   
                              0.7 |-+                  ****                                                       +-|   
                                  |                       *****                                                     |   
                              0.6 |-+                         *****                                               +-|   
                                  |                               ****                                              |   
                              0.5 |-+                                *****                                        +-|   
                                  |                                      *****                                      |   
                                  |                                          ****                                   |   
                              0.4 |-+                                           *****                             +-|   
                                  |                                                 ******                          |   
                              0.3 |-+                                                    *****                    +-|   
                                  |                                                          *****                  |   
                              0.2 |-+                                                            ******           +-|   
                                  |                                                                   ******        |   
                                  |                                                                        *****    |   
                              0.1 |-+                                                                          ** +-|   
                                  |         +          +         +         +         +          +         +     **  |   
                                0 +---------------------------------------------------------------------------------+   
                                  0       200000     400000    600000    800000    1e+06     1.2e+06   1.4e+06   1.6e+06
                                                                         Site                                           
                                                                                                                        
     vcftools --vcf /work/hobi/jselwyn/Coryphopterus_RAD/mkVCF_MiSeq_CHYA/TotalRawSNPs.2.1.vcf --max-missing 0.5 --recode --recode-INFO-all --out MiSeq_CHYA_chyaE.2.1.Fltr05.1.recode.vcf 2> /dev/null
	Sites remaining:	778377
	Contigs remaining:	19862


Tue Oct 26 09:51:04 CDT 2021 ---------------------------FILTER16: Remove Individuals|Libraries with Too Much Missing Data-----------------------------
                                                                                                                        
                      Histogram of % missing data per individual|library before filter. Bars to the left are desireable.
                                                                                                                        
                                 40 +-------------------------------------------------------------------------------+   
                                    |        **     +               +               +               +               |   
                                    |        **               'totalmissing' using (bin($1,binwidth)):(1.0) ******* |   
                                 35 |-+      **                                                                   +-|   
                                    |        **                                                                     |   
                                    |        **                                                                     |   
                                 30 |-+      **                                                                   +-|   
                                    |       ***   **                                                                |   
                                    |       ***   **                                                                |   
                                 25 |-+     *** ****                                                              +-|   
                                    |       ***********                                                             |   
                                 20 |-+     ***********                                                           +-|   
                                    |       ***********  **                                                         |   
                                    |       ************ **                                                         |   
                                 15 |-+    ************* **                                                       +-|   
                                    |      ************* **                                                         |   
                                    |      ****************                                                         |   
                                 10 |-+    ****************   **                                                  +-|   
                                    |     ******************* **                                                    |   
                                    |     ******************* **         **          **                             |   
                                  5 |-+  **********************************          ***                          +-|   
                                    |    ***********************************  **********  ******* *   *   ** ***    |   
                                    |   ***************************************************** ******************    |   
                                  0 +-------------------------------------------------------------------------------+   
                                    0              0.2             0.4             0.6             0.8              1   
                                                                   % missing genotypes                                  
                                                                                                                        
                                                                                                                        
                                          Scatter plot of % missing data per individual|library.                        
                                                                                                                        
                     1 +--------------------------------------------------------------------------------------------+   
                       |              +              +              +             +              +              +   |   
                       |*                                                                       'imiss.dat'    *    |   
                       |***                                                                                         |   
                       |  **                                                                                        |   
                   0.8 |-+ **                                                                                     +-|   
                       |    *                                                                                       |   
                       |     **                                                                                     |   
                       |      ***                                                                                   |   
                   0.6 |-+      ***                                                                               +-|   
                       |          ***                                                                               |   
                       |            ***                                                                             |   
                       |              ****                                                                          |   
                       |                 ****                                                                       |   
                   0.4 |-+                  ***                                                                   +-|   
                       |                      *****                                                                 |   
                       |                          *****                                                             |   
                       |                              ********                                                      |   
                   0.2 |-+                                   *************                                        +-|   
                       |                                                 *****************                          |   
                       |                                                                 *******************        |   
                       |                                                                                   *********|   
                       |              +              +              +             +              +              +  *|   
                     0 +--------------------------------------------------------------------------------------------+   
                       0             100            200            300           400            500            600      
                                                                Individual                                              
                                                                                                                        
 17 individuals|libraries with too much missing data:
INDV
COPE_0472.fp2.repr
COPE_0628.fp2.repr
COPE_0641.fp2.repr
COPE_0698.fp2.repr
COPE_0811.fp2.repr
COPE_0839.fp2.repr
COPE_0858.fp2.repr
COPE_0946.fp2.repr
COPE_1066.fp2.repr
COPE_1113.fp2.repr
COPE_1151.fp2.repr
COPE_1162.fp2.repr
COPE_1182.fp2.repr
COPE_1204.fp2.repr
COPE_1213.fp2.repr
COPE_1214.fp2.repr
COPE_1228.fp2.repr
     vcftools --vcf MiSeq_CHYA_chyaE.2.1.Fltr05.1.recode.vcf --remove MiSeq_CHYA_chyaE.2.1.Fltr16.2.lowDP-2.indv --recode --recode-INFO-all --out MiSeq_CHYA_chyaE.2.1.Fltr16.2.recode.vcf 2> /dev/null | vcffixup -
parallel: Warning: A record was longer than 10485760. Increasing to --blocksize 13631489.
parallel: Warning: A record was longer than 13631489. Increasing to --blocksize 17720937.
parallel: Warning: A record was longer than 17720937. Increasing to --blocksize 23037220.
parallel: Warning: A record was longer than 23037220. Increasing to --blocksize 29948387.
	Sites remaining:	778377
	Contigs remaining:	19862


 Individuals|Libraries Remaining Per Sample
    608 COPE

Tue Oct 26 12:02:27 CDT 2021 ---------------------------FILTER01: Remove sites with Y < alleles < X -----------------------------
     vcftools --vcf MiSeq_CHYA_chyaE.2.1.Fltr16.2.recode.vcf --min-alleles 2 --max-alleles 2 --recode --recode-INFO-all --out MiSeq_CHYA_chyaE.2.1.Fltr01.3.recode.vcf 2> /dev/null
	Sites remaining:	648108
	Contigs remaining:	19840


Tue Oct 26 12:26:53 CDT 2021 ---------------------------FILTER02: Remove Sites with Indels -----------------------------
     vcftools --vcf MiSeq_CHYA_chyaE.2.1.Fltr01.3.recode.vcf --remove-indels --recode --recode-INFO-all --out MiSeq_CHYA_chyaE.2.1.Fltr02.4.recode.vcf 2> /dev/null
	Sites remaining:	623240
	Contigs remaining:	19817


Tue Oct 26 12:49:02 CDT 2021 ---------------------------FILTER03: Remove Sites with QUAL < minQ -----------------------------
                                                                                                                        
                                                     Histogram of QUAL before FILTER03                                  
                                                                                                                        
                 2500 +---------------------------------------------------------------------------------------------+   
                      |                  +                  +                 +                  +                  |   
                      |                                         'QUALbefore' using (bin($1******dth***(1.0) ******* |   
                      |                                                                 *** ** ***** *****          |   
                      |                                                               *** * ** * * * * * ***********|   
                 2000 |-+                                                             * * * ** * * * * * * ** * * *-|   
                      |                                                             *** * * ** * * * * * * ** * * * |   
                      |                                                           *** * * * ** * * * * * * ** * * * |   
                      |                                                           * * * * * ** * * * * * * ** * * * |   
                 1500 |-+                                                       *** * * * * ** * * * * * * ** * * *-|   
                      |                                                         * * * * * * ** * * * * * * ** * * * |   
                      |                                                       *** * * * * * ** * * * * * * ** * * * |   
                      |                                                       * * * * * * * ** * * * * * * ** * * * |   
                      |                                                      ** * * * * * * ** * * * * * * ** * * * |   
                 1000 |-+                                                  **** * * * * * * ** * * * * * * ** * * *-|   
                      |                                                  *** ** * * * * * * ** * * * * * * ** * * * |   
                      |                                                  * * ** * * * * * * ** * * * * * * ** * * * |   
                      |                                                *** * ** * * * * * * ** * * * * * * ** * * * |   
                  500 |-+                                            *** * * ** * * * * * * ** * * * * * * ** * * *-|   
                      |                                            *** * * * ** * * * * * * ** * * * * * * ** * * * |   
                      |                                          *** * * * * ** * * * * * * ** * * * * * * ** * * * |   
                      |**                                    ***** * * * * * ** * * * * * * ** * * * * * * ** * * * |   
                      | *                +        ************ * * * * * * * ** * * * * * * ** * * * * * * ** * * * |   
                    0 +---------------------------------------------------------------------------------------------+   
                      0                 100                200               300                400                500  
                                          QUAL ~ Phred-Scaled Probality of Zero Alternate Alleles                       
                                                                                                                        
                                                                                                                        
                                                                         Scatter plot of QUAL per site.                 
                                                                                                                        
                                                         500 +------------------------------------------------------+   
                                                             |       +       +       +      +       +     **+       |   
                                                             |                                 'QUALbefore'*   *    |   
                                                             |                                             **       |   
                                                             |                                              *       |   
                                                         400 |-+                                            *     +-|   
                                                             |                                              **      |   
                                                             |                                               *      |   
                                                             |                                               *      |   
                                                         300 |-+                                             **   +-|   
                                                             |                                                *     |   
                                                             |                                                *     |   
                                                             |                                                *     |   
                                                             |                                                *     |   
                                                         200 |-+                                              *   +-|   
                                                             |                                                *     |   
                                                             |                                                *     |   
                                                             |                                                *     |   
                                                         100 |-+                                              *   +-|   
                                                             |                                                *     |   
                                                             |                                                *     |   
                                                             |                                                *     |   
                                                             |       +       +       +      +       +       + *     |   
                                                           0 +------------------------------------------------------+   
                                                             0     100000  200000  300000 400000  500000  600000  700000
                                                                                      Site                              
                                                                                                                        
     vcftools --vcf MiSeq_CHYA_chyaE.2.1.Fltr02.4.recode.vcf --minQ 200 --recode --recode-INFO-all --out MiSeq_CHYA_chyaE.2.1.Fltr03.5.recode.vcf 2> /dev/null
	Sites remaining:	622412
	Contigs remaining:	19816


Tue Oct 26 13:11:49 CDT 2021 ---------------------------FILTER04: Remove Sites With Mean Depth of Coverage < min-meanDP -----------------------------
                                                                                                                        
                                             Histogram of mean depth per site before FILTER04                           
                                                                                                                        
                 10000 +--------------------------------------------------------------------------------------------+   
                       |               +              +               +              +               +              |   
                  9000 |-+  *                          'sitedepthmeanbefore' using (bin($1,binwidth)):(1.0) *******-|   
                       |   ***                                                                                      |   
                       |   ****                                                                                     |   
                  8000 |-+ ****                                                                                   +-|   
                       |  *****                                                                                     |   
                  7000 |-+******                                                                                  +-|   
                       |  *******                                                                                   |   
                  6000 |-+*******                                                                                 +-|   
                       |  *******                                                                                   |   
                  5000 |-*********                                                                                +-|   
                       | ***********                                                                                |   
                       | ************                                                                               |   
                  4000 |-************                                                                             +-|   
                       | *************                                                                              |   
                  3000 |***************                                                                           +-|   
                       |*****************                                                                           |   
                  2000 |******************                                                                        +-|   
                       |********************                                                                        |   
                       |***********************                                                                     |   
                  1000 |*************************                                                                 +-|   
                       |********************************              +              +               +              |   
                     0 +--------------------------------------------------------------------------------------------+   
                       0              100            200             300            400             500            600  
                                                                Mean Depth                                              
                                                                                                                        
                                                                                                                        
                                        Scatter plot of mean depth per site before FILTER04.                            
                                                                                                                        
            600 +---------------------------------------------------------------------------------------------------+   
                |             +              +             +             +             +              +             |   
                |                                                                     'sitedepthmeanbefore'    *    |   
                |                                                                                                   |   
            500 |-+                                                                                               +-|   
                |                                                                                                   |   
                |                                                                                                   |   
                |                                                                                                   |   
            400 |-+                                                                                               +-|   
                |                                                                                                   |   
                |                                                                                                   |   
            300 |-+                                                                                               +-|   
                |                                                                                                   |   
                |                                                                                                   |   
                |*                                                                                                  |   
            200 |*+                                                                                               +-|   
                |***                                                                                                |   
                |  ***                                                                                              |   
                |    *******                                                                                        |   
            100 |-+        **********                                                                             +-|   
                |                   ****************                                                                |   
                |                                  *************************                                        |   
                |             +              +             +             + ****************************             |   
              0 +---------------------------------------------------------------------------------------------------+   
                0           100000         200000        300000        400000        500000         600000        700000
                                                                Site                                                    
                                                                                                                        
                                                                                                                        
                                    Scatter plot of depth variance vs mean depth per site before FILTER04.              
                                                                                                                        
                   3.5e+06 +----------------------------------------------------------------------------------------+   
                           |              +              +              +             +              +          **  |   
                           |                                                          'meandepthVSvariance'    *    |   
                     3e+06 |-+                                                                                    +-|   
                           |                                                                                        |   
                           |                                                                                        |   
                           |                                                                                        |   
                   2.5e+06 |-+                                                                                    +-|   
                           |                                                                                        |   
                           |                                                                                        |   
                     2e+06 |-+                                                                                    +-|   
                           |                                                                                        |   
                           |                                                                                     *  |   
                   1.5e+06 |-+                                       *    *                                   * **+-|   
                           |                                        *  *                   **     *       * **      |   
                           |                                     *** **                **                           |   
                     1e+06 |-+                               *  **** *               *  *       *                 +-|   
                           |                              ****   *           *      ** **     ***                   |   
                           |                          *****  ** ***                *     **   **       *          * |   
                           |                       * **** *******              * **  * ******        * ** **** ***  |   
                    500000 |-+          *       ******  ***** *******  ********** ********** *  *  *              +-|   
                           |           ********************** ******************************                        |   
                           |      **********************************************      +              +              |   
                         0 +----------------------------------------------------------------------------------------+   
                           0             100            200            300           400            500            600  
                                                                  Mean Depth                                            
                                                                                                                        
     vcftools --vcf MiSeq_CHYA_chyaE.2.1.Fltr03.5.recode.vcf --min-meanDP 25 --recode --recode-INFO-all --out MiSeq_CHYA_chyaE.2.1.Fltr04.6.recode.vcf 2> /dev/null
	Sites remaining:	436715
	Contigs remaining:	12482


Tue Oct 26 13:30:10 CDT 2021 ---------------------------FILTER14: If individual's genotype has DP < X, convert to missing data -----------------------------
