

fltrVCF.bash v4.4 -- a script to filter vcf files repeatably

Dependencies required for fltrVCF to be fully functional:
	R
		tidyverse
		gridExtra
	vcftools
	vcflib
	samtools
	perl
	mawk
	parallel
	rad_haplotyper.pl https://github.com/cbirdlab/rad_haplotyper.git
	filter_hwe_by_pop_HPC

Tue Oct 19 14:13:49 CDT 2021 Reading options from command line:

	Settings File:            /work/hobi/jselwyn/Coryphopterus_RAD/config_files/fltrVCF_chya_A.config

	Cutoffs:                  10.1
	Path to BAM files:        /work/hobi/jselwyn/Coryphopterus_RAD/mkVCF_MiSeq
	PopMap File:              /work/hobi/jselwyn/Coryphopterus_RAD/mkVCF_MiSeq/mapped.10.1.bed
	VCF File:                 /work/hobi/jselwyn/Coryphopterus_RAD/fltrVCF_MiSeq/MiSeq_CHYA.10.1.vcf
	REF File:                 /work/hobi/jselwyn/Coryphopterus_RAD/mkREF_MiSeq/reference.10.1.fasta
	PopMap File:              /work/hobi/jselwyn/Coryphopterus_RAD/mkVCF_MiSeq/popmap.10.1
	Output file prefix:       MiSeq_chyaA
	Path to R scripts and other scripts:        /work/hobi/jselwyn/Coryphopterus_RAD/scripts/fltrVCF/scripts
	HWE Script:               /work/hobi/jselwyn/Coryphopterus_RAD/scripts/fltrVCF/filter_hwe_by_pop_HPC.pl
	Rad_Haplotyper script:    /work/hobi/jselwyn/Coryphopterus_RAD/scripts/rad_haplotyper/rad_haplotyper.pl
	Number of threads:          20

Tue Oct 19 14:13:49 CDT 2021 Reading options from config file and setting defaults
	SETTINGS are being loaded from file: '/work/hobi/jselwyn/Coryphopterus_RAD/config_files/fltrVCF_chya_A.config'
	Filters are set to '01 02 03 04 14 07 05 15 06 11 09 08 10 04 13 07 05 16 05 16 05 16 05 16 01 21'
	CutoffCode is set to '.10.1'
	BAM_PATH is set to '/work/hobi/jselwyn/Coryphopterus_RAD/mkVCF_MiSeq'
	SCRIPT_PATH is set to '/work/hobi/jselwyn/Coryphopterus_RAD/scripts/fltrVCF/scripts'
	VCF_FILE is set to '/work/hobi/jselwyn/Coryphopterus_RAD/fltrVCF_MiSeq/MiSeq_CHYA.10.1.vcf'
	Bed file is set to '/work/hobi/jselwyn/Coryphopterus_RAD/mkVCF_MiSeq/mapped.10.1.bed'
	Reference genome is set to '/work/hobi/jselwyn/Coryphopterus_RAD/mkREF_MiSeq/reference.10.1.fasta'
	PopMap is set to '/work/hobi/jselwyn/Coryphopterus_RAD/mkVCF_MiSeq/popmap.10.1'
	HWE_SCRIPT is set to '/work/hobi/jselwyn/Coryphopterus_RAD/scripts/fltrVCF/filter_hwe_by_pop_HPC.pl'
	RADHAP_SCRIPT is set to '/work/hobi/jselwyn/Coryphopterus_RAD/scripts/rad_haplotyper/rad_haplotyper.pl'
	Output file prefix is set to 'MiSeq_chyaA'
	The number of threads is set to '1'
	-P not set by user. Only filters that natively support parallelization will be run in parallel.
	/work/hobi/jselwyn/Coryphopterus_RAD/fltrVCF_MiSeq/MiSeq_CHYA.10.1.vcf will be used for serial processing.

Tue Oct 19 14:13:49 CDT 2021 Getting universal chromosome/contig prefix ...
          Querying /work/hobi/jselwyn/Coryphopterus_RAD/fltrVCF_MiSeq/MiSeq_CHYA.10.1.vcf ...
          Prefix: ##contig=<ID=dDocent
          It is assumed that all values in the CHROM column of vcf begin with ##contig=<ID=dDocent
          If this is not the case, then fltrVCF will not work properly.
          The prefix is used to count SNPs/variants, contigs, etc and is used in some filters.

Tue Oct 19 14:13:49 CDT 2021  reading variables into MAIN

Tue Oct 19 14:13:49 CDT 2021 ---------------------------FILTER01: Remove sites with Y < alleles < X -----------------------------
     vcftools --vcf /work/hobi/jselwyn/Coryphopterus_RAD/fltrVCF_MiSeq/MiSeq_CHYA.10.1.vcf --min-alleles 2 --max-alleles 2 --recode --recode-INFO-all --out MiSeq_chyaA.10.1.Fltr01.1.recode.vcf 2> /dev/null
	Sites remaining:	0
	Contigs remaining:	0


Tue Oct 19 14:43:59 CDT 2021 ---------------------------FILTER02: Remove Sites with Indels -----------------------------
     vcftools --vcf MiSeq_chyaA.10.1.Fltr01.1.recode.vcf --remove-indels --recode --recode-INFO-all --out MiSeq_chyaA.10.1.Fltr02.2.recode.vcf 2> /dev/null
slurmstepd: error: *** JOB 50237 ON hpcc01 CANCELLED AT 2021-10-19T14:52:14 ***
