

fltrVCF.bash v4.4 -- a script to filter vcf files repeatably

Dependencies required for fltrVCF to be fully functional:
	R
		tidyverse
		gridExtra
	vcftools
	vcflib
	samtools
	perl
	mawk
	parallel
	rad_haplotyper.pl https://github.com/cbirdlab/rad_haplotyper.git
	filter_hwe_by_pop_HPC

Tue Oct 5 20:33:36 CDT 2021 Reading options from command line:

	Settings File:            /work/hobi/jselwyn/Coryphopterus_RAD/config_files/fltrVCF_lightSpecies2.config

	Cutoffs:                  10.1
	Path to BAM files:        /work/hobi/jselwyn/Coryphopterus_RAD/mkVCF_MiSeq
	PopMap File:              /work/hobi/jselwyn/Coryphopterus_RAD/mkVCF_MiSeq/mapped.10.1.bed
	VCF File:                 /work/hobi/jselwyn/Coryphopterus_RAD/mkVCF_MiSeq/TotalRawSNPs.10.1.vcf
	REF File:                 /work/hobi/jselwyn/Coryphopterus_RAD/mkREF_MiSeq/reference.10.1.fasta
	PopMap File:              /work/hobi/jselwyn/Coryphopterus_RAD/mkVCF_MiSeq/popmap.10.1
	Output file prefix:       MiSeq_lightSpecies2
	Path to R scripts and other scripts:        /work/hobi/jselwyn/Coryphopterus_RAD/scripts/fltrVCF/scripts
	HWE Script:               /work/hobi/jselwyn/Coryphopterus_RAD/scripts/fltrVCF/filter_hwe_by_pop_HPC.pl
	Rad_Haplotyper script:    /work/hobi/jselwyn/Coryphopterus_RAD/scripts/rad_haplotyper/rad_haplotyper.pl
	Number of threads:          20

Tue Oct 5 20:33:36 CDT 2021 Reading options from config file and setting defaults
	SETTINGS are being loaded from file: '/work/hobi/jselwyn/Coryphopterus_RAD/config_files/fltrVCF_lightSpecies2.config'
	Filters are set to '01 02 03 04 15 05 86 20'
	CutoffCode is set to '.10.1'
	BAM_PATH is set to '/work/hobi/jselwyn/Coryphopterus_RAD/mkVCF_MiSeq'
	SCRIPT_PATH is set to '/work/hobi/jselwyn/Coryphopterus_RAD/scripts/fltrVCF/scripts'
	VCF_FILE is set to '/work/hobi/jselwyn/Coryphopterus_RAD/mkVCF_MiSeq/TotalRawSNPs.10.1.vcf'
	Bed file is set to '/work/hobi/jselwyn/Coryphopterus_RAD/mkVCF_MiSeq/mapped.10.1.bed'
	Reference genome is set to '/work/hobi/jselwyn/Coryphopterus_RAD/mkREF_MiSeq/reference.10.1.fasta'
	PopMap is set to '/work/hobi/jselwyn/Coryphopterus_RAD/mkVCF_MiSeq/popmap.10.1'
	HWE_SCRIPT is set to '/work/hobi/jselwyn/Coryphopterus_RAD/scripts/fltrVCF/filter_hwe_by_pop_HPC.pl'
	RADHAP_SCRIPT is set to '/work/hobi/jselwyn/Coryphopterus_RAD/scripts/rad_haplotyper/rad_haplotyper.pl'
	Output file prefix is set to 'MiSeq_lightSpecies2'
	The number of threads is set to '1'
	-P not set by user. Only filters that natively support parallelization will be run in parallel.
	/work/hobi/jselwyn/Coryphopterus_RAD/mkVCF_MiSeq/TotalRawSNPs.10.1.vcf will be used for serial processing.

Tue Oct 5 20:33:37 CDT 2021 Getting universal chromosome/contig prefix ...
          Querying /work/hobi/jselwyn/Coryphopterus_RAD/mkVCF_MiSeq/TotalRawSNPs.10.1.vcf ...
          Prefix: dDocent
          It is assumed that all values in the CHROM column of vcf begin with dDocent
          If this is not the case, then fltrVCF will not work properly.
          The prefix is used to count SNPs/variants, contigs, etc and is used in some filters.

Tue Oct 5 20:33:37 CDT 2021  reading variables into MAIN

Tue Oct 5 20:33:37 CDT 2021 ---------------------------FILTER01: Remove sites with Y < alleles < X -----------------------------
     vcftools --vcf /work/hobi/jselwyn/Coryphopterus_RAD/mkVCF_MiSeq/TotalRawSNPs.10.1.vcf --min-alleles 2 --max-alleles 2 --recode --recode-INFO-all --out MiSeq_lightSpecies2.10.1.Fltr01.1.recode.vcf 2> /dev/null
	Sites remaining:	835491
	Contigs remaining:	22217


Tue Oct 5 21:13:26 CDT 2021 ---------------------------FILTER02: Remove Sites with Indels -----------------------------
     vcftools --vcf MiSeq_lightSpecies2.10.1.Fltr01.1.recode.vcf --remove-indels --recode --recode-INFO-all --out MiSeq_lightSpecies2.10.1.Fltr02.2.recode.vcf 2> /dev/null
	Sites remaining:	802220
	Contigs remaining:	22196


Tue Oct 5 21:50:47 CDT 2021 ---------------------------FILTER03: Remove Sites with QUAL < minQ -----------------------------
                                                                                                                        
                                                     Histogram of QUAL before FILTER03                                  
                                                                                                                        
                 3000 +---------------------------------------------------------------------------------------------+   
                      |                  +                  +                 +                  +                  |   
                      |                                         'QUALbefore' using (bin($1,binwidth)):(***) ******* |   
                      |                                                                   ************ * * **       |   
                 2500 |-+                                                                 * ** * * * *** ***********|   
                      |                                                                   * ** * * * * * * ** * * * |   
                      |                                                                 *** ** * * * * * * ** * * * |   
                      |                                                               *** * ** * * * * * * ** * * * |   
                 2000 |-+                                                             * * * ** * * * * * * ** * * *-|   
                      |                                                               * * * ** * * * * * * ** * * * |   
                      |                                                             *** * * ** * * * * * * ** * * * |   
                 1500 |-+                                                         *** * * * ** * * * * * * ** * * *-|   
                      |                                                         *** * * * * ** * * * * * * ** * * * |   
                      |                                                       *** * * * * * ** * * * * * * ** * * * |   
                      |                                                       * * * * * * * ** * * * * * * ** * * * |   
                 1000 |-+                                                     * * * * * * * ** * * * * * * ** * * *-|   
                      |                                                      ** * * * * * * ** * * * * * * ** * * * |   
                      |                                                  ****** * * * * * * ** * * * * * * ** * * * |   
                      |                                                *** * ** * * * * * * ** * * * * * * ** * * * |   
                  500 |-+                                            *** * * ** * * * * * * ** * * * * * * ** * * *-|   
                      |**                                          *** * * * ** * * * * * * ** * * * * * * ** * * * |   
                      | *                                      ***** * * * * ** * * * * * * ** * * * * * * ** * * * |   
                      | *                +          ************ * * * * * * ** * * * * * * ** * * * * * * ** * * * |   
                    0 +---------------------------------------------------------------------------------------------+   
                      0                 100                200               300                400                500  
                                          QUAL ~ Phred-Scaled Probality of Zero Alternate Alleles                       
                                                                                                                        
                                                                                                                        
                                                                         Scatter plot of QUAL per site.                 
                                                                                                                        
                                                         500 +------------------------------------------------------+   
                                                             |     +     +     +     +      +     +     +  *  +     |   
                                                             |                                 'QUALbefore'**  *    |   
                                                             |                                              *       |   
                                                             |                                              *       |   
                                                         400 |-+                                            **    +-|   
                                                             |                                               *      |   
                                                             |                                               *      |   
                                                             |                                               **     |   
                                                         300 |-+                                              *   +-|   
                                                             |                                                *     |   
                                                             |                                                *     |   
                                                             |                                                *     |   
                                                             |                                                *     |   
                                                         200 |-+                                              *   +-|   
                                                             |                                                *     |   
                                                             |                                                *     |   
                                                             |                                                *     |   
                                                         100 |-+                                              *   +-|   
                                                             |                                                *     |   
                                                             |                                                *     |   
                                                             |                                                *     |   
                                                             |     +     +     +     +      +     +     +     *     |   
                                                           0 +------------------------------------------------------+   
                                                             0   10000 20000 30000 400000 50000 60000 70000 80000 900000
                                                                                      Site                              
                                                                                                                        
     vcftools --vcf MiSeq_lightSpecies2.10.1.Fltr02.2.recode.vcf --minQ 40 --recode --recode-INFO-all --out MiSeq_lightSpecies2.10.1.Fltr03.3.recode.vcf 2> /dev/null
	Sites remaining:	801770
	Contigs remaining:	22194


Tue Oct 5 22:29:00 CDT 2021 ---------------------------FILTER04: Remove Sites With Mean Depth of Coverage < min-meanDP -----------------------------
                                                                                                                        
                                             Histogram of mean depth per site before FILTER04                           
                                                                                                                        
                 12000 +--------------------------------------------------------------------------------------------+   
                       |   *    +         +        +        +         +        +        +        +         +        |   
                       |  ***                          'sitedepthmeanbefore' using (bin($1,binwidth)):(1.0) ******* |   
                       |  ***                                                                                       |   
                 10000 |-+***                                                                                     +-|   
                       |  ***                                                                                       |   
                       |  ***                                                                                       |   
                       | *****                                                                                      |   
                  8000 |-*****                                                                                    +-|   
                       | *****                                                                                      |   
                       | ******                                                                                     |   
                  6000 |-******                                                                                   +-|   
                       |*******                                                                                     |   
                       |********                                                                                    |   
                       |********                                                                                    |   
                  4000 |*********                                                                                 +-|   
                       |**********                                                                                  |   
                       |**********                                                                                  |   
                       |**********                                                                                  |   
                  2000 |************                                                                              +-|   
                       |*************                                                                               |   
                       |***************                                                                             |   
                       |*******************        +        +         +        +        +        +         +        |   
                     0 +--------------------------------------------------------------------------------------------+   
                       0       100       200      300      400       500      600      700      800       900      1000 
                                                                Mean Depth                                              
                                                                                                                        
                                                                                                                        
                                        Scatter plot of mean depth per site before FILTER04.                            
                                                                                                                        
            1000 +--------------------------------------------------------------------------------------------------+   
                 |          +          +          +          +          +          +          +          +          |   
             900 |-+                                                                  'sitedepthmeanbefore'    *  +-|   
                 |                                                                                                  |   
                 |                                                                                                  |   
             800 |-+                                                                                              +-|   
                 |                                                                                                  |   
             700 |-+                                                                                              +-|   
                 |                                                                                                  |   
             600 |-+                                                                                              +-|   
                 |                                                                                                  |   
             500 |-+                                                                                              +-|   
                 |                                                                                                  |   
                 |                                                                                                  |   
             400 |-+                                                                                              +-|   
                 |                                                                                                  |   
             300 |-+                                                                                              +-|   
                 |*                                                                                                 |   
             200 |*+                                                                                              +-|   
                 |****                                                                                              |   
                 |   ********                                                                                       |   
             100 |-+        ************************                                                              +-|   
                 |          +          +          +***********************************************       +          |   
               0 +--------------------------------------------------------------------------------------------------+   
                 0        100000     200000     300000     400000     500000     600000     700000     800000     900000
                                                                Site                                                    
                                                                                                                        
                                                                                                                        
                                   Scatter plot of depth variance vs mean depth per site before FILTER04.               
                                                                                                                        
                   6e+06 +------------------------------------------------------------------------------------------+   
                         |        +        +        +        +         +        +        +        +        +        |   
                         |                                                            'meandepthVSvariance'    *    |   
                         |                                              **                                          |   
                   5e+06 |-+                                           **                                         +-|   
                         |                                            *                               *             |   
                         |                                          *                                               |   
                         |                                                                                          |   
                   4e+06 |-+                                                                              *       +-|   
                         |                                                                  *            *          |   
                         |                                                                 **                       |   
                   3e+06 |-+                                                 *           *                  ***   +-|   
                         |                               *                 ***                          * ***       |   
                         |                       *      *                          *                 ****           |   
                         |                      *     *                                 ***        *                |   
                   2e+06 |-+                        **                                ***     *               *   +-|   
                         |                                                          ****               *            |   
                         |                                               *     ** **                ****            |   
                         |                           **        **  *        ****              *                     |   
                   1e+06 |-+                    **  ******** *******    ******                                    +-|   
                         |                  ** *   *****  ******** ******                                           |   
                         |       ***  ***********************************    *                                      |   
                         |      *******************************   *    +        +        +        +        +        |   
                       0 +------------------------------------------------------------------------------------------+   
                         0       100      200      300      400       500      600      700      800      900      1000 
                                                                 Mean Depth                                             
                                                                                                                        
     vcftools --vcf MiSeq_lightSpecies2.10.1.Fltr03.3.recode.vcf --min-meanDP 10 --recode --recode-INFO-all --out MiSeq_lightSpecies2.10.1.Fltr04.4.recode.vcf 2> /dev/null
	Sites remaining:	585044
	Contigs remaining:	14992


Tue Oct 5 23:01:20 CDT 2021 ---------------------------FILTER15: Remove sites with maf > minor allele frequency > max-maf -----------------------------
     vcftools --vcf MiSeq_lightSpecies2.10.1.Fltr04.4.recode.vcf --maf 0.005 --max-maf 0.995 --recode --recode-INFO-all --out MiSeq_lightSpecies2.10.1.Fltr15.5.recode.vcf 2> /dev/null
	Sites remaining:	339453
	Contigs remaining:	14947


Tue Oct 5 23:18:56 CDT 2021 ---------------------------FILTER05: Remove sites called in <X proportion of individuals -----------------------------
                                                                                                                        
                                         Histogram of the proportion of genotypes that are missing                      
                                                                                                                        
                 30000 +--------------------------------------------------------------------------------------------+   
                       |                  +   ***********   *                  +                 +                  |   
                       |                  *****    *    *  '*itemissingness' using (bin($1,binwidth)):(1.0) ******* |   
                       |                  *   *    *    *   ******                                                  |   
                 25000 |-+                *   *    *    *   *    **********                                       +-|   
                       |             ******   *    *    *   *    *    *   *                                         |   
                       |             *    *   *    *    *   *    *    *   ******                                    |   
                       |             *    *   *    *    *   *    *    *   *    *****                                |   
                 20000 |-+           *    *   *    *    *   *    *    *   *    *   ******                         +-|   
                       |             *    *   *    *    *   *    *    *   *    *   *    *                           |   
                       |             *    *   *    *    *   *    *    *   *    *   *    ******                      |   
                 15000 |-+      ******    *   *    *    *   *    *    *   *    *   *    *    *****                +-|   
                       |        *    *    *   *    *    *   *    *    *   *    *   *    *    *   *                  |   
                       |        *    *    *   *    *    *   *    *    *   *    *   *    *    *   *                  |   
                       |        *    *    *   *    *    *   *    *    *   *    *   *    *    *   *                  |   
                 10000 |-+      *    *    *   *    *    *   *    *    *   *    *   *    *    *   *                +-|   
                       |        *    *    *   *    *    *   *    *    *   *    *   *    *    *   *                  |   
                       |        *    *    *   *    *    *   *    *    *   *    *   *    *    *   *                  |   
                       |        *    *    *   *    *    *   *    *    *   *    *   *    *    *   ******             |   
                  5000 |-+  *****    *    *   *    *    *   *    *    *   *    *   *    *    *   *    *           +-|   
                       |    *   *    *    *   *    *    *   *    *    *   *    *   *    *    *   *    *             |   
                       |    *   *    *    *   *    *    *   *    *    *   *    *   *    *    *   *    *             |   
                       |    *   *    *    *   *    *    *   *    *    *   *    *   *    *    *   *    ******        |   
                     0 +--------------------------------------------------------------------------------------------+   
                       0                 0.2               0.4                0.6               0.8                 1   
                                                            Proportion Missing                                          
                                                                                                                        
                                                                                                                        
                                             Scatter plot of the proportion of genotypes that are missing.              
                                                                                                                        
                                1 +---------------------------------------------------------------------------------+   
                                  |           +          +           +           +           +          +           |   
                              0.9 |-+                                                     'sitemissingness'    *  +-|   
                                  |*                                                                                |   
                                  |**                                                                               |   
                              0.8 |-****                                                                          +-|   
                                  |    ****                                                                         |   
                              0.7 |-+     *****                                                                   +-|   
                                  |           *****                                                                 |   
                              0.6 |-+             *****                                                           +-|   
                                  |                   ******                                                        |   
                              0.5 |-+                      ******                                                 +-|   
                                  |                             ******                                              |   
                                  |                                  ******                                         |   
                              0.4 |-+                                     *******                                 +-|   
                                  |                                             *******                             |   
                              0.3 |-+                                                 *******                     +-|   
                                  |                                                         *******                 |   
                              0.2 |-+                                                             ******          +-|   
                                  |                                                                    ******       |   
                                  |                                                                         *****   |   
                              0.1 |-+                                                                           **+-|   
                                  |           +          +           +           +           +          +        ** |   
                                0 +---------------------------------------------------------------------------------+   
                                  0         50000      100000      150000      200000      250000     300000      350000
                                                                         Site                                           
                                                                                                                        
     vcftools --vcf MiSeq_lightSpecies2.10.1.Fltr15.5.recode.vcf --max-missing 0.75 --recode --recode-INFO-all --out MiSeq_lightSpecies2.10.1.Fltr05.6.recode.vcf 2> /dev/null
	Sites remaining:	72712
	Contigs remaining:	4245


Tue Oct 5 23:24:46 CDT 2021 ---------------------------FILTER 86: Remove contigs -----------------------------
	Before site filter: MiSeq_lightSpecies2.10.1.Fltr15.5.recode.vcf
	After site filter: MiSeq_lightSpecies2.10.1.Fltr05.6.recode.vcf
	After contig filter: MiSeq_lightSpecies2.10.1.Fltr05.6.recode.Fltr86.rmCONTIGS.7.vcf
	11779 rmCONTIGS.txt contigs filtered

Tue Oct 5 23:33:40 CDT 2021 ---------------------------FILTER20: Select 1 Random SNP per Contig -----------------------------
1726

Tue Oct 5 23:33:56 CDT 2021  --------------------------- Filtering complete! ---------------------------


Tue Oct 5 23:33:57 CDT 2021 Running fltrVCFstats2 with the following settings...
          DIRECTORY: /work/hobi/jselwyn/Coryphopterus_RAD/fltrVCF_MiSeq
          THREADS: 20
          FILE PREFIX: MiSeq_lightSpecies2

Tue Oct 5 23:33:57 CDT 2021 Getting universal chromosome/contig prefix ...
          Querying  ...
          Prefix: dDocent
          It is assumed that all values in the CHROM column of vcf begin with dDocent
          If this is not the case, then fltrVCF will not work properly.

Tue Oct 5 23:33:57 CDT 2021 Making column 1 of 19 ...

Tue Oct 5 23:33:57 CDT 2021 Making column 2 of 19 ...

Tue Oct 5 23:33:57 CDT 2021 Making column 3 of 19 ...

Tue Oct 5 23:34:10 CDT 2021 Making column 4 of 19 ...

Tue Oct 5 23:35:04 CDT 2021 Making column 5 of 19 ...

Tue Oct 5 23:35:58 CDT 2021 Making column 6 of 19 ...

Tue Oct 5 23:35:58 CDT 2021 Making column 7 of 19 ...

Tue Oct 5 23:36:50 CDT 2021 Making column 8 of 19 ...

Tue Oct 5 23:36:55 CDT 2021 Making column 9 of 19 ...

Tue Oct 5 23:37:00 CDT 2021 Making column 10 of 19 ...

Tue Oct 5 23:37:06 CDT 2021 Making column 11 of 19 ...

Tue Oct 5 23:37:11 CDT 2021 Making column 12 of 19 ...

Tue Oct 5 23:37:15 CDT 2021 Making column 13 of 19 ...

Tue Oct 5 23:44:45 CDT 2021 Making column 14 of 19 ...

Wed Oct 6 00:06:43 CDT 2021 Making column 15 of 19 ...

Wed Oct 6 00:28:21 CDT 2021 Making column 16 of 19 ...

Wed Oct 6 00:50:18 CDT 2021 Making column 17 of 19 ...

Wed Oct 6 01:12:38 CDT 2021 Making column 18 of 19 ...

Wed Oct 6 01:36:02 CDT 2021 Making column 19 of 19 ...

Wed Oct 6 02:02:47 CDT 2021 Assembling tidy data table...

Wed Oct 6 02:02:47 CDT 2021 Plotting results...
Warning messages:
1: Removed 8 row(s) containing missing values (geom_path). 
2: Removed 8 rows containing missing values (geom_point). 
null device 
          1 

Wed Oct 6 02:02:53 CDT 2021 fltrVCFstats2 complete!
