

fltrVCF.bash v4.4 -- a script to filter vcf files repeatably

Dependencies required for fltrVCF to be fully functional:
	R
		tidyverse
		gridExtra
	vcftools
	vcflib
	samtools
	perl
	mawk
	parallel
	rad_haplotyper.pl https://github.com/cbirdlab/rad_haplotyper.git
	filter_hwe_by_pop_HPC

Thu Sep 23 10:35:34 CDT 2021 Reading options from command line:

	Settings File:            /work/hobi/jselwyn/Coryphopterus_RAD/config_files/fltrVCF_initial.config

	Cutoffs:                  20.10
	Path to BAM files:        /work/hobi/jselwyn/Coryphopterus_RAD/mkVCF_NovaSeq
	PopMap File:              /work/hobi/jselwyn/Coryphopterus_RAD/mkVCF_NovaSeq/mapped.20.10.bed
	VCF File:                 /work/hobi/jselwyn/Coryphopterus_RAD/mkVCF_NovaSeq/TotalRawSNPs.20.10.vcf
	REF File:                 /work/hobi/jselwyn/Coryphopterus_RAD/mkREF_NovaSeq/reference.20.10.fasta
	PopMap File:              /work/hobi/jselwyn/Coryphopterus_RAD/mkVCF_NovaSeq/popmap.20.10
	Output file prefix:       NovaSeq_Initial
	Path to R scripts and other scripts:        /work/hobi/jselwyn/Coryphopterus_RAD/scripts/fltrVCF/scripts
	HWE Script:               /work/hobi/jselwyn/Coryphopterus_RAD/scripts/fltrVCF/filter_hwe_by_pop_HPC.pl
	Rad_Haplotyper script:    /work/hobi/jselwyn/Coryphopterus_RAD/scripts/rad_haplotyper/rad_haplotyper.pl
	Number of threads:          20

Thu Sep 23 10:35:34 CDT 2021 Reading options from config file and setting defaults
	SETTINGS are being loaded from file: '/work/hobi/jselwyn/Coryphopterus_RAD/config_files/fltrVCF_initial.config'
	Filters are set to '01 02'
	CutoffCode is set to '.20.10'
	BAM_PATH is set to '/work/hobi/jselwyn/Coryphopterus_RAD/mkVCF_NovaSeq'
	SCRIPT_PATH is set to '/work/hobi/jselwyn/Coryphopterus_RAD/scripts/fltrVCF/scripts'
	VCF_FILE is set to '/work/hobi/jselwyn/Coryphopterus_RAD/mkVCF_NovaSeq/TotalRawSNPs.20.10.vcf'
	Bed file is set to '/work/hobi/jselwyn/Coryphopterus_RAD/mkVCF_NovaSeq/mapped.20.10.bed'
	Reference genome is set to '/work/hobi/jselwyn/Coryphopterus_RAD/mkREF_NovaSeq/reference.20.10.fasta'
	PopMap is set to '/work/hobi/jselwyn/Coryphopterus_RAD/mkVCF_NovaSeq/popmap.20.10'
	HWE_SCRIPT is set to '/work/hobi/jselwyn/Coryphopterus_RAD/scripts/fltrVCF/filter_hwe_by_pop_HPC.pl'
	RADHAP_SCRIPT is set to '/work/hobi/jselwyn/Coryphopterus_RAD/scripts/rad_haplotyper/rad_haplotyper.pl'
	Output file prefix is set to 'NovaSeq_Initial'
	The number of threads is set to '1'
	-P not set by user. Only filters that natively support parallelization will be run in parallel.
	/work/hobi/jselwyn/Coryphopterus_RAD/mkVCF_NovaSeq/TotalRawSNPs.20.10.vcf will be used for serial processing.

Thu Sep 23 10:35:34 CDT 2021 Getting universal chromosome/contig prefix ...
          Querying /work/hobi/jselwyn/Coryphopterus_RAD/mkVCF_NovaSeq/TotalRawSNPs.20.10.vcf ...
          Prefix: dDocent
          It is assumed that all values in the CHROM column of vcf begin with dDocent
          If this is not the case, then fltrVCF will not work properly.
          The prefix is used to count SNPs/variants, contigs, etc and is used in some filters.

Thu Sep 23 10:35:35 CDT 2021  reading variables into MAIN

Thu Sep 23 10:35:35 CDT 2021 ---------------------------FILTER01: Remove sites with Y < alleles < X -----------------------------
     vcftools --vcf /work/hobi/jselwyn/Coryphopterus_RAD/mkVCF_NovaSeq/TotalRawSNPs.20.10.vcf --min-alleles 2 --max-alleles 2 --recode --recode-INFO-all --out NovaSeq_Initial.20.10.Fltr01.1.recode.vcf 2> /dev/null
	Sites remaining:	912414
	Contigs remaining:	30233


Thu Sep 23 11:19:15 CDT 2021 ---------------------------FILTER02: Remove Sites with Indels -----------------------------
     vcftools --vcf NovaSeq_Initial.20.10.Fltr01.1.recode.vcf --remove-indels --recode --recode-INFO-all --out NovaSeq_Initial.20.10.Fltr02.2.recode.vcf 2> /dev/null
	Sites remaining:	875755
	Contigs remaining:	30156


Thu Sep 23 12:00:27 CDT 2021  --------------------------- Filtering complete! ---------------------------


Thu Sep 23 12:00:27 CDT 2021 Running fltrVCFstats2 with the following settings...
          DIRECTORY: /work/hobi/jselwyn/Coryphopterus_RAD/fltrVCF_NovaSeq
          THREADS: 20
          FILE PREFIX: NovaSeq_Initial

Thu Sep 23 12:00:27 CDT 2021 Getting universal chromosome/contig prefix ...
          Querying  ...
          Prefix: dDocent
          It is assumed that all values in the CHROM column of vcf begin with dDocent
          If this is not the case, then fltrVCF will not work properly.

Thu Sep 23 12:00:27 CDT 2021 Making column 1 of 19 ...

Thu Sep 23 12:00:27 CDT 2021 Making column 2 of 19 ...

Thu Sep 23 12:00:28 CDT 2021 Making column 3 of 19 ...

Thu Sep 23 12:00:41 CDT 2021 Making column 4 of 19 ...

Thu Sep 23 12:01:42 CDT 2021 Making column 5 of 19 ...

Thu Sep 23 12:02:43 CDT 2021 Making column 6 of 19 ...

Thu Sep 23 12:02:43 CDT 2021 Making column 7 of 19 ...

Thu Sep 23 12:03:42 CDT 2021 Making column 8 of 19 ...

Thu Sep 23 12:03:48 CDT 2021 Making column 9 of 19 ...

Thu Sep 23 12:03:53 CDT 2021 Making column 10 of 19 ...

Thu Sep 23 12:04:00 CDT 2021 Making column 11 of 19 ...

Thu Sep 23 12:04:05 CDT 2021 Making column 12 of 19 ...

Thu Sep 23 12:04:10 CDT 2021 Making column 13 of 19 ...

Thu Sep 23 12:12:32 CDT 2021 Making column 14 of 19 ...

Thu Sep 23 12:37:21 CDT 2021 Making column 15 of 19 ...

Thu Sep 23 13:01:32 CDT 2021 Making column 16 of 19 ...

Thu Sep 23 13:26:02 CDT 2021 Making column 17 of 19 ...

Thu Sep 23 13:50:47 CDT 2021 Making column 18 of 19 ...

Thu Sep 23 14:16:49 CDT 2021 Making column 19 of 19 ...

Thu Sep 23 14:48:10 CDT 2021 Assembling tidy data table...

Thu Sep 23 14:48:10 CDT 2021 Plotting results...
Warning messages:
1: Removed 2 row(s) containing missing values (geom_path). 
2: Removed 2 rows containing missing values (geom_point). 
null device 
          1 

Thu Sep 23 14:48:15 CDT 2021 fltrVCFstats2 complete!
