process_radtags v2.41, executed 2021-08-10 16:07:17 (zlib-1.2.11)
process_radtags -1 NovaSeq/fastq/Sel_P1P6_USPD16104024-AK13645-AK13646_HL7GKDSXX_L4_1.fq.gz -2 NovaSeq/fastq/Sel_P1P6_USPD16104024-AK13645-AK13646_HL7GKDSXX_L4_2.fq.gz -i gzfastq -b NovaSeq/fastq/2019August_Selwyn_Coryphopterus-ddRAD_Plate1Pool6_demultiplex.txt -r -e ecoRI -o NovaSeq/demultiplexed_seqs/P1P6 -D
File	Retained Reads	Low Quality	Barcode Not Found	RAD cutsite Not Found	Total
Sel_P1P6_USPD16104024-AK13645-AK13646_HL7GKDSXX_L4_1.fq.gz	53019228	0	107982	159432	53286642

Total Sequences	53286642
Barcode Not Found	107982
Low Quality	0
RAD Cutsite Not Found	159432
Retained Reads	53019228

Barcode	Filename	Total	NoRadTag	LowQuality	Retained
GCATG	COPE-0807	421954	1542	0	420412
AACCA	COPE-0569	1317892	10142	0	1307750
CGATC	COPE-0834	850952	5079	0	845873
TCGAT	COPE-0544	1158548	1578	0	1156970
TGCAT	COPE-0887	1041850	1214	0	1040636
CAACC	COPE-0547	2356518	2379	0	2354139
GGTTG	COPE-0906	463524	682	0	462842
AAGGA	COPE-1153	755788	4972	0	750816
AGCTA	COPE-0692	2772876	5893	0	2766983
ACACA	COPE-1195	954094	7457	0	946637
AATTA	COPE-0541	911020	2683	0	908337
ACGGT	COPE-0480	486690	1190	0	485500
ACTGG	COPE-0701	850570	1773	0	848797
ACTTC	COPE-0830	2372662	2595	0	2370067
ATACG	COPE-0792	248522	645	0	247877
ATGAG	COPE-1132	3400976	5630	0	3395346
ATTAC	COPE-0953	946004	2980	0	943024
CATAT	COPE-1025	841634	1215	0	840419
CGAAT	COPE-0512	3685518	4939	0	3680579
CGGCT	COPE-1084	1004792	2877	0	1001915
CGGTA	COPE-1258	584138	4349	0	579789
CGTAC	COPE-1124	1052622	1912	0	1050710
CGTCG	COPE-0658	1533998	1414	0	1532584
CTGAT	COPE-0776	1466010	2834	0	1463176
CTGCG	COPE-0917	706512	3304	0	703208
CTGTC	COPE-0603	1633068	6061	0	1627007
CTTGG	COPE-0604	728002	2053	0	725949
GACAC	COPE-1137	977678	4116	0	973562
GAGAT	COPE-0855	309916	982	0	308934
GAGTC	COPE-0740	586528	1710	0	584818
GCCGT	COPE-0764	654758	953	0	653805
GCTGA	COPE-0860	1610728	7260	0	1603468
GGATA	COPE-1109	474610	5092	0	469518
GGCCA	COPE-0998	1322634	4195	0	1318439
GGCTC	COPE-0520	574240	1075	0	573165
GTAGT	COPE-0628	39458	325	0	39133
GTCCG	COPE-0884	114968	608	0	114360
GTCGA	COPE-1263	581416	3452	0	577964
TACCG	COPE-1163	355780	1857	0	353923
TACGT	COPE-1129	968564	2684	0	965880
TAGTA	COPE-0646	734764	2546	0	732218
TATAC	COPE-0651	2633052	5279	0	2627773
TCACG	COPE-0501	1585146	3307	0	1581839
TCAGT	COPE-0905	365492	2341	0	363151
TCCGG	COPE-0839	47816	4927	0	42889
TCTGC	COPE-1133	3610	170	0	3440
TGGAA	COPE-0671	2137942	10134	0	2127808
TTACC	COPE-0742	2552826	7027	0	2545799

Sequences not recorded
Barcode	Total
ATAGA	5272
CGTGA	4930
CACGA	4856
CAATA	4062
AGTAA	3526
ACCAA	3044
TCATA	2986
GCCAA	2964
TAACA	2756
TGAGA	2678
AGAGA	2498
CTGGA	2372
TGTTC	2108
CTATA	2102
GCGAA	2100
ACGTA	2028
GTGAA	1936
ACTAA	1860
ATTCA	1682
GATAA	1458
TTCCA	1414
GGTAA	1404
GGTCC	1358
CTCGC	1304
ACAAT	1294
CGCGA	1280
ACCGA	1270
CACAA	1220
AGTCA	1128
GATCA	1064
CTTCA	1064
ATATA	884
CGGAG	824
CATCA	822
AAAAA	746
TTGGA	692
CGGGG	668
TACAA	662
CGGGC	620
GCGTA	620
TGCGA	570
TATCA	566
CATGA	532
GTACA	508
CTACA	502
TGTCT	494
GGACT	456
AGAAA	408
GGGCC	378
TGTCA	374
TATGA	354
CAATT	334
CCGAA	326
GAATT	324
ACGAA	324
TCCAA	308
AAAAC	302
AAAAT	302
TGAAC	294
TTCAC	292
TCAAC	288
ATAAA	286
TGAAG	284
TAAAA	284
TTCAA	282
CCGGA	278
TAGCT	272
GAACT	270
TTATA	264
GAACA	262
CGACA	262
ATGGC	252
GAAAA	240
ACAAC	238
CTTCC	236
ATCAA	232
AAATT	230
CTAAA	224
TCGTC	222
AAGCT	214
TGGCC	202
AAACT	202
GATCC	196
ATTGA	194
GCAAA	192
CCAAA	188
CGCAA	174
TTAAA	174
TGGTT	172
GGACC	172
TCCAC	170
ACCTT	170
GCTAC	168
GACCT	164
TGCTG	164
TCGGA	162
CCCAA	162
AACTT	150
TAATT	150
GTGAC	146
CAAAA	142
TGACA	142
AGCCT	140
GCACC	140
GTAAA	138
AAAGG	136
GAGCA	136
GCACT	134
CTTCT	134
TAAAT	132
ATAAT	132
GCGCC	130
GCTCC	128
CTCAA	126
TCAAA	124
GTGGG	124
CAATG	120
GATGT	116
GTCAT	114
ACCAC	112
TGATG	110
TGTCC	108
GCCTA	108
TGATT	106
GGCAG	104
AGCAC	104
CTTAA	102
CGAGA	102
TAAGG	102
TGGTC	102
GCTCT	100
TTCAG	100
GGGGG	98
GTGCC	96
AGCAG	94
GCCCC	94
GTTCT	94
AACTG	94
TCTTG	94
GATCT	92
TTGTT	88
TTGCA	88
GCTAT	88
CCAAC	88
CCGGC	84
TTTCT	82
CAGAA	82
CCCTC	82
ACCTG	82
CTCTG	80
TGACT	80
AACGG	78
GCCAG	78
GGGTT	76
CCGGG	76
GCAGC	76
CTCCT	74
TCTAA	68
GGTCT	68
GCAAT	68
AGAGC	66
CTTTA	64
CCTGT	64
TACTC	62
GGAAG	62
TGGGG	62
CACCT	60
GACTT	60
CCATA	60
TCCCT	58
CCTCA	58
GCTAG	58
AAATC	56
TGTTA	56
ATGTA	56
TTCCT	56
ACAGC	56
CTTTT	56
CCTTG	54
AGAGT	54
TTTAA	54
GACTG	52
GGAAC	52
CTCCA	52
CTCAC	52
CACTC	52
AACAT	50
GCTTT	50
GACTA	50
CCTAA	50
TGGGT	50
CCTCC	48
ACCAT	48
TATCT	48
TAAGA	48
TAAAG	48
GAACG	48
GGAGG	46
AACAG	46
CCCCA	46
ACCCG	46
CGCTT	44
CTCCC	44
GCGAC	44
GTGTA	44
CGCTG	44
GACGG	44
GAAGA	44
TGTTT	42
CCCCG	42
AGAAC	42
TATTT	42
TCTTT	42
CTCTA	42
CTCTT	42
TTCTC	42
AGTAT	40
CACTT	40
ATCAT	40
CATTC	40
TTAAT	40
GGTGC	40
ACTCT	40
GGGGC	40
CCATT	40
GATTT	38
TGGTG	38
CAAAG	38
TGAGG	38
AGACC	38
TTCTT	38
TAACT	38
CCAGC	38
TTTTG	36
CAGTG	36
CCCAT	36
TCCCC	36
CGTGT	36
GAGGG	36
AAGAC	36
AGGGG	34
TCATC	34
AAATG	34
AATAG	34
TCCCA	34
AAAGT	34
ATAGC	34
CTACT	32
AGTAG	32
TATTG	32
CCCCT	32
GAAAG	32
GTTCC	32
AGACT	32
TGAGC	32
ACCAG	32
CATTG	32
CGCGG	30
GGGAC	30
GCGGC	30
CTCGT	30
TGTAG	30
CAGGG	30
TCCTC	28
TTTTT	28
CCACT	28
CCCAC	28
GTTTT	28
CCTTA	28
GCAAC	28
TTGTG	28
TTGGT	28
CTATG	28
CTAAC	28
ACCCC	28
CACTA	28
CACGC	28
GGTAT	26
GTGTG	26
GTTGC	26
AGTCC	26
GAAGG	26
GGGCG	26
GGCGG	26
CCTTT	26
ATTGT	26
GTTTC	26
TTATT	26
AGGTG	26
ATGCC	26
GATAG	26
CAGCA	24
ACATT	24
GTAAC	24
TTGAC	24
AGATT	24
CCTCT	24
GTGCT	24
ATGCA	24
CAAGG	24
CTCAG	24
ATGTT	24
GCGTT	24
GCGCA	24
CAGTT	24
ACAAG	22
AGGTT	22
GCGAG	22
AGTCT	22
ACTAT	22
CCAAG	22
AGTGA	22
AGGTC	22
TGTGA	22
TTGGG	22
TTTTA	22
AGCGG	20
CACAG	20
CCAGA	20
GGTGT	20
AACTC	20
TCTCA	20
AATGT	20
ATCCC	20
TTTTC	20
GTTTA	20
CGTTT	20
CGCGT	20
AAGTG	20
CAAGA	20
ACCCT	20
CAGGC	20
CACTG	20
TAAGC	20
ATATC	20
AGGAT	20
TGGCG	18
CAAGT	18
AGCCC	18
ACGTG	18
CCCCC	18
GTGCA	18
TGGGC	18
TAATG	18
GGAGC	18
CTATT	18
TATGG	18
TAATC	18
GGGGT	18
GTGGC	18
GTCTT	18
AAAGC	18
GCTCG	18
ATGCT	18
AAGCC	18
GATGG	16
ATTTT	16
CAGAG	16
TTGCT	16
TCCTT	16
TCGCC	16
ATATT	16
TGTGG	16
ATTTG	16
TTATG	16
AGGAC	14
TTTCA	14
GTGTT	14
CCGCC	14
GCGCT	14
CGCCC	14
GGACG	14
TTAAG	14
GTTCA	14
AAAAG	12
GTATC	12
TGCCC	12
AATCT	12
AATGC	12
AGCCG	12
GGGGA	12
GGGAG	12
TCGTG	12
TAGAG	12
AGTGT	12
TAGCC	12
CAGAC	12
TTCTA	12
AGATG	12
AGAAG	12
CGAGG	12
CCGCA	12
AAGTT	10
AGGGC	10
AGGCG	10
GAGCG	10
CTAGA	10
CTAGC	10
TCCTA	10
AGGCA	10
TCGCA	10
AAGCG	10
GTTAA	10
TTCGC	10
TTAGG	10
TTCTG	10
ATCTC	10
TTTGT	10
TCTCT	10
ATCTT	10
CCCTA	8
CCCGC	8
ATTCT	8
CCCTG	8
ATCCT	8
AATCC	8
CCGAC	8
CGCAG	8
GTTAG	8
TGCGC	8
TTAGA	8
CGCGC	8
CCAGG	8
CAGGT	8
GTAAG	8
ACGCC	8
GCGGG	8
TAGGC	8
AGAGG	6
CCGTG	6
CCGTT	6
TGTGT	6
AATCG	6
AGTTT	6
NGAAA	6
AGGCC	6
ATCTG	6
CATGC	6
ACGAC	6
GATCG	6
GATGC	6
TTGGC	6
CCCGA	6
NGACT	4
TCTAG	4
CCTAG	4
TAGGG	4
TTTGA	4
GAAGC	4
GNGAA	4
NTGCC	4
NCTAA	4
NACGA	4
TNAGA	4
GCGCG	4
TTTCG	4
NAACA	4
NCCGA	4
ANCAA	4
ATCGT	4
TCTTA	4
ACGCG	4
CCGAG	4
ACCGC	4
CCCTT	4
NTGCA	2
ATCGG	2
CCCAG	2
AGTGC	2
NTGGA	2
ANGAA	2
NAAAT	2
NTTGA	2
CACGG	2
ANCGT	2
GTTAT	2
TTTAT	2
ANAAT	2
TTTAG	2
TNCCA	2
NAACG	2
ANAGG	2
CNGGA	2
NGTGA	2
NATGA	2
NATGG	2
GNAAA	2
NGTAA	2
GNCAA	2
NGCTG	2
NGCGA	2
NCAAC	2
GNCTG	2
CNTCC	2
CNTCA	2
NCAAT	2
NTCTC	2
CNCTC	2
CNCGC	2
CNCGA	2
NGAGA	2
CNATA	2
NCTTT	2
NCATA	2
TNGCT	2
NCGTC	2
TNAAA	2
TNACA	2
NCCAA	2
AACGC	2
NTGAC	2
NTAGA	2
NAGCA	2
NTCGC	2
NATCA	2
NTATC	2
NTACA	2
