process_radtags v2.41, executed 2021-08-10 20:07:23 (zlib-1.2.11)
process_radtags -1 NovaSeq/fastq/Sel_P2P4_USPD16104024-AK13664-AK13665_HL7GKDSXX_L4_1.fq.gz -2 NovaSeq/fastq/Sel_P2P4_USPD16104024-AK13664-AK13665_HL7GKDSXX_L4_2.fq.gz -i gzfastq -b NovaSeq/fastq/2019August_Selwyn_Coryphopterus-ddRAD_Plate2Pool4_demultiplex.txt -r -e ecoRI -o NovaSeq/demultiplexed_seqs/P2P4 -D
File	Retained Reads	Low Quality	Barcode Not Found	RAD cutsite Not Found	Total
Sel_P2P4_USPD16104024-AK13664-AK13665_HL7GKDSXX_L4_1.fq.gz	249183329	0	608546	842673	250634548

Total Sequences	250634548
Barcode Not Found	608546
Low Quality	0
RAD Cutsite Not Found	842673
Retained Reads	249183329

Barcode	Filename	Total	NoRadTag	LowQuality	Retained
GCATG	COPE-1257	2696640	5129	0	2691511
AACCA	COPE-0765	10291836	55603	0	10236233
CGATC	COPE-0760	1002264	19274	0	982990
TCGAT	COPE-0577	1080060	9808	0	1070252
TGCAT	COPE-0863	1106000	1698	0	1104302
CAACC	COPE-1142	5878340	11471	0	5866869
GGTTG	COPE-0991	3613280	6423	0	3606857
AAGGA	COPE-1188	16379154	68762	0	16310392
AGCTA	COPE-0924	8875024	30587	0	8844437
ACACA	COPE-1065	408784	45165	0	363619
AATTA	COPE-0722	5203810	29244	0	5174566
ACGGT	COPE-0945	1576816	3278	0	1573538
ACTGG	COPE-0868	4863836	12236	0	4851600
ACTTC	COPE-0981	6137316	9442	0	6127874
ATACG	COPE-0667	6273052	11582	0	6261470
ATGAG	COPE-1224	4357248	10059	0	4347189
ATTAC	COPE-0866	33906232	52997	0	33853235
CATAT	COPE-0655	2239702	3864	0	2235838
CGAAT	COPE-1227	4862866	10148	0	4852718
CGGCT	COPE-0559	2132284	14808	0	2117476
CGGTA	COPE-0612	3549870	28862	0	3521008
CGTAC	COPE-0911	10518896	19058	0	10499838
CGTCG	COPE-0556	9963618	13048	0	9950570
CTGAT	COPE-1047	6770474	12469	0	6758005
CTGCG	COPE-1244	73532	6921	0	66611
CTGTC	COPE-0680	4069848	10511	0	4059337
CTTGG	COPE-0915	213730	1831	0	211899
GACAC	COPE-0548	808528	6756	0	801772
GAGAT	COPE-0492	3144682	8349	0	3136333
GAGTC	COPE-0927	435170	2868	0	432302
GCCGT	COPE-0643	1396278	4766	0	1391512
GCTGA	COPE-1037	1343840	27387	0	1316453
GGATA	COPE-1095	11514196	34775	0	11479421
GGCCA	COPE-0747	374998	3648	0	371350
GGCTC	COPE-1021	1117018	2919	0	1114099
GTAGT	COPE-0842	4525666	5418	0	4520248
GTCCG	COPE-0909	4979766	10280	0	4969486
GTCGA	COPE-1007	17463504	56548	0	17406956
TACCG	COPE-1114	3202050	10762	0	3191288
TACGT	COPE-1234	35200396	35537	0	35164859
TAGTA	COPE-1053	3267526	50693	0	3216833
TATAC	COPE-0568	220374	4945	0	215429
TCACG	COPE-0852	838804	1956	0	836848
TCAGT	COPE-1247	43264	1701	0	41563
TCCGG	COPE-0844	60068	24555	0	35513
TCTGC	COPE-0689	11650	346	0	11304
TGGAA	COPE-0893	1824252	23840	0	1800412
TTACC	COPE-0625	209460	20346	0	189114

Sequences not recorded
Barcode	Total
CGTGA	90294
ACGTA	86108
GGTAA	32000
GATAA	25050
ATTCA	24282
ACCAA	18686
AGTAA	18644
CGCGA	17444
ATAGA	16102
GTGAA	12200
CTATA	11708
ACCGA	11486
GCGAA	10404
ACTAA	9624
CTACA	8874
TACAA	8650
GTACA	8348
CAATA	7088
GTGTA	6538
CGGAG	6300
AAAAA	5922
ACAAT	5120
TGAGA	4846
CTTCA	4800
CGGGG	4342
AGAGA	4312
CATGA	4128
ATAAA	4050
CGGGC	4030
GGTCC	4006
CTGGA	3894
CGACA	3872
TCATA	3528
ATATA	3184
AAAGG	3178
CCGAA	3170
TGTTC	3096
CACGA	2976
GTCAT	2956
AAACT	2696
AAAAC	2460
ACGAA	2130
GTAAA	2082
GCGTA	1906
AGAAA	1820
AAAAT	1752
TAAGG	1748
ATCAA	1714
GTGAC	1598
AAATT	1556
TGTCA	1486
TAATT	1408
TCGTC	1202
CATCA	1108
GTTCT	1106
GATCA	1096
CTCGC	1068
GCCAA	1058
TTAAA	1038
TAGCT	1036
CTAAA	1026
TAACA	1010
GAAAA	974
CACAA	954
CCAAC	884
GGGTT	882
AGTCA	868
GAATT	846
TAAGA	844
CCAAA	804
AGCCT	792
TAAAT	774
AAGCT	764
TCAAC	758
TACTC	758
ACCTT	726
CAATT	724
CGAGA	724
TGTCC	718
GGACT	686
TTCAA	672
TAAAA	670
AACTT	656
CTTCC	648
AACAT	640
CTCAA	636
CGCAA	596
GTTCC	592
CAAAA	588
AACTG	554
TTGGA	554
TATGA	548
GGAAG	546
ACCTG	536
GAACT	528
GGACC	526
ATAAT	520
ACAAC	510
GCAAT	498
TGTCT	492
CTTAA	492
TGGTT	490
GAAGA	474
GAACA	468
ATTGA	468
GGGGG	464
GCAAA	434
ACCAC	384
TAACT	376
GGAAC	374
TATTT	364
AAAGT	356
ATGGC	352
AACAG	350
TCAAA	344
TGTAG	344
CCCAA	342
TTCCA	336
TCTAA	328
GATGT	320
GACCT	288
GCCTA	288
GATCC	288
CCATT	288
CTACT	278
CCGGC	278
ACCAG	278
AAGAC	272
CCATA	266
AGAAC	262
TGAAG	258
AAATC	258
GTAAG	258
GATTT	246
TTCAC	246
CTTCT	244
CACTC	242
GGGCC	242
GTGCC	242
CTCTA	242
GTTAA	236
CCTGT	234
GGTGT	234
GATCT	234
GATAG	232
CTAAC	230
GTTAG	230
ATCAT	224
GCACT	218
GGTAT	218
GTCTT	208
CAGAA	208
CCGGA	208
ACCAT	208
GCCAG	206
TTCCT	206
TTAAT	202
GTATC	200
GCGCC	200
GCCCC	198
TGAAC	192
GCACC	190
GAGCA	184
TTGCA	182
AACGG	182
TTGTT	180
GGAGC	180
TCGGA	178
CTCCA	176
CCACT	176
CCTAA	174
TAAAG	174
TCCTA	174
CTATT	170
GCAAC	168
GTAAC	168
GCTCC	168
GGGGA	166
TATTG	166
CCGGG	162
TTCTG	158
CAATG	158
AGTGA	158
GGTCT	158
CCTCT	152
GGAGG	150
CACTT	150
GCTTT	150
CCCCA	150
GTGTT	150
TATCA	148
ATTTT	148
TTATA	146
TGTTT	146
AGTAG	146
GTTTA	144
CCCCC	144
GGTGC	142
CCTTT	142
ATGTA	142
TGATT	142
TGCTG	140
ACATT	140
CCCCG	138
CATTG	138
CATGC	136
TCCAC	136
TTCTT	136
ACTCT	136
GGACG	134
CTCTG	134
GTGCA	134
CTTTT	132
CTAGA	132
CCTCC	132
TGACT	130
CCTCA	128
GACTT	128
ACCCC	126
CTCCT	124
CACCT	124
GCGAC	122
TGGCC	122
AGTAT	122
GTGTG	122
AGGGG	120
TGACA	120
CACAG	120
AAGTT	118
CTCAC	118
GGGCG	118
TCCAA	118
ATTGT	116
GTTTT	116
GACTG	116
GCTCT	116
CCCAC	116
GTGGG	114
GCTAT	114
TATCT	112
AGTCC	112
CTCGT	112
CAGAC	110
AAATG	110
GCTAC	110
GAAAG	106
AGGTG	106
CCCCT	102
TGTGA	102
AAAAG	102
GGGAC	100
ACTAT	100
ATATT	100
TGATG	98
GACTA	98
AGCAC	98
GCAGC	96
GTTGC	96
CTCTT	96
GGCAG	94
AATCT	94
TGTGT	94
CCAAG	94
TGGGG	92
CGTGT	92
AATGT	92
TCTTT	92
TATGG	92
TGCGA	90
GGGGT	90
CGCTG	90
TTAGA	90
GAACG	90
CTTTA	90
GTGCT	90
CATTC	88
AGTCT	88
ATTCT	88
TTTAA	86
AAGTG	86
TCCCC	84
TCTCT	84
GGGGC	84
GTTAT	82
CAGTG	82
TTCTC	82
ATCTG	82
TAATC	82
ATTTG	82
ATATC	82
CAAGT	80
GCTCG	80
CTATG	80
AAGCC	80
CACTA	80
AGACT	80
CGCTT	80
ATAGC	80
ACAGC	78
CCCTC	78
AGAGT	78
GATGG	78
AAAGC	78
GAGCG	78
CTCCC	78
CAGCA	78
CGCGT	78
TTCTA	78
ACAAG	76
AGGAT	76
AGACC	76
AGATT	76
CAGTT	74
GTTTC	74
AGGTT	74
GATGC	74
TAAGC	74
TTTTT	72
AGGAC	72
CAAGA	72
GGGAG	70
TGCCC	70
CGCCC	70
AGTTT	68
AGATG	68
TTAGG	68
GAGGG	66
GTTCA	66
TGGTG	64
TTTTA	64
CCCTA	64
ACGTG	64
ATGCA	64
GAAGG	62
GAAGC	62
TCCTT	62
GGCGG	62
TCTTA	62
CCAGA	62
CCTTA	62
ACGAC	60
AGGCG	60
TCCTC	60
TTTCT	60
CCCAT	60
CGCGG	60
TCTTG	58
CCAGC	58
GCGAG	58
TTTGA	58
CCCTG	58
AATCC	56
TTGCT	56
TCCCT	54
CACTG	54
TGAGG	54
CCTTG	54
ACCCG	52
AGCAG	52
ACCCT	50
GACGG	50
TGTTA	50
AATAG	50
AATGC	48
AGGCC	46
TCTCA	46
TGAGC	44
GCGGG	44
TCCCA	44
GCTAG	44
TGGTC	44
CCAGG	44
CAAAG	44
TTGAC	42
AGGTC	42
CGTTT	42
TTTGT	42
ATGTT	40
CCCTT	40
GCGCT	40
TGGGT	40
TCATC	40
CCGTG	38
AGAGC	38
TTTAT	38
GCGGC	38
AGAGG	38
AACTC	38
GATCG	38
AGGCA	38
AATCG	38
AGCCC	38
TTATT	36
TAGAG	36
TAATG	36
NCGTA	36
TTTCA	36
GTGGC	36
TTTTG	34
ATCTC	34
CTCAG	34
TTCAG	34
CAGGT	34
TTCGC	34
CCGCA	32
TTATG	32
AGGGC	32
CNTGA	32
TGTGG	32
TTTTC	32
TAGGG	32
CACGC	30
NGTGA	30
ATGCT	30
GCGTT	30
CCCAG	30
TAGGC	30
ATGCC	30
NTACA	28
CCCGA	28
TCGCA	28
TAGCC	28
CAGGC	28
TGCGC	26
ATCTT	26
CGCAG	26
AACGC	26
AAGCG	26
TTGGT	26
TTAAG	26
CAGAG	26
TTTAG	26
CACGG	26
CAAGG	26
NTCAA	24
ATCGG	24
NGTAA	24
CTAAG	24
NCCGA	24
ANGTA	22
AGTGC	22
CGCGC	22
TCGTG	20
NACGA	20
CCTAG	20
TTGGG	18
ATCCC	18
TTGTG	18
AGAAG	16
CCGAG	16
AGTGT	16
ACGCC	16
GCGCA	16
ANTAA	16
CTAGC	14
TNCGA	14
CGAGG	14
TGGGC	14
NTTAA	14
ACCGC	14
NATAA	14
TTGGC	12
GNCAA	12
NAATA	12
ATCGC	12
TCGCC	12
AGCGT	12
NACAA	12
ATCCT	12
ATCGT	10
ANTCA	10
AGCGG	10
NCGAA	10
CCGCC	10
NTGGA	10
NAGAA	10
AGCCG	8
NGCGA	8
AGCGC	8
NAACA	8
TNATA	8
NGTAG	8
NACAT	8
NGAAA	8
CAGGG	8
ANGAA	8
TCTAG	8
NCTAA	8
NTATA	8
CCGTT	8
ANAGA	8
GNTAA	8
NTGAA	8
NTGTA	8
NGGAT	8
ANCAA	6
NAAGG	6
NGTCC	6
GNGAA	6
NAATT	6
TGGCG	6
NTAGA	6
NTTGA	6
NGTTA	6
NCGTC	6
CNCGA	6
CNGCA	6
ANAAC	6
NGTTC	6
GCGCG	4
NACGG	4
NGCTG	4
NTCTA	4
ANGCT	4
CNGTT	4
NAGGC	4
CNTAA	4
NATCA	4
NTACT	4
CNTCA	4
ANCGA	4
ANCAC	4
NCCAA	4
ANTTG	4
NGACA	4
NTTCA	4
CNGAC	4
CNCTC	4
NTTCG	4
NGGGA	4
NGGAC	4
NGGTG	4
NAACG	4
CNAAC	4
GNCTG	4
NTTTC	4
NAACT	4
ANTAT	4
GNCAT	2
NTCCA	2
NTGAC	2
ACGCG	2
GNAGA	2
ANATA	2
GNGTT	2
NTCAT	2
ANAAT	2
NTGCC	2
ANATT	2
ANTCG	2
NTCGG	2
GNGCT	2
ANCCT	2
NTCCC	2
NTCCT	2
NTTAG	2
GNCCT	2
ANTGC	2
ANCGT	2
ANGCG	2
TNCCA	2
NACCT	2
NGAAG	2
TNTGT	2
TNTCG	2
NACAG	2
TNTAA	2
TNGGA	2
TNGAC	2
NAAGA	2
NACTA	2
CNACA	2
CNATA	2
CNCCA	2
CNGAA	2
TNACA	2
TNAAA	2
CNGGA	2
NGACT	2
NGAGA	2
NATTT	2
CCGAC	2
NCCCG	2
NCCCA	2
NCCAG	2
NCATT	2
NCGGA	2
NCAGG	2
NCAGA	2
NCACT	2
GNTGT	2
NATTC	2
NATGT	2
NATGA	2
NCTAC	2
NCTCA	2
NAGTT	2
NCTCC	2
NAGCT	2
NAGAC	2
CNTCT	2
NGGCG	2
NGGCC	2
NGGAG	2
NTAAC	2
NTAAG	2
NGTGC	2
NTAAT	2
NGTCT	2
GNTTA	2
NTCAC	2
NGCAC	2
NGCAA	2
NGGTC	2
NGATT	2
NGATG	2
NGTCA	2
NGTAT	2
