process_radtags v2.41, executed 2021-08-10 22:48:11 (zlib-1.2.11)
process_radtags -1 NovaSeq/fastq/Sel_P2P6_USPD16104024-AK13667-AK13668_HL7GKDSXX_L4_1.fq.gz -2 NovaSeq/fastq/Sel_P2P6_USPD16104024-AK13667-AK13668_HL7GKDSXX_L4_2.fq.gz -i gzfastq -b NovaSeq/fastq/2019August_Selwyn_Coryphopterus-ddRAD_Plate2Pool6_demultiplex.txt -r -e ecoRI -o NovaSeq/demultiplexed_seqs/P2P6 -D
File	Retained Reads	Low Quality	Barcode Not Found	RAD cutsite Not Found	Total
Sel_P2P6_USPD16104024-AK13667-AK13668_HL7GKDSXX_L4_1.fq.gz	224694327	0	565542	709671	225969540

Total Sequences	225969540
Barcode Not Found	565542
Low Quality	0
RAD Cutsite Not Found	709671
Retained Reads	224694327

Barcode	Filename	Total	NoRadTag	LowQuality	Retained
GCATG	COPE-0908	12200006	17140	0	12182866
AACCA	COPE-1093	4968158	29438	0	4938720
CGATC	COPE-0634	7297626	20087	0	7277539
TCGAT	COPE-0816	2517890	4212	0	2513678
TGCAT	COPE-0805	5377148	4664	0	5372484
CAACC	COPE-1049	4779290	4704	0	4774586
GGTTG	COPE-0730	2386478	4058	0	2382420
AAGGA	COPE-0494	3764606	14117	0	3750489
AGCTA	COPE-1240	2851562	19565	0	2831997
ACACA	COPE-0597	7015446	28398	0	6987048
AATTA	COPE-0507	5512268	17909	0	5494359
ACGGT	COPE-0867	4499440	6855	0	4492585
ACTGG	COPE-0732	3615644	8638	0	3607006
ACTTC	COPE-0545	1225502	1377	0	1224125
ATACG	COPE-1230	8479364	10728	0	8468636
ATGAG	COPE-0485	1304778	4478	0	1300300
ATTAC	COPE-1022	31142	10866	0	20276
CATAT	COPE-1087	3079160	3403	0	3075757
CGAAT	COPE-1032	5198378	10103	0	5188275
CGGCT	COPE-0791	9993042	25148	0	9967894
CGGTA	COPE-0602	4884508	34424	0	4850084
CGTAC	COPE-0895	7724288	13483	0	7710805
CGTCG	COPE-0482	9719382	10474	0	9708908
CTGAT	COPE-0965	3984846	12962	0	3971884
CTGCG	COPE-0543	6472220	17055	0	6455165
CTGTC	COPE-1152	6490002	8631	0	6481371
CTTGG	COPE-1051	3719570	10118	0	3709452
GACAC	COPE-0812	3146646	9760	0	3136886
GAGAT	COPE-1127	1602832	4019	0	1598813
GAGTC	COPE-0477	1712312	2555	0	1709757
GCCGT	COPE-0790	3776068	6406	0	3769662
GCTGA	COPE-1056	8316816	82218	0	8234598
GGATA	COPE-1211	11942752	25957	0	11916795
GGCCA	COPE-0973	11011692	28295	0	10983397
GGCTC	COPE-1139	4415046	5266	0	4409780
GTAGT	COPE-1145	5205658	5413	0	5200245
GTCCG	COPE-1054	1604666	3214	0	1601452
GTCGA	COPE-1044	1692354	28901	0	1663453
TACCG	COPE-0522	6300196	11614	0	6288582
TACGT	COPE-0613	8054864	23192	0	8031672
TAGTA	COPE-0925	5885578	25812	0	5859766
TATAC	COPE-1107	4711002	12085	0	4698917
TCACG	COPE-0516	1880	315	0	1565
TCAGT	COPE-0684	2980696	2570	0	2978126
TCCGG	COPE-0793	794632	60187	0	734445
TCTGC	COPE-0549	411124	1659	0	409465
TGGAA	COPE-1029	2047518	12659	0	2034859
TTACC	COPE-0861	697922	4539	0	693383

Sequences not recorded
Barcode	Total
CGTGA	55666
GCCAA	33394
GGTAA	28882
GATAA	23440
ACCGA	22100
ACGTA	20648
ACCAA	17870
AGTAA	17468
CGCGA	16998
CATGA	16912
CTGGA	14180
ATAGA	13720
GCGAA	13486
GTGAA	12584
TCATA	12288
TAACA	9560
CGGAG	8986
CGGGG	7904
CACAA	7868
CTATA	7406
CATCA	6972
CGGGC	6950
GTGTA	6632
GATCA	6424
ACAAT	6358
CAATA	6354
TGCGA	5306
ATATA	4506
GCGTA	4404
GCTAC	4142
CCGAA	4054
GTACA	4004
CCGGA	3800
CTACA	3790
AAAAA	3626
GGTCC	3414
GCTAT	3296
CGACA	3092
ACTAA	3028
TGTCA	2838
AGTCA	2654
TTGGA	2514
AAACT	2436
TGTTC	2428
ACGAA	2350
GGGCC	2322
CTCGC	2258
GCAAA	2196
GTGAC	1920
CTTCA	1786
TATCA	1778
TACAA	1666
GCAAT	1494
TCGGA	1490
TCGTC	1420
TGGCC	1384
CCAAA	1382
GCTAG	1342
TGAGA	1322
ACCAC	1236
GTAAA	1232
AAATT	1226
CGCAA	1210
ATAAA	1178
AGAGA	1164
TTAAA	1086
GAATT	1072
TTGCA	986
TAAAA	986
TTATA	934
AAAAT	906
GAACA	904
GATGT	858
TGCTG	850
TAATT	830
CCGGC	816
GCACT	796
GGACT	788
GCACC	756
GAAAA	744
GCGAC	742
GCTCC	736
ATTCA	708
TGTCT	700
CTAAA	652
CCTAA	650
AAAGG	648
TAAAT	622
AGAAA	620
GGACC	616
CTCAA	596
ACAAC	580
TTCAG	578
ATCAA	576
CAAAA	568
GTTCT	566
GCCTA	558
TTCCA	558
GCTTT	548
CGAGA	540
GCGCC	516
AAAAC	510
ATAAT	504
GGGTT	482
CTTCC	482
GATCC	462
GCAAC	460
CCAAC	458
TGTAG	446
TCTCA	446
TAGCT	446
GCAGC	438
CCATA	434
GAACT	434
TAAGG	432
GCCAG	420
TCTTG	420
ACCTG	412
CCTTG	374
GCGAG	370
TGACA	368
GCTCT	364
TCAAA	352
AGCCT	350
GGGGG	346
CCCAA	344
TCCAA	326
GACCT	322
GTTAA	314
TCGCA	314
CCTGT	314
GTGCC	302
TGGTT	298
CTTAA	298
CAATT	292
AACTG	290
GTGTT	282
GGAAG	280
GAAGA	278
AGAAC	268
AAGCT	264
GGCAG	260
CTACT	252
AACGG	252
TCTAA	252
GAGCA	248
GGAGC	248
GCCCC	246
TGTCC	238
GTTGC	232
GGAAC	228
GGGGC	228
CCTCA	226
TAAGA	226
GATTT	224
CTCCA	222
TCAAC	216
GATGG	208
CTCAC	206
CCAAG	202
AAAGT	200
GGAGG	200
TATGA	198
CTAAC	196
ACCAT	196
CAATG	196
GAAAG	192
GGGAG	190
CGCTT	190
TTCAA	190
GCGCT	188
AAAAG	186
GTCAT	182
TAAAG	180
GTATC	180
GGTAT	180
CACCT	178
CACTC	176
GTTAG	174
AACAT	172
TTAAT	170
GGTCT	170
GATGC	170
CCAGA	170
GGTGC	168
TAACT	166
GTTCC	164
TGATG	164
CCTCT	162
GGTGT	156
CCCCA	156
TTCTG	154
GACTG	150
CAGAA	146
CCATT	144
TACTC	142
ACCAG	140
TTGTT	138
CGCTG	134
TGACT	132
CACTA	132
GGGGT	132
GATCT	126
CTCTG	126
ATGGC	124
GGGGA	124
GTAAG	124
GGGAC	124
CAGCA	122
CTAGA	120
TCCCA	120
TGGGG	120
TGTTA	120
TGAAC	118
CTTTT	118
GAACG	116
ATATC	116
CAAAG	116
CCCCT	116
CCCCG	116
CCTCC	114
ATTGA	114
CATTC	114
GGCGG	110
CTCCT	110
GACTT	110
ACTCT	110
GTGCA	110
GTGTG	110
CATTG	108
CCACT	106
ATGTT	106
CGCCC	106
CTATT	104
GGACG	102
GTGCT	102
TTGCT	100
ACCTT	100
CAGTG	98
ATGTA	98
GACTA	98
TCATC	96
CTTCT	96
TGCCC	96
ATCAT	96
TTCCT	94
GTTTA	94
AGTGC	94
TGTTT	92
TGATT	92
AGTAG	92
AGTCT	92
CCCTC	92
AAGAC	92
AACTT	92
CTCTA	92
TATTT	92
TGAAG	88
AATGT	88
CCCTA	88
ATAGC	86
CCTTA	84
ATCGT	82
TTTAA	82
ACGTG	82
CTCGT	82
GCGGG	82
AGCCC	82
ACAGC	82
CCGGG	80
CAAGG	80
ATTCT	80
GCGCA	80
AGGAT	80
CACAG	80
ACATT	80
TTTTT	78
CAAGT	78
TCCTC	78
GAAGC	78
GTTTT	78
CAGAC	78
CTTTA	76
ACTAT	76
TCTTA	74
CTCTT	74
CCCCC	74
ACAAG	74
TGTGA	72
AACAG	72
ACGCC	72
AAGCG	68
TCTTT	68
TCCCT	68
TGGTG	66
TTCAC	66
AGTCC	64
AGGTT	64
AGGTC	62
AGGCA	62
GTTCA	62
AGTGA	62
TTCTC	62
AAATC	60
GATAG	60
AGACC	60
AAATG	58
ACCCT	58
AGCAC	56
CCCGA	56
CAGGG	56
TGTGG	56
CAGAG	56
TCCCC	56
AAAGC	54
CTCCC	54
CGCAG	54
AGACT	54
ATCGG	54
ACCCC	54
GCGGC	52
CACGA	52
GCTCG	52
CCCAC	52
CGCGC	52
GTCTT	52
TAATG	52
TGGTC	50
AATCT	50
TTATT	50
CTATG	50
TCCTA	50
GGGCG	50
ATTTG	50
CCCAG	50
CCTTT	48
ATATT	48
TCCTT	48
TGAGG	48
CACGG	48
TAGAG	46
ATCCC	46
GTGGC	46
CACTG	46
CACTT	46
CTCAG	46
TTTCT	46
CGCGG	44
TGGGT	44
CGAGG	44
GTTTC	44
AGTAT	42
CTAAG	42
CGTGT	42
CAGTT	40
CCCAT	40
CGTTT	40
TTTTA	40
CGCGT	38
ATGCC	38
GACGG	38
CCAGC	38
AAGTT	38
TTCTT	38
TATTG	36
GAGCG	36
GTTAT	36
ATGCT	36
CCCTG	36
TTGGT	36
ATTTT	34
CAGGT	34
TTATG	34
TTAGG	32
AATGC	32
ATTGT	32
AGGCC	32
TTTAT	32
AACTC	32
TATCT	32
CTAGC	30
AGGGG	30
TTAGA	30
TCTCT	30
CCGTG	28
ATGCA	28
GTGGG	28
GTAAC	28
TTGGG	28
TTGAC	28
TCCAC	28
AATCG	28
AGATG	28
CAAGA	28
TTGGC	26
AGGAC	26
AATAG	26
ACCCG	26
GCGTT	26
CCGCA	26
CCGAG	26
CCGAC	26
AGAAG	24
GATCG	24
TAGCC	24
TAATC	24
AGGTG	24
TATGG	22
TTTTC	22
AGAGT	22
AGCAG	22
GAGGG	22
CATGC	22
TNCGA	22
CCAGG	22
NGTAA	22
TTTGA	22
ACGAC	22
AAGTG	20
CCCGC	20
CAGGC	20
NCCGA	20
CCCTT	20
CCGTT	18
TTCTA	18
NGTGA	18
TTTCA	18
AGAGC	18
AGTTT	18
TTGTG	18
AATCC	16
TCTAG	16
AGATT	16
TAGGG	16
TAAGC	16
TGAGC	16
NACGA	16
TGCGC	16
CNTGA	14
GCGCG	14
ANCAA	14
ACCGC	14
ATCTC	14
GNCAA	14
ATCTG	14
NCATA	14
NCCAA	14
GAAGG	12
NGCAA	12
CCTAG	12
NTACA	12
TCGCC	12
AGAGG	12
NATAA	12
AAGCC	12
ATCTT	12
NGTCA	10
ACGCG	10
TTAAG	10
NACAA	10
ANCGA	10
AACGC	10
CNCGA	10
TGTGT	10
AGCCG	10
AGTGT	10
NTGGA	10
TGGCG	10
NATGA	10
AGGCG	8
ATCGC	8
NTGCA	8
ATCCT	8
NCTAA	8
NACTC	8
TTTTG	8
NAATA	8
NCGTA	8
CCGCC	8
NGGGT	6
TNATA	6
NGGTT	6
NGTCC	6
NATCA	6
NAGAA	6
GNGAA	6
ANAGA	6
GNTAA	6
GNTCA	6
NTATG	6
NTGAA	6
TCGTG	6
TTTAG	6
NCGAA	6
TTTGT	6
CACGC	6
NAACA	6
NGCCC	6
NGGCA	6
NTGTA	4
NAAAT	4
NTGTG	4
GNTGC	4
NTTAA	4
NTGGT	4
CNTCC	4
GNTAC	4
TGGGC	4
ANTGA	4
GNGTA	4
NCGGA	4
GNCTG	4
CNTCA	4
NCAGA	4
NCTGT	4
CNACG	4
CNACT	4
CNCAA	4
CNCTC	4
NCAAA	4
CNGCA	4
NCTCA	4
GNAAA	4
GNACA	4
NCATT	4
GNACC	4
CNGGT	4
NTTGA	4
TAGGC	4
NGACG	4
NGGGG	4
NGTTA	4
NGTTC	4
NGGAT	4
NGGAG	4
NGGAC	4
NGCGA	4
TTCGC	4
NGGTG	4
NTAGA	4
TNAAA	4
NGTAG	4
NTCCA	4
TNCAG	4
NCAAC	2
NGGTC	2
NCAAG	2
NAATC	2
NAATG	2
NCACT	2
NAAAC	2
NGATT	2
NCAGC	2
NGGGA	2
NGGCC	2
NCCGC	2
NGCTT	2
NGCTG	2
NCGGC	2
NGCCT	2
NCTAT	2
NGCCG	2
NAAGT	2
NCGTC	2
NAACG	2
ANAAA	2
NTAAA	2
NTCGT	2
NGACT	2
NTCGC	2
NTCAA	2
NAGGG	2
NTATC	2
NTATA	2
NTAGG	2
NTACT	2
GNGTG	2
NTTAT	2
NGAGC	2
NTTCG	2
NATTT	2
NGTTT	2
NGACA	2
NACTT	2
GNCGG	2
GNCGC	2
NTTTG	2
NATCG	2
GNATT	2
NGTCT	2
NGAAC	2
NATTG	2
GNAAT	2
NGATG	2
CNGTG	2
ANCCG	2
ANACT	2
ANTCG	2
CNGAA	2
ANTAA	2
CNGCC	2
ANGAA	2
AGCGC	2
TNACA	2
CNTAA	2
ANAGG	2
ANGAT	2
ANGTC	2
ANATA	2
ANGCT	2
ANATG	2
AGCGG	2
TNGCG	2
TNGGT	2
TNTGT	2
TNCTA	2
TTTCG	2
TNGTC	2
ANAAT	2
TNTCC	2
AGCGT	2
