process_radtags v2.41, executed 2021-08-10 15:34:06 (zlib-1.2.11)
process_radtags -1 NovaSeq/fastq/Sel_P1P5_USPD16104024-AK13652-AK13653_HL7GKDSXX_L4_1.fq.gz -2 NovaSeq/fastq/Sel_P1P5_USPD16104024-AK13652-AK13653_HL7GKDSXX_L4_2.fq.gz -i gzfastq -b NovaSeq/fastq/2019August_Selwyn_Coryphopterus-ddRAD_Plate1Pool5_demultiplex.txt -r -e ecoRI -o NovaSeq/demultiplexed_seqs/P1P5 -D
File	Retained Reads	Low Quality	Barcode Not Found	RAD cutsite Not Found	Total
Sel_P1P5_USPD16104024-AK13652-AK13653_HL7GKDSXX_L4_1.fq.gz	158241781	0	374956	564153	159180890

Total Sequences	159180890
Barcode Not Found	374956
Low Quality	0
RAD Cutsite Not Found	564153
Retained Reads	158241781

Barcode	Filename	Total	NoRadTag	LowQuality	Retained
GCATG	COPE-0939	6945404	14933	0	6930471
AACCA	COPE-1119	9288368	36373	0	9251995
CGATC	COPE-0988	6291494	30611	0	6260883
TCGAT	COPE-1154	10459514	13766	0	10445748
TGCAT	COPE-0972	4422708	6263	0	4416445
CAACC	COPE-0851	8570622	17871	0	8552751
GGTTG	COPE-0914	3400740	6769	0	3393971
AAGGA	COPE-0610	4555604	15572	0	4540032
AGCTA	COPE-0804	249432	10710	0	238722
ACACA	COPE-0794	1586378	10863	0	1575515
AATTA	COPE-0654	2142920	6023	0	2136897
ACGGT	COPE-0825	301428	2977	0	298451
ACTGG	COPE-1005	892564	1565	0	890999
ACTTC	COPE-1102	285100	629	0	284471
ATACG	COPE-1220	423154	1065	0	422089
ATGAG	COPE-0838	129260	1151	0	128109
ATTAC	COPE-0967	3436612	10985	0	3425627
CATAT	COPE-0493	3702240	6450	0	3695790
CGAAT	COPE-0515	2920892	7673	0	2913219
CGGCT	COPE-1027	10275484	22594	0	10252890
CGGTA	COPE-0708	10548390	35572	0	10512818
CGTAC	COPE-0977	5716658	22933	0	5693725
CGTCG	COPE-0886	5307712	9820	0	5297892
CTGAT	COPE-0528	4999494	8078	0	4991416
CTGCG	COPE-0736	225048	1893	0	223155
CTGTC	COPE-0622	309290	1985	0	307305
CTTGG	COPE-0648	267712	810	0	266902
GACAC	COPE-0555	4388382	37304	0	4351078
GAGAT	COPE-1158	93708	983	0	92725
GAGTC	COPE-0606	312088	1978	0	310110
GCCGT	COPE-1260	610300	5628	0	604672
GCTGA	COPE-0774	321260	24490	0	296770
GGATA	COPE-1089	3196504	17393	0	3179111
GGCCA	COPE-0795	1467858	20391	0	1447467
GGCTC	COPE-1121	10847204	22666	0	10824538
GTAGT	COPE-1201	2697766	4597	0	2693169
GTCCG	COPE-0862	3632950	12093	0	3620857
GTCGA	COPE-1016	9752932	34463	0	9718469
TACCG	COPE-1144	2759734	11495	0	2748239
TACGT	COPE-1235	3536988	11392	0	3525596
TAGTA	COPE-0859	205618	6342	0	199276
TATAC	COPE-1055	1585828	3785	0	1582043
TCACG	COPE-0933	4456678	7497	0	4449181
TCAGT	COPE-1250	174894	4925	0	169969
TCCGG	COPE-0779	73146	20383	0	52763
TCTGC	COPE-0727	776866	2266	0	774600
TGGAA	COPE-1164	128632	5118	0	123514
TTACC	COPE-1181	132376	3030	0	129346

Sequences not recorded
Barcode	Total
CGTGA	29742
GGTCC	29646
TCATA	22830
GGTAA	17022
ACCAA	15564
CACGA	13380
ACAAT	11574
CTATA	9578
ACCGA	8696
GATAA	8106
CATGA	7528
GTGAA	7022
ACGTA	6650
CGCGA	6244
GCGAA	5906
CATCA	5684
TGTTC	5530
CTACA	5362
CGGAG	5240
GTGTA	4734
CGGGG	4526
CAATA	4412
CGGGC	4412
ATATA	4352
GTACA	4342
GCCAA	3816
GATCA	3806
CGACA	2778
AAAAA	2634
CACAA	2472
CCGAA	2386
CTCGC	2296
TACAA	1884
GTCAT	1874
GCACC	1794
CGCAA	1716
GAACA	1612
GTAAA	1506
GACCT	1502
TAACA	1496
ATTCA	1382
GAACT	1374
GTGAC	1312
CTGGA	1312
GGACT	1286
TCAAC	1272
GTTCT	1230
CCGGC	1212
TGTCT	1184
TTGCA	1138
GCACT	1090
GGTCT	1078
AAAAT	990
GCAAT	982
AAACT	946
CCAAC	938
CCATT	928
CAAAA	910
AAAGG	854
TCGGA	832
AGTAA	810
ACGAA	804
TTCAC	804
ATAAA	804
CACCT	784
CCAAA	784
TCTCA	768
CTCAA	746
GGGCC	744
GGGTT	722
GAATT	690
TCGTC	690
TCGCA	656
AAAAC	646
GCAGC	644
GCGTA	636
GGACC	630
TGGTT	620
GATCC	616
CTAAA	612
GTTCC	608
AGTCA	592
ATAGA	590
CCCAA	574
AAATT	570
CCGGA	554
GCTCC	540
TAAGG	532
CCTAA	522
GCAAA	512
TGTCC	510
TCAAA	500
GAAAA	500
GCGCC	488
TAAAT	474
CCATA	472
CACTC	468
GCAAC	466
GACTG	464
CTTAA	458
CCCCG	456
TAATT	454
CAATT	450
CCCTC	444
TACTC	444
CACTG	444
CACTT	444
ACCAC	430
ATCAA	426
TCCAA	420
GGCAG	402
GGTAT	398
ATAAT	394
GGAAG	382
GCCCC	372
GTGCC	372
TGATT	370
GTAAG	360
GGGGG	358
AGAAA	354
CCTCT	354
CCGGG	342
CTCCT	340
CACAG	338
GATGT	338
GGTGC	328
CGCTG	314
GACTT	314
TCTAA	312
TCCAC	312
CTCTA	310
GCTCT	310
CTTCA	310
GGAAC	302
AACAT	298
GCCAG	296
ACTAA	296
CAATG	282
CAGAA	280
ACAAC	272
CCCCT	272
ACCCG	266
CCCTT	262
CGCTT	254
AACAG	254
TATCA	254
CCCCA	252
TAAAA	248
TTAAA	248
TGACA	246
TTCCA	244
TGTAG	244
GTTTT	242
AGAAC	240
CTCCA	232
GATTT	230
CTTCC	228
GAACG	224
GATCT	224
CTCTG	222
GTGTT	222
CAGTT	220
CTAAC	220
GGGGC	218
TGATG	212
CCAAG	210
GCTCG	210
GCTTT	208
GTGGG	206
GGACG	202
TAAAG	202
TCATC	200
GGAGC	200
CCCAC	200
CTACT	200
CCTCC	200
GATGC	200
CCACT	200
TGTCA	200
TAACT	200
GTGCA	194
GTGCT	194
CCTCA	194
ACCAG	192
GTTAG	190
GACTA	190
TAAGA	188
AACTG	188
TTAAT	184
GAAGA	184
CCTGT	182
GTGTG	182
CCCTA	182
CAGTG	180
GAAAG	178
TGAGA	178
ACCTG	174
CCCAG	170
GCCTA	170
GTTAA	168
TTGGA	162
AGACT	162
GGGGT	162
CCCAT	160
AAGAC	160
CCCCC	158
AACGG	158
CCAGA	154
TTATA	154
GCTAT	150
CATTC	150
TTGTT	150
GGGGA	148
TATCT	148
GGGCG	146
CGAGA	146
GGTGT	144
AAATG	144
ACTAT	144
TAGCT	142
GGCGG	140
GTATC	138
ACCAT	138
ATATT	138
CGTGT	136
ATATC	134
CAAAG	134
TTCTC	132
GTCTT	132
TGTTT	130
CATTG	130
GGGAC	128
TTCTG	128
CTTTT	126
CTCTT	126
AAAAG	126
AGGAT	124
ACATT	122
TGCGA	122
GGAGG	122
AGCCT	122
ATCAT	122
GCTAC	120
GACGG	120
TTCAA	120
AGAGA	120
TGGCC	120
AACTC	118
CGTTT	118
CAGAC	118
CCCTG	116
CTCCC	116
CTCAC	116
ACAAG	116
GTTTA	116
CAGCA	114
TGTTA	114
CTAGA	114
CACTA	114
TGGTG	114
TCGCC	112
GTTCA	112
CTTTA	110
GTAAC	110
CCAGG	110
GATGG	110
TGTGT	110
ACCCC	110
CTTCT	110
AGTCT	108
TTCCT	108
CGCCC	108
CCTTT	108
GCGCT	108
AAAGT	108
CTATT	106
TGCTG	106
TCTTT	104
TCGTG	104
CACGG	102
CAAGA	102
TGACT	102
GCGCA	100
ATGTA	100
CGCGC	98
GTTAT	98
AGTGA	96
GCGTT	96
CAGAG	96
ACAGC	94
GCGAC	94
AACTT	94
TCCCT	94
GTTTC	94
GGGAG	92
CCTTA	92
CACGC	90
TTGCT	90
AAATC	88
CGCGG	88
GATAG	88
CCAGC	88
CTCGT	88
CTCAG	86
TCTCT	84
TATTT	84
CAAGT	82
TCCCA	82
GATCG	80
GAGCA	80
AGTCC	80
TTATT	80
AGACC	80
TCCTC	78
TCCTT	78
TTCTT	74
CGCGT	74
TTTTG	72
TCCTA	72
ACCCT	72
AGGCA	70
TGGTC	70
TTAGA	70
TGCCC	68
AAAGC	68
CATGC	68
ACCTT	68
CTATG	68
TTTTT	66
TATGA	66
ATTTT	62
TTCAG	62
ATGCA	62
CAGGT	62
CGCAG	60
ATCTG	60
AGGAC	60
GCGCG	60
TTATG	60
TGGGG	60
TATTG	58
CCGTT	58
TCTTG	58
ATTGA	56
CCTTG	56
TATGG	54
TTTTA	54
TCCCC	52
GAAGC	52
ATAGC	52
TGGGC	50
TTTTC	50
GCGAG	50
GTGGC	50
ACGCC	50
AAGCC	50
GTTGC	50
ATTCT	48
CCGCA	48
AGATT	48
CCCGA	48
CAAGG	48
CTAAG	48
TTTCA	48
AGTAG	46
GCGGG	46
TTGTG	44
TTTAA	44
TTTCT	44
TGAAG	44
GCTAG	44
TGGGT	44
AGCCC	42
ATGGC	42
TGAAC	42
TAATG	42
AGTTT	42
TGTGA	42
TTGAC	42
TGCGC	40
GAGGG	40
GAGCG	40
AGATG	40
TTCTA	38
ATCCC	38
CAGGG	38
AGGCC	38
TTTGT	36
ATCTC	36
GAAGG	36
AATGT	36
TAGCC	36
ACGTG	36
ATGCT	36
AAGCT	36
AGGTG	34
AATCT	34
AGCAC	34
AGTAT	34
CCGTG	32
CAGGC	32
TGGCG	32
AATCC	32
TCTTA	30
ATCCT	30
TTTAT	30
GCGGC	30
AGGTC	30
ACTCT	30
TAATC	28
TTAAG	28
AGTGT	28
AATAG	26
TGTGG	26
ATCGC	26
AGAAG	26
TGAGG	24
ATGTT	24
CCGAC	22
TAGAG	22
ATCGT	22
TAAGC	22
ATTTG	22
CCTAG	22
AAGTT	20
AGGGG	20
CCGCC	20
ATTGT	20
AGTGC	18
CCCGC	18
CTAGC	18
NGTGA	18
CCGAG	18
AAGTG	16
NGTAA	16
AATGC	16
ATCGG	14
TTTCG	14
AGCGC	14
AGAGG	14
NACTC	14
CGAGG	14
ACCGC	14
AGGTT	14
ACGCG	14
ATGCC	14
NCCGA	14
TCTAG	14
TTTGA	14
AGCCG	12
AACGC	12
TAGGG	12
TNCGA	12
ANGAA	12
TTGGG	12
AGGCG	10
NTACA	10
NACGA	10
NTGTA	10
NCGAA	10
ANGTA	10
TNGCT	8
TAGGC	8
NACAT	8
AGAGC	8
NCATA	8
TTAGG	8
NTGCT	8
NAGAA	8
CNATA	8
TGAGC	8
CNCTC	8
GNTAA	8
AGCAG	8
CNTAA	8
ATCTT	6
NTCAG	6
NTCTC	6
AATCG	6
NGTTT	6
AGGGC	6
NGTCC	6
ANCAA	6
AAGCG	6
NGACT	6
TTGGC	6
NATCG	6
NATGA	6
AGAGT	6
TNATA	6
ANTCG	6
CNGGT	6
TNAGA	6
NACAA	6
NATAA	6
CNTGA	6
NCAAT	4
NGTCA	4
NCAGA	4
CNGCC	4
NAAAT	4
NCACC	4
GNCAT	4
NCGTA	4
NGTTC	4
GNTCC	4
GNTCA	4
TNATG	4
TNTAT	4
TTGGT	4
GNACA	4
CNCGA	4
NTAAT	4
GNCTA	4
GNATC	4
NTATA	4
CNACT	4
GNCCC	4
NTAGA	4
NGGTC	4
AGCGT	4
NCAAA	4
NGAAA	4
NCATT	4
NCCAA	4
NGCCC	4
NGCGC	4
NTTAT	4
NGGAT	4
NAATC	4
NGGGA	4
NGGGC	4
TTTAG	4
NATCA	4
NCTCT	4
ANACC	4
NCCTG	2
NTCAC	2
NAATT	2
NTCAA	2
TNTAA	2
NAAGA	2
NAAAC	2
NTGGT	2
NACTG	2
NCCAT	2
GNACG	2
GNCAA	2
NTGGA	2
TNGAC	2
TNCTC	2
NACCC	2
CNAAC	2
ANAAT	2
NACGC	2
NTTAA	2
TNTCG	2
NTCTA	2
NTGTG	2
TNTTT	2
NTCGG	2
NAATA	2
NTCTG	2
NCCCG	2
GNAGA	2
NACTT	2
NTGAA	2
NTCCA	2
ANGCT	2
NAATG	2
GNAAG	2
NAAAA	2
NTTCA	2
NCTCC	2
NCGGG	2
ANTGT	2
CNTCA	2
NGCAA	2
NGTAT	2
TNAAT	2
NGTAG	2
ANATG	2
CNTTA	2
NGGTT	2
NCTAA	2
ANTTG	2
CNTAG	2
ANCAC	2
ANCCC	2
NGGGT	2
NATCC	2
NGCCG	2
NGGCG	2
NGGCA	2
NGCTT	2
ACGAC	2
NCTGT	2
NGCCT	2
GNGCT	2
ANCTC	2
CNACA	2
NCGCG	2
NATTG	2
GNCGC	2
GNCGG	2
TNCAG	2
CNCAG	2
CNCCA	2
CNCCC	2
GNGCG	2
CNCTG	2
TNACT	2
GNGGG	2
CNGAC	2
ANATC	2
GNGTG	2
GNTAG	2
CNGCA	2
GNTTA	2
GNTTC	2
CNGGC	2
