process_radtags v2.41, executed 2021-08-10 22:44:33 (zlib-1.2.11)
process_radtags -1 NovaSeq/fastq/Sel_P2P7_USPD16104024-AK13669-AK13670_HL7GKDSXX_L4_1.fq.gz -2 NovaSeq/fastq/Sel_P2P7_USPD16104024-AK13669-AK13670_HL7GKDSXX_L4_2.fq.gz -i gzfastq -b NovaSeq/fastq/2019August_Selwyn_Coryphopterus-ddRAD_Plate2Pool7_demultiplex.txt -r -e ecoRI -o NovaSeq/demultiplexed_seqs/P2P7 -D
File	Retained Reads	Low Quality	Barcode Not Found	RAD cutsite Not Found	Total
Sel_P2P7_USPD16104024-AK13669-AK13670_HL7GKDSXX_L4_1.fq.gz	240183352	0	484056	781394	241448802

Total Sequences	241448802
Barcode Not Found	484056
Low Quality	0
RAD Cutsite Not Found	781394
Retained Reads	240183352

Barcode	Filename	Total	NoRadTag	LowQuality	Retained
GCATG	COPE-0922	369548	13358	0	356190
AACCA	COPE-0618	9044620	38572	0	9006048
CGATC	COPE-0649	8054176	19537	0	8034639
TCGAT	COPE-0951	1185286	5059	0	1180227
TGCAT	COPE-0947	10825262	8333	0	10816929
CAACC	COPE-1207	9832614	8100	0	9824514
GGTTG	COPE-0670	303400	1061	0	302339
AAGGA	COPE-0669	650706	13401	0	637305
AGCTA	COPE-0713	4743904	31708	0	4712196
ACACA	COPE-1256	9644808	39181	0	9605627
AATTA	COPE-0739	5464936	21410	0	5443526
ACGGT	COPE-0970	8557400	11827	0	8545573
ACTGG	COPE-0879	13562018	28091	0	13533927
ACTTC	COPE-0818	11267004	8804	0	11258200
ATACG	COPE-0683	7021202	7859	0	7013343
ATGAG	Blank-1	729372	3218	0	726154
ATTAC	COPE-1179	5290270	22336	0	5267934
CATAT	COPE-0964	1940874	3273	0	1937601
CGAAT	COPE-1197	5249900	11779	0	5238121
CGGCT	COPE-0498	10976722	23888	0	10952834
CGGTA	COPE-0754	8269620	38561	0	8231059
CGTAC	COPE-1255	871708	13512	0	858196
CGTCG	COPE-1134	396974	4301	0	392673
CTGAT	COPE-0743	1967890	5484	0	1962406
CTGCG	COPE-0796	9424452	26630	0	9397822
CTGTC	COPE-0709	9747702	14057	0	9733645
CTTGG	COPE-1050	7398384	22946	0	7375438
GACAC	COPE-1110	7027242	19383	0	7007859
GAGAT	COPE-1166	4214730	6773	0	4207957
GAGTC	COPE-0890	2955486	4391	0	2951095
GCCGT	COPE-1074	6428996	8241	0	6420755
GCTGA	COPE-0845	379928	5632	0	374296
GGATA	COPE-0837	3604252	20297	0	3583955
GGCCA	COPE-0716	7032172	23818	0	7008354
GGCTC	COPE-0969	261228	1870	0	259358
GTAGT	COPE-0885	1900220	3847	0	1896373
GTCCG	COPE-0703	2586192	6840	0	2579352
GTCGA	COPE-0694	5252716	25748	0	5226968
TACCG	COPE-0702	7764464	13383	0	7751081
TACGT	COPE-1218	605414	24209	0	581205
TAGTA	COPE-0960	11732030	33055	0	11698975
TATAC	COPE-1039	3053002	15264	0	3037738
TCACG	COPE-0828	631578	1742	0	629836
TCAGT	COPE-1024	7529312	15096	0	7514216
TCCGG	COPE-1177	1327994	82437	0	1245557
TCTGC	COPE-0824	1384580	3124	0	1381456
TGGAA	COPE-1061	2486832	14796	0	2472036
TTACC	COPE-0574	15626	5162	0	10464

Sequences not recorded
Barcode	Total
AGTAA	31606
CTGGA	30382
ACCGA	28630
ACCAA	24952
TCATA	22638
GGTAA	18538
GCCAA	18522
CACAA	10232
ACGTA	9624
ATAGA	9524
GCGAA	8706
CGCGA	8622
GATCA	8486
ATTCA	8170
CATCA	8150
TGCGA	7994
CAATA	7514
GATAA	7396
GCGTA	7188
ACAAT	6848
CGGAG	6632
CTTCA	6404
CCGGA	6384
TAACA	5406
CGGGG	5330
AAAAA	5142
AGTCA	5050
CCGAA	4970
CGGGC	4946
TTGGA	4812
CTATA	4286
ACTAA	4060
TGTTC	4014
GGTCC	4008
TGTCA	3694
CTCGC	3590
GTGTA	3548
ACGAA	3476
GTGAA	3380
CGTGA	3308
AAACT	3272
ATATA	2776
CGACA	2648
TACAA	2534
TCGGA	2498
TTGCA	2444
CACGA	2050
GGGCC	1672
TATCA	1654
AAAAC	1604
ATAAA	1594
CCAAA	1544
GTAAA	1540
GAACA	1416
TTCAG	1400
AAATT	1366
ACCAC	1322
ACAAC	1292
ACCTG	1278
TTAAA	1252
CGCAA	1204
CCGGC	1164
ATCAA	1136
TGTCT	1128
AACTG	1112
GCAAA	1086
TCTCA	1058
GCCTA	1050
TCGCA	988
CTACA	978
TAAAT	966
TAAAA	928
AAAAT	896
TAATT	882
TGGCC	880
TCTTG	784
GTCAT	780
GAATT	774
CCTTG	744
ATAAT	730
CAAAA	716
CGAGA	700
CTAAA	698
TGACA	686
TCAAC	680
TGAGA	660
AGAAA	652
GTACA	650
GAACT	648
ACCTT	630
CTTCC	626
AACGG	622
CCAAC	618
GAGCA	586
TAGCT	580
TGTCC	542
CCTAA	526
CAATT	522
AACTT	516
CTCAA	514
CCCAA	510
GAAAA	504
TCATC	504
GACCT	490
GTGAC	478
GCACC	474
TCAAA	472
CCATA	452
CATGA	440
TTATA	436
TTCAA	432
GATCC	418
CCTGT	418
AGAGA	392
GCAAT	390
GAAGA	370
GTTCT	362
ACTCT	362
GCCCC	356
TCTAA	354
AAGCT	350
GGACT	348
GGCAG	338
TGATT	338
CTTCT	326
AGCCT	326
CTCCA	324
AAAGG	308
TTGTT	304
CACCT	270
GTTCC	270
GGGGG	268
TCCAA	266
GCACT	264
CTTAA	258
GCCAG	254
GCTCT	252
ACCAT	242
CAGAA	242
TGGGG	238
CTCAC	236
TTAAT	230
TAAGA	224
GATCT	222
ACGTG	222
ACATT	218
AAATC	210
TTCTG	208
AAAGT	208
CTAAC	206
CTCTA	206
CAATG	206
CCCCT	206
CACTC	202
GGGGC	202
CCTCT	200
CCGGG	200
CTCCT	198
CTCTT	196
TGTAG	186
GGACC	186
CACTA	186
AATGT	184
GTGTT	182
TAACT	178
CCCTA	176
GGAAG	172
ATCAT	168
GACTT	168
TTCAC	166
CTAGA	166
CAAGG	164
AACAT	164
CGCTG	162
AAAAG	158
GCTTT	154
GCGCC	152
AGAAC	144
ACAGC	144
ACCCG	144
GACTA	142
GCTAC	142
CTACT	142
TAAAG	142
TTCCA	140
GGAGC	140
GCTCC	138
CATTC	136
TCGTC	134
GACTG	134
GGGTT	132
TGAAC	132
AGTAG	130
ACAAG	130
TCTTA	130
CCCCA	126
TGAAG	126
AGGAT	126
CTTTA	124
GTCTT	124
AATCG	122
TGTTT	118
GATTT	118
TCCAC	116
CAAGT	114
CCATT	114
GGGGT	112
TATTT	112
GAACG	110
GTAAG	110
AATCC	108
TGGTT	108
GTGCT	108
ATTGA	108
ATTGT	108
ACCCT	106
CAGTT	106
TCCTT	104
CAGAG	104
CAGAC	104
ATGTA	102
GCGTT	102
CCTCA	102
GATGT	102
ACTAT	100
CAGTG	100
CGCTT	98
CTTTT	96
GCTCG	96
CCTCC	96
AAGCG	94
CTATG	94
GGTCT	92
TTTAA	92
TAAGG	90
AGTGT	90
GCGGG	90
GGTAT	90
CTCCC	88
GGGGA	88
TCGTG	88
CTCTG	86
GTTAG	86
GGGAC	84
CCCGA	84
TATGA	82
ATATC	82
ATGCT	82
AGTCC	82
GGCGG	82
CCTTA	80
AAGTT	80
CCTTT	80
TCCCA	80
GTTAA	80
GCGAC	78
TCCCT	78
TCCTC	78
CCGCA	78
GTTTT	76
AGGTC	76
AGTTT	74
CAAAG	74
ATAGC	74
CCCAT	74
AGTAT	74
AATGC	74
GCGCA	72
ATATT	72
GTTCA	72
GTTAT	72
GTATC	72
TCTTT	72
TATCT	70
CTATT	70
GGAGG	70
CCAGG	68
GGACG	68
AGCAC	68
GAAAG	66
GGGCG	66
AACTC	66
GTAAC	64
GGTGC	64
TCCTA	64
GTTGC	64
TTGGT	64
GTGTG	64
CACTG	62
AGGTT	62
CGCGG	62
ACCCC	62
GCAGC	62
GCAAC	62
AGGCA	60
AGGTG	60
CAGCA	58
NCCGA	58
TCTCT	58
CACAG	58
TGGTG	58
AGTCT	58
CAGGT	58
TGCTG	58
ATTCT	58
CCACT	56
CGAGG	56
CCAGA	56
GTGCC	54
ATTTT	54
GATCG	54
GATAG	54
TTCCT	54
GTGCA	54
GCTAT	54
CGCCC	54
GGAAC	52
TGGCG	52
GTTTA	52
TTCTT	52
TCGCC	52
TTCTC	52
TCCCC	50
GACGG	50
TGACT	50
CGTTT	50
AGATG	50
AACAG	50
CCGTT	50
GCGCT	48
TTGCT	48
GGTGT	48
CTCGT	48
TAGAG	48
CATTG	48
CCGAG	48
ATGTT	48
ATCGG	46
CTAAG	46
CCCTT	46
AGATT	46
CCCCC	46
CCCAC	46
GAGGG	44
TTTGA	44
TGATG	44
GTTTC	44
TGTGT	44
TGTTA	44
TTCTA	44
TTTTT	44
CCCCG	44
CCCTC	44
CAAGA	44
AATAG	44
TTATT	42
TACTC	42
AGAGT	42
CCCTG	42
TGTGG	42
AGGAC	42
TGTGA	42
ATGCA	40
ATCTT	40
AAAGC	40
AAGAC	40
TAGGC	40
TGCCC	40
AGCGG	38
TTGGC	38
GATGG	38
GATGC	38
TTTTG	36
TTAGA	36
CTCAG	36
TAATG	36
TAATC	34
GAGCG	34
AACGC	34
CTAGC	34
ATCCT	34
GGGAG	32
GCGAG	32
GCTAG	32
CCAAG	32
TTTAT	32
ATCTG	32
GTGGG	32
TGCGC	30
CACTT	30
TGGTC	30
AGCCG	30
NGTAA	30
ACCGC	30
TTGGG	30
ATGCC	30
TTGTG	30
CCGAC	30
AGAAG	28
TTTTC	28
TTTTA	28
CATGC	28
TTTCA	28
TGGGT	28
TTTAG	28
CGCGC	28
AGGCC	26
CGTGT	26
TNCGA	26
GTGGC	26
TTTCT	26
AGACT	26
TTAGG	24
ACGCC	24
AAGTG	24
NTGGA	24
GAAGC	24
TGAGC	24
ANCAA	24
CCGTG	24
TGGGC	22
ACCAG	22
TATGG	22
ACGAC	22
AGCCC	20
ATCGT	20
GCGCG	20
CCGCC	20
TATTG	20
NACGA	20
GCGGC	18
TCTAG	18
AGGGG	18
CAGGG	18
NCATA	18
NACAA	18
NATAA	18
CCCAG	18
NCCAA	16
ATCTC	16
NTGCA	16
ANTAA	16
CCAGC	16
TAAGC	16
TAGCC	16
AGGGC	16
TTATG	14
GNCAA	14
ATTTG	14
AATCT	14
AGACC	14
CNGCA	14
ATCCC	14
NTACA	14
ACGCG	14
NGCAA	12
TTGAC	12
AGAGC	12
AAATG	12
CNGGA	12
NGACT	12
TTTCG	12
ANGTA	10
AGCAG	10
ATGGC	10
NCCAT	10
CNCGA	10
TTTGT	10
NTGTA	8
CCTAG	8
NAATA	8
TTAAG	8
TAGGG	8
CNACT	8
ANCGA	8
TNTAA	8
CNGAA	8
AGCGC	8
NGCCT	6
NTCAA	6
GNTAA	6
AGTGA	6
AGTGC	6
ATCGC	6
NCTCA	6
GNGTA	6
NTTAA	6
ANTCA	6
CGCAG	6
CCCGC	6
NATCA	6
CNATA	6
TNATA	6
NGTCA	6
NGTAT	6
AAGCC	6
NGGTG	6
NAAAC	6
NGCGA	6
NAAAA	6
CNCAA	4
NTTGA	4
AGGCG	4
GNAAA	4
NGAAA	4
AGAGG	4
NCTAA	4
TGAGG	4
NCAAA	4
NACAT	4
NAATC	4
CGCGT	4
TNTCA	4
NGGTT	4
TNCTG	4
CNTGA	4
CNTCA	4
CNTAG	4
NAACA	4
NGGGC	4
NGGCC	4
NGGAT	4
NCTCC	4
NCGGA	4
NTAGA	4
NTGAC	4
GNTCA	4
NTAGG	4
NTGTG	4
GNTCC	4
GNCTG	4
NAGCT	4
GNCCC	4
CAGGC	4
NAGCC	4
NTCCA	4
NAGAA	4
NGACA	4
NAGGT	2
NGGTC	2
NCTCG	2
NAGCG	2
ANTAG	2
NGATG	2
ANTGA	2
ANTGC	2
NCAGC	2
NTCGG	2
NTATG	2
NTCAG	2
NTATA	2
NGCGC	2
NCGCT	2
NTCGC	2
NCGCA	2
NGCTG	2
NGGAG	2
NCGAA	2
NCCTT	2
NCCTG	2
NTCGT	2
ANGCG	2
NCCGC	2
AGCGT	2
NTTCA	2
NCTTG	2
NTAAA	2
ANACC	2
NGTTC	2
ANAAC	2
GNCTA	2
ANAAA	2
NCGTA	2
NACTG	2
GNACC	2
NGTGG	2
NTTTC	2
NTTCG	2
NTTGT	2
NGTTA	2
NAGTG	2
ANGCT	2
ANAGA	2
ANATA	2
NTAAT	2
NCAAT	2
NCTGT	2
ANCCC	2
ANCCG	2
ANCGG	2
NGATT	2
ANCGT	2
NTGGG	2
NAACT	2
ANGAT	2
NCACT	2
NTGGC	2
CNCTC	2
TNCAC	2
TNATT	2
TTCGC	2
TNCCA	2
TNATC	2
TNCCC	2
CNAAC	2
CACGG	2
TNTGG	2
CNAGA	2
CNCCA	2
CNCTA	2
TNCTA	2
CNGCC	2
TNTAT	2
CNTTA	2
CNGGC	2
CNGGT	2
TNGTT	2
CNGTT	2
TNAAC	2
CNTAA	2
