process_radtags v2.41, executed 2021-08-10 15:45:08 (zlib-1.2.11)
process_radtags -1 NovaSeq/fastq/Sel_P1P1_USPD16104024-AK13639-AK13640_HL7GKDSXX_L4_1.fq.gz -2 NovaSeq/fastq/Sel_P1P1_USPD16104024-AK13639-AK13640_HL7GKDSXX_L4_2.fq.gz -i gzfastq -b NovaSeq/fastq/2019August_Selwyn_Coryphopterus-ddRAD_Plate1Pool1_demultiplex.txt -r -e ecoRI -o NovaSeq/demultiplexed_seqs/P1P1 -D
File	Retained Reads	Low Quality	Barcode Not Found	RAD cutsite Not Found	Total
Sel_P1P1_USPD16104024-AK13639-AK13640_HL7GKDSXX_L4_1.fq.gz	199272604	0	412500	901470	200586574

Total Sequences	200586574
Barcode Not Found	412500
Low Quality	0
RAD Cutsite Not Found	901470
Retained Reads	199272604

Barcode	Filename	Total	NoRadTag	LowQuality	Retained
GCATG	COPE-0594	3779644	11745	0	3767899
AACCA	COPE-0848	7925244	31160	0	7894084
CGATC	COPE-0557	3007074	32053	0	2975021
TCGAT	COPE-1226	6304642	10890	0	6293752
TGCAT	COPE-1190	1625634	4524	0	1621110
CAACC	COPE-0902	3456242	11224	0	3445018
GGTTG	COPE-0788	19938034	17159	0	19920875
AAGGA	COPE-0831	26340408	89191	0	26251217
AGCTA	COPE-0666	184266	11261	0	173005
ACACA	COPE-1064	564926	9231	0	555695
AATTA	COPE-0833	21453682	66293	0	21387389
ACGGT	COPE-1006	1087144	4374	0	1082770
ACTGG	COPE-1265	1656854	6511	0	1650343
ACTTC	COPE-1202	3544752	6947	0	3537805
ATACG	COPE-0608	2489956	5403	0	2484553
ATGAG	COPE-1011	521424	2660	0	518764
ATTAC	COPE-1198	930116	34700	0	895416
CATAT	COPE-0632	709790	3039	0	706751
CGAAT	COPE-0687	644142	7239	0	636903
CGGCT	COPE-0763	10009846	32122	0	9977724
CGGTA	COPE-0599	265164	28492	0	236672
CGTAC	COPE-1073	7409510	20221	0	7389289
CGTCG	COPE-1176	2239846	7660	0	2232186
CTGAT	COPE-0481	8094998	22138	0	8072860
CTGCG	COPE-0562	54584	6110	0	48474
CTGTC	COPE-0605	509698	3377	0	506321
CTTGG	COPE-1155	2568088	9082	0	2559006
GACAC	COPE-1253	6780962	29092	0	6751870
GAGAT	COPE-0710	52226	1978	0	50248
GAGTC	COPE-1189	1010436	4129	0	1006307
GCCGT	COPE-0509	1063382	5282	0	1058100
GCTGA	COPE-0826	10342340	64542	0	10277798
GGATA	COPE-0810	362934	19700	0	343234
GGCCA	COPE-0592	3431418	18365	0	3413053
GGCTC	COPE-0829	588200	5598	0	582602
GTAGT	COPE-1118	1288008	3826	0	1284182
GTCCG	COPE-0580	656156	9750	0	646406
GTCGA	COPE-0766	2512624	14963	0	2497661
TACCG	COPE-0748	8788958	55243	0	8733715
TACGT	COPE-0758	8686340	24949	0	8661391
TAGTA	COPE-0635	480362	10179	0	470183
TATAC	COPE-0715	529966	2857	0	527109
TCACG	COPE-0473	858910	6538	0	852372
TCAGT	COPE-0896	77398	1999	0	75399
TCCGG	COPE-1077	195316	52991	0	142325
TCTGC	COPE-1168	6052478	16321	0	6036157
TGGAA	COPE-0921	9087204	55911	0	9031293
TTACC	COPE-0513	12748	2451	0	10297

Sequences not recorded
Barcode	Total
ACCGA	29352
ACGTA	16294
CGTGA	16030
TGTTC	14564
GTGAA	14044
ACCAA	12770
TCATA	11784
ACAAT	11342
GCGAA	10994
CTATA	10424
CGGAG	8036
GCCAA	8010
AAAAA	7068
CGGGG	6786
GATAA	6562
CGGGC	6214
CTACA	5806
TCTCA	5804
GGTCC	5476
CTGGA	5162
TCGCA	5152
GTACA	5084
CATGA	4360
AAAGG	4016
GGGTT	3954
ATAGA	3426
CGACA	3272
TTGCA	3264
AAATT	3136
CGCGA	3052
TAAGG	2996
CATCA	2984
TGTCT	2874
CCGAA	2816
TGGTT	2716
TTGGA	2696
GATCA	2696
ATTCA	2594
TAATT	2442
CACGA	2430
GTGTA	2344
CGAGA	2064
GTGAC	2020
AGTCA	2018
CTTCA	2002
GAACA	1882
TACAA	1700
GGACT	1692
AAAAT	1606
TTAAA	1548
CCGGC	1538
GAAAA	1470
CACAA	1456
TAAAT	1430
CTCGC	1430
GTTCT	1402
CGCAA	1390
AGTAA	1358
ATAAA	1350
GCACT	1330
AGAAA	1318
GAACT	1312
AAACT	1292
GCTAC	1282
GCAAT	1220
GACCT	1220
GGGCC	1214
TCGGA	1184
GCGCC	1138
GCACC	1124
ACGAA	1110
TAACA	1106
GGTAA	1070
GTCAT	1068
GCAAA	1044
CAATA	1034
TGCTG	1014
ATATA	1008
CCATT	994
CTTAA	992
GCGTA	990
TCGCC	954
GCTAT	922
GCTCC	886
CCAAA	864
TAAAA	862
TGAAC	846
GCAGC	842
CCGGA	812
AAAAC	812
GGAAG	766
GAATT	750
TTCTG	724
GGACC	680
GATGT	664
CTTCC	658
AAGAC	618
TGACA	618
TGATT	616
TTGTT	600
TCTTG	584
TGAAG	578
GCTTT	570
TCTAA	570
TAAAG	566
TACTC	566
CAAAA	562
TCCAA	558
CCGGG	534
CTAAA	534
GCAAC	534
CCAAC	526
GGCAG	524
GCCCC	516
GCGAC	514
GCTAG	510
ACTAA	504
CACCT	498
TGGCC	494
CCTAA	494
TCAAA	492
GCCAG	490
GTAAA	486
GATCC	472
CTCAA	466
GGGGG	464
TGAGA	450
CACTC	434
GCTCT	424
TGATG	418
GAGCA	410
AGAGA	396
TCTCT	394
TAACT	390
TCAAC	388
TTCAA	382
GTGCC	380
ATAAT	378
TAAGA	378
CAATT	378
GGTCT	378
ACAAC	376
CCTCA	362
TGTCA	358
ACCAC	356
GAAGA	350
CTCCT	344
GGAAC	344
GGAGG	334
CCCCG	332
AACAT	330
CCTCT	330
GACTT	328
GTGGG	326
CGCTT	314
GATTT	310
ATCAA	304
CGCTG	302
CACTG	302
GACTG	296
TCATC	296
GATCT	294
ACCTT	294
CACTT	292
CTCTG	290
TGTCC	284
CCTTG	280
TCGTC	280
CTCCC	278
TTCCA	274
CTTCT	270
GTCTT	266
GCGAG	266
CCCAA	266
AGAAC	260
AATAG	258
GTTCC	258
GGACG	258
AACTT	256
TGACT	248
AGGAT	244
TTCAC	242
AACAG	242
CTACT	240
TTGCT	240
GGGGC	240
AACGG	238
GTTAG	238
CCATA	236
GTGTG	234
TGGTG	232
ACTCT	230
AAAGT	230
CTATT	228
GAACG	226
TGTTT	226
CCTGT	224
GTGCT	220
GTGTT	218
AAGTT	218
GGTGC	216
ATGTA	216
CAGAA	216
GCGGC	214
TATCA	214
TATGA	214
CTATG	212
GTTTA	210
CACAG	210
TCCCC	208
AAATC	206
GCCTA	204
CCTCC	204
TATTT	202
AACTG	200
ACCTG	198
CTAAC	198
GATGC	196
CTCCA	192
TCCCT	192
AAATG	190
ATCAT	190
TTAAT	190
TGGGG	186
TATTG	186
TCTTA	184
CCCCT	184
CCTTT	182
GGTAT	182
TCCCA	180
GGTGT	178
TAGCT	176
CCCCA	176
GCGTT	174
GGAGC	174
GCGCT	172
AGGAC	172
TTCTC	170
AGACT	168
CTCTT	168
TCTTT	168
TGGTC	166
AATGT	166
ACATT	164
ACCCG	164
GGGCG	162
GATGG	160
GCTCG	158
GAAAG	158
GGGGA	158
AGCCT	156
AAAAG	156
GGGAG	156
ATATC	156
GTTCA	156
TGTAG	154
ACCAT	154
GTTGC	150
TTCTT	148
AAAGC	148
CCACT	146
TTTTC	146
CCCTT	144
CGCGT	144
GGGAC	142
TGTGA	140
CTTTA	140
GTAAG	140
GACTA	138
CTTTT	136
TAAGC	136
ATAGC	136
GACGG	136
TCCTC	136
AATCC	136
GTATC	132
CAGCA	132
TTTAA	130
GTTTT	130
TTTTT	128
TGAGC	128
TATCT	126
CCTTA	126
TATGG	126
TTTCT	124
CGCAG	124
AGTCC	124
TCCAC	124
CCCAG	118
TCCTT	116
CCGCA	116
CGCCC	116
GAAGC	114
GTTAA	114
GTAAC	114
GGGGT	114
CCCCC	112
CACGG	112
CTCAG	112
CCAAG	112
AATGC	112
AACTC	110
GAGGG	110
GAGCG	110
AAGCT	110
CCCTC	108
ATTCT	108
ACTAT	108
TTATA	108
TTCCT	108
CTCAC	106
TGGGT	106
ATGGC	104
CCAGA	104
CATTC	102
GTTTC	102
CTCTA	102
TTGTG	100
ACGTG	100
GTGCA	100
CATGC	100
CCAGC	98
CCAGG	98
CGTGT	98
CAGTT	98
AAGTG	96
GGCGG	96
CAAGA	96
TAGAG	94
TGGGC	94
GTTAT	94
ATTGA	94
CCCTG	92
TGCCC	92
CATTG	92
GTGGC	92
TCGTG	92
ACCAG	90
CACTA	90
CCGTT	90
AATCT	88
AGTCT	88
AGCAC	86
CAGTG	86
CTAGA	86
ATTTT	86
TTATT	84
TTGGC	84
CAAGG	84
CAATG	84
AGGCA	84
TTTTA	84
ACGCC	82
TTTTG	82
CGTTT	80
TTTAT	80
ACAAG	80
GATCG	80
AGAGT	80
CAGGC	78
TGTTA	76
TTAGA	76
AGACC	76
TTGAC	76
GCGGG	74
TGTGT	74
ACCCC	72
CAAGT	72
AGTGA	70
CAGGG	68
CCGAG	66
AAGCC	66
ACAGC	66
TTTGT	66
TTCTA	64
TCCTA	64
ATATT	62
AGTAG	62
AGGGC	62
CCCTA	60
ATTTG	60
TTTGA	60
AGATT	60
TGTGG	60
CCCGC	60
CGAGG	58
CAGAC	58
GCGCA	58
AGGCC	56
TTATG	56
AGATG	56
TAATC	56
TTTCA	56
ATCGG	56
CAAAG	54
ACGAC	54
TTGGG	54
ATGCA	52
AGAGG	50
ATCGT	50
GATAG	48
AGGTC	48
ATGTT	46
CGCGC	46
AACGC	46
CCCGA	46
AGCCC	46
ATGCT	44
TAATG	44
AGTAT	44
ATCTC	44
TGCGC	42
TGCGA	42
CGCGG	42
TAGGC	40
CAGGT	40
AATCG	40
TTGGT	40
CACGC	40
TAGCC	40
TTCAG	40
ATTGT	38
ACCCT	38
AGGTT	38
AGAGC	38
ANTAA	36
AGAAG	36
ATCTT	34
TCTAG	32
GCGCG	32
ATGCC	30
CCCAC	30
TGAGG	30
CTCGT	28
AGTTT	28
AGGTG	28
TNCGA	28
CCCAT	26
NATAA	26
AGTGT	26
CCGCC	24
NCCGA	24
CAGAG	24
AAGCG	24
NGAAA	22
NAGAA	22
TTAAG	22
ACCGC	22
CTAGC	22
TTAGG	22
NTTGA	20
ATCGC	18
ATCCT	18
AGCCG	18
AGCGC	18
ACGCG	18
GAAGG	18
NTTAA	18
TTCGC	18
ANGAA	18
CCGTG	16
TTTCG	16
CNATA	14
CCGAC	14
ATCCC	14
TTTAG	14
NCGTA	12
TAGGG	12
NTGAA	12
AGGGG	12
AGCAG	12
CNTGA	12
NGACT	12
NACGA	12
CCTAG	10
AGCGT	10
ANCGA	10
ATCTG	10
AGGCG	10
NACAA	8
NTGTA	8
NAACA	8
TGGCG	8
GNAAA	8
CNGCA	8
CNACA	8
GNTAG	6
NCCAA	6
CNGAC	6
CNGAA	6
TNTCG	6
NACCC	6
NGGCC	6
CNTCA	6
GNCCC	6
CTAAG	6
NGTGA	6
GNGAA	6
NCTAC	6
NCGGA	6
NTTTG	6
ANGTA	6
NGTCA	4
NGCAA	4
AGTGC	4
NAACT	4
GNCTA	4
NCTCA	4
TNCCA	4
TNATA	4
CNCGA	4
NCTAA	4
NAAAA	4
ANTGA	4
NCCTC	4
NCGAA	4
NGGGG	4
ANTTG	4
NTATG	4
CNACT	4
NTACT	4
GNCAA	4
NCATA	4
NGCTG	4
GNTTA	4
NATTG	4
NAAGG	4
TNTTC	4
ANCAA	4
NTTCA	4
NGCCG	4
NCACT	4
NAGTT	4
ANAGA	4
NACTA	4
NGGAC	4
CNGGT	4
NACTC	4
NATCA	4
ANAAT	4
NTACA	2
ANAGT	2
GNCTG	2
NTCCA	2
NGTTT	2
GNAGC	2
GNACC	2
ANGAT	2
NGTTC	2
GNCCT	2
ANATA	2
GNGCA	2
GNGCC	2
GNTGT	2
GNTGC	2
GNGGA	2
GNGTA	2
NTCTT	2
ANGCT	2
NTGTG	2
GNGTG	2
NTGCT	2
GNTCG	2
NTGCA	2
NATCG	2
CNCTA	2
CNCTC	2
TNTAT	2
TNTCT	2
CNGAG	2
TNTTG	2
NACCT	2
NAGCC	2
NGCCT	2
NAGGC	2
NGTTA	2
NGACA	2
NGACC	2
NATCC	2
TNTAA	2
NATGA	2
NATGT	2
CNGGC	2
CNGTG	2
CNGTT	2
AGCGG	2
NCAAC	2
CNTAA	2
NCAAT	2
NCATT	2
NGAGA	2
NGACG	2
NCAGA	2
CNTTC	2
TNGTT	2
NGTCC	2
NGTAG	2
NCTGT	2
NGGTT	2
NCGTC	2
NGGTG	2
NGGGC	2
NGGGA	2
NCGCC	2
TNAAA	2
NAAAC	2
TNATG	2
TNCAG	2
NGGAG	2
TNCCT	2
NAAGA	2
CNAGA	2
TNCTA	2
CNCAC	2
TNCTG	2
TNGCA	2
TNGCG	2
TNGGC	2
CNCCA	2
