process_radtags v2.41, executed 2021-08-10 22:02:57 (zlib-1.2.11)
process_radtags -1 NovaSeq/fastq/Sel_P2P8_USPD16104024-AK13671-AK13672_HL7GKDSXX_L4_1.fq.gz -2 NovaSeq/fastq/Sel_P2P8_USPD16104024-AK13671-AK13672_HL7GKDSXX_L4_2.fq.gz -i gzfastq -b NovaSeq/fastq/2019August_Selwyn_Coryphopterus-ddRAD_Plate2Pool8_demultiplex.txt -r -e ecoRI -o NovaSeq/demultiplexed_seqs/P2P8 -D
File	Retained Reads	Low Quality	Barcode Not Found	RAD cutsite Not Found	Total
Sel_P2P8_USPD16104024-AK13671-AK13672_HL7GKDSXX_L4_1.fq.gz	168627611	0	363970	559405	169550986

Total Sequences	169550986
Barcode Not Found	363970
Low Quality	0
RAD Cutsite Not Found	559405
Retained Reads	168627611

Barcode	Filename	Total	NoRadTag	LowQuality	Retained
GCATG	COPE-0878	6956408	11225	0	6945183
AACCA	COPE-0941	7296694	24604	0	7272090
CGATC	COPE-0657	5919664	12025	0	5907639
TCGAT	COPE-0542	1628278	4068	0	1624210
TGCAT	COPE-0588	4114026	4680	0	4109346
CAACC	COPE-1014	4879140	5101	0	4874039
GGTTG	COPE-0638	4659886	7800	0	4652086
AAGGA	COPE-1030	5689436	19418	0	5670018
AGCTA	COPE-0718	5515120	17323	0	5497797
ACACA	COPE-0700	5785854	21660	0	5764194
AATTA	COPE-0809	4140430	17036	0	4123394
ACGGT	COPE-1122	4829820	3975	0	4825845
ACTGG	COPE-0932	4121012	7597	0	4113415
ACTTC	COPE-0752	5143136	3474	0	5139662
ATACG	COPE-0899	2815980	3935	0	2812045
ATGAG	Blank-2	1156180	2832	0	1153348
ATTAC	COPE-0479	3553644	12187	0	3541457
CATAT	COPE-0470	5483138	6442	0	5476696
CGAAT	COPE-0685	2089552	6105	0	2083447
CGGCT	COPE-0719	3482706	8648	0	3474058
CGGTA	COPE-0558	1205852	18009	0	1187843
CGTAC	COPE-0966	2548538	4637	0	2543901
CGTCG	COPE-0576	2555456	4428	0	2551028
CTGAT	COPE-0943	3008612	14355	0	2994257
CTGCG	COPE-1094	1139588	4284	0	1135304
CTGTC	COPE-0843	1518462	3444	0	1515018
CTTGG	COPE-1232	3474300	12233	0	3462067
GACAC	COPE-0888	2216864	8838	0	2208026
GAGAT	COPE-0944	2528880	4336	0	2524544
GAGTC	COPE-0798	2109842	4097	0	2105745
GCCGT	COPE-0729	3378422	6888	0	3371534
GCTGA	COPE-1041	1278824	26519	0	1252305
GGATA	COPE-0637	8313180	22069	0	8291111
GGCCA	COPE-1031	3336790	12483	0	3324307
GGCTC	COPE-0854	494420	1982	0	492438
GTAGT	COPE-1241	6005470	7284	0	5998186
GTCCG	COPE-1008	4212638	8156	0	4204482
GTCGA	COPE-0563	2620300	19462	0	2600838
TACCG	COPE-0674	8051022	19024	0	8031998
TACGT	COPE-0697	3065088	24525	0	3040563
TAGTA	COPE-1209	2370526	14456	0	2356070
TATAC	COPE-0478	1888842	4774	0	1884068
TCACG	COPE-0676	3880818	6179	0	3874639
TCAGT	COPE-0821	3942190	7973	0	3934217
TCCGG	COPE-0806	639628	77029	0	562599
TCTGC	COPE-0904	1226408	2261	0	1224147
TGGAA	COPE-0511	2906936	15846	0	2891090
TTACC	COPE-0564	9016	3699	0	5317

Sequences not recorded
Barcode	Total
ACCGA	26856
CGTGA	21158
ACCAA	17220
GGTAA	15910
GATAA	13076
CACGA	12678
GTGTA	12226
TCATA	11000
CTGGA	10646
ACGTA	10356
AGTAA	10250
CTATA	8560
GCCAA	8448
CATGA	8278
ATATA	7360
CACAA	6684
CATCA	5752
ATAGA	5382
GATCA	4958
CCGAA	4908
CGCGA	4578
ATTCA	4514
ACAAT	4328
CAATA	4178
ACTAA	4094
GCGTA	3878
GCGAA	3838
AGTCA	3792
GTGAA	3614
AAAAA	3376
CGGAG	3074
GGTCC	2940
TAACA	2910
CCGGA	2884
CGGGG	2628
CGGGC	2396
TTGGA	2392
CTTCA	2150
ACGAA	1990
TGTTC	1568
TGAGA	1560
AAACT	1542
GTACA	1502
CGACA	1418
TACAA	1386
TTGCA	1320
CTACA	1312
GCAAT	1254
ATAAA	1252
TCGGA	1192
TCTCA	1112
GGGTT	1092
AAAGG	1052
TGCGA	1006
TCGCA	966
AGAGA	966
AAAAT	958
AAATT	886
CTCGC	860
GGGCC	860
ACAAC	844
AGAAA	828
CCAAA	810
ACCAC	786
AAAAC	772
TTCAG	766
TCAAC	758
CAAAA	734
TGGTT	712
TTCAC	708
TATCA	652
GTAAA	642
TAATT	636
CGAGA	628
CGCAA	618
TAAAT	596
GAATT	594
GAACA	590
TTAAA	590
TGTCA	582
ACCTG	576
ATCAA	568
GCCTA	550
TAAAA	550
TGTCC	534
GCAAA	532
TAAGG	532
GAAAA	488
CCATA	474
GAGCA	462
GGACT	448
GATCC	442
AAGCT	440
TGTAG	420
GTCAT	418
CCAAC	400
GTTCC	398
TAGCT	394
TCCAC	394
CTTCC	392
CCGGC	386
TAAAG	372
AACGG	370
CTAAA	358
GTGAC	352
GTTCT	352
TCTTG	350
TCGTC	346
GTTAG	342
TTCAA	340
ATAAT	332
TGGCC	332
TCAAA	326
CCTTG	326
CAATT	300
ACCTT	300
TCCAA	292
GATCT	282
AACTT	280
GAACT	274
TGCTG	274
GGAAG	274
TTATA	272
AACTG	270
CAGAA	258
CCCAA	252
AGCCT	250
GTAAG	242
GAAGA	238
TCTAA	238
CTTAA	238
TAACT	234
CTCAA	234
GATGT	232
TAAGA	226
GACCT	224
GTTTT	220
GGGGG	220
TGTCT	212
TGAAC	206
GGGAC	196
ATTGA	192
GCCAG	192
TCATC	192
GACTG	186
AGAAC	180
GGACC	178
GGTGT	178
CAATG	176
TGATT	174
GCACC	172
ACTCT	170
TTCTG	168
TGACA	166
GGTGC	166
GCCCC	164
GTTTA	164
GTTAA	158
GCACT	152
TGAAG	148
TATGA	146
CTTCT	142
AAAGT	142
CCTAA	136
TTAAT	136
CTAAC	134
GTGTG	130
AGTCC	128
CCATT	128
GGGGT	124
GTGCC	124
GGTAT	124
AGCAC	122
GGCAG	122
TCGCC	122
AAAAG	116
GCAAC	116
CTTTT	116
AAATC	114
GGGGC	114
GGAAC	114
GAAAG	110
GACTT	110
GAACG	108
GCTAC	106
GCTCC	106
ATCAT	104
AACAG	102
TGATG	102
TTGTT	102
AGTAT	100
CTCTG	100
CTCCT	100
AGCAG	98
GTATC	96
CCTGT	96
CATTG	96
GCTAT	96
GATTT	94
TGCCC	94
CTATT	94
AACAT	92
CTACT	92
TCTCT	92
AATGT	92
CACCT	90
ACCAT	90
GTTCA	90
GCAGC	90
GGTCT	88
TACTC	88
CAAGT	84
CAAGG	82
CGCTG	82
GGAGG	82
CTCCA	80
ACAAG	80
ATGTA	80
ACCCC	80
CATTC	80
TTCTT	80
TGGGG	80
CACTC	78
GATAG	76
AGAGT	76
TTCCA	74
GGGAG	74
AAATG	74
GCTTT	74
GGACG	72
GCTCG	72
CTATG	72
GCGGG	72
TCCCC	72
CGCTT	72
ATGCA	68
AGATT	68
CCACT	66
GCGCC	66
GGAGC	66
CCTCT	66
TCCCA	66
TTTTG	66
GTGCA	66
AAGTG	66
CCAAG	64
TCCTA	64
CCCCT	64
GTGTT	64
AAGAC	64
GTCTT	64
GGGGA	62
GCTCT	62
TCCTT	62
CTAGA	62
AGTAG	60
GGCGG	60
GTGCT	58
CTTTA	58
CCCTC	58
GACTA	58
CCCCA	58
CCTCA	58
TTTAT	56
TGACT	56
TATCT	56
CAAAG	56
AGAAG	56
GAAGC	56
CTCAC	56
TGGTC	56
CACTG	54
ACATT	54
CCCCG	54
TGTGA	54
CGTGT	54
ACTAT	52
NCCGA	52
CCAGA	52
CCTCC	52
GGGCG	52
AGACC	52
GATGG	50
TCCCT	50
GCGGC	50
CTCCC	50
TTGGT	50
CAGGT	50
AGGCA	50
AATGC	50
CCCGA	48
CATGC	48
TGTGG	48
CCCCC	48
CCCAT	48
AGACT	48
TCTTT	48
GTTGC	48
AGTCT	46
TAGCC	46
CACAG	46
CTCTA	46
ATATC	44
AATCT	44
GCTAG	44
AGGTC	44
TNCGA	44
GCGCT	44
ATTTT	44
TTCCT	44
ACCCT	42
GCGTT	42
AGTGA	42
AAAGC	42
ACGTG	42
GATGC	40
TCCTC	40
AGGTT	40
AGGAT	40
TATTT	40
GCGAC	40
ACAGC	40
CACTT	40
TTATT	40
TCTTA	38
CCGTG	38
CCCTA	38
TTTAA	38
CGCGG	36
GATCG	36
AGGAC	36
TTTCT	36
CCCTG	36
CCAGG	36
TTGTG	36
CAGGC	36
CTAGC	34
AATCC	34
ACCAG	34
TAATG	34
ATTGT	32
GTTAT	32
AGGTG	32
CCGGG	32
ACGCC	32
CCCAC	32
CAGAG	30
ACCGC	30
GAGCG	30
CAGTG	30
AACTC	30
GCGCA	30
CCTTA	30
TGGTG	30
AGGGG	30
CCGTT	30
ATTCT	30
AATCG	30
CACTA	30
TAGAG	28
GTTTC	28
TGTTT	28
CCCGC	28
AAGTT	28
AATAG	28
CAGTT	28
ACGAC	28
GTAAC	28
CGTTT	26
TGGGT	26
TTTTT	26
GTGGC	26
CGCCC	26
CAGCA	26
CAGAC	26
TTCTC	26
TTGCT	26
GAGGG	24
ACCCG	24
CACGC	24
AGATG	24
TGAGC	24
TTTTC	24
ATGGC	24
TAAGC	24
TGTTA	24
CTCTT	24
CGCGC	24
TTGGC	24
GACGG	24
AAGCG	24
AGTTT	24
ATATT	24
ATCGG	22
AGGCC	22
CTCAG	22
ATAGC	22
CTAAG	22
CCAGC	22
CCGCC	22
GAAGG	22
CCGAG	22
NACGA	22
AGAGC	20
GTGGG	20
CCTTT	20
TGGGC	20
NACAA	18
AGCCG	18
CCGCA	18
TTTCA	18
ATTTG	16
CAGGG	16
CAAGA	16
ATCTC	16
TAGGC	16
TTAAG	16
TGTGT	16
NTGTA	16
NTACA	14
TTAGA	14
TTGAC	14
CCCTT	14
ANTAA	14
NGTGA	14
GCGAG	14
AAGCC	14
AGGGC	14
ATCTG	14
TGGCG	12
AGTGC	12
TTCTA	12
GCGCG	12
AGCCC	12
ATGCT	12
CCCAG	12
ATGCC	12
AGCGG	12
TCGTG	12
ACGCG	12
CGCGT	12
ATCTT	10
ATCCT	10
ATCGT	10
CTCGT	10
ANCAA	10
CCTAG	10
ATGTT	10
ANCGA	10
NTATA	10
TATTG	10
NGTCA	10
AACGC	10
CACGG	10
NAGAA	8
TTGGG	8
TTTGT	8
GNCAA	8
TGAGG	8
TTATG	8
NCGTA	8
NAATA	6
NGTAA	6
ATCCC	6
NATGA	6
TAATC	6
CCGAC	6
NATAA	6
CGAGG	6
NTGCA	6
NCATA	6
NTTAA	6
NCCAA	6
NCTAA	6
NGAAA	6
TCTAG	6
ATCGC	6
CNGAA	6
TTAGG	6
NCGAA	6
CGCAG	6
TTCGC	6
NTCCA	6
NAGAC	4
NGACT	4
NACTA	4
TNACA	4
NAGCT	4
NCCAC	4
NGCAA	4
CNTGA	4
NCCAT	4
GNTAA	4
TTTTA	4
CNAAC	4
CNCGA	4
CNCAA	4
GNTTC	4
AGGCG	4
CNATA	4
GNAAT	4
NGGGT	4
NAATC	4
NTCAA	4
CNACT	4
ANGGG	4
NATCA	2
ANATG	2
ANGAA	2
NACTG	2
NATGG	2
NAGGT	2
NACTC	2
ANGAT	2
ANCAT	2
ANATT	2
ANTCG	2
TATGG	2
ANGTA	2
NATCG	2
ANTAT	2
ANATA	2
ANAGT	2
ANTCA	2
AGCGC	2
GNGTG	2
GNTCA	2
GNTCC	2
NGTCC	2
GNTTA	2
NGTAT	2
NAAAC	2
NGGTT	2
NGGTG	2
NGGCA	2
NCAGA	2
NGGAT	2
GNGTA	2
NGCTT	2
NGCGC	2
NGCGA	2
NGCCT	2
NGATG	2
NGACC	2
NCTCG	2
NCTCC	2
NCTAC	2
NCCCA	2
NCGGA	2
GNAAA	2
NATTT	2
NTTTC	2
NTTGC	2
NCAAC	2
NCACC	2
NTGCC	2
NTGAA	2
NTCGT	2
NAAGG	2
NTCGG	2
NTCAT	2
NTCAC	2
ANAAA	2
GNACA	2
NTATC	2
GNATT	2
NTAGA	2
GNCAT	2
NAAGA	2
GNCCC	2
GNCGC	2
NAACA	2
NGTTC	2
GNCTT	2
TNACT	2
CNTCA	2
TNTGT	2
TNAAT	2
TNTAA	2
TNGTC	2
CNGGG	2
CNAAA	2
CNCTC	2
CNCTA	2
TNGCT	2
CNCCA	2
TTTGA	2
TGCGC	2
CNAGG	2
CNAGC	2
