process_radtags v2.41, executed 2021-08-10 17:35:36 (zlib-1.2.11)
process_radtags -1 NovaSeq/fastq/Sel_P1P8_USPD16104024-AK13656-AK13657_HL7GKDSXX_L4_1.fq.gz -2 NovaSeq/fastq/Sel_P1P8_USPD16104024-AK13656-AK13657_HL7GKDSXX_L4_2.fq.gz -i gzfastq -b NovaSeq/fastq/2019August_Selwyn_Coryphopterus-ddRAD_Plate1Pool8_demultiplex.txt -r -e ecoRI -o NovaSeq/demultiplexed_seqs/P1P8 -D
File	Retained Reads	Low Quality	Barcode Not Found	RAD cutsite Not Found	Total
Sel_P1P8_USPD16104024-AK13656-AK13657_HL7GKDSXX_L4_1.fq.gz	139850954	0	314574	527726	140693254

Total Sequences	140693254
Barcode Not Found	314574
Low Quality	0
RAD Cutsite Not Found	527726
Retained Reads	139850954

Barcode	Filename	Total	NoRadTag	LowQuality	Retained
GCATG	COPE-1193	1941976	5020	0	1936956
AACCA	COPE-0707	545508	8602	0	536906
CGATC	COPE-0500	1344258	11937	0	1332321
TCGAT	COPE-0986	134290	1787	0	132503
TGCAT	COPE-0881	3692	895	0	2797
CAACC	COPE-0673	2922340	3839	0	2918501
GGTTG	COPE-1012	1190448	3489	0	1186959
AAGGA	COPE-1196	6335534	48095	0	6287439
AGCTA	COPE-1078	1358596	12918	0	1345678
ACACA	COPE-1239	68252	7749	0	60503
AATTA	COPE-0950	1490514	5331	0	1485183
ACGGT	COPE-0889	11163462	17179	0	11146283
ACTGG	COPE-0629	3315908	8360	0	3307548
ACTTC	COPE-0691	21642	1310	0	20332
ATACG	COPE-0857	6104388	9832	0	6094556
ATGAG	COPE-1186	5935074	12518	0	5922556
ATTAC	COPE-1225	1346368	6386	0	1339982
CATAT	COPE-0578	571654	1628	0	570026
CGAAT	COPE-0623	6582660	6449	0	6576211
CGGCT	COPE-0992	5238378	9277	0	5229101
CGGTA	COPE-0880	215206	24348	0	190858
CGTAC	COPE-0959	7012	2178	0	4834
CGTCG	COPE-0617	2706274	3399	0	2702875
CTGAT	COPE-0587	6515298	15956	0	6499342
CTGCG	COPE-1101	1143258	8520	0	1134738
CTGTC	COPE-1141	3640704	9389	0	3631315
CTTGG	COPE-1148	3115496	10177	0	3105319
GACAC	COPE-0627	2988076	12131	0	2975945
GAGAT	COPE-0873	852436	3566	0	848870
GAGTC	COPE-1069	1384574	5060	0	1379514
GCCGT	COPE-1246	1784360	4862	0	1779498
GCTGA	COPE-0570	12242908	57269	0	12185639
GGATA	COPE-0575	4264764	18694	0	4246070
GGCCA	COPE-0814	7113856	35603	0	7078253
GGCTC	COPE-0566	3623612	8130	0	3615482
GTAGT	COPE-1264	4250652	7243	0	4243409
GTCCG	COPE-1000	1421384	4249	0	1417135
GTCGA	COPE-1123	1253502	14310	0	1239192
TACCG	COPE-1023	1241134	11606	0	1229528
TACGT	COPE-1058	4948138	15315	0	4932823
TAGTA	COPE-1085	2225224	16435	0	2208789
TATAC	COPE-0526	2300106	5904	0	2294202
TCACG	COPE-0898	2171332	5858	0	2165474
TCAGT	COPE-1010	6862354	11110	0	6851244
TCCGG	COPE-0946	115510	16705	0	98805
TCTGC	COPE-1090	2008348	3347	0	2005001
TGGAA	COPE-0869	2349324	11880	0	2337444
TTACC	COPE-0714	18896	1881	0	17015

Sequences not recorded
Barcode	Total
ACGTA	16736
GCCAA	15716
ATAGA	15292
CGTGA	15064
GTGAA	13930
GCGAA	12196
GATAA	9718
GGTAA	9156
CTATA	8638
CTGGA	8560
GTGTA	8080
CAATA	6824
CACGA	6690
GGTCC	6304
AGTAA	6084
TGAGA	4972
AGAGA	4464
TCATA	4454
ACCGA	4390
CGCGA	4190
TGTTC	2824
AGTCA	2816
CGGAG	2654
TAACA	2462
GATCA	2332
GGACT	2314
ACGAA	2244
CATGA	2118
TCTCA	2100
GCTAC	2090
CTCGC	2050
CGGGC	2044
GGGCC	2036
TTGGA	2024
CGGGG	1904
TCGCA	1896
GTGAC	1612
GCGTA	1520
GCTAT	1470
AAAAA	1420
CATCA	1282
GCAAA	1274
CCGAA	1256
TTCAG	1226
TTGCA	1218
AAACT	1196
ACTAA	1190
GCGCC	1166
AAAGG	1136
GCTAG	1094
TGTCA	1086
GCACT	1008
GCTCC	1000
GTGGG	982
TGCTG	970
CCAAA	942
ACAAT	930
GGCAG	928
AAAAT	878
GAACA	874
GGACC	874
TGCGA	854
GCAAT	834
TACAA	824
ACCAA	816
TATGA	810
AAGAC	788
GCTCT	766
GAATT	766
GAAAA	726
GTAAA	716
ATATA	672
GCGAC	672
CTTCA	650
ATAAA	648
TAAGG	630
AAATT	618
TGTCT	608
GAACT	602
CCGGA	598
TCAAC	580
CTCAA	580
GCCAG	578
TGGCC	562
ATGGC	556
GCACC	552
AGAAA	552
GCAGC	552
GGTCT	550
CTTCC	548
CTTAA	538
GCTTT	508
GTTCT	508
ATTCA	498
TATCA	496
AACGG	490
GAGCA	486
TAAAA	484
TAATT	474
GGGTT	472
GATGT	464
TCGTC	450
TTCAC	442
GTCAT	440
ATTGA	436
CTAAA	424
TCTTG	420
TTATA	418
AAAAC	408
ACCTG	398
TACTC	396
TGTAG	394
GACCT	368
ATAAT	366
TTAAA	364
GATTT	360
GCCCC	358
TCATC	348
CTACA	346
TGTCC	344
GAAGA	338
CGACA	336
CACAA	334
GTGCC	326
TAAAT	324
CGCAA	320
TTGTT	320
GTTAG	316
GGAGG	312
TCTCT	310
GGGGG	302
AGGAC	302
GCCTA	300
TTCTG	300
TAAGA	294
AAAGT	292
TCGGA	290
CAATT	288
CAAAA	286
CCTAA	280
CCGGC	278
GCAAC	276
ACGTG	276
GGAAG	274
TGACA	272
GGAAC	272
GTACA	270
GGACG	266
CCTCA	264
CCTGT	260
AACTG	258
GGGGC	252
CTTCT	248
CCTTG	246
TCTAA	242
TCCAC	232
GATCT	232
AGGAT	228
GGAGC	226
GTTCC	224
CACCT	224
ATCAA	222
ACTCT	220
ACAGC	218
CTCCT	218
TCAAA	216
GTAAG	216
AACAT	214
ATAGC	206
AGGTC	206
GGTGC	204
AAGCT	204
TTCCA	202
AAGTT	202
CCAAC	202
AGACC	200
TAGCT	198
CTCAC	198
CCCTC	194
GCGAG	194
CCAGC	192
GATCC	190
GCGCT	184
GTTGC	184
GCTCG	184
AAATC	180
TGGTT	176
GGCGG	168
TGATT	168
TTCTC	168
GACTG	166
GTATC	164
AAAAG	164
TTAAT	162
CCCAA	162
CTCCA	160
TCGCC	160
GTTTC	160
TATTT	156
ACCCT	154
GTTAA	154
GGGGT	154
GACTT	154
TCCCT	152
AAATG	150
CAGAA	150
AGCCT	150
TCCCC	146
GTAAC	144
TCCAA	144
GTGTG	144
AGTCC	142
CGAGA	140
TTGCT	140
AGTGA	138
ACATT	138
AGACT	136
AGCAC	136
ATGTA	136
GGTGT	134
GTGTT	134
CACTT	132
CAGTG	132
CCTCT	130
ATGCA	130
CTTTA	128
CCCCG	126
TCTTT	126
TAACT	126
CCATT	124
GCGGG	124
AGAGC	122
GGGAC	120
GCGTT	116
AAAGC	116
GTTTA	116
AGGTG	112
ATGCT	110
TGAAC	110
GCGGC	108
GATGC	108
GGGGA	108
CTCTA	108
GTTTT	108
ATCAT	106
CCGGG	106
GAAAG	106
GAGCG	104
ACCAT	104
CCCCT	104
CTAGA	104
TCCCA	102
TGGTC	102
TTCAA	100
CTCTG	98
ACCAG	98
AATGT	96
CTTTT	96
AATGC	96
AACAG	96
GTGGC	94
TGACT	94
TAAGC	94
AGCAG	94
CGCTT	94
TATGG	92
TATCT	92
GACTA	92
CACTA	92
TGAGG	92
GTGCT	92
CCCCA	92
TTGGG	92
TCCTC	90
CCTCC	90
CACTC	90
TCCTT	88
TCGTG	88
TTTGT	88
AGAGT	86
AGGTT	86
TGTTT	86
CTACT	86
CATTC	86
AGTAG	86
ATCTC	86
GAACG	84
GTTCA	84
GGTAT	82
GGGAG	82
CTCCC	80
AATAG	80
GGGCG	78
TGGGG	78
AACTC	78
TGATG	78
ATTTT	76
CTCTT	76
CAAGG	76
AGGCC	76
ATATT	76
AGTCT	74
TTGGT	72
AAGTG	72
CCATA	72
ACAAC	70
GTGCA	70
AGAAC	70
GAGGG	68
CACTG	68
CCAGA	68
TTTAT	68
AACGC	66
ATGCC	66
CACAG	66
CGCTG	64
CAATG	64
TTGGC	62
TTTTC	62
CTATT	62
TTAGA	62
CCCTG	62
CGCGG	60
TTTAA	60
ATGTT	60
TTCTA	60
TCTTA	60
CCCAG	60
TGGTG	60
CTAAC	58
CAAGT	58
TGGGT	58
ATCTG	58
TTTCA	58
AAGCG	56
AGTGT	56
AGGCA	56
AGGGG	56
CCACT	56
GAAGC	54
GATGG	54
TGTTA	54
TTTTT	54
TTCCT	54
CAGGG	54
ACCTT	52
GATAG	52
TGAAG	52
CAGAC	52
GACGG	52
TGTGA	52
AGTAT	52
TTATT	52
CTATG	50
ACCCC	50
ATCGG	50
ACCAC	50
AGATG	50
TAAAG	50
AAGCC	50
TCTAG	48
CATTG	48
CAGTT	48
CCTTT	48
AGCCG	48
AGTTT	46
CGCGC	46
TTCTT	44
CCGCA	44
ATTCT	44
GTCTT	44
ACGAC	44
TTTCT	44
GTTAT	42
TAATC	42
ATTGT	42
GCGCA	42
CCGTT	42
CGTGT	42
CCTTA	42
TATTG	42
CAGCA	40
AGAGG	38
TAGGC	38
ATATC	38
CGTTT	38
TAGGG	36
GATCG	36
TTTTA	36
CAGGT	36
CCAGG	36
CCCAC	36
TTATG	36
CACGG	34
AACTT	34
AGAAG	34
TAGAG	34
CCAAG	34
GCGCG	34
ACTAT	34
TTGTG	32
TGAGC	32
CTCGT	32
TCCTA	30
CCCCC	30
CAGGC	30
CAAGA	30
AATCT	30
ATTTG	28
ATCCC	28
CCGCC	28
ACCCG	28
TTTTG	28
CCCAT	28
CAAAG	28
CTCAG	26
TGTGG	26
TAGCC	26
ACAAG	26
ATCTT	26
AGTGC	26
CAGAG	24
CCGAC	24
CCCTA	24
CGCGT	24
AATCC	24
CACGC	24
CTAGC	22
TTGAC	22
CCCTT	22
CCCGA	22
AATCG	20
TGGGC	20
CGAGG	20
CATGC	20
TTTGA	20
GAAGG	20
CTAAG	20
AGATT	20
TGCGC	18
ATCGC	18
TGCCC	18
CCGAG	18
ACGCC	18
TGTGT	18
ATCGT	16
TGGCG	16
AGGCG	16
AGGGC	16
ATCCT	16
NACGA	16
TAATG	16
CCCGC	14
ACCGC	14
TTTAG	14
TTAAG	12
NGACT	12
CCGTG	12
NGTAA	10
AGCGC	10
NTAGA	8
NTGCA	8
NTGAA	8
GNTAA	8
GNGAA	8
NTACA	8
NGTTC	8
GNCAA	8
AGCCC	8
ACGCG	8
NCGTA	8
NCTAA	8
NTTGA	6
NCCGA	6
NCCAA	6
NTCTC	6
CNATA	6
NGCAA	6
NGCAC	6
CNTGA	6
NGGTT	6
NGTGA	6
NATAA	6
NATGA	6
CGCCC	6
CGCAG	6
NCGGA	6
TNCGA	6
NTATA	6
NTGGA	4
TTAGG	4
NAATA	4
NGAAA	4
AGCGT	4
TTTCG	4
CNCTA	4
NCCCA	4
NGCCC	4
NGCCG	4
NTCAA	4
NGTCA	4
TNAGA	4
NCGCC	4
NTTAA	4
NAGAA	2
NCGGC	2
NAAGG	2
NCAGA	2
NCGAC	2
NATTC	2
NCGGG	2
NCCTT	2
NCTTG	2
NATCT	2
NACGC	2
NACGG	2
NCCAT	2
NCATT	2
NCTCC	2
NATCC	2
NAGAG	2
NCATA	2
NAGCA	2
NAGCC	2
NAGCT	2
NCTCG	2
NCCTA	2
NAGGC	2
NAGGT	2
NCCTG	2
NCGCA	2
NAGTT	2
NTGTA	2
NGTCT	2
NTAAA	2
NTTCT	2
NTTCG	2
NCGAA	2
NTGTG	2
GNGTA	2
NTACT	2
GNTCA	2
NGTCC	2
GNTGC	2
NTAGC	2
ANATG	2
NTATG	2
ANAAA	2
ANAGT	2
NTCAG	2
NTCCT	2
ANCGG	2
NAACA	2
AGCGG	2
ANTCA	2
ANGTA	2
NGACA	2
NGAGA	2
NGATT	2
ANGAT	2
ANGAA	2
NCTTT	2
GNAAA	2
NGCGA	2
GNACA	2
NGGCG	2
GNAGA	2
NGGGT	2
GNATC	2
NTTTC	2
CNGTT	2
TNCAC	2
TNATA	2
TTCGC	2
TNACA	2
TNAAC	2
TNCTC	2
TNAAA	2
CNAAC	2
TNGCA	2
TNGCT	2
CNAGC	2
CNCTC	2
CNGAA	2
CNGCA	2
CNTAA	2
CNGCC	2
TNTGT	2
CNGTG	2
TNTAT	2
CNGGA	2
CNGGC	2
