process_radtags v2.41, executed 2021-08-10 17:16:51 (zlib-1.2.11)
process_radtags -1 NovaSeq/fastq/Sel_P2P1_USPD16104024-AK13658-AK13659_HL7GKDSXX_L4_1.fq.gz -2 NovaSeq/fastq/Sel_P2P1_USPD16104024-AK13658-AK13659_HL7GKDSXX_L4_2.fq.gz -i gzfastq -b NovaSeq/fastq/2019August_Selwyn_Coryphopterus-ddRAD_Plate2Pool1_demultiplex.txt -r -e ecoRI -o NovaSeq/demultiplexed_seqs/P2P1 -D
File	Retained Reads	Low Quality	Barcode Not Found	RAD cutsite Not Found	Total
Sel_P2P1_USPD16104024-AK13658-AK13659_HL7GKDSXX_L4_1.fq.gz	102446351	0	274420	544819	103265590

Total Sequences	103265590
Barcode Not Found	274420
Low Quality	0
RAD Cutsite Not Found	544819
Retained Reads	102446351

Barcode	Filename	Total	NoRadTag	LowQuality	Retained
GCATG	COPE-0488	4025378	12927	0	4012451
AACCA	COPE-1156	5932654	31164	0	5901490
CGATC	COPE-0738	5167626	13435	0	5154191
TCGAT	COPE-1038	2737382	6024	0	2731358
TGCAT	COPE-1251	5337658	6383	0	5331275
CAACC	COPE-0530	5513368	11306	0	5502062
GGTTG	COPE-1098	1539274	3658	0	1535616
AAGGA	COPE-1215	536578	6908	0	529670
AGCTA	COPE-0573	1138744	10613	0	1128131
ACACA	COPE-0913	1700596	17807	0	1682789
AATTA	COPE-1112	3831938	17472	0	3814466
ACGGT	COPE-0532	1359436	3355	0	1356081
ACTGG	COPE-1205	3785320	8749	0	3776571
ACTTC	COPE-1043	2625310	4733	0	2620577
ATACG	COPE-0769	3232364	5345	0	3227019
ATGAG	COPE-0820	683722	2291	0	681431
ATTAC	COPE-0552	1527876	11484	0	1516392
CATAT	COPE-1187	517222	1690	0	515532
CGAAT	COPE-0593	1321764	4630	0	1317134
CGGCT	COPE-0937	2214320	9179	0	2205141
CGGTA	COPE-0496	774590	16941	0	757649
CGTAC	COPE-0955	647124	3847	0	643277
CGTCG	COPE-0672	941464	4194	0	937270
CTGAT	COPE-0660	1844084	4419	0	1839665
CTGCG	COPE-0979	555016	9768	0	545248
CTGTC	COPE-0690	3095834	9841	0	3085993
CTTGG	COPE-1216	1961488	8327	0	1953161
GACAC	COPE-0864	3763552	17422	0	3746130
GAGAT	COPE-0681	1484548	4164	0	1480384
GAGTC	COPE-0918	3078220	10089	0	3068131
GCCGT	COPE-1045	2151104	3981	0	2147123
GCTGA	COPE-0780	721254	18198	0	703056
GGATA	COPE-0997	339252	10173	0	329079
GGCCA	COPE-1009	1855370	12141	0	1843229
GGCTC	COPE-0620	2401138	4912	0	2396226
GTAGT	COPE-1242	452742	2227	0	450515
GTCCG	COPE-0585	244922	2972	0	241950
GTCGA	COPE-0897	3177282	19028	0	3158254
TACCG	COPE-0786	836012	3644	0	832368
TACGT	COPE-1180	1088370	7974	0	1080396
TAGTA	COPE-0797	4142520	18617	0	4123903
TATAC	COPE-0856	1614130	8585	0	1605545
TCACG	COPE-1170	1815122	4538	0	1810584
TCAGT	COPE-0497	2129738	6059	0	2123679
TCCGG	COPE-0561	3317854	123675	0	3194179
TCTGC	COPE-0652	2059486	6735	0	2052751
TGGAA	COPE-0678	1762898	10538	0	1752360
TTACC	COPE-0581	7526	2657	0	4869

Sequences not recorded
Barcode	Total
CCGGA	19204
TCATA	15782
ACCAA	12302
AGTAA	12166
GATCA	9630
CGTGA	9530
AGTCA	8410
CTGGA	7778
TCGGA	7448
ACAAT	6642
GGTCC	6446
CACGA	5920
ATAGA	5784
CATCA	5418
GCCAA	5290
ACGTA	4674
CATGA	4370
ATTCA	4118
TAACA	3900
CTATA	3686
GTGAA	3664
GCGAA	3600
ACCGA	2990
CGACA	2972
CTTCA	2904
GCGTA	2764
CGGAG	2618
TCGCA	2596
GAGCA	2592
TTGCA	2524
TCTCA	2420
AAAAA	2372
TGTTC	2342
CACAA	2338
GATAA	2316
CGGGG	2222
CAATA	2124
GGTAA	2064
CGGGC	2042
CGCGA	1916
GAACA	1616
ACGAA	1576
TTGGA	1508
TATCA	1360
ACTAA	1176
CTACA	1166
TACAA	1146
GTGTA	1104
TGTCA	1090
GCAAT	954
TCAAC	946
CCGAA	932
TGAGA	912
GTACA	812
AGAGA	730
ATATA	730
AAATT	710
TTAAA	702
CCAAC	670
CTCGC	644
GAACT	640
ATCAA	616
GTCAT	606
ATAAA	596
GATCC	578
AAACT	576
CGCAA	572
CCAAA	572
GCCTA	566
GTTCT	556
GGGCC	554
TTCTG	550
TGCGA	524
CTTCC	506
GAATT	500
TAAAA	498
AAAAT	492
GTAAA	480
TGTCT	458
AAAAC	444
TAATT	442
TTCAG	434
TCTTG	428
GACCT	418
ACCTG	416
GGGTT	414
ACAAC	410
TCCAC	408
GCAAA	404
CTCAA	398
CCGGC	394
CCCAA	382
CGAGA	380
TAAAT	378
CAAAA	362
TTCAC	356
TGGTT	348
TGACA	346
TCCAA	336
GAAAA	316
CCATT	312
GGACT	310
ACCAC	302
TCAAA	300
AACTG	300
ACCTT	298
TTATA	296
CCGGG	286
ATAAT	286
AGAAA	286
GCACC	286
GCAGC	264
TTGTT	260
AACTT	260
TGGCC	258
TTCAA	250
GGTCT	246
CAATT	244
GCACT	242
GCCCC	234
CCTTG	234
GCCAG	230
GATGT	230
CTTCT	222
GTGAC	214
TTAAT	206
AAAGG	204
CACTC	198
TCTAA	194
GGACC	188
GACTT	186
GGGGG	180
GAAGA	170
TGCTG	168
CCTGT	164
CTAAA	162
CTCCT	160
AGCCT	160
TAGCT	158
AACGG	154
CTTAA	154
GCTCC	146
TCGCC	144
CAGAA	144
TGATT	144
TATGA	134
GGGGC	134
TCATC	134
AAGCT	128
TCGTC	126
TGGGG	126
ACTCT	124
GGGGT	124
CCATA	122
GCTCT	122
AACAT	120
GATTT	120
TAAGA	118
GGAAG	118
TCCTC	116
TGAAC	116
TGTCC	116
TCCCT	116
GGTGC	116
TGGTG	114
CACCT	108
TCCTT	106
CAATG	104
GGCAG	104
TCTCT	104
AGAAC	102
CGCTG	102
CTCCA	102
GCTTT	102
GCTAC	102
CCTAA	100
CTCAC	100
GAACG	100
GGACG	100
GCAAC	98
GATGC	98
ATTGA	96
GGTGT	94
GACTA	92
ACATT	90
TGGGC	88
GTGTT	86
GTGCC	86
CTTTA	86
GACTG	86
ACCAT	86
GAGGG	86
AACTC	86
GTGCA	84
ATCAT	82
GGCGG	82
TGTGA	82
CAGTT	82
TTCTC	82
CAGTG	80
TGGTC	80
AAATC	80
ACCCC	80
GTCTT	78
GTGTG	78
AGTCC	78
AACAG	76
GGGGA	76
GATCT	76
CGCTT	76
GTTCC	76
CTCTG	74
CCTCC	74
ATTTT	74
ACCCT	74
ATGGC	74
TGGGT	74
TCCCC	74
GTTTT	72
TAACT	72
GTTAA	72
GATGG	70
CAAGG	70
GGAAC	68
ACAGC	68
CCTCT	68
CCTTT	66
GCGCC	66
ACTAT	64
TGATG	64
TAAGG	64
CTATT	62
CCCTC	62
CCTCA	62
CTAAC	60
CCCCA	60
CTCTA	60
ACCAG	60
CACAG	60
TCTTA	60
GCGTT	60
AAAAG	60
TGAAG	58
GAAAG	56
AGTAT	56
GCTCG	56
TCTTT	56
CCCAT	56
TACTC	54
GTATC	54
GGTAT	54
AAGAC	54
GGGAG	54
GGGAC	54
AATGT	54
GAGCG	54
CTTTT	54
ATAGC	54
TTTAA	52
CGCCC	52
CCACT	52
CAGAC	52
GTTAG	52
CTAGA	52
GTGCT	52
CAGCA	50
AAAGT	50
CTCTT	50
CTCCC	50
CCCAC	50
CTATG	50
ATGTA	48
GTGGC	48
TGTAG	48
ACAAG	48
CCCCT	48
TGACT	46
TAGAG	46
CTCAG	46
CCTTA	46
TGTTA	44
CTACT	44
CCAAG	44
TCGTG	44
GGGCG	44
AGTCT	44
CCGCA	42
CATTC	42
GTAAG	42
CGTGT	42
TAAAG	42
AGGTT	40
TTGGG	40
CCCTT	40
GGAGG	40
GAAGC	40
CATGC	40
CACTG	40
GTTCA	40
GTTGC	40
AAATG	40
AGCAC	38
AATGC	38
AGACT	38
GCGAC	38
ATATC	38
CCCAG	38
AGCCC	38
CACTT	38
TTCTT	38
TTTAT	36
TCCCA	36
TAAGC	36
ATCGG	36
ATGTT	36
CCCTA	36
CACGG	36
CCAGA	36
CAGAG	36
CCCCC	36
CAGGC	36
CCAGC	36
GGAGC	36
GCTAT	34
TTTGT	34
AATCG	34
ATTGT	34
AATAG	34
CACTA	34
ACGTG	34
AGTAG	34
AAGTT	34
GTGGG	34
TATCT	32
GCGAG	32
TATTT	32
AATCC	32
TTTTT	32
CCCCG	32
ATTCT	32
CCCTG	32
CAAAG	32
TTCCA	30
TAGGG	30
CGTTT	30
TTTGA	30
ACGAC	30
TCCTA	30
GTTTA	30
AGGCA	30
TTAGG	28
TGTTT	28
AGACC	28
AATCT	28
GCGCA	28
ATCCC	28
AGCAG	28
GCGGG	26
ATTTG	26
CCAGG	26
GCGGC	26
GCGCT	26
GCTAG	24
AGGGG	24
TTCGC	24
GTTTC	24
TGCCC	24
ACCCG	24
AGAGT	24
TTTTA	24
AGAAG	24
TTGTG	24
TTAGA	22
AGGTG	22
TGTGT	22
AGGAC	22
TAATC	22
ATATT	22
TTGGT	22
CAAGA	22
TTGCT	22
TTTTC	20
GATAG	20
GTTAT	20
AGGAT	20
ATCTG	20
AGATT	20
ATGCT	20
TGAGC	20
TATTG	20
AGGTC	20
CGCGG	20
GCGCG	20
CTCGT	20
TTCTA	20
TTGAC	18
TTGGC	18
AGTTT	18
CAAGT	18
TTATG	18
AAGTG	18
ATCTT	18
ACGCC	18
AAGCC	18
CGCGT	18
CCCGA	18
TAATG	16
CCCGC	16
CCGAC	16
AAGCG	16
AGTGA	16
TTTCT	16
TTCCT	16
AGAGC	16
CCTAG	16
ATCGC	16
CGCGC	16
TGTGG	14
TNCGA	14
GATCG	14
CATTG	14
AGAGG	14
ATCCT	14
TTTTG	14
ANTAA	14
TGGCG	14
AAAGC	14
NCGGA	14
CCGAG	12
CTAAG	12
ATGCC	12
TGCGC	12
TATGG	12
CAGGG	12
AGGCC	12
ATCTC	12
NACAA	12
NCCGA	12
CGCAG	12
TAGCC	10
TAGGC	10
CAGGT	10
AGTGC	10
NATAA	10
GACGG	10
NTACA	10
CCGTT	10
CCGTG	10
NATCA	10
ATGCA	8
CCGCC	8
NTGCA	8
NTGGA	8
GAAGG	8
GTAAC	8
NTTAA	8
NTTGA	8
TTATT	8
CTAGC	8
AGATG	8
NCATA	6
ATCGT	6
TTTCG	6
NGAAA	6
TTAAG	6
TTTCA	6
NACGA	6
NGTCC	6
ANCGA	6
ANATA	6
AGCGG	6
NTCAA	6
CGAGG	6
NCTAA	4
NACGG	4
NAACA	4
AGTGT	4
NAATT	4
AGCGT	4
AACGC	4
NAGAA	4
AGCGC	4
NCATC	4
TGAGG	4
AGCCG	4
TCTAG	4
ANTCA	4
NCAAA	4
NCAAT	4
NGCAA	4
NGTAA	4
TNGGA	4
NGTCA	4
TNTAA	4
CNGGA	4
ACCGC	4
NTATA	4
NTCAG	4
CNACA	4
NTTGT	4
GNCAA	4
NCACT	2
NGCCG	2
CACGC	2
NAGCT	2
NAAAA	2
NCAGA	2
NTATG	2
NAGTT	2
NTTCA	2
NTAGA	2
NGCGA	2
NGGGC	2
NGGTC	2
NCCTG	2
NGTTC	2
GNACG	2
NGTGA	2
NCGTA	2
ANCGT	2
NATCC	2
ANTTG	2
GNAAT	2
NGGTG	2
NGAAC	2
NTGTA	2
GNCGC	2
NAACT	2
NCTTA	2
NAAGT	2
NTGCT	2
NAATA	2
GNGTA	2
NAATC	2
ACGCG	2
NCTTT	2
NGCCC	2
NCCAA	2
GNTAA	2
NGATT	2
GNTCC	2
NACGC	2
NTGAC	2
NCTCA	2
NGCAG	2
NTGAA	2
NAGAC	2
TNGGT	2
TNAAT	2
TNATA	2
TNCAA	2
TNCAG	2
AGGGC	2
CNATA	2
ANGCT	2
ANGAA	2
CNATT	2
CNCCA	2
CNCGA	2
ANAAC	2
TNTCG	2
CNTCC	2
CNGCC	2
TNTCA	2
CNTGA	2
CNGAA	2
TTTAG	2
TNGCA	2
TNGGG	2
