process_radtags v2.41, executed 2021-08-10 16:07:33 (zlib-1.2.11)
process_radtags -1 NovaSeq/fastq/Sel_P1P3_USPD16104024-AK13643-AK13644_HL7GKDSXX_L4_1.fq.gz -2 NovaSeq/fastq/Sel_P1P3_USPD16104024-AK13643-AK13644_HL7GKDSXX_L4_2.fq.gz -i gzfastq -b NovaSeq/fastq/2019August_Selwyn_Coryphopterus-ddRAD_Plate1Pool3_demultiplex.txt -r -e ecoRI -o NovaSeq/demultiplexed_seqs/P1P3 -D
File	Retained Reads	Low Quality	Barcode Not Found	RAD cutsite Not Found	Total
Sel_P1P3_USPD16104024-AK13643-AK13644_HL7GKDSXX_L4_1.fq.gz	238549983	0	528788	759621	239838392

Total Sequences	239838392
Barcode Not Found	528788
Low Quality	0
RAD Cutsite Not Found	759621
Retained Reads	238549983

Barcode	Filename	Total	NoRadTag	LowQuality	Retained
GCATG	COPE-0994	5988274	24091	0	5964183
AACCA	COPE-0926	10224780	43318	0	10181462
CGATC	COPE-0645	11314638	40870	0	11273768
TCGAT	COPE-0958	9452276	13849	0	9438427
TGCAT	COPE-1115	11641042	16751	0	11624291
CAACC	COPE-1075	8556084	15653	0	8540431
GGTTG	COPE-0962	2131290	3988	0	2127302
AAGGA	COPE-1146	12681420	48510	0	12632910
AGCTA	COPE-1219	4219594	24215	0	4195379
ACACA	COPE-0871	3566576	16295	0	3550281
AATTA	COPE-0850	1196848	5984	0	1190864
ACGGT	COPE-0624	3695550	9045	0	3686505
ACTGG	COPE-1245	7536284	10115	0	7526169
ACTTC	COPE-0723	5310862	5327	0	5305535
ATACG	COPE-1206	3334118	4225	0	3329893
ATGAG	COPE-0517	6396432	28359	0	6368073
ATTAC	COPE-1026	3249642	11320	0	3238322
CATAT	COPE-0525	7234224	14806	0	7219418
CGAAT	COPE-1259	6737678	12227	0	6725451
CGGCT	COPE-0840	5392578	18463	0	5374115
CGGTA	COPE-0639	9605282	43103	0	9562179
CGTAC	COPE-0919	4746360	17656	0	4728704
CGTCG	COPE-1143	3427216	7414	0	3419802
CTGAT	COPE-1160	9399112	16303	0	9382809
CTGCG	COPE-0505	5184346	11926	0	5172420
CTGTC	COPE-1130	1236930	4758	0	1232172
CTTGG	COPE-1236	2057184	6012	0	2051172
GACAC	COPE-0989	4053988	11934	0	4042054
GAGAT	COPE-0870	7827828	19272	0	7808556
GAGTC	COPE-1208	3357630	6602	0	3351028
GCCGT	COPE-0756	5134060	11686	0	5122374
GCTGA	COPE-0771	3879866	31606	0	3848260
GGATA	COPE-0891	4552488	31219	0	4521269
GGCCA	COPE-0621	3730640	25170	0	3705470
GGCTC	COPE-0650	8041440	14903	0	8026537
GTAGT	COPE-0813	3635020	6300	0	3628720
GTCCG	COPE-0822	9310834	15882	0	9294952
GTCGA	COPE-1147	123274	24115	0	99159
TACCG	COPE-0724	410596	6148	0	404448
TACGT	COPE-0471	3878008	8219	0	3869789
TAGTA	COPE-1184	5773468	17264	0	5756204
TATAC	COPE-0875	104406	6094	0	98312
TCACG	COPE-0877	916796	1685	0	915111
TCAGT	COPE-0952	6154116	6608	0	6147508
TCCGG	COPE-1018	1068258	20409	0	1047849
TCTGC	COPE-1071	1631140	4380	0	1626760
TGGAA	COPE-1104	198570	13676	0	184894
TTACC	COPE-0609	10558	1866	0	8692

Sequences not recorded
Barcode	Total
TCATA	36428
GGTCC	28672
CGTGA	20298
ACCAA	18734
CTATA	18636
GGTAA	18354
ATAGA	14252
AGTAA	14114
ACAAT	13062
GATAA	12364
CTGGA	12300
TGTTC	10786
CAATA	10250
CATCA	9998
GATCA	9788
ATATA	9628
ACGTA	9066
GCCAA	8874
GCGAA	7704
CGCGA	7200
CATGA	6320
TGAGA	6110
CGGAG	5750
CTCGC	5714
AGTCA	5486
GTGAA	5234
CGGGG	5006
GTGTA	4888
GCGTA	4628
AAAAA	4472
ATTCA	4406
CACAA	4364
CCGGA	4050
TGCGA	4042
CGACA	4028
AGAGA	3800
CGGGC	3770
GTACA	3496
CTACA	3172
TTGCA	3048
ACTAA	2910
CACGA	2804
CCGAA	2722
AAACT	2472
TCGGA	2286
CTTCA	2196
AAAGG	2090
TACAA	2074
ATGGC	1870
AAAAT	1820
TCTCA	1776
CGCAA	1696
CAAAA	1642
GGACT	1500
ATAAA	1500
ACGAA	1484
TAAGG	1484
TCGCA	1476
AGAAA	1468
ACCGA	1422
GATCC	1324
GCAAT	1324
GTAAA	1318
GGGCC	1284
TGTCC	1206
TGTCT	1184
CCAAA	1134
GTTCT	1086
TTGGA	1078
AAAAC	1070
ATCAA	1058
ATAAT	1028
GAATT	1002
TGATT	986
GAACA	974
CCATA	944
CTAAA	942
ACCTG	932
CTTAA	896
CAATT	894
CCAAC	892
CCATT	888
GCAAA	858
GCAGC	854
CTCAA	854
GAGCA	852
GGCAG	818
CCGGC	814
GAACT	790
AAATT	788
TATGA	774
ATTGA	760
GCACT	750
GTTCC	716
CTTCC	706
TCAAA	706
GAAAA	694
TCAAC	692
GATGT	680
GCACC	674
TTAAA	664
ACAAC	660
GCCTA	652
ACCAC	636
GGGTT	624
TCATC	620
GGACC	610
TGCTG	600
GCTCC	596
GCCCC	578
TCCAA	574
GCTAC	550
TCGTC	548
TAATT	544
ATCAT	538
TAAAT	524
TAAAA	514
GGAAC	510
TGGCC	508
ATGTA	506
GCCAG	504
GGTCT	500
GCGCC	490
GACCT	488
AACAT	486
ATGTT	484
TGGTT	482
AACTG	480
TGTAG	480
AAGCT	476
GGGGG	470
TAGCT	466
TTGTT	458
CAGAA	444
ATAGC	438
CACCT	438
GATCT	434
GATTT	430
CCCAA	418
TTAAT	416
TGTCA	414
GCAAC	404
CTAAC	404
ACCTT	384
GGAGC	382
AACTT	370
ACCAT	368
GGGGC	368
AGCCT	362
GGTAT	362
CCTAA	358
CATGC	358
TGAGC	356
TTCAA	354
GCTCT	354
GGAAG	348
TGATG	348
AGACC	332
CTCCT	332
CCCCG	328
GTGGG	324
GTGAC	320
CATTC	318
GCTAT	316
AGAAC	314
AGCAC	314
CACTC	312
AGAGT	312
TGGGG	304
ACATT	304
TCTAA	300
AAGAC	296
AACAG	296
CCAGA	294
TAACA	290
GAAGA	288
CTATT	286
TGACA	280
CAATG	278
TCTTG	278
GTAAG	276
GTGTT	276
TAAGA	264
CTTCT	264
GCTTT	262
GTCTT	262
GAAAG	258
CCGGG	258
GGTGC	256
TTCTG	254
AGAGC	250
GTGCT	250
AGTCC	250
GTATC	248
GGTGT	248
AGACT	246
CCTCT	246
GACTT	244
TACTC	244
CTCCA	242
GCTAG	242
TTCAG	242
GTCAT	240
AAAGT	240
CTCAC	238
ATGCT	238
GTGCC	238
ATATT	238
AGAGG	236
AAATC	236
CACAG	234
TAACT	234
ATGCC	230
GATGC	228
GCGCT	228
TTCAC	222
CTCCC	220
GTGTG	216
GTGCA	216
GTTAA	214
GACTA	214
CCCCA	214
GTTTT	210
CATTG	208
TGAGG	208
CTACT	206
AGATT	204
CAGAC	204
GGGAC	204
GGCGG	202
AGCAG	202
GGAGG	200
GCTCG	200
CACTT	198
CGAGA	196
TAGAG	194
TCGCC	194
TCGTG	192
GAACG	192
CCTCC	192
CCCTC	190
AACGG	190
GTTCA	188
TGGTG	186
CCTTG	184
CCCTA	182
ACCAG	182
TGTTT	180
GGGCG	180
CCTCA	180
CAGTG	180
ACTCT	180
CGCGG	178
AGTCT	178
AGGAC	176
GGGGT	174
CAAGG	174
GCGGG	174
GACTG	174
AAAAG	174
CCCCT	172
CAAAG	170
TCCAC	170
CGCTT	170
CCACT	170
GTTAG	168
AGGTG	168
ATATC	168
AGGTT	166
AGATG	166
ATTTT	166
GCGAG	162
CTTTT	162
CTCTG	156
ACTAT	156
CTTTA	154
GATCG	154
GCGCA	152
TTCCA	152
CGCTG	152
TATTT	152
AAGTT	152
CCCAT	152
GTTGC	150
GGGAG	150
AAAGC	148
GTGGC	148
CCTTA	148
AGTAT	148
GCGTT	146
GTTAT	146
TAGGG	146
GATGG	144
ACCCC	144
TCTCT	142
GAGGG	140
AATGT	140
CCCCC	140
CCTTT	138
CAGCA	138
GTTTA	138
TAGCC	136
CCTGT	136
TGGGT	136
AGTAG	134
GCGAC	134
CACTG	134
CTCTT	132
CCAAG	132
CACTA	132
TTTCT	130
GGGGA	128
ATTCT	126
ACCCT	126
TGGTC	126
TTATG	124
CTCTA	120
ACGCC	118
ACAAG	118
CAGTT	118
AAGTG	116
TCTTT	116
GATAG	116
CGTGT	112
ACCCG	112
TTTTA	112
ACAGC	112
GCGGC	110
ATGCA	110
CCCAC	108
AATAG	108
CCCAG	106
TTTTT	104
TATCA	104
AGCCC	104
ATTGT	102
CAAGA	102
AGGAT	102
AGGCC	102
AGCCG	102
AATCG	102
GTTTC	102
CCCTT	100
TGTGT	100
AAGCC	98
TTGCT	98
TCCCT	98
TCTTA	96
TGGGC	96
GCGCG	96
TTGTG	94
GGACG	94
CTATG	92
TGACT	92
CAAGT	92
CACGG	92
CTCAG	92
TTATT	92
CAGAG	92
AGGCA	92
ATCCT	90
TCCCA	90
AAATG	88
TTCTT	88
CGCGC	86
GTAAC	84
TCCTC	84
TAAAG	84
CCCTG	84
TTCCT	82
ATTTG	82
AGAAG	80
TGCCC	80
CTAGA	80
TCCCC	80
CAGGG	78
TAGGC	78
GAGCG	78
TATCT	76
AGTTT	76
TGTGG	74
TGTGA	74
TGAAG	72
AGGGG	70
ATCTT	70
TGAAC	68
CCAGG	68
TTTTG	66
TGTTA	66
TCCTT	66
TTTAT	66
AAGCG	64
AATCT	64
CCGCA	64
TTTGT	64
TTGGG	64
GACGG	64
CGCCC	62
CCAGC	62
CGTTT	60
CGAGG	60
ATCGG	60
CCGTT	60
AACTC	60
CGCGT	58
GAAGG	58
GAAGC	58
TAATC	58
TAATG	58
TTTGA	58
AATCC	58
ATCTC	56
AGTGA	54
CTAGC	54
TCCTA	54
TTGAC	54
TGCGC	52
TATTG	52
ACGTG	52
TTCTC	50
TATGG	50
TAAGC	50
TTGGT	48
TTTTC	48
CTCGT	46
AGGGC	46
CGCAG	46
TTCTA	46
TTTAA	44
AATGC	44
TGGCG	44
TTAGA	44
CAGGT	42
CAGGC	36
CACGC	36
ACGAC	36
TTATA	36
CCGTG	36
AACGC	36
ACGCG	34
AGGTC	34
ATCTG	32
CTAAG	32
CCGAG	32
CCCGC	28
TTGGC	28
TTAGG	28
TTAAG	28
CCGAC	26
CCCGA	26
CCGCC	24
ATCCC	24
AGCGC	22
AGCGG	22
TTTCA	20
ACCGC	20
NATAA	20
NGTAA	20
AGGCG	20
NTGTA	18
ATCGC	18
CNATA	18
NCATA	18
NACAT	14
AGTGT	14
NAGAA	14
TNCGA	14
NGTGA	12
AGTGC	12
NAATA	12
TNATA	12
NTATA	10
TTTAG	10
ANGAA	10
ANTCA	10
TTCGC	10
NCCGA	10
NACAA	10
NGGAT	10
NCAAT	8
NACTC	8
NCTCA	8
NCCAA	8
NCTAA	8
TNAAT	8
NGTCC	8
TTTCG	8
NTTGA	8
ATCGT	8
NGGTC	8
TCTAG	6
TNTAT	6
GNCAG	6
NATCA	6
NAATC	6
ANCAA	6
NCGGA	6
CNACT	6
NCAAA	6
NGTTC	6
NTGAA	6
NATGA	6
CNGAA	6
CNTAA	6
CCTAG	6
NGAGA	6
NGTCA	6
CNGCA	6
CNCGA	6
NGACA	6
NACCT	6
NTGCA	4
NAAGT	4
ANATA	4
GNCAT	4
ANAAT	4
NTTAG	4
NTAGA	4
GNCAA	4
NCAGG	4
NCATT	4
GNAAT	4
NTCAC	4
NAGGT	4
ANCGA	4
NGCAA	4
GNTCA	4
GNTCC	4
AGCGT	4
NGGGG	4
NACCC	4
NGGCG	4
NGCCT	4
NGCCG	4
NGCCC	4
CNTCT	4
NTACA	4
TNCAA	4
CNGTG	4
NGACC	4
NCTTG	4
NCTCC	4
CNGAC	4
NCGTA	4
ANTGT	4
CNACA	4
NAAGA	4
GNTAG	4
GNTAA	4
GNGAA	4
GNCTA	4
NTAAA	4
NCCAT	4
NATGG	2
NGATG	2
ANTAG	2
ANGAT	2
GNGGA	2
NCAGA	2
NGAAA	2
NACTA	2
NCTGT	2
GNCTG	2
NTATG	2
NTAAT	2
NATTC	2
ANCGT	2
NCAAC	2
GNTAT	2
GNCGG	2
NAACG	2
NAAAC	2
ANTGA	2
ANTGC	2
NCGCA	2
NCGCG	2
NCTAC	2
NCGGC	2
NCGGG	2
NATTT	2
ANCAC	2
GNCCC	2
NTACT	2
ANCCC	2
GNTTC	2
NGGTG	2
NTGCC	2
NGGTT	2
NGTAG	2
NGTAT	2
GNACG	2
NTGAC	2
NGTGG	2
NTGCT	2
GNTGC	2
NTCGT	2
NACGA	2
NAGGC	2
NTCCC	2
NTCCA	2
NTCAG	2
NGGAC	2
NAGAG	2
NTTGT	2
NCCAG	2
GNGTA	2
NTTCT	2
NGCGA	2
NTTAA	2
NAATG	2
NGCAC	2
NGGCC	2
NCCCT	2
GNACT	2
NTGGT	2
NTGGA	2
NAGCA	2
NCCCG	2
TNCGC	2
TNTTG	2
TNTTC	2
CNTTC	2
ANACC	2
CNTGC	2
CNTGA	2
TNGTT	2
TNGTC	2
ANAAG	2
TNGGG	2
CNACG	2
TNATG	2
CNCCA	2
CNTCA	2
CNCCT	2
ANAGT	2
CNGGA	2
ANAGG	2
CNGGT	2
CNGCC	2
CNGAG	2
CNCTA	2
ANAGA	2
CNCCC	2
