process_radtags v2.41, executed 2021-08-10 21:29:31 (zlib-1.2.11)
process_radtags -1 NovaSeq/fastq/Sel_P1P7_USPD16104024-AK13654-AK13655_HL7GKDSXX_L4_1.fq.gz -2 NovaSeq/fastq/Sel_P1P7_USPD16104024-AK13654-AK13655_HL7GKDSXX_L4_2.fq.gz -i gzfastq -b NovaSeq/fastq/2019August_Selwyn_Coryphopterus-ddRAD_Plate1Pool7_demultiplex.txt -r -e ecoRI -o NovaSeq/demultiplexed_seqs/P1P7 -D
File	Retained Reads	Low Quality	Barcode Not Found	RAD cutsite Not Found	Total
Sel_P1P7_USPD16104024-AK13654-AK13655_HL7GKDSXX_L4_1.fq.gz	518223745	0	1263962	2028335	521516042

Total Sequences	521516042
Barcode Not Found	1263962
Low Quality	0
RAD Cutsite Not Found	2028335
Retained Reads	518223745

Barcode	Filename	Total	NoRadTag	LowQuality	Retained
GCATG	COPE-0846	11593244	21449	0	11571795
AACCA	COPE-1106	8280526	81423	0	8199103
CGATC	COPE-0735	18633738	93158	0	18540580
TCGAT	COPE-1028	14439070	27654	0	14411416
TGCAT	COPE-1192	78960	3159	0	75801
CAACC	COPE-0940	18227026	32423	0	18194603
GGTTG	COPE-0582	26264548	36023	0	26228525
AAGGA	COPE-1229	67849752	333150	0	67516602
AGCTA	COPE-1088	1136476	27855	0	1108621
ACACA	COPE-0858	199988	8444	0	191544
AATTA	COPE-0749	10838564	32972	0	10805592
ACGGT	COPE-0978	1083258	8924	0	1074334
ACTGG	COPE-0835	436226	2993	0	433233
ACTTC	COPE-0600	10339802	14359	0	10325443
ATACG	COPE-1217	1403622	4653	0	1398969
ATGAG	COPE-0596	21747268	57057	0	21690211
ATTAC	COPE-1182	1393916	19108	0	1374808
CATAT	COPE-0474	12727282	25432	0	12701850
CGAAT	COPE-1261	16714674	39537	0	16675137
CGGCT	COPE-0907	24228656	66719	0	24161937
CGGTA	COPE-0782	19192920	115732	0	19077188
CGTAC	COPE-0777	101196	32832	0	68364
CGTCG	COPE-0499	30743982	41597	0	30702385
CTGAT	COPE-0883	34200844	83876	0	34116968
CTGCG	COPE-0938	4536228	11576	0	4524652
CTGTC	COPE-1052	219472	7688	0	211784
CTTGG	COPE-1059	16072126	45016	0	16027110
GACAC	COPE-0679	1482374	12241	0	1470133
GAGAT	COPE-0935	818128	8253	0	809875
GAGTC	COPE-0571	404316	5711	0	398605
GCCGT	COPE-0486	1955266	10155	0	1945111
GCTGA	COPE-1185	8376486	116978	0	8259508
GGATA	COPE-1097	30256478	91040	0	30165438
GGCCA	COPE-0640	15684392	77904	0	15606488
GGCTC	COPE-0772	12224198	34732	0	12189466
GTAGT	COPE-0529	8966684	15556	0	8951128
GTCCG	COPE-0560	9131768	31866	0	9099902
GTCGA	COPE-0614	11710984	89297	0	11621687
TACCG	COPE-0712	5067600	31693	0	5035907
TACGT	COPE-0475	11613270	21336	0	11591934
TAGTA	COPE-0503	1739184	20838	0	1718346
TATAC	COPE-0984	641606	5004	0	636602
TCACG	COPE-0540	971106	4435	0	966671
TCAGT	COPE-0817	670244	3780	0	666464
TCCGG	COPE-0957	397456	60069	0	337387
TCTGC	COPE-1013	673748	4079	0	669669
TGGAA	COPE-1172	6607654	72568	0	6535086
TTACC	COPE-0675	18175774	35991	0	18139783

Sequences not recorded
Barcode	Total
CGTGA	164900
GGTAA	75672
GATAA	58322
CTATA	55046
GCCAA	37410
CGCGA	37110
ATAGA	34798
CTGGA	32680
GGTCC	24150
CAATA	23680
TCATA	23030
ACGTA	22386
GTGAA	21216
ACAAT	19990
GCGAA	19170
ACCGA	17928
TGAGA	17638
GTGTA	17262
CATCA	16470
CGGAG	16066
ATATA	15772
AGAGA	15704
CGGGC	15358
CTCGC	15348
ACCAA	15136
CGGGG	15104
CATGA	12000
TGTTC	11760
AAAGG	11366
GATCA	10484
AAAAA	10104
TTGGA	10034
TTCCA	8296
GGACT	7240
AAAAT	6302
CCGAA	6134
ATTCA	6134
GGGTT	5958
TAAGG	5758
AAACT	5628
CGACA	5432
AGTAA	4696
AAGAC	4400
CGCAA	4392
CTTCA	4356
GGGCC	4118
ATAAA	4074
CAAAA	4040
CTTAA	4022
TGGTT	3858
GTAAA	3678
TGCGA	3582
CTAAA	3542
ATGGC	3352
CACGA	3336
CTCAA	3296
CCGGC	3068
TCGTC	3064
CCGGA	2914
TACAA	2820
GGACC	2812
AAAAC	2790
AGAAA	2770
GAATT	2764
TGTCT	2740
GCAAA	2702
TCCAA	2654
CTACA	2642
GTTCT	2596
TATGA	2588
GTGAC	2512
GTGGG	2486
TTAAA	2400
GTCAT	2354
TCGGA	2250
TAACA	2248
GGAAG	2198
AAATT	2160
TAATT	2132
CCAAA	2100
GGTCT	2060
CACAA	1984
GAAAA	1970
GGCAG	1918
ATCAA	1884
TTCAA	1860
ATTGA	1776
CCATA	1752
TCAAC	1740
GCAAT	1718
CCAAC	1712
TCTTG	1680
TAAAT	1652
CTTCC	1638
GGGGG	1560
TGGCC	1540
GCGTA	1530
TGATT	1504
GCAGC	1468
CAATT	1454
CGAGA	1408
GGAAC	1350
AGGAC	1348
GGTGC	1346
ACTAA	1338
ATAAT	1334
AAAGT	1310
CCCAA	1278
TAAAA	1266
AACAT	1254
GCTCC	1252
ACGAA	1228
TCAAA	1200
GATCT	1188
CTATG	1168
CTTCT	1160
AAATC	1152
GAACA	1150
CTCCA	1144
CCTTG	1144
GCACT	1102
CCGGG	1096
GAACT	1084
CACCT	1074
GGAGG	1060
CCTAA	1056
TGTCC	1052
ACAAC	1048
TGCTG	1048
CTCCT	1044
CTACT	1026
GATCC	1026
CCTCT	1014
GTTCC	980
GTACA	972
AGTCA	970
GGTAT	960
AGACC	934
CTATT	922
GATGT	914
AAGTG	910
CAATG	910
GTAAG	900
GCGCC	892
GATTT	884
CCTCA	870
GCCCC	870
AGGAT	858
TTGTT	852
GCTAC	846
CCAAG	842
GACTT	840
GGTGT	830
TCTCA	818
TCTAA	806
TGTAG	806
AGACT	802
GGAGC	798
AGAGT	792
GCGAC	790
GGGGC	784
GGGAC	780
GGGAG	778
AAAAG	776
GAAGA	776
CTCTA	774
GGGGA	772
GACCT	760
CAGAA	756
AAATG	752
GGGGT	750
ATCAT	750
TACTC	748
TTGCA	736
ACAGC	734
TCTTT	720
TGATG	720
GCACC	718
GCTCT	716
CATTC	710
GGGCG	708
CCCCG	706
ACTAT	698
CTTTA	690
TTCTC	682
AACTT	680
GTGTG	678
CTAAC	668
TAAGA	664
CCCTC	662
GAAGC	662
CATTG	648
TCATC	640
GTTAG	626
AGATT	620
GCAAC	616
CGTGT	614
CTTTT	598
GTGCC	596
GAAAG	584
TTAAT	582
CACTC	574
CAAGG	574
CCACT	568
CAGGG	564
TCGCA	564
TAAAG	560
AAGCT	560
AGAAC	556
ACCTT	554
GTTTT	530
ACTCT	524
CTCAC	518
ATGCT	510
CTAGA	506
TGAAG	504
AGATG	502
GTGTT	498
CCATT	496
GTTTA	494
ATAGC	492
AACAG	492
GCCAG	492
AGAGC	488
GTTAA	486
GGACG	484
GCTTT	480
CTCTG	480
ATGTA	478
GAACG	476
GTTGC	462
CGCTG	460
TGAAC	458
CCTTA	458
CCTGT	456
CAAAG	456
GCTAT	456
ATGTT	452
AGTGA	450
CTCTT	448
GCCTA	442
CGCTT	442
TTCAC	432
TTTCT	432
GTGCT	426
AATGT	412
CCCCT	410
CTCCC	408
ACATT	398
TTCCT	398
TTATA	396
TTGGC	390
TGTTT	388
AAGTT	386
CACTT	384
ATATT	384
GATAG	382
GCTCG	376
CCCCA	370
GGCGG	370
TGGTG	370
AAAGC	368
ATGCC	364
AGGCC	362
GATGC	360
GCGTT	360
CACAG	360
AGTCT	360
TAACT	352
TGACT	350
GTATC	350
AGAGG	348
AATCT	348
CAAGT	346
AATAG	344
AGTCC	338
TTCTT	336
GTCTT	332
GACTA	330
GTAAC	326
TCTCT	326
AGCCT	326
TCCCA	322
CAGCA	320
CAGTT	318
AGTAG	316
ACCTG	316
CCCTA	314
CCTCC	314
GTGCA	312
TGAGG	310
CGCGG	308
CGCGC	308
TTCTG	308
GACTG	304
TTGGT	302
TCCCC	302
TGACA	300
TTATT	296
CCCGA	292
ACCAC	292
GCGCT	292
AACTG	288
GCTAG	288
GATGG	288
ATTTG	286
CACTG	282
TCCTT	276
AGGCA	274
AAGCG	272
GCGGC	270
CACTA	270
TCCAC	270
CCTTT	268
TATTT	266
AAGCC	266
GTGGC	264
TCCTC	264
AACGG	264
GACGG	260
TGGTC	256
GTTTC	256
GAGCA	254
CGCGT	254
ACCCC	250
GTTCA	248
AGGTG	246
AGTTT	246
CAAGA	244
CCCCC	242
TTTTC	238
GATCG	238
ATATC	238
TATCA	234
TTATG	232
TTGCT	232
TTAGA	232
ATGCA	230
AGAAG	228
GCGAG	228
CAGAC	226
TCGTG	220
ATTTT	220
TATCT	218
CGTTT	216
CCCAC	216
ACCAT	214
GCGCA	212
TGTGA	212
TGAGC	210
TTGTG	210
CCAGA	208
ATTGT	202
GAGGG	202
CAGTG	202
TCCCT	200
AGGTC	196
ATTCT	194
ATCCC	190
TGGGG	190
CACGC	188
TAGCT	188
TCCTA	186
TTGAC	186
CTCAG	184
TTTCA	182
GTTAT	182
CTAGC	182
CATGC	182
GCGCG	178
CCCTG	170
TAATG	166
CCCTT	164
ACCCT	162
CAGAG	162
TATTG	162
TTTAA	160
AGCAC	158
TCTTA	154
CTCGT	152
CCCAT	150
TGCCC	148
AGGGG	146
AATCC	146
AATGC	142
CCGCC	142
TTCAG	140
CCGCA	140
AACTC	138
TTTTT	136
TGGGC	136
CAGGC	136
CCTAG	136
TTTTG	132
TTGGG	132
GAGCG	132
AGCCC	132
CCGTT	128
CTAAG	124
CGCCC	122
TGGCG	120
CGAGG	120
AACGC	116
CCAGC	116
TGGGT	114
AGGTT	112
TGTTA	110
TATGG	108
ACGTG	106
CAGGT	104
CCGAC	104
TAATC	104
TTTGA	104
AATCG	104
AGTAT	102
TAGAG	102
TTCTA	98
GAAGG	98
CCCAG	96
ATCTC	94
TTCGC	94
TGTCA	94
TGTGT	92
NGTGA	90
TAGGC	90
GCGGG	88
TTTGT	88
ACAAG	88
TTAAG	86
ACCCG	86
AGTGC	82
TCGCC	80
AGTGT	78
ACGAC	76
ACCAG	76
ATCTT	74
ATCCT	74
NAGAA	72
TTTAG	72
AGCAG	66
TTTTA	66
CCCGC	66
ATCGG	64
TAGCC	62
TAAGC	62
TTTAT	62
ATCTG	62
CCGAG	58
NGTAA	56
TCTAG	56
TGTGG	54
TTTCG	52
ANGAA	52
ATCGC	50
CNATA	50
CGCAG	50
CCGTG	50
CNTGA	48
NCCGA	46
TGCGC	44
NTATA	44
TAGGG	42
CCAGG	40
TTAGG	38
NTGTA	36
CACGG	34
NTTGA	32
AGCGC	32
AGGCG	30
AGCGT	28
TNCGA	28
AGCCG	24
NAATA	24
AGCGG	22
ACGCC	20
NTGGA	20
NGCAA	20
NGTCA	18
TNATA	18
ATCGT	18
NATAA	18
CNGGA	18
NGGAT	18
NTGAA	18
NGAAA	18
NAACA	16
NTAGA	16
NCCAA	16
TNCCA	16
CNCGA	16
CNTAA	16
AGGGC	14
ANTAA	14
NATGA	14
NGTTA	14
ACCGC	12
GNTAA	12
NTACA	12
ANAGA	12
NGTTC	12
NGAGA	12
GNCTA	12
NAAAT	12
NGACA	12
NCGAA	12
CNGAG	10
NACGG	10
NCAAT	10
NTCCA	10
NACGA	10
GNTCA	10
NGACT	10
CNGAA	10
NGGTT	10
NTTAA	10
NACAA	10
NCTAA	10
NGCGA	10
NTGGG	8
NATCA	8
NATCG	8
ANCGA	8
CNTCT	8
NTCAA	8
NCATT	8
GNTTA	8
GNCAA	8
NACTC	8
TNTCG	8
NGATT	8
NCGTA	8
NAATT	8
NCATC	8
GNCCC	8
GNGAA	8
NAACT	8
NTTAG	8
NGACC	8
GNTTT	6
GNAAA	6
NGGCA	6
NGCCG	6
ANGGC	6
GNAGA	6
NTAAT	6
NGGAC	6
ANGCG	6
NGGTG	6
NCAAA	6
GNGTA	6
GNGTT	6
CNTCA	6
CNGTG	6
NCGTC	6
NTATG	6
NTGTG	6
CNCTA	6
CNTTC	6
GNTCC	6
TNAGA	6
CNACT	6
TNAAA	6
NAAAA	6
GNATT	6
ANATA	6
ANGTA	6
NGTCT	6
NGGCC	6
NAGGG	6
NTATC	4
GNTAC	4
NTGAC	4
NAACG	4
ACGCG	4
NTCTC	4
NTAGG	4
ANGAC	4
NTGGT	4
NTCCC	4
NTGCC	4
NTGCT	4
NTTCG	4
CNCTC	4
TNGCA	4
GNGTG	4
NGGTC	4
CNTTG	4
ANTTG	4
CNTCC	4
CNGGT	4
NCTAG	4
NCTAT	4
NAAGG	4
ANTAT	4
NCTCA	4
GNCAG	4
CNACA	4
NGGGT	4
NGGGC	4
NGGGA	4
NGAGT	4
NGATG	4
TNACA	4
NTTGT	4
GNTGG	4
NAAGT	4
NGTCC	4
GNTCT	4
NAAGA	4
NCAAC	4
TNCCC	4
TNCCT	4
NCATA	4
NCACT	4
ANGGG	2
GNACA	2
GNACT	2
NTGCA	2
ANCTT	2
GNAAT	2
GNATC	2
ANGTG	2
NTTCT	2
NTTGC	2
ANGCT	2
GNTGT	2
GNCAT	2
ANTAG	2
GNTGC	2
GNTCG	2
ANTCA	2
GNACC	2
GNCTG	2
GNGCC	2
GNGGG	2
TNCAA	2
TNTTA	2
TNTGA	2
TNTCC	2
TNTAA	2
TNGTT	2
NCTCG	2
NCAGA	2
NGTAT	2
TNCAC	2
TNTTC	2
TNATC	2
TNAAT	2
NATTT	2
CNAAC	2
NATGT	2
CNAAA	2
NGTGG	2
NAGCT	2
NCGGC	2
CNGGC	2
NCGTT	2
CNGTT	2
CNTAG	2
CNCGG	2
NCGGG	2
CNCGC	2
CNATG	2
CNTGC	2
NAGCC	2
CNACG	2
CNTTA	2
NCGGA	2
NCGCT	2
NCGAG	2
NCCTT	2
NCCAT	2
TNTTG	2
ANAAT	2
NGCTG	2
NGAGG	2
NTACT	2
NTCGT	2
NGCCC	2
NTATT	2
NTCGG	2
ANAAC	2
NAAAC	2
NGCCT	2
NTCAC	2
NTCAG	2
ANACC	2
NGCGC	2
NGCTT	2
ANATG	2
NGTTT	2
NAGCA	2
NTCTG	2
NACTT	2
NACTG	2
NACTA	2
ANCAA	2
NCTTG	2
NACGC	2
NTAAA	2
NACAT	2
NGACG	2
NTAAC	2
NAATG	2
NAATC	2
NAAGC	2
