process_radtags v2.41, executed 2021-08-10 19:58:44 (zlib-1.2.11)
process_radtags -1 NovaSeq/fastq/Sel_P2P2_USPD16104024-AK13660-AK13661_HL7GKDSXX_L4_1.fq.gz -2 NovaSeq/fastq/Sel_P2P2_USPD16104024-AK13660-AK13661_HL7GKDSXX_L4_2.fq.gz -i gzfastq -b NovaSeq/fastq/2019August_Selwyn_Coryphopterus-ddRAD_Plate2Pool2_demultiplex.txt -r -e ecoRI -o NovaSeq/demultiplexed_seqs/P2P2 -D
File	Retained Reads	Low Quality	Barcode Not Found	RAD cutsite Not Found	Total
Sel_P2P2_USPD16104024-AK13660-AK13661_HL7GKDSXX_L4_1.fq.gz	335752093	0	1041642	1383031	338176766

Total Sequences	338176766
Barcode Not Found	1041642
Low Quality	0
RAD Cutsite Not Found	1383031
Retained Reads	335752093

Barcode	Filename	Total	NoRadTag	LowQuality	Retained
GCATG	COPE-0799	18797330	40494	0	18756836
AACCA	COPE-0677	11970948	59124	0	11911824
CGATC	COPE-1040	3229634	48873	0	3180761
TCGAT	COPE-1136	8775542	14244	0	8761298
TGCAT	COPE-0916	11235124	18565	0	11216559
CAACC	COPE-0920	9566040	15401	0	9550639
GGTTG	COPE-1046	12125874	24797	0	12101077
AAGGA	COPE-0565	22470528	94746	0	22375782
AGCTA	COPE-1116	5564926	31505	0	5533421
ACACA	COPE-0808	3826850	45716	0	3781134
AATTA	COPE-1171	3789630	26723	0	3762907
ACGGT	COPE-0746	6091818	12008	0	6079810
ACTGG	COPE-0980	9049066	22165	0	9026901
ACTTC	COPE-0936	6800804	11088	0	6789716
ATACG	COPE-0717	4673528	7502	0	4666026
ATGAG	COPE-1178	14937924	28687	0	14909237
ATTAC	COPE-1231	15729926	38351	0	15691575
CATAT	COPE-0705	17480170	23128	0	17457042
CGAAT	COPE-1131	6363726	19031	0	6344695
CGGCT	COPE-0682	8446280	38398	0	8407882
CGGTA	COPE-0948	7742658	102438	0	7640220
CGTAC	COPE-0931	17490330	47562	0	17442768
CGTCG	COPE-1063	11589586	26087	0	11563499
CTGAT	COPE-0476	14525796	21766	0	14504030
CTGCG	COPE-0755	13918530	24699	0	13893831
CTGTC	COPE-1120	722402	5962	0	716440
CTTGG	COPE-0954	489118	4340	0	484778
GACAC	COPE-0535	2552464	17755	0	2534709
GAGAT	COPE-1150	1028094	8844	0	1019250
GAGTC	COPE-1161	13161560	35146	0	13126414
GCCGT	COPE-0686	1498834	5540	0	1493294
GCTGA	COPE-0894	5665964	100975	0	5564989
GGATA	COPE-1128	10411876	56072	0	10355804
GGCCA	COPE-0784	2454830	18935	0	2435895
GGCTC	COPE-0847	352918	4464	0	348454
GTAGT	COPE-1111	5009594	12456	0	4997138
GTCCG	COPE-1062	1562560	6480	0	1556080
GTCGA	COPE-0741	3887464	47583	0	3839881
TACCG	COPE-0514	7043752	18633	0	7025119
TACGT	COPE-0815	1512010	24728	0	1487282
TAGTA	COPE-0910	399008	14057	0	384951
TATAC	COPE-0968	1091276	5067	0	1086209
TCACG	COPE-1157	1976156	5559	0	1970597
TCAGT	COPE-1105	4643602	9704	0	4633898
TCCGG	COPE-0656	951542	82691	0	868851
TCTGC	COPE-0590	12564	2131	0	10433
TGGAA	COPE-0903	4488186	39799	0	4448387
TTACC	COPE-0533	26782	13012	0	13770

Sequences not recorded
Barcode	Total
CGTGA	113768
CTATA	46096
GGTAA	41082
TCATA	38944
ATAGA	36666
AGTCA	35808
GATCA	32736
CGCGA	31224
GATAA	30164
ATATA	26212
ACCAA	25958
ACCGA	25720
CTACA	24992
CATGA	21828
CTGGA	21478
ACAAT	20856
ATTCA	19794
GCGAA	19674
CAATA	19466
CGACA	17420
AGAGA	16798
GAGCA	16410
GTACA	15562
CGGAG	14720
TGAGA	14442
ACGTA	13286
GTGAA	12992
TGCGA	12908
CGGGG	12126
GTGTA	10806
CGGGC	10026
AGTAA	8464
AAAAA	7080
GGTCC	6844
ACTAA	6648
CACGA	6368
GCCAA	6326
CCGAA	6160
CACAA	5846
TGTTC	5824
TACAA	5338
CTTCA	4898
CCGGA	4762
CATCA	3966
CTCGC	3932
AAAAT	3866
AAAGG	3704
ATAAA	3596
GCAAT	3414
TAAGG	2896
AAACT	2894
ACGAA	2870
TAACA	2792
TCGGA	2738
AGAAA	2502
GGGTT	2416
TATGA	2028
CAAAA	1982
GCGTA	1968
AAAAC	1954
GAATT	1916
ATCAA	1912
CCATA	1896
CCAAC	1884
TTGCA	1852
GTTCT	1846
GTAAA	1744
GAAAA	1676
CTAAA	1668
CGCAA	1592
CGAGA	1584
GATCC	1532
CCAAA	1452
CCGGC	1434
ATTGA	1434
TGGTT	1380
AAATT	1308
TCAAC	1180
TCGTC	1172
TTGGA	1124
TTCAG	1114
TCAAA	1060
ATAAT	1048
ACCTG	1022
GCAAA	1014
TATCA	974
GGGCC	966
CTTCC	960
CAATT	912
GAACA	904
GAACT	870
TGTCT	866
GGACT	850
ACAAC	850
TGCTG	824
TAAAT	796
CTTAA	768
ACCTT	768
TAATT	766
ATCAT	750
GCAGC	742
CCCAA	690
ATGGC	684
GATGT	658
CCTAA	654
GGTGC	648
TCTAA	648
AACTG	648
GTGAC	648
CAGAA	646
AACTT	634
TAAAA	634
GGACC	624
AGCCT	620
CTCAA	616
TAGCT	612
CACTC	610
AAGCT	576
GTCAT	572
GGTGT	564
GCAAC	550
TGTAG	528
AACGG	526
TGATT	524
TTCAA	518
GGGGG	516
AAAAG	512
TTAAA	512
GGTCT	512
TCCAA	490
ACCAC	488
GGAAG	458
GCTAC	458
GACCT	446
TTCAC	440
GTTCC	424
CAAAG	416
TGGCC	410
ACTCT	408
AGAAC	400
AACAG	396
GGAAC	396
AACAT	390
AGTCC	388
GCACC	388
CCAAG	378
CCTCT	372
TAAAG	366
GCTTT	364
TTAAT	362
GCACT	360
GCTCC	354
GGTAT	346
GATTT	344
GCTAT	342
TGACA	340
GAAGA	340
CTACT	330
TCCAC	330
GGGGC	328
GTGTG	328
CACCT	326
TGTCA	322
CTAAC	322
GCCTA	320
TGATG	320
GGGGT	318
GATCT	314
TTGTT	298
GGCAG	294
GTTAG	290
GTTAA	286
AAGAC	280
CTCCA	280
ACTAT	278
CTCTG	278
GGAGG	278
GAAAG	272
CAGAC	272
TTATA	268
CGTGT	262
GGGGA	260
CGCTG	258
TGGGG	256
TCATC	254
GCTAG	252
GGGAC	252
CAATG	250
GGGCG	250
ATGTA	248
GTAAG	248
GTTTT	248
TGTCC	248
ATATT	248
GTGTT	244
GGAGC	242
CTCCT	240
GCCAG	238
CCATT	234
CCGGG	230
GAGGG	230
TAACT	226
TAAGA	226
GATGC	220
AAATC	220
ACATT	220
GTATC	218
AGCAC	218
GACTT	210
ACCAT	210
TTCCA	208
CGCGG	206
AAGTT	206
CGCTT	204
ATAGC	204
CAGTT	204
AATAG	202
GCTCT	200
TCTTG	196
GCCCC	196
ATTTG	194
TGAAG	192
TGAAC	190
AAAGT	190
CCTCA	188
GGGAG	188
CAGCA	188
GTGCT	186
GAACG	182
TTCTG	182
CATTG	180
CTTCT	178
AGTGA	176
GTTTA	174
CTATT	174
TTTTT	172
CAGAG	168
AGGAT	168
AGTAG	166
AGGTG	166
AGACT	166
ACGTG	164
TACTC	164
CATTC	162
CCCCC	160
GACTA	158
ATTGT	156
CTCTT	154
CCTGT	154
CCCCG	154
CCACT	152
CTTTA	150
CTCCC	146
GACTG	146
TAATG	144
GTTCA	144
AAGCG	144
CAGTG	142
AGGGG	142
CCCTA	142
TCGTG	142
TGTTT	142
TGTGA	140
CCCCT	140
ATTTT	138
AATCG	136
TCCCA	136
GCGGG	134
GTGCA	134
TGGGT	134
GCGCA	134
AGACC	132
AGAGG	132
ATGTT	130
ATGCC	130
TCTTA	130
AAGTG	128
CCTTA	128
ACAAG	128
GCGCC	126
TTTTA	126
CACTT	126
CCTTT	126
GTGCC	126
CAGGT	124
ACCCC	124
CCTTG	124
GTTGC	122
CAAGA	122
AAGCC	122
CACTG	120
ACAGC	120
GAGCG	120
AGTAT	116
CCCCA	116
CGTTT	116
GTCTT	116
ATCCT	116
CTCTA	114
GGACG	112
CCTCC	110
TCTTT	110
ATTCT	110
CACAG	110
TCCTC	108
GTTTC	108
GATGG	108
GGCGG	108
TATTG	106
CACTA	106
GTGGC	106
ATATC	104
CAAGT	104
CCAGA	104
AGGTT	102
TGCCC	102
GTTAT	102
GTAAC	100
CCGCA	100
TTTCT	100
AATGC	100
CTAGA	100
AGGTC	100
AGATT	100
TATTT	98
TTAGA	98
CCCAT	98
AGAGC	96
AATGT	96
TTGTG	96
TGTTA	96
TCTCT	96
AATCC	96
AACTC	96
CCCTC	96
GCGTT	96
ATCCC	94
CTCAG	94
CGCGC	94
CGCCC	92
CTATG	92
TGGTG	92
CTCGT	92
TTATG	90
TGGTC	90
GCGCT	90
CAAGG	88
ATGCT	84
ACCAG	84
TTCTT	84
AGGAC	84
TTATT	84
GCGAC	84
AGTCT	82
GCTCG	82
GACGG	82
AGAGT	78
ACCCT	78
AAATG	78
TTGGT	78
CCAGG	76
GCGAG	76
CCCAC	76
GTGGG	74
CTCAC	74
AGCAG	74
TCTCA	72
TCCCC	72
TTCTC	72
CTTTT	72
CATGC	72
GCGCG	70
TTCCT	70
TCCCT	70
CGCGT	70
TGACT	68
GATCG	66
CAGGG	66
GATAG	64
AGGGC	64
TGTGG	64
AGATG	64
CCCTG	62
ACCGC	60
TCCTA	60
TGAGC	60
ACGAC	60
CCAGC	58
AGGCC	58
CCGAG	56
AATCT	56
TTGGG	56
TTAAG	56
GCGGC	56
TTTAA	56
ACCCG	54
CCCGA	54
CTAAG	54
TGGGC	54
AGTTT	54
TGGCG	52
ATGCA	52
ATCGG	52
CCCAG	52
AGTGC	50
AAAGC	50
TATCT	50
AGGCA	50
CAGGC	48
CCCTT	48
TAGAG	46
TAGCC	46
TCCTT	46
AGCCC	42
TTGGC	42
TAATC	40
TATGG	40
AGAAG	40
GAAGC	40
AACGC	40
NCCGA	40
NCATA	40
TTTTC	38
NGTGA	36
AGGCG	36
TNCGA	36
TGTGT	34
CCGTG	34
CGCAG	34
ATCGC	34
NTATA	34
TTTGT	34
NTGTA	32
TTTTG	32
NGTCA	32
TTCTA	30
TTGCT	30
NTACA	30
CNTGA	30
TCTAG	28
TGAGG	28
GAAGG	28
TTTGA	28
TTTCA	28
TAGGC	26
AGTGT	26
NGTAA	26
CCTAG	26
CCGAC	26
NACGA	24
TTTAT	24
NAGAA	24
ATCTG	24
TAGGG	24
NCCAA	22
AGCCG	22
CCGTT	22
CNATA	22
CTAGC	22
ATCTC	22
TNATA	22
ANGAA	20
CGAGG	20
CACGG	18
NTTAA	18
ANCAA	18
GNTAA	18
TCGCC	18
NACAA	18
TAAGC	18
ACGCC	18
CCCGC	18
TTGAC	16
NAACA	16
NTGAA	16
NGTTA	16
NATGA	16
ACGCG	16
ANTCA	16
NCGTA	16
CCGCC	14
NATCA	14
AGCGT	14
ANATA	14
NCAGA	14
NCTCA	14
NTTGA	14
NTGGA	14
TCGCA	14
NATAA	12
AGCGG	12
CNTAA	12
ATCGT	12
NCTAA	10
NTAGA	10
NGCGA	10
ANTGA	10
NTGCT	10
GNTCA	10
CNCGA	10
ANAGA	10
TTTAG	10
CACGC	10
NGGTG	8
NGGTT	8
TTAGG	8
NATTG	8
NAATA	8
CNACA	8
CNGTG	8
TTTCG	8
ATCTT	8
NGAGA	8
NCAAT	6
NGACA	6
CNTTA	6
NGTAG	6
NGGTC	6
CNCCA	6
CNCAT	6
CNGGA	6
NGGGA	6
NGGCA	6
NTTCA	6
CNTCA	6
AGCGC	6
NTGGG	6
NTGCA	6
ANTAA	6
NGCAC	6
NGCAA	6
GNGTT	6
GNAGA	6
NGAAA	6
GNGAA	6
NCTTG	6
NCTGT	6
NACAT	6
NCCCG	4
GNAAA	4
NGTTC	4
NTTCG	4
NTATG	4
GNCTG	4
NTAAT	4
NGTCC	4
NGGGC	4
NCCTG	4
NCAAG	4
NGGAT	4
NGGAG	4
NGGAC	4
NCGAA	4
NAGCT	4
NGAAC	4
NAGCC	4
NAGCA	4
NCGTC	4
NAAAC	4
NACCC	4
NAAGG	4
TNCCA	4
TNAGA	4
ANTAT	4
TNAAA	4
CNACG	4
ANGCG	4
CNCTA	4
ANATC	4
CNGAA	4
CNGAC	4
CNTCT	4
CNGAG	4
TNAAT	4
CNGTT	4
ANTGT	4
CNGGG	4
CNAAC	2
ANGGG	2
TNTTC	2
ANGGC	2
CNCAC	2
NGTCT	2
CNGCC	2
CNACT	2
NCTTA	2
NTTCC	2
NCTTT	2
NTTAT	2
NTTAG	2
ANGAT	2
NGTGG	2
NAAAA	2
TGCGC	2
NAAAT	2
TNCAC	2
NTGTG	2
NTTGT	2
NGTAT	2
CNTCC	2
NGATT	2
TNATG	2
TNCTA	2
TNCCC	2
TNAAG	2
TNAAC	2
TNGAC	2
ANGTG	2
TNCCT	2
NGACT	2
TNGGT	2
CNCTC	2
TNGTC	2
CNGCA	2
ANGTC	2
TNACA	2
NGGCC	2
ANGTA	2
NTTGC	2
NTCAA	2
NCGGG	2
NCGGA	2
NGGGT	2
GNAAT	2
NCGAC	2
GNACA	2
NATCC	2
ANAGT	2
NATCG	2
GNACG	2
NATGT	2
ANAGG	2
NGTTT	2
ANTAG	2
NCAAA	2
GNGTA	2
ANTGC	2
GNGCT	2
GNCAT	2
ANAAG	2
NCACT	2
NTAAG	2
GNCCC	2
ANAAA	2
GNGAC	2
CNGGC	2
NTCAG	2
NCTAT	2
NAATC	2
NAATT	2
GNTTC	2
NCTAC	2
ANCTT	2
GNTTA	2
TNAGG	2
NCGTG	2
NACCT	2
GNTCT	2
NACGG	2
GNTCG	2
NACTA	2
NACTT	2
GNTCC	2
NAGAG	2
ANCGA	2
NTGAC	2
CNGGT	2
GNTAC	2
NAGCG	2
TNAGC	2
NAGGG	2
