process_radtags v2.41, executed 2021-08-10 16:29:43 (zlib-1.2.11)
process_radtags -1 NovaSeq/fastq/Sel_P1P4_USPD16104024-AK13641-AK13642_HL7GKDSXX_L4_1.fq.gz -2 NovaSeq/fastq/Sel_P1P4_USPD16104024-AK13641-AK13642_HL7GKDSXX_L4_2.fq.gz -i gzfastq -b NovaSeq/fastq/2019August_Selwyn_Coryphopterus-ddRAD_Plate1Pool4_demultiplex.txt -r -e ecoRI -o NovaSeq/demultiplexed_seqs/P1P4 -D
File	Retained Reads	Low Quality	Barcode Not Found	RAD cutsite Not Found	Total
Sel_P1P4_USPD16104024-AK13641-AK13642_HL7GKDSXX_L4_1.fq.gz	269471282	0	599818	980724	271051824

Total Sequences	271051824
Barcode Not Found	599818
Low Quality	0
RAD Cutsite Not Found	980724
Retained Reads	269471282

Barcode	Filename	Total	NoRadTag	LowQuality	Retained
GCATG	COPE-0767	4333810	17809	0	4316001
AACCA	COPE-0490	130796	20628	0	110168
CGATC	COPE-1252	4922430	30115	0	4892315
TCGAT	COPE-0753	5385998	7027	0	5378971
TGCAT	COPE-1221	7854418	9181	0	7845237
CAACC	COPE-1167	10342266	19154	0	10323112
GGTTG	COPE-0999	5847992	8231	0	5839761
AAGGA	COPE-1103	14412186	56727	0	14355459
AGCTA	COPE-1223	1903902	30968	0	1872934
ACACA	COPE-1067	989752	25606	0	964146
AATTA	COPE-0930	3120066	9977	0	3110089
ACGGT	COPE-0664	5568238	11171	0	5557067
ACTGG	COPE-1243	4491322	13279	0	4478043
ACTTC	COPE-0928	5685964	8500	0	5677464
ATACG	COPE-1079	13290022	19788	0	13270234
ATGAG	COPE-1169	15701628	28405	0	15673223
ATTAC	COPE-1091	1126634	10152	0	1116482
CATAT	COPE-1149	2763084	6432	0	2756652
CGAAT	COPE-0644	1600862	6794	0	1594068
CGGCT	COPE-0781	521828	14196	0	507632
CGGTA	COPE-0912	5061328	44927	0	5016401
CGTAC	COPE-0759	4478220	10538	0	4467682
CGTCG	COPE-0974	4366280	5148	0	4361132
CTGAT	COPE-1194	13220906	36590	0	13184316
CTGCG	COPE-0665	3083620	25422	0	3058198
CTGTC	COPE-0688	4082564	10173	0	4072391
CTTGG	COPE-0832	124404	1570	0	122834
GACAC	COPE-1126	14650192	49423	0	14600769
GAGAT	COPE-1072	13505006	34420	0	13470586
GAGTC	COPE-0696	6602364	16628	0	6585736
GCCGT	COPE-1001	5323256	11818	0	5311438
GCTGA	COPE-0584	22231334	93501	0	22137833
GGATA	COPE-0504	4842354	45295	0	4797059
GGCCA	COPE-0567	4095910	13926	0	4081984
GGCTC	COPE-0668	991268	3273	0	987995
GTAGT	COPE-0892	5977624	6455	0	5971169
GTCCG	COPE-0853	3223834	6785	0	3217049
GTCGA	COPE-0693	2906084	27250	0	2878834
TACCG	COPE-0819	3737142	12810	0	3724332
TACGT	COPE-1262	42896	16479	0	26417
TAGTA	COPE-0591	2779428	9439	0	2769989
TATAC	COPE-1174	7621908	17102	0	7604806
TCACG	COPE-0923	561826	9408	0	552418
TCAGT	COPE-1066	54380	2084	0	52296
TCCGG	COPE-0733	55306	20797	0	34509
TCTGC	COPE-0987	16982408	51641	0	16930767
TGGAA	COPE-0971	9847880	39521	0	9808359
TTACC	COPE-1057	9086	4161	0	4925

Sequences not recorded
Barcode	Total
ATAGA	38806
GTGAA	24974
GCGAA	21904
CGTGA	20418
CTATA	20026
TCATA	19554
TCTCA	16882
TCGCA	15774
GATAA	14990
ACCGA	13286
TGAGA	12500
GGTCC	12454
AGTCA	12410
AGAGA	11804
GGTAA	11798
TTGCA	11060
TGTTC	9678
GCCAA	9618
GATCA	9554
ACAAT	9082
AGTAA	7656
CGGAG	7132
TAACA	7030
CTCGC	6856
CTGGA	6374
CGCGA	5744
CGGGG	5474
CATCA	5058
CATGA	4860
GCGTA	4808
ATTCA	4700
GTGTA	4558
ACGTA	4512
ACGAA	4014
CGGGC	3982
CTTCA	3446
AAAAA	3386
GAACA	3222
ATATA	2928
GCAAT	2852
GTACA	2834
GAAAA	2754
GGACT	2740
TCGCC	2672
AAAAT	2662
CTACA	2654
TGCGA	2632
TTCTG	2620
GCACT	2590
GAACT	2500
GCTAC	2484
AAACT	2338
GATCC	2252
GTGAC	2178
TATGA	2012
CAATA	1972
GAATT	1950
TGCTG	1948
GAGCA	1934
TACAA	1934
TAAGG	1930
CACAA	1920
TTGGA	1914
CCGAA	1854
AAAGG	1840
ACTAA	1820
TATCA	1744
GCTAT	1730
ACCAA	1718
CACGA	1634
AAAAC	1526
GGGTT	1500
GCAAA	1478
ATAAA	1472
AGAAA	1468
TAAAA	1454
GATGT	1428
GACCT	1416
GCGCC	1402
GGGCC	1358
GTAAA	1326
CTTAA	1326
ATAAT	1318
GCACC	1300
GCAGC	1268
CGACA	1206
CAAAA	1154
CCATT	1124
GCTCC	1110
GCTCT	1092
TGGTT	1090
TGTCT	1050
TGTCA	1044
GAAGA	1034
ATTGA	1024
TCTAA	986
TCTCT	978
TCTTG	954
ATCAA	918
CTTCC	918
GGACC	910
CGCAA	908
ATGGC	874
TCCAA	870
AAATT	862
TGACA	858
CTAAA	844
GTTCT	790
TCAAA	784
CCAAC	762
GCCAG	760
CACCT	758
CTCAA	756
TTAAA	752
GCGAC	736
GCTTT	720
TTGTT	714
GTCAT	708
TAAAT	706
TGATT	688
CGAGA	688
GGAAG	682
TCGTC	680
TTCAA	676
GCCTA	664
CCAAA	658
TTATA	640
TAATT	624
ATCAT	624
GATTT	622
TGGCC	612
CCCAA	606
GCTAG	600
TCAAC	590
CAATT	586
ACAAC	580
ACCTG	576
TGTCC	572
GGAAC	568
GACTG	564
ATAGC	558
GGGGG	556
GACTT	552
ACCTT	544
GTGCC	540
TGAAC	538
AACTG	508
TGGGG	504
GGTGT	502
GCAAC	494
CAGAA	474
TGAAG	464
AGATT	464
AAGAC	460
GCGAG	440
GCCCC	426
CCATA	410
TAGCT	402
AACAT	398
CACTC	394
GATCT	388
TGGTG	380
AACTT	374
GAGCG	374
GGTCT	370
GATGC	366
TCATC	364
GGAGC	364
AAAAG	354
ATATC	352
AACAG	352
GTTCC	344
CTCTT	342
GGCAG	340
GAGGG	338
CCCCG	336
GCGCT	332
GGGGC	330
GGTGC	328
AGTCC	322
TAAGA	320
TCGGA	320
GGGAC	316
CCTTA	316
GTGCA	312
CCTCT	312
TTGCT	310
CCGGA	300
CCTCA	298
CCGGC	296
ACATT	296
GTTAA	292
GTGTT	290
ATCGG	286
GAAAG	284
ATGTA	280
TAAAG	278
CCCTC	276
CATTG	272
TGTAG	260
GTATC	260
TGATG	260
ATGCC	260
TAACT	260
CTTCT	254
TTTAA	248
CACAG	248
CTATT	246
CACTT	246
AACGG	242
AGACT	240
GGTAT	240
GGGGT	240
CTATG	234
GGACG	234
CACTG	234
GTTTT	234
TAAGC	230
GATAG	228
AAAGT	224
TCCTC	220
AGATG	218
AGTAG	216
CTTTA	216
AGACC	214
ACCAC	210
GGAGG	210
CTCTA	210
AGCCT	208
GTGGG	206
GTGTG	206
AAGCT	204
GACTA	202
TAGAG	202
AAATG	200
ATATT	200
GAACG	200
GTAAC	198
GCGTT	198
CCTAA	198
CTAAC	196
AGCAC	196
CTCTG	196
CAGAC	192
TCCAC	192
ACCAT	190
CCCCA	188
TTAAT	188
TGTTA	186
CCAGA	186
ACAGC	186
CTCCT	184
CTTTT	182
TGGTC	182
TCCTA	182
GAAGC	182
TGACT	180
AAATC	178
TTCAC	178
GATCG	176
CCTCC	174
AGAAC	174
ACTCT	174
CCCCT	174
CAGAG	174
CTACT	170
ATGTT	168
GTTCA	168
GGGAG	166
GTGCT	166
GGGCG	166
ATTTT	162
TCCCT	160
ACCCG	158
ATGCT	158
CTCAC	158
AATGC	158
TTCTT	158
ACCAG	156
CCTGT	154
ATTCT	154
CAAGT	154
TGTGA	154
CCCCC	152
TTAGA	150
TTTTT	150
GTCTT	150
AATGT	150
CTAGA	148
CCACT	148
GTTAT	148
GGGGA	146
TTTTA	146
CAAAG	144
CTCCA	140
CCCTA	140
CCAGC	140
GTAAG	138
CCCAT	138
AGGAC	136
TATTG	136
CATTC	134
CCCTG	134
TCTTA	132
ATGCA	132
TGAGC	132
CACGG	130
TTCCA	128
AAAGC	128
CCTTT	128
CTAAG	128
GCGGG	126
CCAAG	124
AATAG	120
AATCC	120
CCCTT	120
TGGGC	120
CTCCC	120
TTATG	116
GCGCG	116
AGAGG	114
TCCCC	114
CACTA	114
TGTGG	114
CATGC	114
ACGCC	112
CTCGT	112
CAGTG	112
AAGTT	112
ACTAT	112
CCCAC	112
CGCTT	110
ATTGT	110
AAGCC	108
CGCTG	106
TCTTT	106
TGAGG	104
CAATG	104
AGAGC	102
TCCCA	102
GAAGG	100
ATTTG	100
ACCCC	100
AGGGG	100
GGCGG	100
AGGAT	98
AGAGT	98
ATCTG	98
TAGGG	96
AGCAG	96
AGTGT	96
TAGCC	96
GTTTA	96
TTAGG	94
AATCG	94
GTTAG	92
ACAAG	90
TATCT	90
CCGGG	90
CAAGG	88
TTCTC	86
CAGTT	84
TGGGT	84
AGGTG	82
ACGTG	82
AATCT	80
ATCTT	80
TCCTT	80
GTTGC	78
CAGGT	78
CTCAG	76
AAGCG	76
AGTTT	74
AGTAT	74
AGGTC	74
CCGCC	72
CAAGA	72
CCCAG	72
TAATC	70
AGAAG	70
GTGGC	70
AAGTG	70
GTTTC	68
CGCGC	66
TAATG	66
GACGG	66
CAGGG	66
CGCGT	64
GCTCG	64
AGTCT	64
AGGCG	64
TAGGC	64
CGAGG	62
CGTGT	60
ATCGT	58
TATTT	58
TTTTG	58
TTCCT	56
CAGCA	56
ACCGC	56
TTCTA	56
CCGTT	56
TCGTG	56
CGCCC	56
TTTTC	54
GCGGC	54
TGTTT	54
TGCCC	52
AGGTT	52
CGCGG	50
GATGG	48
AGGCC	48
TTTAT	48
CCCGA	48
TTGGC	48
ATCCC	46
AGTGA	46
ACCCT	46
TACTC	46
CCGAC	44
TTTGT	44
TGTGT	44
CCCGC	42
CCAGG	42
CCGAG	40
AGCCG	40
TTTCT	38
AGCGG	38
TCTAG	38
AGCCC	36
CAGGC	36
GCGCA	34
TTGAC	32
TTTCA	32
ACGAC	32
TTTGA	32
TTCAG	32
CCGCA	32
CGTTT	32
TGCGC	30
AGGGC	28
CCTTG	28
ATCCT	26
NCCGA	26
NTGTA	26
AACTC	24
TTAAG	24
TGGCG	22
TTGGG	22
ATCTC	22
ATCGC	22
CNATA	20
NAGAA	20
NTGAA	20
TTGTG	20
NACGA	18
CCGTG	18
TATGG	18
CCTAG	18
ANGAA	18
GNTAA	18
CGCAG	16
TTGGT	16
NGTAA	14
TTTCG	14
NTACA	14
NTGCA	14
NCTAA	14
NGAGA	14
NCGAA	14
AGTGC	14
CNGCA	14
AACGC	14
NAATA	12
AGGCA	12
NTTGA	12
NCATA	12
CACGC	12
NCTGT	10
NGAAA	10
TTTAG	10
NCGTA	10
TTCGC	10
NTAGA	8
ANATA	8
GNGAA	8
NGTCA	8
ANAGA	8
TNACA	8
NGTGA	8
NGTCC	8
NATAA	8
NCTAC	8
TTATT	8
NGTTC	8
ACGCG	8
GNACA	6
GNTCC	6
ANCGA	6
GNAAA	6
NACAT	6
ANCAA	6
NTTAA	6
NCGGA	6
TNCGA	6
NCATC	6
NATGA	6
TNATA	6
ANATG	6
NCAAT	6
NACCC	6
NTCGC	4
NTTCA	4
GNAAT	4
NGGAG	4
NTGGA	4
GNCTG	4
ANATC	4
GNCGG	4
NTCTG	4
GNAGA	4
GNCCC	4
GNCAA	4
NAAGA	4
NGTTA	4
NCTCA	4
NCTCG	4
NAGGG	4
TNTGA	4
TNTCG	4
NGGAT	4
TNTCA	4
NGCGA	4
CTAGC	4
CNGGA	4
NAACA	4
NGCAA	4
GNGCC	4
NAAAT	4
NGACC	4
NAAAC	4
NGAAC	4
NAAAA	4
NCGCC	4
NTAAT	4
NATCA	4
NCAGA	4
NCCGC	4
NCCAT	4
NAATC	2
NACGC	2
NAAGG	2
ANAAT	2
NCGGC	2
NAACG	2
NCATT	2
NCTTG	2
NCCAA	2
NCCCT	2
NCGCT	2
ANACC	2
NCGAG	2
NACAA	2
NACAG	2
NCACT	2
NCAAC	2
NATTC	2
NACGG	2
NAGAC	2
NAGAG	2
NCTCT	2
NAGGC	2
NGATT	2
NATGT	2
NAGGT	2
NATCG	2
NAGTT	2
NCTAT	2
NTCGT	2
NGGTT	2
NTGCC	2
NGTAT	2
GNCAT	2
NTACT	2
NTATA	2
GNCCT	2
GNTTT	2
NTATG	2
GNTTC	2
NGGTC	2
NTCGG	2
GNTTA	2
GNTGG	2
GNCTT	2
GNTCG	2
GNTAT	2
GNGAC	2
GNGTT	2
GNGTA	2
GNGCG	2
NCGCA	2
NGACT	2
NTTTA	2
NGCCC	2
NGCCG	2
NTTGC	2
NTTCG	2
NTTCC	2
NGCGT	2
NTTAG	2
NGCTG	2
NGACA	2
NTGGT	2
NGGCA	2
NTGGC	2
NGGCC	2
NGGCG	2
NGGGA	2
NGGGC	2
GNACT	2
NGGGT	2
ANCGT	2
ANGGG	2
TNCTT	2
ANTTG	2
TNGCA	2
ANGGC	2
TNGCC	2
TNTAA	2
TNTAT	2
CNTCC	2
CNGCC	2
CNTCA	2
CNGGG	2
ANCTC	2
TNTGT	2
CNTAG	2
TNTTC	2
CNGTG	2
ANGAC	2
ANTCG	2
CNCCG	2
TNAAC	2
ANTAG	2
CNCTC	2
CNGAA	2
ANCAG	2
CNCCC	2
ANTAA	2
TNATT	2
TNCAA	2
ANTGC	2
CNACA	2
ANAGT	2
CNGAG	2
CNCAT	2
