process_radtags v2.41, executed 2021-08-10 20:26:25 (zlib-1.2.11)
process_radtags -1 NovaSeq/fastq/Sel_P2P5_USPD16104024-AK1612-AK13666_HL7GKDSXX_L4_1.fq.gz -2 NovaSeq/fastq/Sel_P2P5_USPD16104024-AK1612-AK13666_HL7GKDSXX_L4_2.fq.gz -i gzfastq -b NovaSeq/fastq/2019August_Selwyn_Coryphopterus-ddRAD_Plate2Pool5_demultiplex.txt -r -e ecoRI -o NovaSeq/demultiplexed_seqs/P2P5 -D
File	Retained Reads	Low Quality	Barcode Not Found	RAD cutsite Not Found	Total
Sel_P2P5_USPD16104024-AK1612-AK13666_HL7GKDSXX_L4_1.fq.gz	250988134	0	595254	802948	252386336

Total Sequences	252386336
Barcode Not Found	595254
Low Quality	0
RAD Cutsite Not Found	802948
Retained Reads	250988134

Barcode	Filename	Total	NoRadTag	LowQuality	Retained
GCATG	COPE-0704	1133066	4896	0	1128170
AACCA	COPE-1003	1858246	22544	0	1835702
CGATC	COPE-0537	2681548	16328	0	2665220
TCGAT	COPE-0731	2145708	7210	0	2138498
TGCAT	COPE-1004	2845044	2649	0	2842395
CAACC	COPE-0803	3494468	3747	0	3490721
GGTTG	COPE-0554	703050	1903	0	701147
AAGGA	COPE-0642	1624846	24222	0	1600624
AGCTA	COPE-0874	1078412	17666	0	1060746
ACACA	COPE-0982	8238518	47478	0	8191040
AATTA	COPE-0836	6662482	25590	0	6636892
ACGGT	COPE-0647	4094874	6303	0	4088571
ACTGG	COPE-0579	11005076	19127	0	10985949
ACTTC	COPE-0901	12594204	10864	0	12583340
ATACG	COPE-0607	10845666	15236	0	10830430
ATGAG	COPE-0508	10836314	19846	0	10816468
ATTAC	COPE-0882	3683900	20013	0	3663887
CATAT	COPE-0751	1420970	2623	0	1418347
CGAAT	COPE-0789	5580434	10121	0	5570313
CGGCT	COPE-0616	8823816	17799	0	8806017
CGGTA	COPE-1254	5057672	29712	0	5027960
CGTAC	COPE-1199	11303708	13468	0	11290240
CGTCG	COPE-1165	510036	3926	0	506110
CTGAT	COPE-0737	2566882	5054	0	2561828
CTGCG	COPE-0653	2060596	15355	0	2045241
CTGTC	COPE-0768	5186594	15844	0	5170750
CTTGG	COPE-1108	14255842	44906	0	14210936
GACAC	COPE-0949	1743410	8998	0	1734412
GAGAT	COPE-0518	760418	3578	0	756840
GAGTC	COPE-0611	11118790	13416	0	11105374
GCCGT	COPE-1048	12054460	12224	0	12042236
GCTGA	COPE-0802	132480	6865	0	125615
GGATA	COPE-1191	1931458	18342	0	1913116
GGCCA	COPE-1017	15664626	53863	0	15610763
GGCTC	COPE-0583	2207730	4659	0	2203071
GTAGT	COPE-1140	3461054	5474	0	3455580
GTCCG	COPE-0720	1429188	5351	0	1423837
GTCGA	COPE-0942	9947568	27780	0	9919788
TACCG	COPE-1034	4384480	9224	0	4375256
TACGT	COPE-1099	1231188	27760	0	1203428
TAGTA	COPE-1035	9967776	28171	0	9939605
TATAC	COPE-0734	7573544	20600	0	7552944
TCACG	COPE-0633	8378984	13311	0	8365673
TCAGT	COPE-1002	2471590	13736	0	2457854
TCCGG	COPE-0524	983460	57596	0	925864
TCTGC	COPE-0695	7005402	8169	0	6997233
TGGAA	COPE-0725	7032178	32092	0	7000086
TTACC	COPE-1083	19326	7309	0	12017

Sequences not recorded
Barcode	Total
GCCAA	42990
CTGGA	38232
ATAGA	34660
CACGA	29074
AGTAA	24810
AGTCA	18926
ACCGA	15536
GGTCC	15000
ACCAA	13796
TAACA	12998
GCGTA	12714
GATCA	12084
AGAGA	11046
CACAA	10564
TGAGA	10528
ATTCA	10170
GGTAA	10014
TTGGA	9764
TCATA	8492
CAATA	7234
ACGTA	6910
CTACA	6888
TCTCA	6766
GTACA	6572
GCGAA	6560
CTTCA	6472
GTGTA	5910
TCGCA	5842
CGGAG	5818
ACGAA	5704
GTGAA	5294
ACAAT	5252
CTATA	5168
CCGGA	4946
GATAA	4784
CGGGG	4698
AAAAA	4334
CGGGC	4272
TTGCA	4078
TATCA	3946
TGTTC	3522
GGGCC	3412
CGTGA	3268
TACAA	3120
CCGAA	2964
CGACA	2948
AAACT	2488
CATCA	2486
CGCGA	2252
GCAAA	2196
ATATA	2002
CTCGC	2000
GAGCA	1880
TTCAC	1838
TGGCC	1834
TCGGA	1818
ATAAA	1748
TGCGA	1736
TGTCA	1714
TAAAA	1654
CCAAA	1630
ACAAC	1576
GTAAA	1538
GCCTA	1498
TCTTG	1476
AAAAC	1362
AAATT	1362
CATGA	1340
TCAAC	1306
TTAAA	1262
CCTTG	1260
TATGA	1250
GCAAT	1220
AAAAT	1162
CGCAA	1162
GAATT	1082
GATCC	1070
TTATA	1068
ACTAA	1060
ACCAC	1052
ACCTG	1042
ATCAA	1030
ATTGA	962
TTGTT	958
CCGGC	916
CTTCC	904
TTCTG	888
TAATT	864
TCCAC	840
ACCTT	834
GTCAT	830
AACTG	802
GAAAA	778
AGAAA	754
TGTCT	730
ATGGC	686
CAATT	672
TTCAA	648
AACTT	638
TCCAA	636
GGCAG	630
TAAAT	608
CCAAC	566
ATAAT	564
CGAGA	556
GGACT	538
CCTAA	530
CTCAA	524
TTCAG	508
TCGCC	504
CTAAA	502
GTGAC	502
TCAAA	498
GAACA	498
GCCCC	496
AAAGG	488
GGGGG	484
CAAAA	470
CAGAA	456
GTTCT	454
GAACT	446
CTTAA	416
TGTCC	416
GGACC	412
GCCAG	410
GACCT	400
CTCCA	390
GACTA	378
CTTCT	366
GGGGC	366
AACAT	356
GGTCT	354
AACGG	350
CAAGG	342
ACTCT	340
GCTCC	336
TGAAC	334
GCGCC	330
TGGTT	304
TGACA	304
AAAAG	298
TGTAG	294
GCACC	290
AGAAC	290
TAAGA	280
GCTCT	278
AAATC	276
CAAGT	270
TAAAG	266
CTAGA	264
TGAAG	264
CACTC	264
CCTGT	254
CTTTT	248
GTTCC	246
GCACT	246
CCCCT	244
CCATA	244
CTAAC	242
CCCAA	242
TCTAA	238
CTACT	238
TAACT	238
CTCTA	232
AACAG	232
CACTA	228
GTTAG	224
GATCT	224
ATCAT	222
AGCCT	222
TTCCA	210
GAAGA	208
AAGCT	202
GGGTT	202
TGGTC	194
GCTTT	192
CTCAC	190
CATTC	188
GCAGC	188
AATGC	182
GGGAC	182
CCCTA	182
CTATG	178
CAGAC	174
ATAGC	172
CCATT	170
TCTCT	170
GGAAG	168
CTCCT	166
CACCT	166
AATGT	164
AAAGT	164
TAAGG	160
GCTAC	160
TGGGG	156
TTTAA	150
TCATC	148
GTGCC	148
GACTT	148
CCCCA	148
TTGGT	148
GATGT	146
TACTC	140
CGCTG	140
TAAGC	140
ATGTA	140
GACTG	134
GGCGG	134
GCGTT	132
CTTTA	132
CCGGG	130
GTGCA	128
GGTGC	128
CCTCT	128
CATTG	128
ACCAT	128
CTCTT	126
AGTAG	126
CAATG	126
TCCCA	124
GTATC	122
ACAAG	122
CGCTT	120
CCCTC	120
GTAAG	118
AATAG	118
TATTT	118
AGAGT	116
ATTGT	116
GGAAC	116
AAGAC	116
TCTTA	114
GGAGG	114
GTGTG	114
TAGCT	112
TGATT	110
GGGGT	108
CCCCC	108
GATTT	106
AGAGC	106
TCCTC	106
AGTAT	104
ACCAG	104
GCTCG	104
CTAAG	102
CTCTG	102
ACAGC	102
CACAG	100
TCTTT	100
AGGAT	100
GTCTT	98
GTTTT	98
TTAAT	96
CCAGA	96
TGACT	94
AGGTT	94
TCGTC	92
GCAAC	92
TTGAC	92
TAGAG	92
AGTCC	92
TCCCC	90
AGCAC	90
CCTTA	90
TTGCT	86
GGGCG	86
ACCCG	86
TGGTG	86
CCCCG	84
ATATT	82
ATATC	82
GTGTT	82
AAGTT	82
GTTAA	82
TTCTC	82
CTCCC	82
TGTTA	82
CAGCA	82
AGGTC	82
GGGGA	80
GTAAC	80
CAGTT	80
AGGCA	78
CCTCC	78
CATGC	78
TATTG	78
GGAGC	76
AATCG	76
ACATT	76
GGTGT	76
CCTCA	74
CTCGT	74
CTAGC	74
TGCCC	74
TCCCT	72
ACTAT	72
TGTGA	72
ATGTT	72
TTCTT	72
GAACG	72
ATCGG	72
GTGGC	70
CTATT	70
CAAGA	70
AGTCT	70
GAAAG	68
CCACT	64
CGTTT	64
GCGCA	64
TTTGT	64
CAGTG	64
ATTTG	64
TCCTA	64
GTGGG	64
ACGTG	62
GGGAG	62
TGGGC	62
TGGGT	62
GCGAC	60
TTAGA	60
AGTTT	60
GTTTA	60
CCCTT	58
AGGGG	58
GGACG	58
AGCAG	58
TATCT	56
CCCGA	56
GAGCG	56
GGTAT	54
AACTC	54
TGCTG	54
TTGGC	54
CAAAG	52
ATGCA	52
TGTTT	52
GTGCT	52
ATGCT	52
CACTG	52
CACTT	52
AGGTG	50
CCCAC	50
AAGTG	50
GTTTC	48
ACCCT	48
GCTAT	48
ATTCT	48
CCCTG	48
TTATT	46
CCAGG	46
AGTGT	46
AGGAC	46
GCTAG	46
NACGA	46
GATAG	46
CCGCA	46
CCAAG	46
CCCGC	46
AATCC	46
TTGGG	44
ACCCC	44
CAGAG	44
AGATT	42
GAGGG	42
CCTTT	42
TTTCT	42
CCAGC	42
GCGGC	42
GCGGG	42
AGACC	40
ACGAC	40
AAATG	40
GTTGC	40
TTCCT	40
GTTCA	38
TTGTG	38
TTTTA	38
ATCTG	38
TGAGG	38
TAATC	38
CCCAT	38
CACGC	38
TTTTT	38
ATTTT	38
TTTTG	38
AGACT	36
GACGG	36
GATGG	34
CGTGT	34
ATGCC	34
TGATG	34
ATCTC	34
NTACA	34
TAGCC	34
CCCAG	32
AGTGA	32
CGAGG	32
TTTTC	32
CGCCC	32
GCGCT	32
ATCTT	32
CGCGG	30
TTTGA	30
CTCAG	30
TCCTT	30
TGAGC	30
GTTAT	30
TTATG	30
CCGTG	30
TTCTA	28
CCGCC	28
AGGCC	28
TGTGG	28
AATCT	28
AGGGC	28
CACGG	28
TTAGG	24
TAGGG	24
CCGAC	24
AAGCG	22
GNCAA	22
ATCCC	22
TAGGC	22
ACCGC	22
TAATG	22
TCGTG	22
AAGCC	20
TNCGA	20
GCGCG	20
GAAGG	20
NTGGA	20
NCCGA	20
GATGC	20
GAAGC	18
AAAGC	18
AGCCC	18
TTTCA	18
GCGAG	18
ANTAA	18
NATAA	16
CCGAG	16
AGTGC	16
NGAGA	16
AGGCG	16
AGAAG	16
TGGCG	16
AACGC	16
CAGGT	16
NTTGA	14
ANCAA	14
AGATG	14
NCCAA	14
TTTAT	14
TTTAG	14
TGCGC	14
NGTAA	14
NGTCA	14
TATGG	14
CGCGC	14
NAACA	12
CAGGC	12
TCTAG	12
CGCGT	12
ACGCC	10
NTGCA	10
NTTAA	10
TTCGC	10
CGCAG	8
NGAAA	8
NCGGA	8
NACAA	8
CNTAA	8
TGTGT	8
ATCCT	8
CAGGG	8
CCGTT	8
CCTAG	8
TTTCG	8
CNTTG	8
NTAGA	8
CNGGA	6
CNATA	6
NGACT	6
TNCCA	6
NGGAT	6
NTCAA	6
NGGTG	6
AGCGT	6
NGTCC	6
NTATA	6
NGTTA	6
NTTCA	6
GNGAA	6
TTAAG	6
NAATA	6
NACAT	6
NCGAA	6
NCAAA	6
ANCGA	6
ANAGA	6
ANACT	6
GNTAA	4
NTAAA	4
NCGCA	4
GATCG	4
GNAAA	4
GNTCC	4
AGCCG	4
NGTGG	4
ANTGT	4
ANTCA	4
ANCAG	4
NAGAA	4
GNGCC	4
NGGGA	4
NTTTG	4
NTTAG	4
GNCTA	4
NTGTA	4
NTTCG	4
NGACA	4
CNGGC	4
TNTCA	4
CNGCA	4
NCTCA	4
CNGAA	4
TNTAA	4
NATCA	4
CNCGA	4
NTGCC	4
TNCTA	4
AGAGG	4
TNAAA	4
NCACT	4
NTATG	4
NTATC	4
NGCAA	4
NGCAC	4
NGCAG	4
NCAGA	4
ATCGT	4
TNAGA	4
TNACA	4
ANACC	2
NTGTG	2
NTGTT	2
NTTGT	2
TNATG	2
TNCAA	2
GNGTG	2
TNCAC	2
TNTGA	2
TNGGA	2
TNGGT	2
TNTCT	2
NCGGC	2
NGACG	2
NGAAG	2
NCTTT	2
NCTTG	2
NCTGT	2
NCTCG	2
NCGTT	2
NCGTA	2
NAAAA	2
NAAAC	2
NGAGC	2
NCCTC	2
NACCT	2
NCCCG	2
NACTA	2
NCCCA	2
NCCAT	2
NAGCC	2
NCATC	2
NCATA	2
NATTC	2
GNGAG	2
NTCAT	2
NTCAC	2
NTAGG	2
NTAAG	2
GNACA	2
GNAGA	2
GNATC	2
GNATT	2
NGTTC	2
GNCGG	2
NTGAA	2
NATGA	2
GNTAC	2
GNTAT	2
NGTCT	2
GNTGG	2
NGGTC	2
NGGCG	2
NGGCC	2
NGGAG	2
CNGTT	2
CNCTA	2
CNCAA	2
ANTTG	2
CNAGG	2
CNACT	2
CNTCT	2
CNTGA	2
ANGTC	2
CNTGC	2
AGCGG	2
ANGAT	2
ANAAA	2
CNTTA	2
ANATT	2
ANAGT	2
CNCTC	2
