process_radtags v2.41, executed 2021-08-10 16:08:40 (zlib-1.2.11)
process_radtags -1 NovaSeq/fastq/Sel_P1P2_USPD16104024-AK13650-AK13651_HL7GKDSXX_L4_1.fq.gz -2 NovaSeq/fastq/Sel_P1P2_USPD16104024-AK13650-AK13651_HL7GKDSXX_L4_2.fq.gz -i gzfastq -b NovaSeq/fastq/2019August_Selwyn_Coryphopterus-ddRAD_Plate1Pool2_demultiplex.txt -r -e ecoRI -o NovaSeq/demultiplexed_seqs/P1P2 -D
File	Retained Reads	Low Quality	Barcode Not Found	RAD cutsite Not Found	Total
Sel_P1P2_USPD16104024-AK13650-AK13651_HL7GKDSXX_L4_1.fq.gz	233593845	0	759636	1643963	235997444

Total Sequences	235997444
Barcode Not Found	759636
Low Quality	0
RAD Cutsite Not Found	1643963
Retained Reads	233593845

Barcode	Filename	Total	NoRadTag	LowQuality	Retained
GCATG	COPE-0711	5266826	18129	0	5248697
AACCA	COPE-1233	5770012	412981	0	5357031
CGATC	COPE-0929	4404866	78014	0	4326852
TCGAT	COPE-0773	4253428	8369	0	4245059
TGCAT	COPE-1135	3999014	8024	0	3990990
CAACC	COPE-1248	5726034	52430	0	5673604
GGTTG	COPE-0956	7590574	13671	0	7576903
AAGGA	COPE-0993	3111738	22423	0	3089315
AGCTA	COPE-0757	2872314	19645	0	2852669
ACACA	COPE-0630	7117684	43468	0	7074216
AATTA	COPE-0586	1936498	9857	0	1926641
ACGGT	COPE-0615	3022912	12547	0	3010365
ACTGG	COPE-0510	6651100	32249	0	6618851
ACTTC	COPE-1203	5409496	14084	0	5395412
ATACG	COPE-1138	11613714	20274	0	11593440
ATGAG	COPE-1210	6983838	18338	0	6965500
ATTAC	COPE-0523	616704	10874	0	605830
CATAT	COPE-1020	3641088	10897	0	3630191
CGAAT	COPE-1096	1987432	14729	0	1972703
CGGCT	COPE-0550	1234010	29251	0	1204759
CGGTA	COPE-0483	5181282	53243	0	5128039
CGTAC	COPE-1015	9973474	184463	0	9789011
CGTCG	COPE-0721	3980960	17268	0	3963692
CTGAT	COPE-0823	2163532	10475	0	2153057
CTGCG	COPE-1200	871706	10374	0	861332
CTGTC	COPE-0502	53962	2915	0	51047
CTTGG	COPE-0785	8211452	30268	0	8181184
GACAC	COPE-0662	4632622	41024	0	4591598
GAGAT	COPE-0961	4129228	18736	0	4110492
GAGTC	COPE-0519	1494452	6063	0	1488389
GCCGT	COPE-1042	10686816	16422	0	10670394
GCTGA	COPE-1117	6071398	46474	0	6024924
GGATA	COPE-0750	3016976	29581	0	2987395
GGCCA	COPE-1019	6770270	25954	0	6744316
GGCTC	COPE-0761	424654	4457	0	420197
GTAGT	COPE-0787	560734	3528	0	557206
GTCCG	COPE-0626	1217416	8216	0	1209200
GTCGA	COPE-0546	2393246	21343	0	2371903
TACCG	COPE-0827	49698	5699	0	43999
TACGT	COPE-0536	1055708	12425	0	1043283
TAGTA	COPE-0619	1795390	15949	0	1779441
TATAC	COPE-0601	5704792	18086	0	5686706
TCACG	COPE-1222	1968290	12524	0	1955766
TCAGT	COPE-0744	14809106	24710	0	14784396
TCCGG	COPE-1092	480596	29781	0	450815
TCTGC	COPE-0636	4547470	23346	0	4524124
TGGAA	COPE-0661	15234792	60492	0	15174300
TTACC	COPE-0699	24548504	59893	0	24488611

Sequences not recorded
Barcode	Total
TGTTC	64946
CGTGA	27712
ACCAA	22812
ATAGA	22608
TCATA	22008
GCCAA	16866
CTGGA	16732
CTACA	15558
AACAT	14520
CGGAG	13038
TTCCA	12528
AACAG	12508
ACAAT	12090
GGTAA	10830
GTACA	10760
CGGGG	10324
CGGGC	10278
GCGTA	9448
GTGAA	9022
CACAA	9000
TAACA	8726
CGACA	8148
GCGAA	7376
TTGGA	7128
AGTAA	6956
CACGA	6380
CGCGA	6184
GATAA	5912
TGAGA	5852
GGTCC	5830
CATGA	5808
CTATA	5212
CTCGC	5070
ACCAC	5040
AAAAA	5028
TCTCA	4956
ACGTA	4850
AGAGA	4488
CATCA	4466
AAACT	4420
TCGCA	4360
ATATA	4338
CCATT	4212
CTACT	4204
TTGCA	4068
GATCA	4018
ACCAT	3992
ATTCA	3988
CAATA	3742
GGACT	3662
ACGAA	3650
TACAA	3248
CCGGA	3092
AACTT	2974
TCCAA	2966
TTCAA	2724
AGTCA	2684
ACTAA	2644
AACTG	2628
ACCAG	2626
CTTCA	2594
TTCAG	2554
CACCT	2430
AAAAT	2284
ACAAC	2258
ACCCC	2244
GCACT	2224
CGAGA	2202
TAAAA	2146
ACCTG	2120
CCAAA	2020
TATCA	1964
GGGCC	1922
GAACA	1916
GAAAA	1884
AACTC	1858
AAAAC	1806
GCCTA	1764
GAACT	1668
GAATT	1650
GGGTT	1614
CACTC	1590
ACCCT	1570
ATAAA	1564
TGGTT	1500
TGAAC	1492
TCGGA	1432
GCAAA	1430
CCATA	1412
AATCC	1376
ACAGC	1370
ATCCT	1368
AGAAA	1342
GTGGG	1326
TCTTG	1306
TTAAA	1304
CACTG	1300
GCAAT	1288
TCATC	1276
CCAGA	1274
CTCCC	1274
GGACC	1266
CCAAC	1262
AAATT	1256
TCGCC	1248
CACAG	1248
CCTTG	1248
TTGTT	1230
ATGGC	1196
CCCTC	1194
TTCTG	1168
TCAAA	1166
CCGGG	1158
TGTCT	1158
CAAAA	1152
GTTCT	1148
CGCAA	1124
GACCT	1110
CCCCT	1104
ACCTT	1098
CAATT	1084
GCCAG	1082
GTAAA	1070
CACTT	1058
GCGCC	1052
AATCT	1034
CTCCT	1030
AGCCT	1012
TGGCC	992
GCTAC	990
CCTCC	974
ACCCG	972
CGCCC	964
GCTTT	962
TCTAA	958
AACGC	956
GCTCC	952
ATCAA	950
GTCAT	932
CTTCC	930
GCAGC	924
TAAAT	924
CCGAA	906
AAAGG	900
AAATG	896
GCACC	880
GTGAC	878
TTATA	876
GTGTA	862
CTAAA	854
GCCCC	838
CCAGC	834
AAAGC	822
AGCCC	820
GATGT	816
ACATT	810
CCCCG	806
AACGG	804
CCCAA	794
TATGA	794
AGTCC	792
CGCTG	774
TGCGA	770
CCCAC	766
CGCTT	764
TGAAG	758
AAATC	758
TAATT	750
CCTCT	746
GACTT	730
TGCTG	726
ATCAT	722
TCAAC	722
CCTTT	718
CTCCA	718
GCTAT	704
TGACA	698
CTCAA	694
AAGCC	694
GATTT	690
TCGTC	672
GGGGG	662
TCCCA	660
ATCCC	650
TGGTG	646
CCACT	642
CCCAT	640
GGTCT	640
GATCC	634
TCTCT	634
CGCAG	630
ATAAT	620
GACTG	618
AAAAG	616
GGAAG	610
CTCTG	604
CAGTT	604
AAAGT	592
GCTCT	592
ATATC	590
GAGCA	590
GCAAC	590
ACAAG	586
TTCTC	584
CTAAC	568
GGACG	560
CCCCA	558
TTAAT	546
CCGGC	544
GGTGC	544
TGTCC	542
ACTCT	540
GAAGA	536
CTTAA	532
GGCAG	530
ATTGA	530
CTTTT	526
CCCCC	526
TTTTT	522
CCTGT	496
CATTC	490
CCAGG	480
CGTTT	480
CCCAG	478
AATGT	472
TTTCT	472
CTCTA	470
TTCCT	468
AAGAC	466
TATCT	462
AATGC	462
TGGTC	458
CAATG	456
CCCTA	454
CAGTG	452
TGATT	450
CTTTA	446
GTCTT	444
TTCAC	442
TCTTT	440
GACTA	434
CAGGT	430
TGATG	422
ATAGC	420
AAGCT	416
TTGCT	416
TATTT	412
GGTGT	410
CCCTT	410
TCCAC	410
GCTAG	408
CACGG	408
CAAGA	408
CAAGG	406
CAGCA	402
CAGAC	398
ATATT	398
GGAAC	394
GTTCC	386
CTCTT	384
TGGGG	384
TCCCT	380
TAAGA	374
AGACC	370
CATTG	368
GGGAC	364
CTTCT	364
ACCGA	362
GGGCG	362
CCTCA	360
CCTAA	360
CAGGC	358
GTGCC	354
TGACT	352
GTGTT	352
TGTTT	350
GCGAC	350
GAACG	348
TGTCA	346
AGAAC	344
GGGGC	344
CAAAG	342
TCGTG	340
CAGAA	340
TAACT	338
GGAGC	338
TAAGG	336
AAGTG	336
AGCAC	332
CACTA	332
CCCTG	330
GTGGC	328
TAGCT	328
CAGAG	328
GATGG	324
CCAAG	324
GAAGC	322
CGCGT	322
GGTAT	320
TTATT	318
GTAAC	318
CTATT	308
TTCTT	306
TTTAA	304
ATGTA	302
CAAGT	300
TTTTC	294
GATGC	292
GGGGA	290
GTGCA	290
ACGTG	288
AGCAG	286
GATCT	284
ATTCT	284
AGGTC	282
TGTGA	282
ATTTT	280
ATGTT	280
GGAGG	280
ATGCA	276
GTTTT	270
TCCCC	270
ACTAT	264
GTGTG	258
GCGGC	258
GGGGT	256
TCCTT	256
CTCAG	254
CTCAC	248
AGGAC	244
GTTTA	244
CGCGG	242
AGGTG	238
GCGTT	234
TGAGC	232
GTGCT	232
CGCGC	230
TTATG	230
CACGC	230
TAATC	230
CCTTA	228
TCCTC	228
CTAGA	222
GAAAG	222
TTTAT	220
CAGGG	220
ATTGT	220
CGTGT	220
TTTGT	218
AGATG	218
ATCGG	212
TGTGT	212
AGAGC	212
GATAG	210
TTGGG	208
ATGCT	202
AGACT	200
GCGAG	200
GGGAG	200
CATGC	198
AGGCC	198
CCGTG	198
ATCTT	196
AATAG	192
TACTC	192
GCGCA	186
AGTTT	184
GTTAT	182
ACGCC	182
GAGGG	180
ATGCC	180
CCGTT	180
TCTTA	180
AGAGT	180
TGGGT	176
AGAAG	174
GTTCA	174
TTAGA	172
AGCCG	170
TGTAG	170
CCCGC	168
ACCGC	168
TTGGT	168
TGAGG	168
GGCGG	168
GCGCT	168
GCGGG	164
TGGGC	164
TTGGC	164
AGATT	164
AGTAT	162
TTTTG	160
GCTCG	158
CCGAC	156
GTAAG	156
TAAGC	152
TTCGC	150
TAATG	146
CCGCA	146
ATTTG	146
AGGCA	142
AGTGA	140
AGGTT	138
GTTGC	136
GATCG	136
CTATG	132
AGGAT	130
TAGCC	128
TGTTA	128
AAGTT	124
CCGAG	120
GTATC	118
TAGAG	116
AGTGC	116
AGTAG	114
TATTG	110
TAAAG	110
AGTCT	110
ATCTG	108
GTTAA	108
ATCTC	108
TTGTG	106
GTTAG	104
AGAGG	102
TTAGG	102
TGTGG	100
TTTCA	96
AGGGG	96
TTTTA	92
GAGCG	90
TCCTA	90
CTCGT	90
GTTTC	80
GACGG	80
AGTGT	78
CCCGA	76
TCTAG	76
ATCGT	74
CTAGC	72
TGCCC	70
ATCGC	70
ACGAC	70
TTAAG	66
AGCGG	64
TAGGG	64
CTAAG	64
TATGG	62
AGGGC	62
TTTGA	62
ACGCG	58
TGGCG	56
GAAGG	56
AATCG	54
CCGCC	54
TTCTA	52
TTGAC	50
CCTAG	48
GCGCG	46
NTACA	40
TNCCA	36
CGAGG	34
TGCGC	32
TTTAG	30
AGGCG	28
TAGGC	26
NAACA	26
NGAAA	26
AAGCG	24
AGCGT	24
CNCTC	22
AGCGC	22
NGTTC	18
TNTTC	18
ANCAA	18
NCGTA	16
NTCCA	14
NACAA	14
NGACC	14
NACAT	14
NTGCA	12
NACCC	12
NCCAA	12
CNACA	12
NATCA	12
TNACA	10
NGTAA	10
NGTCA	10
NGTTT	10
NTGAA	10
NTTGA	10
NTAGA	10
NTGTA	10
GNCAA	10
GNACT	10
NACGA	10
NGGCA	8
NGTGA	8
ANATG	8
ANATA	8
NAGAA	8
NGGGA	8
CNGTG	8
NCAGG	8
CNCCG	8
NCCGA	8
ANCCT	8
GNTAA	8
GNGTA	8
NTATA	8
CNGAA	8
GNAAA	8
NATAA	8
CNCAC	6
NCAAT	6
NGGGG	6
NGCCT	6
CNGCA	6
ANAGA	6
NCATA	6
TTTCG	6
NGGAG	6
NGGCC	6
ANAAT	6
ANCAG	6
NGTCC	6
NCGAA	6
GNACA	6
NTTTC	6
ANACC	6
CNTCC	6
TNTAA	6
ANTGA	6
NCTGT	6
TNTCG	6
NGGAT	4
NCTAA	4
NGGGT	4
NTTAA	4
NGGCG	4
TNGGA	4
NCATT	4
GNTCC	4
NGGAC	4
CNTTC	4
GNCGG	4
NGACA	4
NGCCG	4
NTCTG	4
NACCT	4
NCGGA	4
ANTAA	4
NCCTG	4
NTAAC	4
CNTGA	4
ANCCC	4
ANCGT	4
ANGTG	4
NGTCT	4
NGGTG	4
NCCCT	4
NACAG	4
NGTAT	4
NCCCA	4
NCCAC	4
ANCAC	4
TNAGA	4
GNCCC	4
NGAGA	4
NATTG	4
CNGGA	4
NCAAA	4
CNGAC	4
NAATA	4
NAACT	4
ANAAA	4
CNCTG	4
CNCGG	4
NTGCC	4
NTCCC	4
CNCAA	4
NTATC	4
NGCCC	4
NTGGG	4
NATGA	4
GNCAT	4
ANGAA	2
NCTTG	2
NTTCT	2
TNAAA	2
TNCTG	2
TNCTC	2
GNCTA	2
GNACC	2
ANCTG	2
NTCAA	2
NAGTT	2
ANGAT	2
NCGAC	2
TNCTA	2
GNTGC	2
GNCGC	2
TNCAC	2
GNTGG	2
ANGCA	2
GNTTA	2
ANCGA	2
GNTTC	2
GNGTG	2
GNGCC	2
TNACT	2
NCGCA	2
GNGGT	2
NTCAC	2
NCTTA	2
NCTAT	2
NCTTT	2
GNATT	2
TNAGC	2
NTCAT	2
CNTGT	2
NATCC	2
NCGCC	2
NTACT	2
CNTGC	2
TNAAT	2
GNTCA	2
TNATA	2
TNAAC	2
GNCTG	2
GNAGA	2
TNATC	2
ANGGG	2
TNCAA	2
NCGTG	2
ANGTA	2
CNGTT	2
NTCTA	2
NTCTC	2
NCAGC	2
NCAGA	2
ANTCA	2
NCACT	2
ANTCC	2
CNAAC	2
NTGGC	2
CNACG	2
CNACT	2
CNATA	2
NTGGA	2
NCTCA	2
CNATT	2
NGATT	2
NGATG	2
CNGGT	2
CNGGG	2
CNCCT	2
CNCGC	2
NGACT	2
NAAAC	2
NAAAT	2
CNGGC	2
NAACG	2
TNTTG	2
NAATC	2
NACTA	2
NTAAG	2
NCTCC	2
TNGCC	2
NAGCT	2
NTCGT	2
NGTTA	2
TNTCC	2
NGTGT	2
NGTGC	2
NAGCA	2
NCCCC	2
NCCAT	2
NTTCA	2
NAGAG	2
NGGTT	2
NGGGC	2
NGCTT	2
NACTC	2
NTGTT	2
CNTAA	2
NCTCG	2
TNCGA	2
NACTG	2
NATCG	2
TNTGA	2
TNTCT	2
CNTAG	2
ANTTT	2
NAGAC	2
