process_radtags v2.41, executed 2021-08-10 21:38:25 (zlib-1.2.11)
process_radtags -1 NovaSeq/fastq/Sel_P3P1_USPD16104024-AK13673-AK13674_HL7GKDSXX_L4_1.fq.gz -2 NovaSeq/fastq/Sel_P3P1_USPD16104024-AK13673-AK13674_HL7GKDSXX_L4_2.fq.gz -i gzfastq -b NovaSeq/fastq/2019August_Selwyn_Coryphopterus-ddRAD_Plate3Pool1_demultiplex.txt -r -e ecoRI -o NovaSeq/demultiplexed_seqs/P3P1 -D
File	Retained Reads	Low Quality	Barcode Not Found	RAD cutsite Not Found	Total
Sel_P3P1_USPD16104024-AK13673-AK13674_HL7GKDSXX_L4_1.fq.gz	109305199	0	414370	533101	110252670

Total Sequences	110252670
Barcode Not Found	414370
Low Quality	0
RAD Cutsite Not Found	533101
Retained Reads	109305199

Barcode	Filename	Total	NoRadTag	LowQuality	Retained
GCATG	COPE-0631	5946344	19794	0	5926550
AACCA	COPE-0963	2221468	18070	0	2203398
CGATC	COPE-1086	2415194	13194	0	2402000
TCGAT	COPE-1082	1688336	4037	0	1684299
TGCAT	COPE-0487	1569404	5684	0	1563720
CAACC	COPE-1033	2717890	8019	0	2709871
GGTTG	COPE-0484	3188272	10969	0	3177303
AAGGA	COPE-1060	9510792	48319	0	9462473
AGCTA	COPE-0800	5487502	43367	0	5444135
ACACA	COPE-0472	859362	12339	0	847023
AATTA	COPE-1204	410320	3892	0	406428
ACGGT	COPE-0489	311210	11394	0	299816
ACTGG	COPE-0745	318406	2475	0	315931
ACTTC	COPE-1162	496656	2008	0	494648
ATACG	COPE-1214	762062	3356	0	758706
ATGAG	COPE-0551	3411558	16620	0	3394938
ATTAC	COPE-1151	429150	2110	0	427040
CATAT	COPE-0698	424942	2547	0	422395
CGAAT	COPE-1113	470804	3434	0	467370
CGGCT	COPE-0553	398230	9790	0	388440
CGGTA	COPE-0811	766068	18761	0	747307
CGTAC	COPE-1228	980748	5561	0	975187
CGTCG	COPE-0598	76604	2458	0	74146
CTGAT	COPE-1213	723912	8671	0	715241
CTGCG	COPE-0990	6818738	22533	0	6796205
CTGTC	COPE-0706	3527130	14187	0	3512943
CTTGG	COPE-0491	5568756	25444	0	5543312
GACAC	COPE-1238	11470300	63289	0	11407011
GAGAT	COPE-0841	7600898	19397	0	7581501
GAGTC	COPE-0663	15460460	52524	0	15407936
GCCGT	COPE-1068	10058392	21105	0	10037287
GCTGA	COPE-0976	3748392	37753	0	3710639

Sequences not recorded
Barcode	Total
AGTCA	36884
GATCA	23298
AGGAA	17568
GGTCC	16656
CTGGA	16074
GAATA	13772
GCGTA	10212
ACAAT	9630
GCGAA	7516
CTCGA	7344
CATGA	6934
TGCGA	6900
ACTAA	6818
GAGCA	5892
GGTCA	5588
CGCGA	5320
ATAGA	4646
TCATA	4592
GTGAA	4338
ACCAA	4296
CTCGC	4204
AGTAA	4192
TGTTC	3880
TGATA	3790
CGGAG	3682
GATCC	3670
AGAGA	3402
GGATA	3350
GCACC	3336
CGGGC	3254
TGAGA	3116
CTATA	2862
TTACC	2854
GCCCG	2620
CGGGG	2578
GACCT	2500
GAACA	2404
GGCCG	2400
GACCG	2370
CATCA	2130
TTGGA	2122
AAAAA	2118
AAACT	1920
TGTCT	1802
GAACT	1770
ATCGA	1546
TGACA	1532
GCCCC	1522
GGTAA	1492
GGGTT	1432
GATAA	1426
CACAA	1392
TGGAA	1366
TCTTG	1296
GTCAA	1280
GGTCT	1256
GCAAT	1238
CCTGC	1232
CGACA	1214
CTTCA	1210
GGACA	1202
CCGAA	1186
GCCTC	1160
GTGTT	1108
GTACA	1102
TACGA	1096
TAGCT	1064
GGAGT	1054
GCGCC	1036
TGAGT	1018
TGGTT	1016
GGACT	1008
TGCCG	978
AGAAA	934
GCCTA	898
GCCAG	890
TAAGG	860
AAATT	858
TGTCA	850
GCTCC	846
GCACT	830
GTGAC	826
AGCCT	812
AAAGG	806
GACTA	800
GCTCT	788
CAATA	780
CCTGT	778
TGCTG	772
CTACA	768
ATTCA	758
GAGCG	750
GCCAA	746
GGGAA	740
CTAAA	734
GCAAA	726
GAAAA	682
GGTGC	678
GCTAC	668
TATGA	668
ATCAA	660
CTCGT	650
CCATT	624
GGGCC	620
AGGCC	618
GACTT	616
TCCGA	614
AACTT	598
CACCT	594
GTGCT	592
AGTCC	584
CGTGA	578
GGAGA	576
TTACA	574
TCACG	558
TGATG	548
AGGTG	546
TCGTA	540
GTGGT	532
GCTCG	526
GCAAC	524
GCGCG	522
CGCAA	516
GATTT	510
GTGCC	504
GAAGG	504
AGGTT	492
ACCCT	486
GAATT	482
GCAGC	480
GCTTT	476
ATAGT	474
ACGTA	472
CTTCT	472
CCCCC	472
GTTCT	470
CTTCC	468
AAGAC	460
CCAGC	460
ACAGC	458
CCATA	454
ATGTT	452
TTGTG	450
GAAGA	446
TCATC	436
GGCGC	426
TTAGC	426
TCTGC	424
AATCC	420
GATCT	414
TCTCC	414
CCTTG	412
ATATA	406
GGAAA	406
TCAGT	404
AAAAT	402
GTCTT	402
CTCCA	400
GTTGC	398
AGCAC	398
ATCCT	392
TAAAC	392
TTCGA	392
CCGTG	388
CAATG	386
AACTC	384
CGCTT	382
GATGC	376
CACTG	372
GGGGG	368
CCCTC	366
ATGGC	364
TCGGG	360
AAGCT	358
TCAGA	356
GTAGC	354
TATAA	350
CAGAG	336
TGGTC	336
GGCCC	334
TGAAA	332
TATAC	332
TACAA	326
CCAAC	326
ACCTT	324
GGGCG	320
CACTT	308
AAGTG	306
GTAAC	306
GACGA	302
GCGGC	298
GGATT	292
AGAGT	288
GAAGT	288
CAAGG	284
GTAAT	282
GGCAA	280
CAGGT	278
AACTG	274
CAAAA	270
AGATG	270
GGGGC	268
GATGT	264
GAGGG	262
CCCGG	262
GTCGA	262
TTGCA	260
CCAAA	254
CTCCT	252
CACTC	252
TAGTG	252
ACCAC	246
TTCTC	244
TATCA	242
CAGAC	240
CTCAA	238
TCAAC	238
TCCCC	236
TGGCA	236
CTCAC	234
GTGTG	232
TAAAT	232
CCTCC	232
AAAAG	230
TCAAA	230
GGAAG	228
CCTAA	228
GGGGT	224
GTATT	224
CCACT	224
CATTC	218
GACTG	214
ATAAT	214
CCAGT	212
ATGCC	210
CCCAT	210
ATAGC	210
ATAAA	210
TGCTC	208
CAGGC	202
ATTGA	200
CAATT	198
GGAAC	196
TTGAA	194
CTCTT	190
CGAGA	190
AGCGC	188
CTTAA	188
GGACC	182
GCCCA	178
GTACT	176
TTGTT	172
TCGGC	172
GTTTA	170
AGGAC	168
ATCCC	166
CTAGT	162
ATTTT	160
CCGGA	160
CAAGT	158
TACTC	156
ACGTG	154
GAAAG	154
TGGGG	152
AAAAC	150
GGCTC	150
AAATC	146
GTCCT	146
CAGAA	146
GCGAG	144
GTCAT	142
CCGGC	138
AACAT	134
ATTCT	134
GTCCC	128
CACAG	126
TCGCG	126
GATGG	124
CCCCT	122
GAACG	120
TTGCT	118
GGCGG	118
AGGTC	116
TAGAA	114
CCGGG	112
AAATG	110
ACGAA	108
ACATT	106
CACTA	106
GGCAG	106
TCTGT	104
TCCGG	100
TACTT	100
CTCTG	98
CCCAA	96
TTTGT	94
TCGGA	94
GTCTC	92
TTATA	90
ACGCC	90
ACAAC	90
GGAGG	90
ACCTG	88
CTAGA	88
ACCGC	88
TCACT	88
ACTCT	86
TGGGC	86
CCTCT	86
GGTGT	86
TGGGA	86
TGAGC	84
GTCTG	84
GGCCA	84
AACAG	82
CTCAG	82
CTTTT	82
TTCCC	80
GTCGG	80
CCCTG	80
ATGCT	80
AAGCG	80
CACCG	80
CCAGA	78
CAAAG	78
TGACT	78
GGCCT	76
GCGCT	76
TCCTA	76
TGTCC	74
GCTAT	74
CCTCA	74
GTGGG	74
GGAGC	74
CAGGG	72
AGAAC	72
AGTAG	70
CAGCA	70
AAAGC	70
ATCAT	70
GGGCA	68
TCCTG	66
GTAAA	66
TCTCT	66
ATGTA	66
TTAAT	66
GTCTA	64
GGGAC	64
GGACG	64
TAGAC	62
AGGGC	62
GATCG	62
TGATT	62
AGTTT	60
TTCTT	60
GACGG	60
CTCCC	60
AATGC	60
AAAGT	60
CTAAC	58
GGGGA	58
GGGAG	58
CTATG	58
TCTAA	58
AGTCT	58
GTCCG	58
ATTGT	58
TAATT	58
AGGGG	56
GCGTT	56
ACCAG	54
TATTC	54
CTTTA	54
CCCCA	54
GGTAT	54
GTGGA	52
TCCCT	52
GTTGT	52
CTCTA	52
CTATT	52
TGGGT	52
CCACG	52
ATATC	50
GTCCA	50
TGCCA	50
AGTAT	50
TGGTG	50
CCCGA	50
ACCAT	48
AAGTT	48
GTGCA	48
TATTT	48
CCCTA	48
TACCC	48
TTTTT	46
ATTTG	46
AGTGT	44
CATTG	44
GTATA	44
TTCAC	44
TACGT	44
TTAAC	44
ACCCC	44
TCATT	42
CGTGT	42
ACGAC	42
TCTTT	40
AGATT	40
TGACC	40
GTTCC	40
TGTGT	40
GGCGA	40
TGTTT	40
GTTAA	40
TGAAC	40
TAAAA	40
ACCGA	40
TAGTA	40
GCGAC	38
TTGCC	38
AGACC	38
TTTTG	38
AAGCC	38
CGCAG	38
CCCGC	36
AACGT	36
TTAAA	36
ACTAT	36
CATGC	36
TCGTG	36
TCCTC	36
AACGG	34
CTAGC	34
CCTTA	34
GATAG	34
GTAAG	34
TGGCG	32
TAGGC	32
AATCG	32
ATCTG	32
CGCCC	32
AGACT	32
GTGGC	32
TCAGC	32
TTCTG	32
TCCAA	32
CCCAG	30
TTTTC	30
AGAAG	30
AGTGA	30
TTGGC	30
GAAGC	30
GTGTA	30
GGCTT	30
GTTTT	30
TGAGG	30
GTTAT	30
TGCCC	30
TCAAG	30
CCTTT	28
GTAGT	28
TTCCA	28
TAACT	28
CCAAG	28
GCGGG	28
GTTCA	26
CCGTT	26
CCGCC	26
TACTG	26
GTACC	26
TAATG	26
CGCCA	26
TTATT	26
ACAAG	26
CCGAC	24
TCAGG	24
AATGT	24
TCTAC	24
TAAAG	24
AGCAG	24
TGTAA	24
ATGCA	24
ACCCG	24
TTTAA	24
CACGG	24
CCCCG	24
ATCTT	24
CGCTG	24
ATCGG	24
TCCTT	22
CGCGG	22
TAACG	22
GCTAG	22
TATGG	22
TTATG	22
CAAGA	20
CCCTT	20
GTCGC	20
TCCAC	20
NGTCA	20
TGACG	20
CAGTT	20
TCTTA	20
TTGGT	20
TGGAC	20
AGGCA	20
ACGCG	18
TGGAG	18
ATCTC	18
TGTTA	18
TTCAA	18
CCCAC	18
AGGAT	18
CACGC	18
NCTAA	16
CACGT	16
GTTAG	16
AGCCG	16
TTGTA	16
TCCGC	16
TCCCA	16
TGTGA	14
ATCGC	14
TTGGG	14
TCCAG	14
TTTCC	14
TTACT	14
AGCCC	14
TATTG	12
TGAAG	12
AGAGC	12
TAATA	12
TTAGA	12
CGAGG	12
CCAGG	12
TCTCG	12
CGTTT	12
TCCCG	12
AATAG	12
NGATA	12
NTTGA	10
GCGCA	10
NGTGA	10
CACGA	10
TACAG	10
CAGTG	10
TAGCA	10
TATCT	10
TCACC	10
NACAA	10
NCAAT	10
TTTCA	10
TTCTA	10
TGCGC	10
NTGGA	8
NAGTA	8
NGGAA	8
TGTAG	8
TCTCA	8
NGGTC	8
AGCGG	8
CTACT	8
CTAAG	8
ATCGT	8
TTAGT	8
TTATC	8
TACCG	8
CNGAA	8
TACCT	8
AGAGG	8
NCGTA	8
GNATA	8
TTTAG	6
NTTGC	6
TGTGG	6
TTTAT	6
TAACA	6
TTTGA	6
GNCTG	6
NGCTG	6
NGCTC	6
TTCCT	6
TCGTC	6
GTCAG	6
CNATA	6
TAAGA	6
NGTAA	6
TAAGC	6
TATGT	6
TAGTT	6
TAATC	6
GNGCA	6
TAGCC	6
TACTA	6
NAGGG	6
GTAGA	6
AATCT	6
AACGC	6
NATCA	6
CCGCA	4
TGTGC	4
NATGA	4
CNGGA	4
GTATC	4
NCCAA	4
GTTCG	4
NGCAA	4
TAAGT	4
ANTGA	4
ANTCA	4
NGTCC	4
ANGAA	4
CCTAG	4
NGGTG	4
GNGAC	4
NGGTT	4
TNCGA	4
TATCG	4
GNGAA	4
GNTCA	4
NCAGT	4
NAAGG	4
NAGAC	4
NAGAA	4
NGCTT	4
NAGCC	4
NGCGA	4
NAATA	4
GNAGT	4
ATATT	4
NTGTG	4
NTCGA	4
TACGG	4
CNCGA	4
GTTTC	4
TCTAG	4
GNGCC	4
ANGTA	2
NTGCC	2
TTCGC	2
NTGAA	2
NAGGC	2
ANTAA	2
NCCGG	2
GNGAG	2
CNGGT	2
NCGAC	2
NCGAA	2
NCCTA	2
CNGGG	2
CNTGC	2
TACGC	2
NCGTT	2
GNCGG	2
GNCGC	2
GNCCG	2
GNCAT	2
CNCCA	2
NCTCG	2
GNACG	2
GNAAA	2
NCTCA	2
ANATA	2
GTAGG	2
ANCAA	2
CNCGT	2
CNGCA	2
NCGTC	2
ANCGC	2
NGACA	2
ANCGT	2
ANCTT	2
CNCTC	2
NCGCG	2
ANGAC	2
CNCTG	2
CGCGT	2
CNGAG	2
ANGCG	2
ANGCT	2
NATCT	2
CNATG	2
NCAAA	2
ANAGG	2
TNAGT	2
NTTAG	2
TNAGA	2
NGCCA	2
TNAAA	2
ANACC	2
NATGG	2
NGGCA	2
NGGAT	2
NGGAG	2
TAGAG	2
NAAAC	2
NAACA	2
NGGAC	2
CCGAG	2
TGGCC	2
NACAT	2
TCGCA	2
TCGCC	2
NAGAG	2
NAGTG	2
NAGCT	2
NTGTT	2
GNTGG	2
NCCGC	2
NTATC	2
NCCGA	2
CNCAT	2
NTACA	2
CNTGT	2
CNTTT	2
AGGCG	2
GNGCG	2
NCCCC	2
NGTTC	2
GNGGC	2
TTAAG	2
GNGGT	2
GNGTA	2
TATCC	2
NCATA	2
NTGGT	2
TATGC	2
TNTGG	2
TNGTC	2
NCAGA	2
TNGCG	2
ANAAT	2
TNCTA	2
GNTGT	2
