process_radtags v2.41, executed 2021-08-10 19:41:37 (zlib-1.2.11)
process_radtags -1 NovaSeq/fastq/Sel_P2P3_USPD16104024-AK13662-AK13663_HL7GKDSXX_L4_1.fq.gz -2 NovaSeq/fastq/Sel_P2P3_USPD16104024-AK13662-AK13663_HL7GKDSXX_L4_2.fq.gz -i gzfastq -b NovaSeq/fastq/2019August_Selwyn_Coryphopterus-ddRAD_Plate2Pool3_demultiplex.txt -r -e ecoRI -o NovaSeq/demultiplexed_seqs/P2P3 -D
File	Retained Reads	Low Quality	Barcode Not Found	RAD cutsite Not Found	Total
Sel_P2P3_USPD16104024-AK13662-AK13663_HL7GKDSXX_L4_1.fq.gz	286091346	0	850050	1240198	288181594

Total Sequences	288181594
Barcode Not Found	850050
Low Quality	0
RAD Cutsite Not Found	1240198
Retained Reads	286091346

Barcode	Filename	Total	NoRadTag	LowQuality	Retained
GCATG	COPE-0934	41945234	71991	0	41873243
AACCA	COPE-0900	2709932	22573	0	2687359
CGATC	COPE-1081	5115020	51580	0	5063440
TCGAT	COPE-1266	1703830	5727	0	1698103
TGCAT	COPE-0538	2813020	8473	0	2804547
CAACC	COPE-1183	2869564	7599	0	2861965
GGTTG	COPE-1175	847310	2206	0	845104
AAGGA	COPE-1036	1348766	15951	0	1332815
AGCTA	COPE-1173	9186364	44861	0	9141503
ACACA	COPE-1070	2860648	31525	0	2829123
AATTA	COPE-0778	3467380	16416	0	3450964
ACGGT	COPE-0865	802730	3233	0	799497
ACTGG	COPE-0975	7542450	16463	0	7525987
ACTTC	COPE-0521	2332924	4628	0	2328296
ATACG	COPE-0589	8209762	12898	0	8196864
ATGAG	COPE-0762	3853994	12138	0	3841856
ATTAC	COPE-0469	1081798	10987	0	1070811
CATAT	COPE-0770	4699334	15385	0	4683949
CGAAT	COPE-0539	1871860	10024	0	1861836
CGGCT	COPE-1100	3953862	19242	0	3934620
CGGTA	COPE-1212	1531660	118726	0	1412934
CGTAC	COPE-0775	2687966	8641	0	2679325
CGTCG	COPE-0728	839166	3821	0	835345
CTGAT	COPE-0876	30059546	61706	0	29997840
CTGCG	COPE-0996	6331080	23512	0	6307568
CTGTC	COPE-1249	1944358	6892	0	1937466
CTTGG	COPE-0995	16686580	65632	0	16620948
GACAC	COPE-0983	6722788	32284	0	6690504
GAGAT	COPE-0726	7902170	16177	0	7885993
GAGTC	COPE-0801	24409482	44827	0	24364655
GCCGT	COPE-1237	2963478	9908	0	2953570
GCTGA	COPE-0531	3801692	90394	0	3711298
GGATA	COPE-0534	4115652	49404	0	4066248
GGCCA	COPE-0527	781364	13346	0	768018
GGCTC	COPE-1076	2110856	5387	0	2105469
GTAGT	COPE-0506	1986336	6554	0	1979782
GTCCG	COPE-0783	534636	4422	0	530214
GTCGA	COPE-0572	2515290	20295	0	2494995
TACCG	COPE-0659	656290	3669	0	652621
TACGT	COPE-1080	4224378	18588	0	4205790
TAGTA	COPE-1159	10025516	44105	0	9981411
TATAC	COPE-0985	5319606	21309	0	5298297
TCACG	COPE-0849	6745628	15164	0	6730464
TCAGT	COPE-0872	11921416	40726	0	11880690
TCCGG	COPE-1125	5875714	76312	0	5799402
TCTGC	COPE-0595	10022446	18365	0	10004081
TGGAA	COPE-0495	5366692	31358	0	5335334
TTACC	COPE-0641	33976	4774	0	29202

Sequences not recorded
Barcode	Total
AGTCA	64956
CATGA	59186
CTATA	51886
GATCA	47642
CTGGA	46710
AGTAA	36316
GATAA	30200
CCGGA	28574
CACGA	22254
ATAGA	18904
TCATA	16410
GGTCC	15584
GAGCA	15016
GCGAA	12282
ACAAT	11692
GGTAA	11256
TCGGA	11184
GTGAA	11086
TTGGA	10550
ACGTA	10440
TAACA	9996
TCTCA	9978
TCGCA	9736
ACTAA	9140
ACCAA	8422
CGCGA	7218
GCAAT	7166
ATATA	6842
TTGCA	6708
CGGAG	6282
CGTGA	5996
AAAAT	5772
AAAAA	5770
CGGGC	5734
TGTTC	5506
CGGGG	5416
TGCGA	5308
CAATA	4944
CATCA	4868
CACAA	4738
TGAGA	4582
AAACT	4250
GTGTA	3834
AGAGA	3736
GCGTA	3736
GATCC	3550
ACGAA	3534
CTACA	3278
ATTCA	3082
TATCA	2792
CTCGC	2696
CGACA	2588
TTCAG	2428
GTACA	2378
ACCGA	2376
GCCAA	2296
CTTCA	2280
TACAA	2272
GAACA	2226
TCTTG	2220
TAAAA	1990
TCATC	1972
ATAAA	1812
CTAAA	1762
CCTTG	1658
TTGTT	1656
TTCTG	1598
GAATT	1564
CTTAA	1430
ATAAT	1424
CAGAA	1412
TCAAC	1372
TTCAC	1360
GTAAA	1356
CAAAA	1340
GCAGC	1330
GAAAA	1326
AGAAA	1300
CCGAA	1298
GCAAC	1298
CAATG	1250
CGAGA	1244
GAACT	1240
TCAAA	1198
AAATT	1198
CTCAA	1170
AAAAC	1168
GCAAA	1154
TTAAA	1154
ATCAA	1104
TAGCT	1074
CGCAA	1042
CAATT	1038
TAAAT	952
CTTCC	948
TCGCC	904
TAATT	892
GACCT	872
AGCCT	848
ACCTG	820
GGACT	818
TCCAC	818
GTGAC	808
GAAAG	790
TTATA	782
ACAAC	778
GCACC	774
GATGT	774
AAAAG	764
AAGCT	752
TGTCA	714
TGACA	700
TATGA	696
CCAAC	688
TGATT	684
GTTCT	652
AACAT	640
CCATA	636
AACTG	622
AGTCC	620
GCACT	618
CATTC	614
TCTAA	604
ACCAC	582
TAAGA	582
GGTCT	578
ATCAT	566
TCCAA	554
GTCAT	552
CAAAG	550
CTTTT	550
GAAGA	534
GCCTA	530
GCCCC	526
TGTCT	476
GCTAC	472
AAAGT	460
GATGC	460
AAAGG	446
CTTCT	440
CTATT	438
TACTC	438
CCGGC	432
CATGC	422
CAAGG	420
CAGAC	402
TGATG	400
CTATG	390
GCTCC	382
GACTA	380
ATTGA	376
GCCAG	376
GAGCG	374
ATGGC	372
GGGGG	370
CCAAA	366
ACCTT	362
GGACC	358
GGGTT	356
GGGCC	352
GGAAG	346
TCTCT	346
GACTG	346
TTGGT	344
GCTTT	342
TTCAA	338
CATTG	332
CTCCT	332
TAACT	320
CTCTG	320
GAGGG	318
TGAAC	318
CCCCT	314
GATTT	312
TGCTG	310
GGGGC	306
GCTCT	304
TCGTC	300
CTAGA	298
TGGTT	294
TGGGG	292
CCATT	282
CACTC	282
CCAAG	282
GACTT	280
TCTTT	278
CCTAA	274
CAGTG	272
GGGGA	272
TGTCC	268
CTTTA	266
ACATT	264
GGAAC	264
GATGG	262
GTGTT	260
GCTAT	252
CCCAA	248
CCGGG	246
TTAAT	246
GTCTT	234
AACTT	234
GATCT	232
TAAAG	230
AATGC	226
GCGAC	224
TGAAG	222
AAATC	222
CTAAC	218
GCGCC	218
TCGTG	214
CAAGT	214
TAAGG	212
TGTAG	208
ATAGC	208
GTTCC	206
ATATT	204
CCTCT	202
CCCCG	198
CCTGT	198
CTCTT	198
CACCT	196
TATCT	196
TCCTC	192
CCAGA	190
CTCCA	184
AGTCT	182
AGTGT	178
GCGCA	176
AACAG	176
AATCC	176
AAGAC	176
CCAGC	176
CGTGT	174
TTTTA	174
GTTAA	174
TCCCA	172
GGTGC	168
TGGCC	166
GCGTT	166
GTTTA	164
CCCTC	164
TTGGG	164
GGGCG	162
TTCCA	160
CACTG	158
GTGTG	158
GAACG	156
TATTT	156
ACTCT	156
ACAAG	154
TCCCT	154
GGAGC	152
AGCAC	152
TAATG	152
ATGCT	152
TTTTT	150
TCTTA	150
CGCTG	150
TAAGC	150
AGAAC	148
GTTAG	148
GGTGT	148
GGGGT	146
GGGAC	146
CACTT	146
ATATC	142
TTGCT	138
GGAGG	134
CAGGC	134
GTTCA	134
TGGTC	134
CTACT	130
GCTAG	128
TCCTA	126
CTCAC	126
GGCAG	124
CCTCA	124
CCTCC	122
TTGTG	120
GCGGG	120
ATGTA	120
TCCTT	118
ATTTT	116
CTCAG	116
AGTAG	116
AATGT	116
GTGCC	114
CGCTT	114
CCCCA	112
GGACG	112
TTTAA	112
CCCAT	112
AAAGC	112
GTGCA	110
TTCTC	110
TCCCC	110
CAGTT	110
AACGG	110
CTAGC	110
GGTAT	108
GTATC	106
CACTA	106
CAAGA	104
AATCG	104
CAGAG	104
GATAG	102
GCGCT	102
ATTGT	100
AGCAG	100
GGCGG	98
GTAAC	98
TTCTT	98
CTCTA	98
ACCAT	96
CCCCC	96
GTGCT	94
GTTTT	94
TGGTG	94
CCACT	94
GTAAG	94
ACCCT	94
AGTAT	92
TGTTA	88
GTGGG	88
AAATG	88
TGTTT	88
TGCGC	88
TTGGC	86
NTGTA	86
ACTAT	84
GCGGC	84
CACAG	82
CCTTT	82
AATAG	82
AGAGG	82
AGAGT	82
AGGAC	82
AGGAT	80
GATCG	80
TATTG	78
CTCCC	78
TGGGT	78
AAGCG	78
GTTTC	76
AGACT	76
TGACT	76
ATGCA	76
TTTCT	76
ACAGC	74
TGTGT	72
GTGGC	72
CCAGG	70
ACGAC	68
AGGTG	68
TGTGA	66
TTATT	66
GTTGC	66
CTCGT	66
CCGTG	66
GACGG	64
ATTTG	64
TGGGC	64
ATCTG	64
TAGGG	64
AGGTT	62
GCGAG	62
CAGCA	62
CCGAC	60
CCCAC	60
TTTAT	60
AACTC	60
AGATT	58
AGGCA	58
TGCCC	58
TGTGG	56
TGAGC	56
TTTTC	56
AGGGG	56
CGCCC	56
CGAGG	54
ATGCC	54
TCTAG	54
TTTGT	54
GTTAT	54
ACCGC	54
AGATG	54
TTTGA	52
CTAAG	52
CAGGT	52
CCGCA	52
GGGAG	50
ACCCC	50
CCCTG	50
CCCGA	50
ATGTT	48
GAAGC	48
AGACC	48
TTAAG	48
TTAGG	48
AGTTT	48
CGCGG	46
ACCAG	46
TTCCT	46
GAAGG	44
CCCGC	44
AAGTT	44
GCTCG	42
TAGAG	42
TTCTA	42
NGTAA	42
TTAGA	42
ATTCT	40
AGGCC	40
ACGTG	40
ACGCC	40
TAATC	40
TAGCC	40
CCCTA	38
CCCTT	38
AGAAG	38
TTTTG	36
TGAGG	36
TTATG	36
AAGCC	36
AATCT	36
ATCCC	36
TGGCG	34
ATCGG	34
AGCCG	34
CCGCC	34
CGTTT	32
CCCAG	30
CCTTA	30
TTTAG	30
NATGA	30
ATCCT	28
TATGG	28
CACGG	28
ATCTT	28
AGTGA	26
NCATA	26
TTTCA	26
CCGTT	24
ACCCG	24
NATAA	24
CNATA	24
AGAGC	24
ATCGC	24
NTGGA	22
NACGA	22
AGCGC	20
AGGGC	20
AGGTC	20
CACGC	20
GCGCG	20
NTTGA	20
AACGC	18
TNATA	18
NATCA	18
ACGCG	18
NGTCA	16
AGCGG	16
TTCGC	16
NTATA	16
NTGAA	16
AGCCC	16
CGCAG	16
CNGGA	16
NTGCA	14
CAGGG	14
CGCGT	14
ATCTC	14
TAGGC	14
NCGGA	12
AGTGC	12
ANTCA	12
CNTGA	12
NCCGA	12
NCAGA	12
NTATG	12
NTACA	10
NACAA	10
TNTAA	10
NTTGT	10
GNCTG	10
CNCGA	10
AAGTG	10
ANATG	10
GNAGA	10
NAACA	8
NCTAA	8
CNGAG	8
CCGAG	8
TNCGA	8
AGGCG	8
CNGGT	8
CNGCA	8
ANCAA	6
NAGTT	6
NCATT	6
ANATA	6
ANAGA	6
NCCTG	6
NCGAA	6
NAGAA	6
NCGTA	6
NACAT	6
NAATG	6
NAAAA	6
NCTAC	6
NGGTC	6
NGTCC	6
NGTTA	6
NTAAA	6
GNTCA	6
NTGTG	6
AGCGT	6
TTGAC	6
ANTAA	6
GNGTA	4
NAAAC	4
GNATT	4
ANCGA	4
GNAAT	4
NAATA	4
NGGTT	4
TNCGC	4
GNTTA	4
NCAAA	4
CCTAG	4
NCCTA	4
GNTGG	4
NTCGG	4
ANTGA	4
NTAGA	4
NAGCC	4
NCGTC	4
TNGGA	4
TNTGT	4
GNTAA	4
TNATG	4
NGAGA	4
ANACT	4
GNGAA	4
NCATC	4
CNCTA	4
NTTTC	4
TNCAG	4
NCAAT	4
CNCAA	4
NAGAC	4
NCAAG	4
CNTGT	2
NGCTT	2
NGCGA	2
GNGTG	2
NGGAG	2
NTAGG	2
GNGGG	2
GNGGC	2
NGCAA	2
GNGAG	2
GNGAC	2
GNCTT	2
NGACG	2
NGACA	2
NGAAA	2
TNGCG	2
NGTAT	2
CNCAC	2
TNTGG	2
NTAAT	2
CNCAT	2
TNTCA	2
TNTTG	2
NGTGG	2
CNACT	2
CNCCA	2
CNACG	2
CNGAA	2
TNTAT	2
GNTTT	2
NGGAT	2
CNGTT	2
NTACT	2
GNTTC	2
CNTAA	2
CNTAG	2
CNTGC	2
GNCAA	2
NGGGT	2
NGGGG	2
NGGGA	2
GNTCC	2
NGGCA	2
ANTAG	2
ANATC	2
NAGCT	2
GNACG	2
CGCGC	2
NAGTG	2
GNACC	2
NTGGT	2
GNACA	2
TTTCG	2
NATCC	2
NATGC	2
NATGT	2
GNAAA	2
NATTC	2
NTCAC	2
ANGAA	2
NCCAT	2
ANGAT	2
NCCAC	2
ANGCG	2
NCACT	2
TNCTG	2
NCAGC	2
ANGGG	2
NCCAA	2
NTGAC	2
ANGTA	2
ANGTC	2
GNACT	2
NTCAA	2
NCTGT	2
GNCCC	2
GNCAT	2
NTTTG	2
NCTAT	2
TNAAT	2
TNACA	2
NAAAT	2
ANAAC	2
NAATC	2
ANAAT	2
NTCTA	2
TNGCA	2
NAATT	2
NTTCG	2
NAGCA	2
NACCC	2
NACTC	2
NTTAA	2
NACCT	2
