[2021-08-28 11:18:38,204] multiqc                                            [DEBUG  ]  No MultiQC config found: /home/apps/python/gcc7/3.7.4/lib/python3.7/site-packages/multiqc_config.yaml
[2021-08-28 11:18:38,204] multiqc                                            [DEBUG  ]  No MultiQC config found: /home/jselwyn/.multiqc_config.yaml
[2021-08-28 11:18:38,219] multiqc                                            [DEBUG  ]  No MultiQC config found: multiqc_config.yaml
[2021-08-28 11:18:38,219] multiqc                                            [DEBUG  ]  Command used: /home/apps/python/gcc7/3.7.4/bin/multiqc MiSeq/fq_fp1_fp2_fqscrn -n MiSeq/fq_fp1_fp2_fqscrn/multiqc_report
[2021-08-28 11:18:38,780] multiqc                                            [DEBUG  ]  Could not connect to multiqc.info for version check: <urlopen error [SSL: CERTIFICATE_VERIFY_FAILED] certificate verify failed: unable to get local issuer certificate (_ssl.c:1076)>
[2021-08-28 11:18:38,780] multiqc                                            [INFO   ]  This is MultiQC v1.9
[2021-08-28 11:18:38,793] multiqc                                            [DEBUG  ]  Command     : /home/apps/python/gcc7/3.7.4/bin/multiqc MiSeq/fq_fp1_fp2_fqscrn -n MiSeq/fq_fp1_fp2_fqscrn/multiqc_report
[2021-08-28 11:18:38,794] multiqc                                            [DEBUG  ]  Working dir : /work/hobi/jselwyn/Coryphopterus_RAD
[2021-08-28 11:18:38,794] multiqc                                            [INFO   ]  Template    : default
[2021-08-28 11:18:38,794] multiqc                                            [DEBUG  ]  Running Python 3.7.4 (default, Oct 10 2019, 13:29:06)  [GCC 7.3.0]
[2021-08-28 11:18:38,794] multiqc                                            [INFO   ]  Searching   : /work/hobi/jselwyn/Coryphopterus_RAD/MiSeq/fq_fp1_fp2_fqscrn
[2021-08-28 11:18:38,794] multiqc                                            [DEBUG  ]  Analysing modules: custom_content, conpair, peddy, somalier, methylQA, mosdepth, phantompeakqualtools, qualimap, preseq, quast, qorts, rna_seqc, rockhopper, rsem, rseqc, busco, goleft_indexcov, disambiguate, supernova, deeptools, sargasso, verifybamid, mirtrace, happy, mirtop, homer, macs2, theta2, snpeff, gatk, htseq, bcftools, featureCounts, fgbio, dragen, dedup, damageprofiler, biobambam2, mtnucratio, picard, prokka, samblaster, samtools, sexdeterrmine, bamtools, jellyfish, vcftools, longranger, stacks, varscan2, bbmap, bismark, biscuit, hicexplorer, hicup, hicpro, salmon, kallisto, slamdunk, star, hisat2, tophat, bowtie2, bowtie1, snpsplit, kat, leehom, adapterRemoval, clipandmerge, cutadapt, flexbar, kaiju, kraken, malt, trimmomatic, sickle, skewer, sortmerna, biobloomtools, fastq_screen, afterqc, fastp, fastqc, pycoqc, minionqc, multivcfanalyzer, clusterflow, bcl2fastq, interop, ivar, flash, seqyclean
[2021-08-28 11:18:38,794] multiqc                                            [DEBUG  ]  Using temporary directory for creating report: /tmp/tmppsp21q7u
[2021-08-28 11:18:42,339] multiqc                                            [DEBUG  ]  Ignoring file as matched an ignore pattern: COPE-0773.fp2_r1.tagged_filter.fastq.gz
[2021-08-28 11:18:42,357] multiqc                                            [DEBUG  ]  Ignoring file as matched an ignore pattern: COPE-0773.fp2_r2_screen.html
[2021-08-28 11:18:42,418] multiqc                                            [DEBUG  ]  Ignoring file as matched an ignore pattern: COPE-0773.fp2_r2.tagged_filter.fastq.gz
[2021-08-28 11:18:42,437] multiqc                                            [DEBUG  ]  Ignoring file as matched an ignore pattern: COPE-0922.fp2_r1.tagged_filter.fastq.gz
[2021-08-28 11:18:42,455] multiqc                                            [DEBUG  ]  Ignoring file as matched an ignore pattern: COPE-0922.fp2_r1_screen.html
[2021-08-28 11:18:42,474] multiqc                                            [DEBUG  ]  Ignoring file as matched an ignore pattern: COPE-0694.fp2_r2.tagged.fastq.gz
[2021-08-28 11:18:42,493] multiqc                                            [DEBUG  ]  Ignoring file as matched an ignore pattern: COPE-0694.fp2_r2_screen.html
[2021-08-28 11:18:42,512] multiqc                                            [DEBUG  ]  Ignoring file as matched an ignore pattern: COPE-0694.fp2_r1_screen.html
[2021-08-28 11:18:42,531] multiqc                                            [DEBUG  ]  Ignoring file as matched an ignore pattern: COPE-0922.fp2_r2_screen.html
[2021-08-28 11:18:42,588] multiqc                                            [DEBUG  ]  Ignoring file as matched an ignore pattern: COPE-1030.fp2_r1.tagged_filter.fastq.gz
[2021-08-28 11:18:42,606] multiqc                                            [DEBUG  ]  Ignoring file as matched an ignore pattern: COPE-1030.fp2_r1.tagged.fastq.gz
[2021-08-28 11:18:42,626] multiqc                                            [DEBUG  ]  Ignoring file as matched an ignore pattern: COPE-1030.fp2_r1_screen.html
[2021-08-28 11:18:42,646] multiqc                                            [DEBUG  ]  Ignoring file as matched an ignore pattern: COPE-0942.fp2_r1_screen.html
[2021-08-28 11:18:42,684] multiqc                                            [DEBUG  ]  Ignoring file as matched an ignore pattern: COPE-1033.fp2_r1.tagged_filter.fastq.gz
[2021-08-28 11:18:42,719] multiqc                                            [DEBUG  ]  Ignoring file as matched an ignore pattern: COPE-1188.fp2_r2.tagged_filter.fastq.gz
[2021-08-28 11:18:42,733] multiqc                                            [DEBUG  ]  Ignoring file as matched an ignore pattern: COPE-0942.fp2_r2_screen.html
[2021-08-28 11:18:42,750] multiqc                                            [DEBUG  ]  Ignoring file as matched an ignore pattern: COPE-1033.fp2_r2_screen.html
[2021-08-28 11:18:42,766] multiqc                                            [DEBUG  ]  Ignoring file as matched an ignore pattern: COPE-1033.fp2_r2.tagged.fastq.gz
[2021-08-28 11:18:42,800] multiqc                                            [DEBUG  ]  Ignoring file as matched an ignore pattern: COPE-1030.fp2_r2.tagged.fastq.gz
[2021-08-28 11:18:42,817] multiqc                                            [DEBUG  ]  Ignoring file as matched an ignore pattern: COPE-1188.fp2_r1.tagged_filter.fastq.gz
[2021-08-28 11:18:42,834] multiqc                                            [DEBUG  ]  Ignoring file as matched an ignore pattern: COPE-0697.fp2_r2.tagged_filter.fastq.gz
[2021-08-28 11:18:42,851] multiqc                                            [DEBUG  ]  Ignoring file as matched an ignore pattern: COPE-0697.fp2_r2.tagged.fastq.gz
[2021-08-28 11:18:42,868] multiqc                                            [DEBUG  ]  Ignoring file as matched an ignore pattern: COPE-0922.fp2_r1.tagged.fastq.gz
[2021-08-28 11:18:42,885] multiqc                                            [DEBUG  ]  Ignoring file as matched an ignore pattern: COPE-0697.fp2_r1.tagged.fastq.gz
[2021-08-28 11:18:42,902] multiqc                                            [DEBUG  ]  Ignoring file as matched an ignore pattern: COPE-0694.fp2_r2.tagged_filter.fastq.gz
[2021-08-28 11:18:42,919] multiqc                                            [DEBUG  ]  Ignoring file as matched an ignore pattern: COPE-0694.fp2_r1.tagged_filter.fastq.gz
[2021-08-28 11:18:42,993] multiqc                                            [DEBUG  ]  Ignoring file as matched an ignore pattern: COPE-0942.fp2_r1.tagged.fastq.gz
[2021-08-28 11:18:43,010] multiqc                                            [DEBUG  ]  Ignoring file as matched an ignore pattern: COPE-1033.fp2_r1_screen.html
[2021-08-28 11:18:43,046] multiqc                                            [DEBUG  ]  Ignoring file as matched an ignore pattern: COPE-1033.fp2_r1.tagged.fastq.gz
[2021-08-28 11:18:43,063] multiqc                                            [DEBUG  ]  Ignoring file as matched an ignore pattern: COPE-1188.fp2_r2_screen.html
[2021-08-28 11:18:43,117] multiqc                                            [DEBUG  ]  Ignoring file as matched an ignore pattern: COPE-1188.fp2_r2.tagged.fastq.gz
[2021-08-28 11:18:43,135] multiqc                                            [DEBUG  ]  Ignoring file as matched an ignore pattern: COPE-0942.fp2_r2.tagged.fastq.gz
[2021-08-28 11:18:43,171] multiqc                                            [DEBUG  ]  Ignoring file as matched an ignore pattern: COPE-1030.fp2_r2.tagged_filter.fastq.gz
[2021-08-28 11:18:43,188] multiqc                                            [DEBUG  ]  Ignoring file as matched an ignore pattern: COPE-1188.fp2_r1.tagged.fastq.gz
[2021-08-28 11:18:43,226] multiqc                                            [DEBUG  ]  Ignoring file as matched an ignore pattern: COPE-0773.fp2_r1_screen.html
[2021-08-28 11:18:43,280] multiqc                                            [DEBUG  ]  Ignoring file as matched an ignore pattern: COPE-0773.fp2_r1.tagged.fastq.gz
[2021-08-28 11:18:43,297] multiqc                                            [DEBUG  ]  Ignoring file as matched an ignore pattern: COPE-0697.fp2_r2_screen.html
[2021-08-28 11:18:43,372] multiqc                                            [DEBUG  ]  Ignoring file as matched an ignore pattern: COPE-0773.fp2_r2.tagged.fastq.gz
[2021-08-28 11:18:43,464] multiqc                                            [DEBUG  ]  Ignoring file as matched an ignore pattern: COPE-0697.fp2_r1.tagged_filter.fastq.gz
[2021-08-28 11:18:43,481] multiqc                                            [DEBUG  ]  Ignoring file as matched an ignore pattern: COPE-0697.fp2_r1_screen.html
[2021-08-28 11:18:43,537] multiqc                                            [DEBUG  ]  Ignoring file as matched an ignore pattern: COPE-0694.fp2_r1.tagged.fastq.gz
[2021-08-28 11:18:43,592] multiqc                                            [DEBUG  ]  Ignoring file as matched an ignore pattern: COPE-0922.fp2_r2.tagged_filter.fastq.gz
[2021-08-28 11:18:43,609] multiqc                                            [DEBUG  ]  Ignoring file as matched an ignore pattern: COPE-0922.fp2_r2.tagged.fastq.gz
[2021-08-28 11:18:43,627] multiqc                                            [DEBUG  ]  Ignoring file as matched an ignore pattern: COPE-0942.fp2_r1.tagged_filter.fastq.gz
[2021-08-28 11:18:43,682] multiqc                                            [DEBUG  ]  Ignoring file as matched an ignore pattern: COPE-0942.fp2_r2.tagged_filter.fastq.gz
[2021-08-28 11:18:43,725] multiqc                                            [DEBUG  ]  Ignoring file as matched an ignore pattern: COPE-1033.fp2_r2.tagged_filter.fastq.gz
[2021-08-28 11:18:43,739] multiqc                                            [DEBUG  ]  Ignoring file as matched an ignore pattern: COPE-1030.fp2_r2_screen.html
[2021-08-28 11:18:43,752] multiqc                                            [DEBUG  ]  Ignoring file as matched an ignore pattern: COPE-1188.fp2_r1_screen.html
[2021-08-28 11:18:44,234] multiqc.plots.bargraph                             [DEBUG  ]  Using matplotlib version 3.1.1
[2021-08-28 11:18:44,236] multiqc.plots.linegraph                            [DEBUG  ]  Using matplotlib version 3.1.1
[2021-08-28 11:18:44,238] multiqc                                            [DEBUG  ]  No samples found: custom_content
[2021-08-28 11:18:44,247] multiqc                                            [DEBUG  ]  No samples found: conpair
[2021-08-28 11:18:44,254] multiqc                                            [DEBUG  ]  No samples found: peddy
[2021-08-28 11:18:44,261] multiqc                                            [DEBUG  ]  No samples found: somalier
[2021-08-28 11:18:44,268] multiqc                                            [DEBUG  ]  No samples found: methylQA
[2021-08-28 11:18:44,278] multiqc                                            [DEBUG  ]  No samples found: mosdepth
[2021-08-28 11:18:44,285] multiqc                                            [DEBUG  ]  No samples found: phantompeakqualtools
[2021-08-28 11:18:44,291] multiqc                                            [DEBUG  ]  No samples found: qualimap
[2021-08-28 11:18:44,297] multiqc                                            [DEBUG  ]  No samples found: preseq
[2021-08-28 11:18:44,304] multiqc                                            [DEBUG  ]  No samples found: quast
[2021-08-28 11:18:44,311] multiqc                                            [DEBUG  ]  No samples found: qorts
[2021-08-28 11:18:44,319] multiqc                                            [DEBUG  ]  No samples found: rna_seqc
[2021-08-28 11:18:44,326] multiqc                                            [DEBUG  ]  No samples found: rockhopper
[2021-08-28 11:18:44,332] multiqc                                            [DEBUG  ]  No samples found: rsem
[2021-08-28 11:18:44,345] multiqc                                            [DEBUG  ]  No samples found: rseqc
[2021-08-28 11:18:44,352] multiqc                                            [DEBUG  ]  No samples found: busco
[2021-08-28 11:18:44,359] multiqc                                            [DEBUG  ]  No samples found: goleft_indexcov
[2021-08-28 11:18:44,366] multiqc                                            [DEBUG  ]  No samples found: disambiguate
[2021-08-28 11:18:44,373] multiqc                                            [DEBUG  ]  No samples found: supernova
[2021-08-28 11:18:44,387] multiqc                                            [DEBUG  ]  No samples found: deeptools
[2021-08-28 11:18:44,393] multiqc                                            [DEBUG  ]  No samples found: sargasso
[2021-08-28 11:18:44,400] multiqc                                            [DEBUG  ]  No samples found: verifybamid
[2021-08-28 11:18:44,407] multiqc                                            [DEBUG  ]  No samples found: mirtrace
[2021-08-28 11:18:44,414] multiqc                                            [DEBUG  ]  No samples found: happy
[2021-08-28 11:18:44,421] multiqc                                            [DEBUG  ]  No samples found: mirtop
[2021-08-28 11:18:44,429] multiqc                                            [DEBUG  ]  No samples found: homer
[2021-08-28 11:18:44,436] multiqc                                            [DEBUG  ]  No samples found: macs2
[2021-08-28 11:18:44,443] multiqc                                            [DEBUG  ]  No samples found: theta2
[2021-08-28 11:18:44,450] multiqc                                            [DEBUG  ]  No samples found: snpeff
[2021-08-28 11:18:44,458] multiqc                                            [DEBUG  ]  No samples found: gatk
[2021-08-28 11:18:44,465] multiqc                                            [DEBUG  ]  No samples found: htseq
[2021-08-28 11:18:44,472] multiqc                                            [DEBUG  ]  No samples found: bcftools
[2021-08-28 11:18:44,480] multiqc                                            [DEBUG  ]  No samples found: featureCounts
[2021-08-28 11:18:44,487] multiqc                                            [DEBUG  ]  No samples found: fgbio
[2021-08-28 11:18:44,501] multiqc                                            [DEBUG  ]  No samples found: dragen
[2021-08-28 11:18:44,508] multiqc                                            [DEBUG  ]  No samples found: dedup
[2021-08-28 11:18:44,515] multiqc                                            [DEBUG  ]  No samples found: damageprofiler
[2021-08-28 11:18:44,536] multiqc                                            [DEBUG  ]  No samples found: biobambam2
[2021-08-28 11:18:44,543] multiqc                                            [DEBUG  ]  No samples found: mtnucratio
[2021-08-28 11:18:44,548] multiqc                                            [DEBUG  ]  No samples found: picard
[2021-08-28 11:18:44,554] multiqc                                            [DEBUG  ]  No samples found: prokka
[2021-08-28 11:18:44,561] multiqc                                            [DEBUG  ]  No samples found: samblaster
[2021-08-28 11:18:44,571] multiqc                                            [DEBUG  ]  No samples found: samtools
[2021-08-28 11:18:44,578] multiqc                                            [DEBUG  ]  No samples found: sexdeterrmine
[2021-08-28 11:18:44,585] multiqc                                            [DEBUG  ]  No samples found: bamtools
[2021-08-28 11:18:44,592] multiqc                                            [DEBUG  ]  No samples found: jellyfish
[2021-08-28 11:18:44,601] multiqc                                            [DEBUG  ]  No samples found: vcftools
[2021-08-28 11:18:44,608] multiqc                                            [DEBUG  ]  No samples found: longranger
[2021-08-28 11:18:44,615] multiqc                                            [DEBUG  ]  No samples found: stacks
[2021-08-28 11:18:44,622] multiqc                                            [DEBUG  ]  No samples found: varscan2
[2021-08-28 11:18:44,637] multiqc                                            [DEBUG  ]  No samples found: bbmap
[2021-08-28 11:18:44,644] multiqc                                            [DEBUG  ]  No samples found: bismark
[2021-08-28 11:18:44,652] multiqc                                            [DEBUG  ]  No samples found: biscuit
[2021-08-28 11:18:44,659] multiqc                                            [DEBUG  ]  No samples found: hicexplorer
[2021-08-28 11:18:44,666] multiqc                                            [DEBUG  ]  No samples found: hicup
[2021-08-28 11:18:44,673] multiqc                                            [DEBUG  ]  No samples found: hicpro
[2021-08-28 11:18:44,680] multiqc                                            [DEBUG  ]  No samples found: salmon
[2021-08-28 11:18:44,687] multiqc                                            [DEBUG  ]  No samples found: kallisto
[2021-08-28 11:18:44,694] multiqc                                            [DEBUG  ]  No samples found: slamdunk
[2021-08-28 11:18:44,701] multiqc                                            [DEBUG  ]  No samples found: star
[2021-08-28 11:18:44,708] multiqc                                            [DEBUG  ]  No samples found: hisat2
[2021-08-28 11:18:44,715] multiqc                                            [DEBUG  ]  No samples found: tophat
[2021-08-28 11:18:44,721] multiqc                                            [DEBUG  ]  No samples found: bowtie2
[2021-08-28 11:18:44,728] multiqc                                            [DEBUG  ]  No samples found: bowtie1
[2021-08-28 11:18:44,735] multiqc                                            [DEBUG  ]  No samples found: snpsplit
[2021-08-28 11:18:44,742] multiqc                                            [DEBUG  ]  No samples found: kat
[2021-08-28 11:18:44,749] multiqc                                            [DEBUG  ]  No samples found: leehom
[2021-08-28 11:18:44,756] multiqc                                            [DEBUG  ]  No samples found: adapterRemoval
[2021-08-28 11:18:44,762] multiqc                                            [DEBUG  ]  No samples found: clipandmerge
[2021-08-28 11:18:44,769] multiqc                                            [DEBUG  ]  No samples found: cutadapt
[2021-08-28 11:18:44,776] multiqc                                            [DEBUG  ]  No samples found: flexbar
[2021-08-28 11:18:44,783] multiqc                                            [DEBUG  ]  No samples found: kaiju
[2021-08-28 11:18:44,790] multiqc                                            [DEBUG  ]  No samples found: kraken
[2021-08-28 11:18:44,797] multiqc                                            [DEBUG  ]  No samples found: malt
[2021-08-28 11:18:44,804] multiqc                                            [DEBUG  ]  No samples found: trimmomatic
[2021-08-28 11:18:44,811] multiqc                                            [DEBUG  ]  No samples found: sickle
[2021-08-28 11:18:44,818] multiqc                                            [DEBUG  ]  No samples found: skewer
[2021-08-28 11:18:44,824] multiqc                                            [DEBUG  ]  No samples found: sortmerna
[2021-08-28 11:18:44,831] multiqc                                            [DEBUG  ]  No samples found: biobloomtools
[2021-08-28 11:18:46,845] multiqc.modules.fastq_screen.fastq_screen          [INFO   ]  Found 16 reports
[2021-08-28 11:18:46,872] multiqc                                            [DEBUG  ]  No samples found: afterqc
[2021-08-28 11:18:46,879] multiqc                                            [DEBUG  ]  No samples found: fastp
[2021-08-28 11:18:46,887] multiqc                                            [DEBUG  ]  No samples found: fastqc
[2021-08-28 11:18:46,893] multiqc                                            [DEBUG  ]  No samples found: pycoqc
[2021-08-28 11:18:46,900] multiqc                                            [DEBUG  ]  No samples found: minionqc
[2021-08-28 11:18:46,907] multiqc                                            [DEBUG  ]  No samples found: multivcfanalyzer
[2021-08-28 11:18:46,914] multiqc                                            [DEBUG  ]  No samples found: clusterflow
[2021-08-28 11:18:46,921] multiqc                                            [DEBUG  ]  No samples found: bcl2fastq
[2021-08-28 11:18:46,928] multiqc                                            [DEBUG  ]  No samples found: interop
[2021-08-28 11:18:46,935] multiqc                                            [DEBUG  ]  No samples found: ivar
[2021-08-28 11:18:46,942] multiqc                                            [DEBUG  ]  No samples found: flash
[2021-08-28 11:18:46,949] multiqc                                            [DEBUG  ]  No samples found: seqyclean
[2021-08-28 11:18:46,949] multiqc                                            [INFO   ]  Compressing plot data
[2021-08-28 11:18:47,006] multiqc                                            [INFO   ]  Report      : MiSeq/fq_fp1_fp2_fqscrn/multiqc_report.html
[2021-08-28 11:18:47,006] multiqc                                            [INFO   ]  Data        : MiSeq/fq_fp1_fp2_fqscrn/multiqc_report_data
[2021-08-28 11:18:47,006] multiqc                                            [DEBUG  ]  Moving data file from '/tmp/tmppsp21q7u/multiqc_data' to '/work/hobi/jselwyn/Coryphopterus_RAD/MiSeq/fq_fp1_fp2_fqscrn/multiqc_report_data'
[2021-08-28 11:18:51,497] multiqc                                            [INFO   ]  MultiQC complete
