****                   ADMIXTURE Version 1.3.0                  ****
****                    Copyright 2008-2015                     ****
****           David Alexander, Suyash Shringarpure,            ****
****                John  Novembre, Ken Lange                   ****
****                                                            ****
****                 Please cite our paper!                     ****
****   Information at www.genetics.ucla.edu/software/admixture  ****

Cross-validation will be performed.  Folds=10.
Parallel execution requested.  Will use 20 threads.
Random seed: 43
Point estimation method: Block relaxation algorithm
Convergence acceleration algorithm: QuasiNewton, 3 secant conditions
Point estimation will terminate when objective function delta < 0.0001
Estimation of standard errors disabled; will compute point estimates only.
Size of G: 778x1726
Performing five EM steps to prime main algorithm
1 (EM) 	Elapsed: 0.162	Loglikelihood: -398180	(delta): 1.31629e+06
2 (EM) 	Elapsed: 0.161	Loglikelihood: -366981	(delta): 31198.9
3 (EM) 	Elapsed: 0.161	Loglikelihood: -362627	(delta): 4354.02
4 (EM) 	Elapsed: 0.161	Loglikelihood: -360358	(delta): 2269.58
5 (EM) 	Elapsed: 0.162	Loglikelihood: -358572	(delta): 1785.44
Initial loglikelihood: -358572
Starting main algorithm
1 (QN/Block) 	Elapsed: 0.352	Loglikelihood: -290320	(delta): 68252.6
2 (QN/Block) 	Elapsed: 0.346	Loglikelihood: -279574	(delta): 10746
3 (QN/Block) 	Elapsed: 0.35	Loglikelihood: -274730	(delta): 4843.98
4 (QN/Block) 	Elapsed: 0.348	Loglikelihood: -271864	(delta): 2865.66
5 (QN/Block) 	Elapsed: 0.352	Loglikelihood: -270634	(delta): 1230.04
6 (QN/Block) 	Elapsed: 0.352	Loglikelihood: -270316	(delta): 317.909
7 (QN/Block) 	Elapsed: 0.351	Loglikelihood: -270213	(delta): 102.984
8 (QN/Block) 	Elapsed: 0.352	Loglikelihood: -270138	(delta): 75.2914
9 (QN/Block) 	Elapsed: 0.352	Loglikelihood: -270093	(delta): 44.2465
10 (QN/Block) 	Elapsed: 0.35	Loglikelihood: -270054	(delta): 39.5669
11 (QN/Block) 	Elapsed: 0.351	Loglikelihood: -270002	(delta): 51.8184
12 (QN/Block) 	Elapsed: 0.352	Loglikelihood: -269962	(delta): 40.1373
13 (QN/Block) 	Elapsed: 0.35	Loglikelihood: -269932	(delta): 30.3877
14 (QN/Block) 	Elapsed: 0.351	Loglikelihood: -269914	(delta): 17.8568
15 (QN/Block) 	Elapsed: 0.35	Loglikelihood: -269900	(delta): 13.9948
16 (QN/Block) 	Elapsed: 0.351	Loglikelihood: -269890	(delta): 9.34329
17 (QN/Block) 	Elapsed: 0.349	Loglikelihood: -269882	(delta): 7.97427
18 (QN/Block) 	Elapsed: 0.353	Loglikelihood: -269872	(delta): 9.92883
19 (QN/Block) 	Elapsed: 0.351	Loglikelihood: -269866	(delta): 6.31862
20 (QN/Block) 	Elapsed: 0.352	Loglikelihood: -269862	(delta): 4.23617
21 (QN/Block) 	Elapsed: 0.35	Loglikelihood: -269858	(delta): 3.63048
22 (QN/Block) 	Elapsed: 0.352	Loglikelihood: -269855	(delta): 2.99526
23 (QN/Block) 	Elapsed: 0.354	Loglikelihood: -269852	(delta): 3.14489
24 (QN/Block) 	Elapsed: 0.354	Loglikelihood: -269850	(delta): 2.17852
25 (QN/Block) 	Elapsed: 0.355	Loglikelihood: -269848	(delta): 1.5898
26 (QN/Block) 	Elapsed: 0.353	Loglikelihood: -269847	(delta): 1.24299
27 (QN/Block) 	Elapsed: 0.352	Loglikelihood: -269845	(delta): 1.66999
28 (QN/Block) 	Elapsed: 0.352	Loglikelihood: -269844	(delta): 1.93668
29 (QN/Block) 	Elapsed: 0.35	Loglikelihood: -269842	(delta): 1.81449
30 (QN/Block) 	Elapsed: 0.349	Loglikelihood: -269840	(delta): 1.4546
31 (QN/Block) 	Elapsed: 0.351	Loglikelihood: -269839	(delta): 1.40223
32 (QN/Block) 	Elapsed: 0.349	Loglikelihood: -269837	(delta): 1.56822
33 (QN/Block) 	Elapsed: 0.351	Loglikelihood: -269836	(delta): 1.07863
34 (QN/Block) 	Elapsed: 0.354	Loglikelihood: -269836	(delta): 0.432466
35 (QN/Block) 	Elapsed: 0.355	Loglikelihood: -269835	(delta): 0.526579
36 (QN/Block) 	Elapsed: 0.354	Loglikelihood: -269835	(delta): 0.413415
37 (QN/Block) 	Elapsed: 0.354	Loglikelihood: -269835	(delta): 0.312883
38 (QN/Block) 	Elapsed: 0.352	Loglikelihood: -269834	(delta): 0.553611
39 (QN/Block) 	Elapsed: 0.351	Loglikelihood: -269834	(delta): 0.473632
40 (QN/Block) 	Elapsed: 0.352	Loglikelihood: -269833	(delta): 0.965162
41 (QN/Block) 	Elapsed: 0.353	Loglikelihood: -269832	(delta): 0.985998
42 (QN/Block) 	Elapsed: 0.352	Loglikelihood: -269831	(delta): 0.498793
43 (QN/Block) 	Elapsed: 0.351	Loglikelihood: -269831	(delta): 0.272771
44 (QN/Block) 	Elapsed: 0.351	Loglikelihood: -269830	(delta): 0.398762
45 (QN/Block) 	Elapsed: 0.352	Loglikelihood: -269830	(delta): 0.077255
46 (QN/Block) 	Elapsed: 0.349	Loglikelihood: -269830	(delta): 0.0254246
47 (QN/Block) 	Elapsed: 0.35	Loglikelihood: -269830	(delta): 0.00909088
48 (QN/Block) 	Elapsed: 0.352	Loglikelihood: -269830	(delta): 0.0197306
49 (QN/Block) 	Elapsed: 0.356	Loglikelihood: -269830	(delta): 0.0191254
50 (QN/Block) 	Elapsed: 0.353	Loglikelihood: -269830	(delta): 0.018515
51 (QN/Block) 	Elapsed: 0.349	Loglikelihood: -269830	(delta): 0.0310827
52 (QN/Block) 	Elapsed: 0.353	Loglikelihood: -269830	(delta): 0.0684947
53 (QN/Block) 	Elapsed: 0.352	Loglikelihood: -269830	(delta): 0.025344
54 (QN/Block) 	Elapsed: 0.353	Loglikelihood: -269830	(delta): 0.022742
55 (QN/Block) 	Elapsed: 0.352	Loglikelihood: -269830	(delta): 0.0149831
56 (QN/Block) 	Elapsed: 0.35	Loglikelihood: -269830	(delta): 0.0109758
57 (QN/Block) 	Elapsed: 0.351	Loglikelihood: -269830	(delta): 0.0129533
58 (QN/Block) 	Elapsed: 0.352	Loglikelihood: -269830	(delta): 0.0264711
59 (QN/Block) 	Elapsed: 0.35	Loglikelihood: -269830	(delta): 0.102259
60 (QN/Block) 	Elapsed: 0.353	Loglikelihood: -269830	(delta): 0.139067
61 (QN/Block) 	Elapsed: 0.353	Loglikelihood: -269830	(delta): 0.0625893
62 (QN/Block) 	Elapsed: 0.351	Loglikelihood: -269830	(delta): 0.0407578
63 (QN/Block) 	Elapsed: 0.353	Loglikelihood: -269830	(delta): 0.0285746
64 (QN/Block) 	Elapsed: 0.354	Loglikelihood: -269830	(delta): 0.0661717
65 (QN/Block) 	Elapsed: 0.352	Loglikelihood: -269829	(delta): 0.312454
66 (QN/Block) 	Elapsed: 0.352	Loglikelihood: -269829	(delta): 0.0809883
67 (QN/Block) 	Elapsed: 0.35	Loglikelihood: -269829	(delta): 0.058805
68 (QN/Block) 	Elapsed: 0.352	Loglikelihood: -269829	(delta): 0.0408228
69 (QN/Block) 	Elapsed: 0.349	Loglikelihood: -269829	(delta): 0.0343041
70 (QN/Block) 	Elapsed: 0.35	Loglikelihood: -269829	(delta): 0.059733
71 (QN/Block) 	Elapsed: 0.354	Loglikelihood: -269829	(delta): 0.271729
72 (QN/Block) 	Elapsed: 0.354	Loglikelihood: -269828	(delta): 0.228986
73 (QN/Block) 	Elapsed: 0.352	Loglikelihood: -269828	(delta): 0.151685
74 (QN/Block) 	Elapsed: 0.353	Loglikelihood: -269828	(delta): 0.0850359
75 (QN/Block) 	Elapsed: 0.352	Loglikelihood: -269828	(delta): 0.133534
76 (QN/Block) 	Elapsed: 0.351	Loglikelihood: -269828	(delta): 0.0797839
77 (QN/Block) 	Elapsed: 0.353	Loglikelihood: -269828	(delta): 0.192237
78 (QN/Block) 	Elapsed: 0.354	Loglikelihood: -269828	(delta): 0.309895
79 (QN/Block) 	Elapsed: 0.352	Loglikelihood: -269827	(delta): 0.0616859
80 (QN/Block) 	Elapsed: 0.353	Loglikelihood: -269827	(delta): 0.0651807
81 (QN/Block) 	Elapsed: 0.352	Loglikelihood: -269827	(delta): 0.0858326
82 (QN/Block) 	Elapsed: 0.351	Loglikelihood: -269827	(delta): 0.0919207
83 (QN/Block) 	Elapsed: 0.351	Loglikelihood: -269827	(delta): 0.263151
84 (QN/Block) 	Elapsed: 0.353	Loglikelihood: -269827	(delta): 0.126577
85 (QN/Block) 	Elapsed: 0.353	Loglikelihood: -269827	(delta): 0.179048
86 (QN/Block) 	Elapsed: 0.352	Loglikelihood: -269826	(delta): 0.325877
87 (QN/Block) 	Elapsed: 0.352	Loglikelihood: -269825	(delta): 1.18407
88 (QN/Block) 	Elapsed: 0.354	Loglikelihood: -269824	(delta): 0.646615
89 (QN/Block) 	Elapsed: 0.352	Loglikelihood: -269824	(delta): 0.476053
90 (QN/Block) 	Elapsed: 0.352	Loglikelihood: -269824	(delta): 0.107861
91 (QN/Block) 	Elapsed: 0.351	Loglikelihood: -269824	(delta): 0.0770909
92 (QN/Block) 	Elapsed: 0.354	Loglikelihood: -269824	(delta): 0.0422459
93 (QN/Block) 	Elapsed: 0.352	Loglikelihood: -269824	(delta): 0.0318454
94 (QN/Block) 	Elapsed: 0.353	Loglikelihood: -269824	(delta): 0.0306138
95 (QN/Block) 	Elapsed: 0.355	Loglikelihood: -269824	(delta): 0.0335199
96 (QN/Block) 	Elapsed: 0.351	Loglikelihood: -269824	(delta): 0.0371293
97 (QN/Block) 	Elapsed: 0.352	Loglikelihood: -269824	(delta): 0.0330735
98 (QN/Block) 	Elapsed: 0.351	Loglikelihood: -269824	(delta): 0.0393498
99 (QN/Block) 	Elapsed: 0.352	Loglikelihood: -269824	(delta): 0.055928
100 (QN/Block) 	Elapsed: 0.353	Loglikelihood: -269823	(delta): 0.0857103
101 (QN/Block) 	Elapsed: 0.349	Loglikelihood: -269823	(delta): 0.0689767
102 (QN/Block) 	Elapsed: 0.35	Loglikelihood: -269823	(delta): 0.105183
103 (QN/Block) 	Elapsed: 0.348	Loglikelihood: -269823	(delta): 0.112811
104 (QN/Block) 	Elapsed: 0.351	Loglikelihood: -269822	(delta): 0.801909
105 (QN/Block) 	Elapsed: 0.352	Loglikelihood: -269822	(delta): 0.469467
106 (QN/Block) 	Elapsed: 0.35	Loglikelihood: -269822	(delta): 0.0796852
107 (QN/Block) 	Elapsed: 0.347	Loglikelihood: -269822	(delta): 0.0486214
108 (QN/Block) 	Elapsed: 0.348	Loglikelihood: -269822	(delta): 0.125828
109 (QN/Block) 	Elapsed: 0.349	Loglikelihood: -269822	(delta): 0.0262121
110 (QN/Block) 	Elapsed: 0.352	Loglikelihood: -269822	(delta): 0.030379
111 (QN/Block) 	Elapsed: 0.352	Loglikelihood: -269821	(delta): 0.245404
112 (QN/Block) 	Elapsed: 0.352	Loglikelihood: -269820	(delta): 1.5501
113 (QN/Block) 	Elapsed: 0.351	Loglikelihood: -269820	(delta): 0.209808
114 (QN/Block) 	Elapsed: 0.351	Loglikelihood: -269820	(delta): 0.051887
115 (QN/Block) 	Elapsed: 0.352	Loglikelihood: -269819	(delta): 0.0491184
116 (QN/Block) 	Elapsed: 0.35	Loglikelihood: -269819	(delta): 0.059637
117 (QN/Block) 	Elapsed: 0.35	Loglikelihood: -269819	(delta): 0.0749445
118 (QN/Block) 	Elapsed: 0.351	Loglikelihood: -269819	(delta): 0.0455276
119 (QN/Block) 	Elapsed: 0.351	Loglikelihood: -269819	(delta): 0.0397731
120 (QN/Block) 	Elapsed: 0.351	Loglikelihood: -269819	(delta): 0.0249702
121 (QN/Block) 	Elapsed: 0.352	Loglikelihood: -269819	(delta): 0.0167423
122 (QN/Block) 	Elapsed: 0.352	Loglikelihood: -269819	(delta): 0.0281251
123 (QN/Block) 	Elapsed: 0.352	Loglikelihood: -269819	(delta): 0.0458922
124 (QN/Block) 	Elapsed: 0.352	Loglikelihood: -269819	(delta): 0.0708028
125 (QN/Block) 	Elapsed: 0.351	Loglikelihood: -269819	(delta): 0.194645
126 (QN/Block) 	Elapsed: 0.35	Loglikelihood: -269819	(delta): 0.242801
127 (QN/Block) 	Elapsed: 0.351	Loglikelihood: -269818	(delta): 0.256551
128 (QN/Block) 	Elapsed: 0.351	Loglikelihood: -269818	(delta): 0.149245
129 (QN/Block) 	Elapsed: 0.352	Loglikelihood: -269818	(delta): 0.023485
130 (QN/Block) 	Elapsed: 0.347	Loglikelihood: -269818	(delta): 0.0162691
131 (QN/Block) 	Elapsed: 0.351	Loglikelihood: -269818	(delta): 0.0339934
132 (QN/Block) 	Elapsed: 0.351	Loglikelihood: -269818	(delta): 0.0283298
133 (QN/Block) 	Elapsed: 0.351	Loglikelihood: -269818	(delta): 0.00245694
134 (QN/Block) 	Elapsed: 0.349	Loglikelihood: -269818	(delta): 0.000513949
135 (QN/Block) 	Elapsed: 0.35	Loglikelihood: -269818	(delta): 9.74652e-05
Summary: 
Converged in 135 iterations (48.437 sec)
Loglikelihood: -269818.107641
Fst divergences between estimated populations: 
	Pop0	Pop1	Pop2	Pop3	
Pop0	
Pop1	0.443	
Pop2	0.046	0.435	
Pop3	0.046	0.437	0.039	
Pop4	0.041	0.453	0.043	0.037	
CV error (K=5): 0.18170
Writing output files.
