****                   ADMIXTURE Version 1.3.0                  ****
****                    Copyright 2008-2015                     ****
****           David Alexander, Suyash Shringarpure,            ****
****                John  Novembre, Ken Lange                   ****
****                                                            ****
****                 Please cite our paper!                     ****
****   Information at www.genetics.ucla.edu/software/admixture  ****

Cross-validation will be performed.  Folds=10.
Parallel execution requested.  Will use 20 threads.
Random seed: 43
Point estimation method: Block relaxation algorithm
Convergence acceleration algorithm: QuasiNewton, 3 secant conditions
Point estimation will terminate when objective function delta < 0.0001
Estimation of standard errors disabled; will compute point estimates only.
Size of G: 778x1726
Performing five EM steps to prime main algorithm
1 (EM) 	Elapsed: 0.708	Loglikelihood: -397646	(delta): 1.19811e+06
2 (EM) 	Elapsed: 0.707	Loglikelihood: -363786	(delta): 33859.8
3 (EM) 	Elapsed: 0.706	Loglikelihood: -359993	(delta): 3792.92
4 (EM) 	Elapsed: 0.712	Loglikelihood: -357856	(delta): 2136.68
5 (EM) 	Elapsed: 0.706	Loglikelihood: -355803	(delta): 2052.8
Initial loglikelihood: -355803
Starting main algorithm
1 (QN/Block) 	Elapsed: 0.885	Loglikelihood: -270072	(delta): 85731.1
2 (QN/Block) 	Elapsed: 0.881	Loglikelihood: -261939	(delta): 8133.61
3 (QN/Block) 	Elapsed: 0.89	Loglikelihood: -259011	(delta): 2927.59
4 (QN/Block) 	Elapsed: 0.888	Loglikelihood: -257461	(delta): 1550.39
5 (QN/Block) 	Elapsed: 0.888	Loglikelihood: -256901	(delta): 559.695
6 (QN/Block) 	Elapsed: 0.888	Loglikelihood: -256532	(delta): 369.205
7 (QN/Block) 	Elapsed: 0.89	Loglikelihood: -256325	(delta): 206.908
8 (QN/Block) 	Elapsed: 0.889	Loglikelihood: -256171	(delta): 153.524
9 (QN/Block) 	Elapsed: 0.891	Loglikelihood: -256062	(delta): 108.926
10 (QN/Block) 	Elapsed: 0.889	Loglikelihood: -255968	(delta): 94.9363
11 (QN/Block) 	Elapsed: 0.889	Loglikelihood: -255894	(delta): 73.4545
12 (QN/Block) 	Elapsed: 0.886	Loglikelihood: -255822	(delta): 72.1308
13 (QN/Block) 	Elapsed: 0.889	Loglikelihood: -255773	(delta): 49.4136
14 (QN/Block) 	Elapsed: 0.887	Loglikelihood: -255730	(delta): 42.5405
15 (QN/Block) 	Elapsed: 0.889	Loglikelihood: -255669	(delta): 61.1349
16 (QN/Block) 	Elapsed: 0.889	Loglikelihood: -255638	(delta): 31.1683
17 (QN/Block) 	Elapsed: 0.887	Loglikelihood: -255612	(delta): 25.2547
18 (QN/Block) 	Elapsed: 0.889	Loglikelihood: -255578	(delta): 34.0735
19 (QN/Block) 	Elapsed: 0.892	Loglikelihood: -255554	(delta): 24.398
20 (QN/Block) 	Elapsed: 0.892	Loglikelihood: -255534	(delta): 19.6471
21 (QN/Block) 	Elapsed: 0.888	Loglikelihood: -255516	(delta): 18.4918
22 (QN/Block) 	Elapsed: 0.893	Loglikelihood: -255484	(delta): 31.863
23 (QN/Block) 	Elapsed: 0.889	Loglikelihood: -255464	(delta): 20.4289
24 (QN/Block) 	Elapsed: 0.888	Loglikelihood: -255447	(delta): 16.1934
25 (QN/Block) 	Elapsed: 0.891	Loglikelihood: -255424	(delta): 23.733
26 (QN/Block) 	Elapsed: 0.889	Loglikelihood: -255412	(delta): 11.8096
27 (QN/Block) 	Elapsed: 0.887	Loglikelihood: -255401	(delta): 10.8942
28 (QN/Block) 	Elapsed: 0.889	Loglikelihood: -255393	(delta): 8.30137
29 (QN/Block) 	Elapsed: 0.893	Loglikelihood: -255384	(delta): 8.8231
30 (QN/Block) 	Elapsed: 0.891	Loglikelihood: -255376	(delta): 7.61481
31 (QN/Block) 	Elapsed: 0.893	Loglikelihood: -255368	(delta): 8.21001
32 (QN/Block) 	Elapsed: 0.893	Loglikelihood: -255364	(delta): 4.44258
33 (QN/Block) 	Elapsed: 0.893	Loglikelihood: -255359	(delta): 4.17388
34 (QN/Block) 	Elapsed: 0.893	Loglikelihood: -255355	(delta): 4.07572
35 (QN/Block) 	Elapsed: 0.889	Loglikelihood: -255351	(delta): 4.26648
36 (QN/Block) 	Elapsed: 0.891	Loglikelihood: -255347	(delta): 3.65991
37 (QN/Block) 	Elapsed: 0.891	Loglikelihood: -255344	(delta): 3.25524
38 (QN/Block) 	Elapsed: 0.891	Loglikelihood: -255342	(delta): 2.17625
39 (QN/Block) 	Elapsed: 0.891	Loglikelihood: -255339	(delta): 2.88442
40 (QN/Block) 	Elapsed: 0.893	Loglikelihood: -255336	(delta): 2.59073
41 (QN/Block) 	Elapsed: 0.887	Loglikelihood: -255335	(delta): 1.84669
42 (QN/Block) 	Elapsed: 0.887	Loglikelihood: -255333	(delta): 2.00693
43 (QN/Block) 	Elapsed: 0.888	Loglikelihood: -255331	(delta): 1.65966
44 (QN/Block) 	Elapsed: 0.887	Loglikelihood: -255329	(delta): 1.75805
45 (QN/Block) 	Elapsed: 0.889	Loglikelihood: -255328	(delta): 1.54566
46 (QN/Block) 	Elapsed: 0.893	Loglikelihood: -255327	(delta): 0.890105
47 (QN/Block) 	Elapsed: 0.889	Loglikelihood: -255325	(delta): 1.29025
48 (QN/Block) 	Elapsed: 0.891	Loglikelihood: -255324	(delta): 1.09493
49 (QN/Block) 	Elapsed: 0.893	Loglikelihood: -255324	(delta): 0.718593
50 (QN/Block) 	Elapsed: 0.891	Loglikelihood: -255323	(delta): 0.747916
51 (QN/Block) 	Elapsed: 0.887	Loglikelihood: -255322	(delta): 0.884217
52 (QN/Block) 	Elapsed: 0.893	Loglikelihood: -255321	(delta): 0.778492
53 (QN/Block) 	Elapsed: 0.893	Loglikelihood: -255320	(delta): 0.828031
54 (QN/Block) 	Elapsed: 0.892	Loglikelihood: -255320	(delta): 0.834841
55 (QN/Block) 	Elapsed: 0.893	Loglikelihood: -255319	(delta): 1.05796
56 (QN/Block) 	Elapsed: 0.893	Loglikelihood: -255318	(delta): 0.805579
57 (QN/Block) 	Elapsed: 0.893	Loglikelihood: -255317	(delta): 0.842326
58 (QN/Block) 	Elapsed: 0.893	Loglikelihood: -255316	(delta): 0.941782
59 (QN/Block) 	Elapsed: 0.887	Loglikelihood: -255315	(delta): 0.44135
60 (QN/Block) 	Elapsed: 0.887	Loglikelihood: -255315	(delta): 0.722797
61 (QN/Block) 	Elapsed: 0.893	Loglikelihood: -255313	(delta): 1.93217
62 (QN/Block) 	Elapsed: 0.887	Loglikelihood: -255311	(delta): 1.81887
63 (QN/Block) 	Elapsed: 0.891	Loglikelihood: -255310	(delta): 0.82395
64 (QN/Block) 	Elapsed: 0.893	Loglikelihood: -255309	(delta): 1.5339
65 (QN/Block) 	Elapsed: 0.891	Loglikelihood: -255306	(delta): 3.04045
66 (QN/Block) 	Elapsed: 0.887	Loglikelihood: -255303	(delta): 2.6236
67 (QN/Block) 	Elapsed: 0.889	Loglikelihood: -255301	(delta): 1.69435
68 (QN/Block) 	Elapsed: 0.893	Loglikelihood: -255299	(delta): 1.84458
69 (QN/Block) 	Elapsed: 0.893	Loglikelihood: -255296	(delta): 3.21546
70 (QN/Block) 	Elapsed: 0.893	Loglikelihood: -255294	(delta): 1.87519
71 (QN/Block) 	Elapsed: 0.887	Loglikelihood: -255293	(delta): 1.29016
72 (QN/Block) 	Elapsed: 0.893	Loglikelihood: -255292	(delta): 1.26327
73 (QN/Block) 	Elapsed: 0.893	Loglikelihood: -255291	(delta): 1.08266
74 (QN/Block) 	Elapsed: 0.891	Loglikelihood: -255290	(delta): 1.19622
75 (QN/Block) 	Elapsed: 0.891	Loglikelihood: -255288	(delta): 1.53578
76 (QN/Block) 	Elapsed: 0.891	Loglikelihood: -255287	(delta): 1.24166
77 (QN/Block) 	Elapsed: 0.893	Loglikelihood: -255285	(delta): 2.08912
78 (QN/Block) 	Elapsed: 0.893	Loglikelihood: -255284	(delta): 1.07748
79 (QN/Block) 	Elapsed: 0.891	Loglikelihood: -255283	(delta): 0.907409
80 (QN/Block) 	Elapsed: 0.893	Loglikelihood: -255281	(delta): 1.87579
81 (QN/Block) 	Elapsed: 0.893	Loglikelihood: -255279	(delta): 1.75444
82 (QN/Block) 	Elapsed: 0.893	Loglikelihood: -255278	(delta): 1.12167
83 (QN/Block) 	Elapsed: 0.893	Loglikelihood: -255276	(delta): 1.49562
84 (QN/Block) 	Elapsed: 0.893	Loglikelihood: -255275	(delta): 1.68969
85 (QN/Block) 	Elapsed: 0.893	Loglikelihood: -255273	(delta): 1.5067
86 (QN/Block) 	Elapsed: 0.893	Loglikelihood: -255271	(delta): 1.89093
87 (QN/Block) 	Elapsed: 0.893	Loglikelihood: -255270	(delta): 1.36955
88 (QN/Block) 	Elapsed: 0.891	Loglikelihood: -255269	(delta): 1.31949
89 (QN/Block) 	Elapsed: 0.891	Loglikelihood: -255267	(delta): 1.45986
90 (QN/Block) 	Elapsed: 0.892	Loglikelihood: -255266	(delta): 0.8873
91 (QN/Block) 	Elapsed: 0.889	Loglikelihood: -255266	(delta): 0.651736
92 (QN/Block) 	Elapsed: 0.891	Loglikelihood: -255264	(delta): 1.22448
93 (QN/Block) 	Elapsed: 0.893	Loglikelihood: -255264	(delta): 0.810619
94 (QN/Block) 	Elapsed: 0.891	Loglikelihood: -255261	(delta): 2.23299
95 (QN/Block) 	Elapsed: 0.891	Loglikelihood: -255260	(delta): 0.954497
96 (QN/Block) 	Elapsed: 0.891	Loglikelihood: -255259	(delta): 0.959522
97 (QN/Block) 	Elapsed: 0.887	Loglikelihood: -255259	(delta): 0.597981
98 (QN/Block) 	Elapsed: 0.887	Loglikelihood: -255258	(delta): 0.729115
99 (QN/Block) 	Elapsed: 0.891	Loglikelihood: -255257	(delta): 0.849442
100 (QN/Block) 	Elapsed: 0.891	Loglikelihood: -255257	(delta): 0.324851
101 (QN/Block) 	Elapsed: 0.893	Loglikelihood: -255257	(delta): 0.201954
102 (QN/Block) 	Elapsed: 0.891	Loglikelihood: -255256	(delta): 0.280995
103 (QN/Block) 	Elapsed: 0.893	Loglikelihood: -255256	(delta): 0.279864
104 (QN/Block) 	Elapsed: 0.893	Loglikelihood: -255256	(delta): 0.39279
105 (QN/Block) 	Elapsed: 0.893	Loglikelihood: -255255	(delta): 0.564571
106 (QN/Block) 	Elapsed: 0.892	Loglikelihood: -255254	(delta): 0.976474
107 (QN/Block) 	Elapsed: 0.893	Loglikelihood: -255253	(delta): 1.32591
108 (QN/Block) 	Elapsed: 0.893	Loglikelihood: -255252	(delta): 1.14651
109 (QN/Block) 	Elapsed: 0.893	Loglikelihood: -255251	(delta): 1.1662
110 (QN/Block) 	Elapsed: 0.893	Loglikelihood: -255249	(delta): 1.15509
111 (QN/Block) 	Elapsed: 0.893	Loglikelihood: -255247	(delta): 2.14235
112 (QN/Block) 	Elapsed: 0.892	Loglikelihood: -255246	(delta): 1.79666
113 (QN/Block) 	Elapsed: 0.893	Loglikelihood: -255244	(delta): 1.79254
114 (QN/Block) 	Elapsed: 0.893	Loglikelihood: -255243	(delta): 1.22945
115 (QN/Block) 	Elapsed: 0.893	Loglikelihood: -255241	(delta): 1.11278
116 (QN/Block) 	Elapsed: 0.893	Loglikelihood: -255240	(delta): 1.17376
117 (QN/Block) 	Elapsed: 0.893	Loglikelihood: -255238	(delta): 2.17656
118 (QN/Block) 	Elapsed: 0.892	Loglikelihood: -255236	(delta): 1.65111
119 (QN/Block) 	Elapsed: 0.893	Loglikelihood: -255235	(delta): 1.06366
120 (QN/Block) 	Elapsed: 0.893	Loglikelihood: -255234	(delta): 0.928763
121 (QN/Block) 	Elapsed: 0.893	Loglikelihood: -255233	(delta): 0.964885
122 (QN/Block) 	Elapsed: 0.887	Loglikelihood: -255232	(delta): 1.07211
123 (QN/Block) 	Elapsed: 0.893	Loglikelihood: -255231	(delta): 1.09776
124 (QN/Block) 	Elapsed: 0.889	Loglikelihood: -255230	(delta): 1.45942
125 (QN/Block) 	Elapsed: 0.89	Loglikelihood: -255228	(delta): 1.43522
126 (QN/Block) 	Elapsed: 0.891	Loglikelihood: -255227	(delta): 1.29323
127 (QN/Block) 	Elapsed: 0.891	Loglikelihood: -255226	(delta): 1.40951
128 (QN/Block) 	Elapsed: 0.893	Loglikelihood: -255225	(delta): 0.961953
129 (QN/Block) 	Elapsed: 0.889	Loglikelihood: -255224	(delta): 1.07928
130 (QN/Block) 	Elapsed: 0.893	Loglikelihood: -255223	(delta): 0.907223
131 (QN/Block) 	Elapsed: 0.889	Loglikelihood: -255222	(delta): 0.720959
132 (QN/Block) 	Elapsed: 0.887	Loglikelihood: -255221	(delta): 0.624637
133 (QN/Block) 	Elapsed: 0.889	Loglikelihood: -255220	(delta): 1.08114
134 (QN/Block) 	Elapsed: 0.912	Loglikelihood: -255220	(delta): 0.70436
135 (QN/Block) 	Elapsed: 0.89	Loglikelihood: -255219	(delta): 0.576098
136 (QN/Block) 	Elapsed: 0.89	Loglikelihood: -255218	(delta): 1.22417
137 (QN/Block) 	Elapsed: 0.894	Loglikelihood: -255216	(delta): 1.82352
138 (QN/Block) 	Elapsed: 0.896	Loglikelihood: -255215	(delta): 0.883024
139 (QN/Block) 	Elapsed: 0.896	Loglikelihood: -255214	(delta): 0.865732
140 (QN/Block) 	Elapsed: 0.896	Loglikelihood: -255214	(delta): 0.524202
141 (QN/Block) 	Elapsed: 0.894	Loglikelihood: -255213	(delta): 0.362513
142 (QN/Block) 	Elapsed: 0.896	Loglikelihood: -255213	(delta): 0.330239
143 (QN/Block) 	Elapsed: 0.89	Loglikelihood: -255213	(delta): 0.351928
144 (QN/Block) 	Elapsed: 0.892	Loglikelihood: -255212	(delta): 0.284618
145 (QN/Block) 	Elapsed: 0.894	Loglikelihood: -255212	(delta): 0.196784
146 (QN/Block) 	Elapsed: 0.894	Loglikelihood: -255212	(delta): 0.343322
147 (QN/Block) 	Elapsed: 0.892	Loglikelihood: -255212	(delta): 0.134457
148 (QN/Block) 	Elapsed: 0.89	Loglikelihood: -255212	(delta): 0.0993313
149 (QN/Block) 	Elapsed: 0.894	Loglikelihood: -255211	(delta): 0.144068
150 (QN/Block) 	Elapsed: 0.89	Loglikelihood: -255211	(delta): 0.0475625
151 (QN/Block) 	Elapsed: 0.89	Loglikelihood: -255211	(delta): 0.0339899
152 (QN/Block) 	Elapsed: 0.89	Loglikelihood: -255211	(delta): 0.028945
153 (QN/Block) 	Elapsed: 0.89	Loglikelihood: -255211	(delta): 0.0205235
154 (QN/Block) 	Elapsed: 0.89	Loglikelihood: -255211	(delta): 0.0166953
155 (QN/Block) 	Elapsed: 0.89	Loglikelihood: -255211	(delta): 0.0362019
156 (QN/Block) 	Elapsed: 0.896	Loglikelihood: -255211	(delta): 0.0157358
157 (QN/Block) 	Elapsed: 0.896	Loglikelihood: -255211	(delta): 0.0549079
158 (QN/Block) 	Elapsed: 0.896	Loglikelihood: -255211	(delta): 0.0725863
159 (QN/Block) 	Elapsed: 0.897	Loglikelihood: -255211	(delta): 0.0254454
160 (QN/Block) 	Elapsed: 0.89	Loglikelihood: -255211	(delta): 0.0628329
161 (QN/Block) 	Elapsed: 0.89	Loglikelihood: -255211	(delta): 0.0312731
162 (QN/Block) 	Elapsed: 0.89	Loglikelihood: -255211	(delta): 0.0320053
163 (QN/Block) 	Elapsed: 0.89	Loglikelihood: -255211	(delta): 0.00814447
164 (QN/Block) 	Elapsed: 0.89	Loglikelihood: -255211	(delta): 0.00468981
165 (QN/Block) 	Elapsed: 0.89	Loglikelihood: -255211	(delta): 0.00658096
166 (QN/Block) 	Elapsed: 0.89	Loglikelihood: -255211	(delta): 0.00584024
167 (QN/Block) 	Elapsed: 0.892	Loglikelihood: -255211	(delta): 0.0115509
168 (QN/Block) 	Elapsed: 0.89	Loglikelihood: -255211	(delta): 0.025697
169 (QN/Block) 	Elapsed: 0.892	Loglikelihood: -255211	(delta): 0.0194759
170 (QN/Block) 	Elapsed: 0.894	Loglikelihood: -255211	(delta): 0.0959846
171 (QN/Block) 	Elapsed: 0.896	Loglikelihood: -255211	(delta): 0.0271201
172 (QN/Block) 	Elapsed: 0.89	Loglikelihood: -255211	(delta): 0.0120433
173 (QN/Block) 	Elapsed: 0.896	Loglikelihood: -255211	(delta): 0.0102464
174 (QN/Block) 	Elapsed: 0.89	Loglikelihood: -255211	(delta): 0.0131027
175 (QN/Block) 	Elapsed: 0.896	Loglikelihood: -255211	(delta): 0.0116072
176 (QN/Block) 	Elapsed: 0.896	Loglikelihood: -255211	(delta): 0.00252228
177 (QN/Block) 	Elapsed: 0.89	Loglikelihood: -255211	(delta): 0.0144566
178 (QN/Block) 	Elapsed: 0.89	Loglikelihood: -255211	(delta): 0.0761514
179 (QN/Block) 	Elapsed: 0.894	Loglikelihood: -255211	(delta): 0.103326
180 (QN/Block) 	Elapsed: 0.892	Loglikelihood: -255210	(delta): 0.0347164
181 (QN/Block) 	Elapsed: 0.89	Loglikelihood: -255210	(delta): 0.0383221
182 (QN/Block) 	Elapsed: 0.894	Loglikelihood: -255210	(delta): 0.0152691
183 (QN/Block) 	Elapsed: 0.89	Loglikelihood: -255210	(delta): 0.0156459
184 (QN/Block) 	Elapsed: 0.89	Loglikelihood: -255210	(delta): 0.0131443
185 (QN/Block) 	Elapsed: 0.89	Loglikelihood: -255210	(delta): 0.00880984
186 (QN/Block) 	Elapsed: 0.89	Loglikelihood: -255210	(delta): 0.0125095
187 (QN/Block) 	Elapsed: 0.89	Loglikelihood: -255210	(delta): 0.0068604
188 (QN/Block) 	Elapsed: 0.892	Loglikelihood: -255210	(delta): 0.00366623
189 (QN/Block) 	Elapsed: 0.89	Loglikelihood: -255210	(delta): 0.0069163
190 (QN/Block) 	Elapsed: 0.896	Loglikelihood: -255210	(delta): 0.00588799
191 (QN/Block) 	Elapsed: 0.896	Loglikelihood: -255210	(delta): 0.00797939
192 (QN/Block) 	Elapsed: 0.896	Loglikelihood: -255210	(delta): 0.017851
193 (QN/Block) 	Elapsed: 0.896	Loglikelihood: -255210	(delta): 0.0442719
194 (QN/Block) 	Elapsed: 0.896	Loglikelihood: -255210	(delta): 0.135845
195 (QN/Block) 	Elapsed: 0.896	Loglikelihood: -255210	(delta): 0.181876
196 (QN/Block) 	Elapsed: 0.89	Loglikelihood: -255210	(delta): 0.133761
197 (QN/Block) 	Elapsed: 0.896	Loglikelihood: -255210	(delta): 0.106937
198 (QN/Block) 	Elapsed: 0.894	Loglikelihood: -255210	(delta): 0.13822
199 (QN/Block) 	Elapsed: 0.896	Loglikelihood: -255209	(delta): 0.131356
200 (QN/Block) 	Elapsed: 0.896	Loglikelihood: -255209	(delta): 0.0722212
201 (QN/Block) 	Elapsed: 0.89	Loglikelihood: -255209	(delta): 0.0592603
202 (QN/Block) 	Elapsed: 0.896	Loglikelihood: -255209	(delta): 0.10956
203 (QN/Block) 	Elapsed: 0.896	Loglikelihood: -255209	(delta): 0.0919236
204 (QN/Block) 	Elapsed: 0.896	Loglikelihood: -255209	(delta): 0.0377759
205 (QN/Block) 	Elapsed: 0.896	Loglikelihood: -255209	(delta): 0.0236107
206 (QN/Block) 	Elapsed: 0.896	Loglikelihood: -255209	(delta): 0.0179549
207 (QN/Block) 	Elapsed: 0.896	Loglikelihood: -255209	(delta): 0.0159563
208 (QN/Block) 	Elapsed: 0.896	Loglikelihood: -255209	(delta): 0.0160372
209 (QN/Block) 	Elapsed: 0.896	Loglikelihood: -255209	(delta): 0.0167672
210 (QN/Block) 	Elapsed: 0.89	Loglikelihood: -255209	(delta): 0.0249303
211 (QN/Block) 	Elapsed: 0.896	Loglikelihood: -255209	(delta): 0.0335652
212 (QN/Block) 	Elapsed: 0.892	Loglikelihood: -255209	(delta): 0.0237241
213 (QN/Block) 	Elapsed: 0.89	Loglikelihood: -255209	(delta): 0.0407681
214 (QN/Block) 	Elapsed: 0.896	Loglikelihood: -255209	(delta): 0.0233767
215 (QN/Block) 	Elapsed: 0.896	Loglikelihood: -255209	(delta): 0.0413708
216 (QN/Block) 	Elapsed: 0.896	Loglikelihood: -255209	(delta): 0.028013
217 (QN/Block) 	Elapsed: 0.896	Loglikelihood: -255209	(delta): 0.0230907
218 (QN/Block) 	Elapsed: 0.896	Loglikelihood: -255209	(delta): 0.0681053
219 (QN/Block) 	Elapsed: 0.896	Loglikelihood: -255209	(delta): 0.0390782
220 (QN/Block) 	Elapsed: 0.896	Loglikelihood: -255209	(delta): 0.0514397
221 (QN/Block) 	Elapsed: 0.896	Loglikelihood: -255209	(delta): 0.0837115
222 (QN/Block) 	Elapsed: 0.896	Loglikelihood: -255208	(delta): 0.0435289
223 (QN/Block) 	Elapsed: 0.896	Loglikelihood: -255208	(delta): 0.0302333
224 (QN/Block) 	Elapsed: 0.894	Loglikelihood: -255208	(delta): 0.0299702
225 (QN/Block) 	Elapsed: 0.894	Loglikelihood: -255208	(delta): 0.0126145
226 (QN/Block) 	Elapsed: 0.893	Loglikelihood: -255208	(delta): 0.00465544
227 (QN/Block) 	Elapsed: 0.89	Loglikelihood: -255208	(delta): 0.00736146
228 (QN/Block) 	Elapsed: 0.89	Loglikelihood: -255208	(delta): 0.00467671
229 (QN/Block) 	Elapsed: 0.89	Loglikelihood: -255208	(delta): 0.00244235
230 (QN/Block) 	Elapsed: 0.89	Loglikelihood: -255208	(delta): 0.00263502
231 (QN/Block) 	Elapsed: 0.896	Loglikelihood: -255208	(delta): 0.000787032
232 (QN/Block) 	Elapsed: 0.896	Loglikelihood: -255208	(delta): 0.00181523
233 (QN/Block) 	Elapsed: 0.896	Loglikelihood: -255208	(delta): 0.00711709
234 (QN/Block) 	Elapsed: 0.896	Loglikelihood: -255208	(delta): 0.028309
235 (QN/Block) 	Elapsed: 0.896	Loglikelihood: -255208	(delta): 0.0548998
236 (QN/Block) 	Elapsed: 0.896	Loglikelihood: -255208	(delta): 0.015438
237 (QN/Block) 	Elapsed: 0.896	Loglikelihood: -255208	(delta): 0.0121049
238 (QN/Block) 	Elapsed: 0.896	Loglikelihood: -255208	(delta): 0.0123119
239 (QN/Block) 	Elapsed: 0.896	Loglikelihood: -255208	(delta): 0.0125115
240 (QN/Block) 	Elapsed: 0.896	Loglikelihood: -255208	(delta): 0.00673998
241 (QN/Block) 	Elapsed: 0.896	Loglikelihood: -255208	(delta): 0.00684721
242 (QN/Block) 	Elapsed: 0.892	Loglikelihood: -255208	(delta): 0.0083333
243 (QN/Block) 	Elapsed: 0.927	Loglikelihood: -255208	(delta): 0.191802
244 (QN/Block) 	Elapsed: 0.903	Loglikelihood: -255208	(delta): 0.0757984
245 (QN/Block) 	Elapsed: 0.9	Loglikelihood: -255208	(delta): 0.0173857
246 (QN/Block) 	Elapsed: 0.905	Loglikelihood: -255208	(delta): 0.0222299
247 (QN/Block) 	Elapsed: 0.9	Loglikelihood: -255208	(delta): 0.14772
248 (QN/Block) 	Elapsed: 0.899	Loglikelihood: -255207	(delta): 0.292593
249 (QN/Block) 	Elapsed: 0.9	Loglikelihood: -255207	(delta): 0.340635
250 (QN/Block) 	Elapsed: 0.899	Loglikelihood: -255207	(delta): 0.370015
251 (QN/Block) 	Elapsed: 0.896	Loglikelihood: -255206	(delta): 0.323472
252 (QN/Block) 	Elapsed: 0.895	Loglikelihood: -255206	(delta): 0.18736
253 (QN/Block) 	Elapsed: 0.9	Loglikelihood: -255206	(delta): 0.17978
254 (QN/Block) 	Elapsed: 0.9	Loglikelihood: -255206	(delta): 0.120018
255 (QN/Block) 	Elapsed: 0.9	Loglikelihood: -255206	(delta): 0.176992
256 (QN/Block) 	Elapsed: 0.9	Loglikelihood: -255206	(delta): 0.10515
257 (QN/Block) 	Elapsed: 0.9	Loglikelihood: -255206	(delta): 0.0925141
258 (QN/Block) 	Elapsed: 0.9	Loglikelihood: -255205	(delta): 0.101818
259 (QN/Block) 	Elapsed: 0.897	Loglikelihood: -255205	(delta): 0.155505
260 (QN/Block) 	Elapsed: 0.897	Loglikelihood: -255205	(delta): 0.18068
261 (QN/Block) 	Elapsed: 0.9	Loglikelihood: -255205	(delta): 0.16397
262 (QN/Block) 	Elapsed: 0.899	Loglikelihood: -255205	(delta): 0.167337
263 (QN/Block) 	Elapsed: 0.9	Loglikelihood: -255205	(delta): 0.255641
264 (QN/Block) 	Elapsed: 0.9	Loglikelihood: -255204	(delta): 0.491614
265 (QN/Block) 	Elapsed: 0.9	Loglikelihood: -255204	(delta): 0.358502
266 (QN/Block) 	Elapsed: 0.9	Loglikelihood: -255203	(delta): 0.534442
267 (QN/Block) 	Elapsed: 0.937	Loglikelihood: -255202	(delta): 0.863901
268 (QN/Block) 	Elapsed: 0.901	Loglikelihood: -255201	(delta): 0.937703
269 (QN/Block) 	Elapsed: 0.9	Loglikelihood: -255201	(delta): 0.726431
270 (QN/Block) 	Elapsed: 0.899	Loglikelihood: -255200	(delta): 0.790177
271 (QN/Block) 	Elapsed: 0.9	Loglikelihood: -255199	(delta): 0.648742
272 (QN/Block) 	Elapsed: 0.893	Loglikelihood: -255199	(delta): 0.555039
273 (QN/Block) 	Elapsed: 0.893	Loglikelihood: -255198	(delta): 0.911144
274 (QN/Block) 	Elapsed: 0.899	Loglikelihood: -255197	(delta): 0.253281
275 (QN/Block) 	Elapsed: 0.899	Loglikelihood: -255197	(delta): 0.281007
276 (QN/Block) 	Elapsed: 0.899	Loglikelihood: -255197	(delta): 0.255007
277 (QN/Block) 	Elapsed: 0.901	Loglikelihood: -255197	(delta): 0.343423
278 (QN/Block) 	Elapsed: 0.9	Loglikelihood: -255196	(delta): 0.375541
279 (QN/Block) 	Elapsed: 0.9	Loglikelihood: -255196	(delta): 0.475387
280 (QN/Block) 	Elapsed: 0.899	Loglikelihood: -255196	(delta): 0.22598
281 (QN/Block) 	Elapsed: 0.9	Loglikelihood: -255195	(delta): 0.214574
282 (QN/Block) 	Elapsed: 0.9	Loglikelihood: -255195	(delta): 0.21908
283 (QN/Block) 	Elapsed: 0.9	Loglikelihood: -255195	(delta): 0.252912
284 (QN/Block) 	Elapsed: 0.9	Loglikelihood: -255194	(delta): 0.491268
285 (QN/Block) 	Elapsed: 0.9	Loglikelihood: -255194	(delta): 0.789412
286 (QN/Block) 	Elapsed: 0.897	Loglikelihood: -255193	(delta): 0.483245
287 (QN/Block) 	Elapsed: 0.899	Loglikelihood: -255193	(delta): 0.330037
288 (QN/Block) 	Elapsed: 0.899	Loglikelihood: -255192	(delta): 0.424621
289 (QN/Block) 	Elapsed: 0.894	Loglikelihood: -255192	(delta): 0.330796
290 (QN/Block) 	Elapsed: 0.894	Loglikelihood: -255192	(delta): 0.271917
291 (QN/Block) 	Elapsed: 0.894	Loglikelihood: -255191	(delta): 0.359154
292 (QN/Block) 	Elapsed: 0.895	Loglikelihood: -255191	(delta): 0.336089
293 (QN/Block) 	Elapsed: 0.895	Loglikelihood: -255191	(delta): 0.218713
294 (QN/Block) 	Elapsed: 0.9	Loglikelihood: -255191	(delta): 0.204688
295 (QN/Block) 	Elapsed: 0.9	Loglikelihood: -255190	(delta): 0.185422
296 (QN/Block) 	Elapsed: 0.898	Loglikelihood: -255190	(delta): 0.313933
297 (QN/Block) 	Elapsed: 0.898	Loglikelihood: -255190	(delta): 0.364478
298 (QN/Block) 	Elapsed: 0.898	Loglikelihood: -255190	(delta): 0.217531
299 (QN/Block) 	Elapsed: 0.896	Loglikelihood: -255189	(delta): 0.321648
300 (QN/Block) 	Elapsed: 0.894	Loglikelihood: -255189	(delta): 0.232984
301 (QN/Block) 	Elapsed: 0.893	Loglikelihood: -255189	(delta): 0.277799
302 (QN/Block) 	Elapsed: 0.897	Loglikelihood: -255189	(delta): 0.141848
303 (QN/Block) 	Elapsed: 0.898	Loglikelihood: -255188	(delta): 0.262247
304 (QN/Block) 	Elapsed: 0.9	Loglikelihood: -255188	(delta): 0.254265
305 (QN/Block) 	Elapsed: 0.9	Loglikelihood: -255188	(delta): 0.253416
306 (QN/Block) 	Elapsed: 0.9	Loglikelihood: -255187	(delta): 0.547239
307 (QN/Block) 	Elapsed: 0.9	Loglikelihood: -255187	(delta): 0.500996
308 (QN/Block) 	Elapsed: 0.897	Loglikelihood: -255186	(delta): 0.372813
309 (QN/Block) 	Elapsed: 0.898	Loglikelihood: -255186	(delta): 0.505225
310 (QN/Block) 	Elapsed: 0.898	Loglikelihood: -255185	(delta): 0.430415
311 (QN/Block) 	Elapsed: 0.894	Loglikelihood: -255185	(delta): 0.336067
312 (QN/Block) 	Elapsed: 0.893	Loglikelihood: -255185	(delta): 0.146863
313 (QN/Block) 	Elapsed: 0.899	Loglikelihood: -255185	(delta): 0.237427
314 (QN/Block) 	Elapsed: 0.9	Loglikelihood: -255184	(delta): 0.396743
315 (QN/Block) 	Elapsed: 0.899	Loglikelihood: -255184	(delta): 0.321569
316 (QN/Block) 	Elapsed: 0.899	Loglikelihood: -255183	(delta): 0.705129
317 (QN/Block) 	Elapsed: 0.898	Loglikelihood: -255183	(delta): 0.434763
318 (QN/Block) 	Elapsed: 0.899	Loglikelihood: -255183	(delta): 0.263698
319 (QN/Block) 	Elapsed: 0.894	Loglikelihood: -255182	(delta): 0.361669
320 (QN/Block) 	Elapsed: 0.9	Loglikelihood: -255181	(delta): 1.30118
321 (QN/Block) 	Elapsed: 0.898	Loglikelihood: -255180	(delta): 0.550993
322 (QN/Block) 	Elapsed: 0.894	Loglikelihood: -255180	(delta): 0.27351
323 (QN/Block) 	Elapsed: 0.896	Loglikelihood: -255180	(delta): 0.473557
324 (QN/Block) 	Elapsed: 0.894	Loglikelihood: -255179	(delta): 0.153997
325 (QN/Block) 	Elapsed: 0.893	Loglikelihood: -255179	(delta): 0.255507
326 (QN/Block) 	Elapsed: 0.899	Loglikelihood: -255179	(delta): 0.308803
327 (QN/Block) 	Elapsed: 0.9	Loglikelihood: -255178	(delta): 0.811017
328 (QN/Block) 	Elapsed: 0.898	Loglikelihood: -255177	(delta): 0.864163
329 (QN/Block) 	Elapsed: 0.9	Loglikelihood: -255176	(delta): 1.01483
330 (QN/Block) 	Elapsed: 0.9	Loglikelihood: -255176	(delta): 0.6228
331 (QN/Block) 	Elapsed: 0.897	Loglikelihood: -255175	(delta): 0.671293
332 (QN/Block) 	Elapsed: 0.9	Loglikelihood: -255173	(delta): 1.42373
333 (QN/Block) 	Elapsed: 0.895	Loglikelihood: -255173	(delta): 0.966387
334 (QN/Block) 	Elapsed: 0.9	Loglikelihood: -255171	(delta): 1.51193
335 (QN/Block) 	Elapsed: 0.9	Loglikelihood: -255170	(delta): 1.21274
336 (QN/Block) 	Elapsed: 0.899	Loglikelihood: -255168	(delta): 2.04749
337 (QN/Block) 	Elapsed: 0.9	Loglikelihood: -255167	(delta): 0.713722
338 (QN/Block) 	Elapsed: 0.893	Loglikelihood: -255167	(delta): 0.523766
339 (QN/Block) 	Elapsed: 0.894	Loglikelihood: -255166	(delta): 0.306897
340 (QN/Block) 	Elapsed: 0.9	Loglikelihood: -255166	(delta): 0.537954
341 (QN/Block) 	Elapsed: 0.894	Loglikelihood: -255165	(delta): 0.928522
342 (QN/Block) 	Elapsed: 0.894	Loglikelihood: -255164	(delta): 0.414331
343 (QN/Block) 	Elapsed: 0.894	Loglikelihood: -255164	(delta): 0.490961
344 (QN/Block) 	Elapsed: 0.894	Loglikelihood: -255163	(delta): 0.372191
345 (QN/Block) 	Elapsed: 0.896	Loglikelihood: -255163	(delta): 0.168014
346 (QN/Block) 	Elapsed: 0.896	Loglikelihood: -255163	(delta): 0.139594
347 (QN/Block) 	Elapsed: 0.9	Loglikelihood: -255163	(delta): 0.159758
348 (QN/Block) 	Elapsed: 0.894	Loglikelihood: -255163	(delta): 0.0756109
349 (QN/Block) 	Elapsed: 0.894	Loglikelihood: -255163	(delta): 0.060901
350 (QN/Block) 	Elapsed: 0.893	Loglikelihood: -255163	(delta): 0.13879
351 (QN/Block) 	Elapsed: 0.897	Loglikelihood: -255163	(delta): 0.12686
352 (QN/Block) 	Elapsed: 0.9	Loglikelihood: -255162	(delta): 0.173997
353 (QN/Block) 	Elapsed: 0.899	Loglikelihood: -255162	(delta): 0.175384
354 (QN/Block) 	Elapsed: 0.894	Loglikelihood: -255162	(delta): 0.118998
355 (QN/Block) 	Elapsed: 0.9	Loglikelihood: -255162	(delta): 0.0573444
356 (QN/Block) 	Elapsed: 0.899	Loglikelihood: -255162	(delta): 0.0932657
357 (QN/Block) 	Elapsed: 0.9	Loglikelihood: -255162	(delta): 0.11194
358 (QN/Block) 	Elapsed: 0.9	Loglikelihood: -255162	(delta): 0.172628
359 (QN/Block) 	Elapsed: 0.9	Loglikelihood: -255162	(delta): 0.0928494
360 (QN/Block) 	Elapsed: 0.9	Loglikelihood: -255162	(delta): 0.0703812
361 (QN/Block) 	Elapsed: 0.9	Loglikelihood: -255161	(delta): 0.0694409
362 (QN/Block) 	Elapsed: 0.9	Loglikelihood: -255161	(delta): 0.0718225
363 (QN/Block) 	Elapsed: 0.9	Loglikelihood: -255161	(delta): 0.0747027
364 (QN/Block) 	Elapsed: 0.899	Loglikelihood: -255161	(delta): 0.0737154
365 (QN/Block) 	Elapsed: 0.9	Loglikelihood: -255161	(delta): 0.052914
366 (QN/Block) 	Elapsed: 0.896	Loglikelihood: -255161	(delta): 0.0940955
367 (QN/Block) 	Elapsed: 0.899	Loglikelihood: -255161	(delta): 0.0851933
368 (QN/Block) 	Elapsed: 0.894	Loglikelihood: -255161	(delta): 0.0823224
369 (QN/Block) 	Elapsed: 0.899	Loglikelihood: -255161	(delta): 0.0668658
370 (QN/Block) 	Elapsed: 0.894	Loglikelihood: -255161	(delta): 0.0881742
371 (QN/Block) 	Elapsed: 0.894	Loglikelihood: -255161	(delta): 0.260908
372 (QN/Block) 	Elapsed: 0.9	Loglikelihood: -255160	(delta): 0.359145
373 (QN/Block) 	Elapsed: 0.894	Loglikelihood: -255160	(delta): 0.227467
374 (QN/Block) 	Elapsed: 0.9	Loglikelihood: -255160	(delta): 0.0905188
375 (QN/Block) 	Elapsed: 0.9	Loglikelihood: -255160	(delta): 0.13401
376 (QN/Block) 	Elapsed: 0.9	Loglikelihood: -255159	(delta): 0.235549
377 (QN/Block) 	Elapsed: 0.9	Loglikelihood: -255159	(delta): 0.224202
378 (QN/Block) 	Elapsed: 0.899	Loglikelihood: -255158	(delta): 0.797708
379 (QN/Block) 	Elapsed: 0.9	Loglikelihood: -255157	(delta): 1.8119
380 (QN/Block) 	Elapsed: 0.9	Loglikelihood: -255156	(delta): 0.612911
381 (QN/Block) 	Elapsed: 0.894	Loglikelihood: -255156	(delta): 0.175454
382 (QN/Block) 	Elapsed: 0.896	Loglikelihood: -255156	(delta): 0.096941
383 (QN/Block) 	Elapsed: 0.898	Loglikelihood: -255156	(delta): 0.044975
384 (QN/Block) 	Elapsed: 0.898	Loglikelihood: -255156	(delta): 0.140775
385 (QN/Block) 	Elapsed: 0.896	Loglikelihood: -255156	(delta): 0.0410967
386 (QN/Block) 	Elapsed: 0.894	Loglikelihood: -255155	(delta): 0.0589294
387 (QN/Block) 	Elapsed: 0.893	Loglikelihood: -255155	(delta): 0.0795877
388 (QN/Block) 	Elapsed: 0.896	Loglikelihood: -255155	(delta): 0.044915
389 (QN/Block) 	Elapsed: 0.9	Loglikelihood: -255155	(delta): 0.026412
390 (QN/Block) 	Elapsed: 0.9	Loglikelihood: -255155	(delta): 0.0784419
391 (QN/Block) 	Elapsed: 0.899	Loglikelihood: -255155	(delta): 0.247408
392 (QN/Block) 	Elapsed: 0.9	Loglikelihood: -255155	(delta): 0.45607
393 (QN/Block) 	Elapsed: 0.896	Loglikelihood: -255154	(delta): 0.14827
394 (QN/Block) 	Elapsed: 0.899	Loglikelihood: -255154	(delta): 0.0401607
395 (QN/Block) 	Elapsed: 0.894	Loglikelihood: -255154	(delta): 0.0280685
396 (QN/Block) 	Elapsed: 0.894	Loglikelihood: -255154	(delta): 0.0201047
397 (QN/Block) 	Elapsed: 0.894	Loglikelihood: -255154	(delta): 0.0414628
398 (QN/Block) 	Elapsed: 0.899	Loglikelihood: -255154	(delta): 0.19825
399 (QN/Block) 	Elapsed: 0.896	Loglikelihood: -255154	(delta): 0.118841
400 (QN/Block) 	Elapsed: 0.91	Loglikelihood: -255154	(delta): 0.0993283
401 (QN/Block) 	Elapsed: 0.901	Loglikelihood: -255154	(delta): 0.0915423
402 (QN/Block) 	Elapsed: 0.9	Loglikelihood: -255154	(delta): 0.094925
403 (QN/Block) 	Elapsed: 0.901	Loglikelihood: -255153	(delta): 0.164494
404 (QN/Block) 	Elapsed: 0.9	Loglikelihood: -255153	(delta): 0.167331
405 (QN/Block) 	Elapsed: 0.901	Loglikelihood: -255153	(delta): 0.0990143
406 (QN/Block) 	Elapsed: 0.9	Loglikelihood: -255153	(delta): 0.125096
407 (QN/Block) 	Elapsed: 0.93	Loglikelihood: -255153	(delta): 0.0891038
408 (QN/Block) 	Elapsed: 0.903	Loglikelihood: -255153	(delta): 0.0565523
409 (QN/Block) 	Elapsed: 0.899	Loglikelihood: -255153	(delta): 0.0681706
410 (QN/Block) 	Elapsed: 0.9	Loglikelihood: -255153	(delta): 0.143593
411 (QN/Block) 	Elapsed: 0.9	Loglikelihood: -255153	(delta): 0.0557656
412 (QN/Block) 	Elapsed: 0.9	Loglikelihood: -255152	(delta): 0.178884
413 (QN/Block) 	Elapsed: 0.9	Loglikelihood: -255152	(delta): 0.146084
414 (QN/Block) 	Elapsed: 0.9	Loglikelihood: -255152	(delta): 0.110816
415 (QN/Block) 	Elapsed: 0.9	Loglikelihood: -255152	(delta): 0.072957
416 (QN/Block) 	Elapsed: 0.929	Loglikelihood: -255152	(delta): 0.0600968
417 (QN/Block) 	Elapsed: 0.904	Loglikelihood: -255152	(delta): 0.0572347
418 (QN/Block) 	Elapsed: 0.9	Loglikelihood: -255152	(delta): 0.0615609
419 (QN/Block) 	Elapsed: 0.9	Loglikelihood: -255152	(delta): 0.0596204
420 (QN/Block) 	Elapsed: 0.9	Loglikelihood: -255152	(delta): 0.121375
421 (QN/Block) 	Elapsed: 0.9	Loglikelihood: -255152	(delta): 0.0521845
422 (QN/Block) 	Elapsed: 0.9	Loglikelihood: -255152	(delta): 0.044814
423 (QN/Block) 	Elapsed: 0.9	Loglikelihood: -255152	(delta): 0.0427502
424 (QN/Block) 	Elapsed: 0.9	Loglikelihood: -255152	(delta): 0.0495011
425 (QN/Block) 	Elapsed: 0.9	Loglikelihood: -255152	(delta): 0.0668841
426 (QN/Block) 	Elapsed: 0.9	Loglikelihood: -255151	(delta): 0.068666
427 (QN/Block) 	Elapsed: 0.9	Loglikelihood: -255151	(delta): 0.0716482
428 (QN/Block) 	Elapsed: 0.9	Loglikelihood: -255151	(delta): 0.044798
429 (QN/Block) 	Elapsed: 0.9	Loglikelihood: -255151	(delta): 0.0567572
430 (QN/Block) 	Elapsed: 0.898	Loglikelihood: -255151	(delta): 0.0924934
431 (QN/Block) 	Elapsed: 0.896	Loglikelihood: -255151	(delta): 0.0465925
432 (QN/Block) 	Elapsed: 0.896	Loglikelihood: -255151	(delta): 0.115877
433 (QN/Block) 	Elapsed: 0.898	Loglikelihood: -255151	(delta): 0.084207
434 (QN/Block) 	Elapsed: 0.896	Loglikelihood: -255151	(delta): 0.0564002
435 (QN/Block) 	Elapsed: 0.9	Loglikelihood: -255151	(delta): 0.0388143
436 (QN/Block) 	Elapsed: 0.9	Loglikelihood: -255151	(delta): 0.0720866
437 (QN/Block) 	Elapsed: 0.9	Loglikelihood: -255151	(delta): 0.165828
438 (QN/Block) 	Elapsed: 0.9	Loglikelihood: -255150	(delta): 0.283947
439 (QN/Block) 	Elapsed: 0.894	Loglikelihood: -255150	(delta): 0.166745
440 (QN/Block) 	Elapsed: 0.9	Loglikelihood: -255150	(delta): 0.317591
441 (QN/Block) 	Elapsed: 0.898	Loglikelihood: -255150	(delta): 0.162976
442 (QN/Block) 	Elapsed: 0.896	Loglikelihood: -255150	(delta): 0.085844
443 (QN/Block) 	Elapsed: 0.901	Loglikelihood: -255150	(delta): 0.0421045
444 (QN/Block) 	Elapsed: 0.898	Loglikelihood: -255150	(delta): 0.0256211
445 (QN/Block) 	Elapsed: 0.898	Loglikelihood: -255150	(delta): 0.0235506
446 (QN/Block) 	Elapsed: 0.898	Loglikelihood: -255149	(delta): 0.0188966
447 (QN/Block) 	Elapsed: 0.894	Loglikelihood: -255149	(delta): 0.0289598
448 (QN/Block) 	Elapsed: 0.894	Loglikelihood: -255149	(delta): 0.057007
449 (QN/Block) 	Elapsed: 0.894	Loglikelihood: -255149	(delta): 0.0764305
450 (QN/Block) 	Elapsed: 0.896	Loglikelihood: -255149	(delta): 0.0242441
451 (QN/Block) 	Elapsed: 0.894	Loglikelihood: -255149	(delta): 0.0515515
452 (QN/Block) 	Elapsed: 0.9	Loglikelihood: -255149	(delta): 0.0671486
453 (QN/Block) 	Elapsed: 0.9	Loglikelihood: -255149	(delta): 0.0420499
454 (QN/Block) 	Elapsed: 0.9	Loglikelihood: -255149	(delta): 0.0383677
455 (QN/Block) 	Elapsed: 0.9	Loglikelihood: -255149	(delta): 0.0394144
456 (QN/Block) 	Elapsed: 0.9	Loglikelihood: -255149	(delta): 0.0312687
457 (QN/Block) 	Elapsed: 0.898	Loglikelihood: -255149	(delta): 0.0698302
458 (QN/Block) 	Elapsed: 0.9	Loglikelihood: -255149	(delta): 0.0361667
459 (QN/Block) 	Elapsed: 0.894	Loglikelihood: -255149	(delta): 0.048847
460 (QN/Block) 	Elapsed: 0.894	Loglikelihood: -255149	(delta): 0.0722965
461 (QN/Block) 	Elapsed: 0.898	Loglikelihood: -255149	(delta): 0.0425407
462 (QN/Block) 	Elapsed: 0.9	Loglikelihood: -255149	(delta): 0.0170341
463 (QN/Block) 	Elapsed: 0.9	Loglikelihood: -255149	(delta): 0.0440484
464 (QN/Block) 	Elapsed: 0.898	Loglikelihood: -255149	(delta): 0.0274837
465 (QN/Block) 	Elapsed: 0.9	Loglikelihood: -255149	(delta): 0.0228135
466 (QN/Block) 	Elapsed: 0.9	Loglikelihood: -255149	(delta): 0.0150938
467 (QN/Block) 	Elapsed: 0.9	Loglikelihood: -255149	(delta): 0.017027
468 (QN/Block) 	Elapsed: 0.9	Loglikelihood: -255149	(delta): 0.0205376
469 (QN/Block) 	Elapsed: 0.9	Loglikelihood: -255149	(delta): 0.0273356
470 (QN/Block) 	Elapsed: 0.9	Loglikelihood: -255149	(delta): 0.0384117
471 (QN/Block) 	Elapsed: 0.9	Loglikelihood: -255148	(delta): 0.0459563
472 (QN/Block) 	Elapsed: 0.9	Loglikelihood: -255148	(delta): 0.0578676
473 (QN/Block) 	Elapsed: 0.9	Loglikelihood: -255148	(delta): 0.121506
474 (QN/Block) 	Elapsed: 0.9	Loglikelihood: -255148	(delta): 0.200628
475 (QN/Block) 	Elapsed: 0.9	Loglikelihood: -255148	(delta): 0.169192
476 (QN/Block) 	Elapsed: 0.9	Loglikelihood: -255148	(delta): 0.179144
477 (QN/Block) 	Elapsed: 0.898	Loglikelihood: -255147	(delta): 0.284972
478 (QN/Block) 	Elapsed: 0.9	Loglikelihood: -255147	(delta): 0.322039
479 (QN/Block) 	Elapsed: 0.894	Loglikelihood: -255147	(delta): 0.499341
480 (QN/Block) 	Elapsed: 0.9	Loglikelihood: -255146	(delta): 0.850017
481 (QN/Block) 	Elapsed: 0.9	Loglikelihood: -255145	(delta): 0.329979
482 (QN/Block) 	Elapsed: 0.898	Loglikelihood: -255145	(delta): 0.330943
483 (QN/Block) 	Elapsed: 0.9	Loglikelihood: -255145	(delta): 0.270785
484 (QN/Block) 	Elapsed: 0.898	Loglikelihood: -255145	(delta): 0.141467
485 (QN/Block) 	Elapsed: 0.896	Loglikelihood: -255145	(delta): 0.147682
486 (QN/Block) 	Elapsed: 0.9	Loglikelihood: -255144	(delta): 0.11298
487 (QN/Block) 	Elapsed: 0.894	Loglikelihood: -255144	(delta): 0.169102
488 (QN/Block) 	Elapsed: 0.894	Loglikelihood: -255144	(delta): 0.0893869
489 (QN/Block) 	Elapsed: 0.9	Loglikelihood: -255144	(delta): 0.0721579
490 (QN/Block) 	Elapsed: 0.9	Loglikelihood: -255144	(delta): 0.0499064
491 (QN/Block) 	Elapsed: 0.9	Loglikelihood: -255144	(delta): 0.315539
492 (QN/Block) 	Elapsed: 0.898	Loglikelihood: -255144	(delta): 0.103207
493 (QN/Block) 	Elapsed: 0.9	Loglikelihood: -255144	(delta): 0.12568
494 (QN/Block) 	Elapsed: 0.9	Loglikelihood: -255143	(delta): 0.24998
495 (QN/Block) 	Elapsed: 0.898	Loglikelihood: -255143	(delta): 0.0942858
496 (QN/Block) 	Elapsed: 0.9	Loglikelihood: -255143	(delta): 0.0431584
497 (QN/Block) 	Elapsed: 0.894	Loglikelihood: -255143	(delta): 0.0391309
498 (QN/Block) 	Elapsed: 0.894	Loglikelihood: -255143	(delta): 0.0698599
499 (QN/Block) 	Elapsed: 0.9	Loglikelihood: -255143	(delta): 0.0419965
500 (QN/Block) 	Elapsed: 0.9	Loglikelihood: -255143	(delta): 0.072634
501 (QN/Block) 	Elapsed: 0.894	Loglikelihood: -255143	(delta): 0.0253573
502 (QN/Block) 	Elapsed: 0.894	Loglikelihood: -255143	(delta): 0.0690192
503 (QN/Block) 	Elapsed: 0.894	Loglikelihood: -255143	(delta): 0.036878
504 (QN/Block) 	Elapsed: 0.894	Loglikelihood: -255143	(delta): 0.0256122
505 (QN/Block) 	Elapsed: 0.896	Loglikelihood: -255143	(delta): 0.0110687
506 (QN/Block) 	Elapsed: 0.896	Loglikelihood: -255143	(delta): 0.00482808
507 (QN/Block) 	Elapsed: 0.894	Loglikelihood: -255143	(delta): 0.00418812
508 (QN/Block) 	Elapsed: 0.894	Loglikelihood: -255143	(delta): 0.00599966
509 (QN/Block) 	Elapsed: 0.9	Loglikelihood: -255143	(delta): 0.00251749
510 (QN/Block) 	Elapsed: 0.9	Loglikelihood: -255143	(delta): 0.000264817
511 (QN/Block) 	Elapsed: 0.894	Loglikelihood: -255143	(delta): 0.000283089
512 (QN/Block) 	Elapsed: 0.894	Loglikelihood: -255143	(delta): 0.000358212
513 (QN/Block) 	Elapsed: 0.894	Loglikelihood: -255143	(delta): 0.000275322
514 (QN/Block) 	Elapsed: 0.894	Loglikelihood: -255143	(delta): 0.000372319
515 (QN/Block) 	Elapsed: 0.894	Loglikelihood: -255143	(delta): 0.000313622
516 (QN/Block) 	Elapsed: 0.894	Loglikelihood: -255143	(delta): 0.000153809
517 (QN/Block) 	Elapsed: 0.9	Loglikelihood: -255143	(delta): 0.000109852
518 (QN/Block) 	Elapsed: 0.9	Loglikelihood: -255143	(delta): 8.85279e-05
Summary: 
Converged in 518 iterations (469.102 sec)
Loglikelihood: -255142.755394
Fst divergences between estimated populations: 
	Pop0	Pop1	Pop2	Pop3	Pop4	Pop5	Pop6	Pop7	Pop8	Pop9	Pop10	Pop11	Pop12	Pop13	Pop14	Pop15	Pop16	
Pop0	
Pop1	0.483	
Pop2	0.471	0.105	
Pop3	0.496	0.107	0.103	
Pop4	0.492	0.110	0.105	0.120	
Pop5	0.102	0.468	0.456	0.483	0.477	
Pop6	0.096	0.479	0.467	0.492	0.489	0.085	
Pop7	0.486	0.097	0.100	0.104	0.101	0.472	0.484	
Pop8	0.117	0.484	0.472	0.497	0.492	0.102	0.100	0.492	
Pop9	0.113	0.480	0.469	0.493	0.492	0.094	0.103	0.485	0.108	
Pop10	0.488	0.110	0.111	0.128	0.122	0.473	0.486	0.103	0.488	0.489	
Pop11	0.476	0.095	0.091	0.101	0.105	0.463	0.476	0.095	0.480	0.477	0.103	
Pop12	0.500	0.120	0.115	0.120	0.125	0.485	0.496	0.110	0.502	0.498	0.125	0.105	
Pop13	0.482	0.105	0.102	0.103	0.096	0.469	0.479	0.094	0.485	0.481	0.116	0.090	0.107	
Pop14	0.487	0.106	0.102	0.114	0.104	0.476	0.484	0.099	0.491	0.485	0.112	0.092	0.117	0.092	
Pop15	0.488	0.107	0.108	0.128	0.120	0.473	0.485	0.105	0.488	0.489	0.115	0.110	0.121	0.109	0.106	
Pop16	0.500	0.102	0.105	0.103	0.108	0.485	0.495	0.107	0.497	0.497	0.107	0.099	0.119	0.095	0.096	0.106	
Pop17	0.492	0.108	0.104	0.113	0.111	0.475	0.487	0.103	0.494	0.490	0.117	0.102	0.127	0.113	0.108	0.126	0.112	
CV error (K=18): 0.19586
Writing output files.
