****                   ADMIXTURE Version 1.3.0                  ****
****                    Copyright 2008-2015                     ****
****           David Alexander, Suyash Shringarpure,            ****
****                John  Novembre, Ken Lange                   ****
****                                                            ****
****                 Please cite our paper!                     ****
****   Information at www.genetics.ucla.edu/software/admixture  ****

Cross-validation will be performed.  Folds=10.
Parallel execution requested.  Will use 20 threads.
Random seed: 43
Point estimation method: Block relaxation algorithm
Convergence acceleration algorithm: QuasiNewton, 3 secant conditions
Point estimation will terminate when objective function delta < 0.0001
Estimation of standard errors disabled; will compute point estimates only.
Size of G: 778x1726
Performing five EM steps to prime main algorithm
1 (EM) 	Elapsed: 0.573	Loglikelihood: -397395	(delta): 1.2124e+06
2 (EM) 	Elapsed: 0.572	Loglikelihood: -364006	(delta): 33388.7
3 (EM) 	Elapsed: 0.573	Loglikelihood: -360345	(delta): 3661.62
4 (EM) 	Elapsed: 0.573	Loglikelihood: -358273	(delta): 2071.89
5 (EM) 	Elapsed: 0.572	Loglikelihood: -356350	(delta): 1923.05
Initial loglikelihood: -356350
Starting main algorithm
1 (QN/Block) 	Elapsed: 0.829	Loglikelihood: -272328	(delta): 84021.6
2 (QN/Block) 	Elapsed: 0.826	Loglikelihood: -264449	(delta): 7879.36
3 (QN/Block) 	Elapsed: 0.835	Loglikelihood: -261320	(delta): 3129.32
4 (QN/Block) 	Elapsed: 0.836	Loglikelihood: -259599	(delta): 1720.39
5 (QN/Block) 	Elapsed: 0.835	Loglikelihood: -258992	(delta): 606.802
6 (QN/Block) 	Elapsed: 0.833	Loglikelihood: -258657	(delta): 335.022
7 (QN/Block) 	Elapsed: 0.837	Loglikelihood: -258442	(delta): 214.945
8 (QN/Block) 	Elapsed: 0.83	Loglikelihood: -258303	(delta): 139.782
9 (QN/Block) 	Elapsed: 0.83	Loglikelihood: -258195	(delta): 108.167
10 (QN/Block) 	Elapsed: 0.83	Loglikelihood: -258127	(delta): 67.8999
11 (QN/Block) 	Elapsed: 0.829	Loglikelihood: -258077	(delta): 49.9331
12 (QN/Block) 	Elapsed: 0.833	Loglikelihood: -258043	(delta): 33.8428
13 (QN/Block) 	Elapsed: 0.83	Loglikelihood: -258004	(delta): 39.1676
14 (QN/Block) 	Elapsed: 0.83	Loglikelihood: -257969	(delta): 34.2925
15 (QN/Block) 	Elapsed: 0.828	Loglikelihood: -257936	(delta): 33.252
16 (QN/Block) 	Elapsed: 0.83	Loglikelihood: -257899	(delta): 37.4499
17 (QN/Block) 	Elapsed: 0.83	Loglikelihood: -257871	(delta): 27.2685
18 (QN/Block) 	Elapsed: 0.827	Loglikelihood: -257848	(delta): 23.8184
19 (QN/Block) 	Elapsed: 0.831	Loglikelihood: -257824	(delta): 23.709
20 (QN/Block) 	Elapsed: 0.828	Loglikelihood: -257805	(delta): 18.5188
21 (QN/Block) 	Elapsed: 0.828	Loglikelihood: -257771	(delta): 33.8796
22 (QN/Block) 	Elapsed: 0.829	Loglikelihood: -257747	(delta): 24.9298
23 (QN/Block) 	Elapsed: 0.831	Loglikelihood: -257729	(delta): 17.8549
24 (QN/Block) 	Elapsed: 0.831	Loglikelihood: -257704	(delta): 24.864
25 (QN/Block) 	Elapsed: 0.831	Loglikelihood: -257686	(delta): 17.3933
26 (QN/Block) 	Elapsed: 0.828	Loglikelihood: -257670	(delta): 16.3637
27 (QN/Block) 	Elapsed: 0.83	Loglikelihood: -257656	(delta): 14.0623
28 (QN/Block) 	Elapsed: 0.829	Loglikelihood: -257645	(delta): 10.6537
29 (QN/Block) 	Elapsed: 0.833	Loglikelihood: -257639	(delta): 6.6724
30 (QN/Block) 	Elapsed: 0.834	Loglikelihood: -257632	(delta): 6.59757
31 (QN/Block) 	Elapsed: 0.833	Loglikelihood: -257624	(delta): 7.94471
32 (QN/Block) 	Elapsed: 0.833	Loglikelihood: -257618	(delta): 6.13023
33 (QN/Block) 	Elapsed: 0.829	Loglikelihood: -257612	(delta): 6.29859
34 (QN/Block) 	Elapsed: 0.831	Loglikelihood: -257606	(delta): 5.90448
35 (QN/Block) 	Elapsed: 0.832	Loglikelihood: -257600	(delta): 6.17064
36 (QN/Block) 	Elapsed: 0.831	Loglikelihood: -257595	(delta): 5.07204
37 (QN/Block) 	Elapsed: 0.834	Loglikelihood: -257589	(delta): 5.72829
38 (QN/Block) 	Elapsed: 0.83	Loglikelihood: -257585	(delta): 4.03838
39 (QN/Block) 	Elapsed: 0.83	Loglikelihood: -257580	(delta): 5.19209
40 (QN/Block) 	Elapsed: 0.831	Loglikelihood: -257568	(delta): 11.9417
41 (QN/Block) 	Elapsed: 0.831	Loglikelihood: -257561	(delta): 6.41812
42 (QN/Block) 	Elapsed: 0.832	Loglikelihood: -257555	(delta): 6.67042
43 (QN/Block) 	Elapsed: 0.83	Loglikelihood: -257548	(delta): 6.91658
44 (QN/Block) 	Elapsed: 0.833	Loglikelihood: -257544	(delta): 3.3186
45 (QN/Block) 	Elapsed: 0.833	Loglikelihood: -257540	(delta): 4.23711
46 (QN/Block) 	Elapsed: 0.833	Loglikelihood: -257537	(delta): 3.10398
47 (QN/Block) 	Elapsed: 0.83	Loglikelihood: -257534	(delta): 2.80358
48 (QN/Block) 	Elapsed: 0.833	Loglikelihood: -257530	(delta): 3.74723
49 (QN/Block) 	Elapsed: 0.829	Loglikelihood: -257527	(delta): 3.71731
50 (QN/Block) 	Elapsed: 0.83	Loglikelihood: -257522	(delta): 4.45313
51 (QN/Block) 	Elapsed: 0.83	Loglikelihood: -257519	(delta): 3.72589
52 (QN/Block) 	Elapsed: 0.831	Loglikelihood: -257514	(delta): 4.79679
53 (QN/Block) 	Elapsed: 0.828	Loglikelihood: -257510	(delta): 3.41845
54 (QN/Block) 	Elapsed: 0.828	Loglikelihood: -257508	(delta): 2.62303
55 (QN/Block) 	Elapsed: 0.831	Loglikelihood: -257504	(delta): 3.36239
56 (QN/Block) 	Elapsed: 0.832	Loglikelihood: -257501	(delta): 3.77662
57 (QN/Block) 	Elapsed: 0.831	Loglikelihood: -257496	(delta): 4.56377
58 (QN/Block) 	Elapsed: 0.831	Loglikelihood: -257491	(delta): 4.67885
59 (QN/Block) 	Elapsed: 0.832	Loglikelihood: -257486	(delta): 5.78489
60 (QN/Block) 	Elapsed: 0.833	Loglikelihood: -257480	(delta): 5.37827
61 (QN/Block) 	Elapsed: 0.834	Loglikelihood: -257476	(delta): 4.30132
62 (QN/Block) 	Elapsed: 0.874	Loglikelihood: -257473	(delta): 2.86456
63 (QN/Block) 	Elapsed: 0.844	Loglikelihood: -257470	(delta): 3.24506
64 (QN/Block) 	Elapsed: 0.834	Loglikelihood: -257467	(delta): 2.38209
65 (QN/Block) 	Elapsed: 0.839	Loglikelihood: -257465	(delta): 2.07928
66 (QN/Block) 	Elapsed: 0.839	Loglikelihood: -257462	(delta): 3.05944
67 (QN/Block) 	Elapsed: 0.84	Loglikelihood: -257460	(delta): 2.53047
68 (QN/Block) 	Elapsed: 0.863	Loglikelihood: -257457	(delta): 2.32402
69 (QN/Block) 	Elapsed: 0.84	Loglikelihood: -257455	(delta): 2.03606
70 (QN/Block) 	Elapsed: 0.834	Loglikelihood: -257454	(delta): 1.7286
71 (QN/Block) 	Elapsed: 0.829	Loglikelihood: -257452	(delta): 1.6687
72 (QN/Block) 	Elapsed: 0.831	Loglikelihood: -257450	(delta): 1.46822
73 (QN/Block) 	Elapsed: 0.829	Loglikelihood: -257449	(delta): 1.62186
74 (QN/Block) 	Elapsed: 0.835	Loglikelihood: -257448	(delta): 1.07262
75 (QN/Block) 	Elapsed: 0.835	Loglikelihood: -257447	(delta): 0.902997
76 (QN/Block) 	Elapsed: 0.835	Loglikelihood: -257446	(delta): 0.530695
77 (QN/Block) 	Elapsed: 0.834	Loglikelihood: -257446	(delta): 0.623626
78 (QN/Block) 	Elapsed: 0.831	Loglikelihood: -257445	(delta): 1.0778
79 (QN/Block) 	Elapsed: 0.832	Loglikelihood: -257443	(delta): 1.21481
80 (QN/Block) 	Elapsed: 0.834	Loglikelihood: -257443	(delta): 0.768851
81 (QN/Block) 	Elapsed: 0.829	Loglikelihood: -257442	(delta): 0.775387
82 (QN/Block) 	Elapsed: 0.829	Loglikelihood: -257441	(delta): 1.02767
83 (QN/Block) 	Elapsed: 0.829	Loglikelihood: -257440	(delta): 1.10115
84 (QN/Block) 	Elapsed: 0.829	Loglikelihood: -257438	(delta): 1.32709
85 (QN/Block) 	Elapsed: 0.835	Loglikelihood: -257438	(delta): 0.870871
86 (QN/Block) 	Elapsed: 0.835	Loglikelihood: -257436	(delta): 1.57565
87 (QN/Block) 	Elapsed: 0.834	Loglikelihood: -257435	(delta): 1.10768
88 (QN/Block) 	Elapsed: 0.835	Loglikelihood: -257434	(delta): 0.695599
89 (QN/Block) 	Elapsed: 0.831	Loglikelihood: -257433	(delta): 0.798438
90 (QN/Block) 	Elapsed: 0.829	Loglikelihood: -257431	(delta): 2.30269
91 (QN/Block) 	Elapsed: 0.835	Loglikelihood: -257429	(delta): 1.77265
92 (QN/Block) 	Elapsed: 0.834	Loglikelihood: -257426	(delta): 3.3823
93 (QN/Block) 	Elapsed: 0.834	Loglikelihood: -257423	(delta): 2.6942
94 (QN/Block) 	Elapsed: 0.825	Loglikelihood: -257421	(delta): 2.40924
95 (QN/Block) 	Elapsed: 0.823	Loglikelihood: -257419	(delta): 1.40419
96 (QN/Block) 	Elapsed: 0.829	Loglikelihood: -257418	(delta): 1.54675
97 (QN/Block) 	Elapsed: 0.835	Loglikelihood: -257416	(delta): 1.4955
98 (QN/Block) 	Elapsed: 0.835	Loglikelihood: -257414	(delta): 2.03994
99 (QN/Block) 	Elapsed: 0.835	Loglikelihood: -257413	(delta): 1.19968
100 (QN/Block) 	Elapsed: 0.832	Loglikelihood: -257411	(delta): 1.68207
101 (QN/Block) 	Elapsed: 0.833	Loglikelihood: -257410	(delta): 1.96291
102 (QN/Block) 	Elapsed: 0.831	Loglikelihood: -257407	(delta): 2.33748
103 (QN/Block) 	Elapsed: 0.831	Loglikelihood: -257405	(delta): 1.79937
104 (QN/Block) 	Elapsed: 0.831	Loglikelihood: -257403	(delta): 1.90151
105 (QN/Block) 	Elapsed: 0.831	Loglikelihood: -257399	(delta): 4.81937
106 (QN/Block) 	Elapsed: 0.829	Loglikelihood: -257396	(delta): 2.99786
107 (QN/Block) 	Elapsed: 0.834	Loglikelihood: -257394	(delta): 1.68231
108 (QN/Block) 	Elapsed: 0.829	Loglikelihood: -257393	(delta): 1.12273
109 (QN/Block) 	Elapsed: 0.834	Loglikelihood: -257392	(delta): 0.745785
110 (QN/Block) 	Elapsed: 0.835	Loglikelihood: -257391	(delta): 0.678067
111 (QN/Block) 	Elapsed: 0.834	Loglikelihood: -257391	(delta): 0.829018
112 (QN/Block) 	Elapsed: 0.834	Loglikelihood: -257390	(delta): 0.430468
113 (QN/Block) 	Elapsed: 0.835	Loglikelihood: -257390	(delta): 0.25876
114 (QN/Block) 	Elapsed: 0.834	Loglikelihood: -257390	(delta): 0.326402
115 (QN/Block) 	Elapsed: 0.834	Loglikelihood: -257389	(delta): 0.514972
116 (QN/Block) 	Elapsed: 0.834	Loglikelihood: -257388	(delta): 1.39619
117 (QN/Block) 	Elapsed: 0.834	Loglikelihood: -257387	(delta): 0.715414
118 (QN/Block) 	Elapsed: 0.833	Loglikelihood: -257386	(delta): 0.456972
119 (QN/Block) 	Elapsed: 0.831	Loglikelihood: -257386	(delta): 0.923394
120 (QN/Block) 	Elapsed: 0.834	Loglikelihood: -257384	(delta): 1.51361
121 (QN/Block) 	Elapsed: 0.834	Loglikelihood: -257383	(delta): 0.974735
122 (QN/Block) 	Elapsed: 0.834	Loglikelihood: -257382	(delta): 0.976253
123 (QN/Block) 	Elapsed: 0.834	Loglikelihood: -257381	(delta): 0.973151
124 (QN/Block) 	Elapsed: 0.83	Loglikelihood: -257380	(delta): 0.683909
125 (QN/Block) 	Elapsed: 0.829	Loglikelihood: -257380	(delta): 0.791089
126 (QN/Block) 	Elapsed: 0.831	Loglikelihood: -257379	(delta): 0.433534
127 (QN/Block) 	Elapsed: 0.83	Loglikelihood: -257378	(delta): 0.808421
128 (QN/Block) 	Elapsed: 0.835	Loglikelihood: -257378	(delta): 0.738946
129 (QN/Block) 	Elapsed: 0.835	Loglikelihood: -257377	(delta): 0.647647
130 (QN/Block) 	Elapsed: 0.834	Loglikelihood: -257376	(delta): 0.8962
131 (QN/Block) 	Elapsed: 0.834	Loglikelihood: -257375	(delta): 1.03734
132 (QN/Block) 	Elapsed: 0.83	Loglikelihood: -257374	(delta): 0.665854
133 (QN/Block) 	Elapsed: 0.834	Loglikelihood: -257374	(delta): 0.650108
134 (QN/Block) 	Elapsed: 0.831	Loglikelihood: -257373	(delta): 0.872165
135 (QN/Block) 	Elapsed: 0.834	Loglikelihood: -257371	(delta): 1.72355
136 (QN/Block) 	Elapsed: 0.834	Loglikelihood: -257370	(delta): 1.32663
137 (QN/Block) 	Elapsed: 0.829	Loglikelihood: -257369	(delta): 0.563697
138 (QN/Block) 	Elapsed: 0.832	Loglikelihood: -257368	(delta): 1.06096
139 (QN/Block) 	Elapsed: 0.834	Loglikelihood: -257367	(delta): 1.04375
140 (QN/Block) 	Elapsed: 0.834	Loglikelihood: -257367	(delta): 0.628247
141 (QN/Block) 	Elapsed: 0.834	Loglikelihood: -257365	(delta): 1.8076
142 (QN/Block) 	Elapsed: 0.831	Loglikelihood: -257363	(delta): 1.61703
143 (QN/Block) 	Elapsed: 0.834	Loglikelihood: -257361	(delta): 1.85861
144 (QN/Block) 	Elapsed: 0.829	Loglikelihood: -257360	(delta): 0.861248
145 (QN/Block) 	Elapsed: 0.832	Loglikelihood: -257359	(delta): 1.03661
146 (QN/Block) 	Elapsed: 0.83	Loglikelihood: -257359	(delta): 0.840984
147 (QN/Block) 	Elapsed: 0.831	Loglikelihood: -257357	(delta): 1.24923
148 (QN/Block) 	Elapsed: 0.832	Loglikelihood: -257356	(delta): 1.05845
149 (QN/Block) 	Elapsed: 0.834	Loglikelihood: -257355	(delta): 0.845368
150 (QN/Block) 	Elapsed: 0.835	Loglikelihood: -257355	(delta): 0.727933
151 (QN/Block) 	Elapsed: 0.834	Loglikelihood: -257354	(delta): 1.0961
152 (QN/Block) 	Elapsed: 0.834	Loglikelihood: -257353	(delta): 0.821322
153 (QN/Block) 	Elapsed: 0.829	Loglikelihood: -257352	(delta): 1.05892
154 (QN/Block) 	Elapsed: 0.829	Loglikelihood: -257350	(delta): 1.62502
155 (QN/Block) 	Elapsed: 0.829	Loglikelihood: -257348	(delta): 1.90846
156 (QN/Block) 	Elapsed: 0.831	Loglikelihood: -257345	(delta): 3.04675
157 (QN/Block) 	Elapsed: 0.83	Loglikelihood: -257343	(delta): 1.98823
158 (QN/Block) 	Elapsed: 0.829	Loglikelihood: -257341	(delta): 2.1977
159 (QN/Block) 	Elapsed: 0.83	Loglikelihood: -257339	(delta): 2.27259
160 (QN/Block) 	Elapsed: 0.834	Loglikelihood: -257336	(delta): 2.15602
161 (QN/Block) 	Elapsed: 0.831	Loglikelihood: -257334	(delta): 2.23173
162 (QN/Block) 	Elapsed: 0.832	Loglikelihood: -257331	(delta): 3.04528
163 (QN/Block) 	Elapsed: 0.833	Loglikelihood: -257328	(delta): 2.78198
164 (QN/Block) 	Elapsed: 0.83	Loglikelihood: -257326	(delta): 2.30673
165 (QN/Block) 	Elapsed: 0.831	Loglikelihood: -257324	(delta): 2.5268
166 (QN/Block) 	Elapsed: 0.829	Loglikelihood: -257321	(delta): 2.27127
167 (QN/Block) 	Elapsed: 0.829	Loglikelihood: -257319	(delta): 2.42689
168 (QN/Block) 	Elapsed: 0.832	Loglikelihood: -257317	(delta): 1.46891
169 (QN/Block) 	Elapsed: 0.832	Loglikelihood: -257316	(delta): 1.62547
170 (QN/Block) 	Elapsed: 0.832	Loglikelihood: -257314	(delta): 1.54875
171 (QN/Block) 	Elapsed: 0.829	Loglikelihood: -257313	(delta): 1.30721
172 (QN/Block) 	Elapsed: 0.83	Loglikelihood: -257311	(delta): 1.62503
173 (QN/Block) 	Elapsed: 0.834	Loglikelihood: -257310	(delta): 1.44446
174 (QN/Block) 	Elapsed: 0.829	Loglikelihood: -257309	(delta): 1.30027
175 (QN/Block) 	Elapsed: 0.834	Loglikelihood: -257307	(delta): 1.20814
176 (QN/Block) 	Elapsed: 0.833	Loglikelihood: -257306	(delta): 1.35959
177 (QN/Block) 	Elapsed: 0.834	Loglikelihood: -257305	(delta): 0.997938
178 (QN/Block) 	Elapsed: 0.831	Loglikelihood: -257304	(delta): 0.877322
179 (QN/Block) 	Elapsed: 0.834	Loglikelihood: -257304	(delta): 0.557697
180 (QN/Block) 	Elapsed: 0.829	Loglikelihood: -257303	(delta): 0.615495
181 (QN/Block) 	Elapsed: 0.834	Loglikelihood: -257302	(delta): 0.510061
182 (QN/Block) 	Elapsed: 0.832	Loglikelihood: -257302	(delta): 0.423125
183 (QN/Block) 	Elapsed: 0.835	Loglikelihood: -257302	(delta): 0.356061
184 (QN/Block) 	Elapsed: 0.836	Loglikelihood: -257301	(delta): 0.287074
185 (QN/Block) 	Elapsed: 0.835	Loglikelihood: -257301	(delta): 0.294184
186 (QN/Block) 	Elapsed: 0.835	Loglikelihood: -257301	(delta): 0.349945
187 (QN/Block) 	Elapsed: 0.834	Loglikelihood: -257300	(delta): 0.390976
188 (QN/Block) 	Elapsed: 0.834	Loglikelihood: -257300	(delta): 0.397218
189 (QN/Block) 	Elapsed: 0.834	Loglikelihood: -257300	(delta): 0.447819
190 (QN/Block) 	Elapsed: 0.834	Loglikelihood: -257299	(delta): 0.661188
191 (QN/Block) 	Elapsed: 0.834	Loglikelihood: -257298	(delta): 1.01549
192 (QN/Block) 	Elapsed: 0.835	Loglikelihood: -257293	(delta): 4.89107
193 (QN/Block) 	Elapsed: 0.833	Loglikelihood: -257291	(delta): 2.31821
194 (QN/Block) 	Elapsed: 0.834	Loglikelihood: -257289	(delta): 2.02812
195 (QN/Block) 	Elapsed: 0.835	Loglikelihood: -257286	(delta): 2.18542
196 (QN/Block) 	Elapsed: 0.831	Loglikelihood: -257284	(delta): 2.10267
197 (QN/Block) 	Elapsed: 0.83	Loglikelihood: -257283	(delta): 1.76556
198 (QN/Block) 	Elapsed: 0.835	Loglikelihood: -257281	(delta): 1.64077
199 (QN/Block) 	Elapsed: 0.831	Loglikelihood: -257279	(delta): 1.5178
200 (QN/Block) 	Elapsed: 0.834	Loglikelihood: -257278	(delta): 1.56595
201 (QN/Block) 	Elapsed: 0.834	Loglikelihood: -257276	(delta): 1.45799
202 (QN/Block) 	Elapsed: 0.832	Loglikelihood: -257274	(delta): 1.99079
203 (QN/Block) 	Elapsed: 0.829	Loglikelihood: -257273	(delta): 1.25544
204 (QN/Block) 	Elapsed: 0.831	Loglikelihood: -257273	(delta): 0.571826
205 (QN/Block) 	Elapsed: 0.831	Loglikelihood: -257272	(delta): 0.559059
206 (QN/Block) 	Elapsed: 0.862	Loglikelihood: -257271	(delta): 0.632592
207 (QN/Block) 	Elapsed: 0.833	Loglikelihood: -257271	(delta): 0.745291
208 (QN/Block) 	Elapsed: 0.836	Loglikelihood: -257269	(delta): 1.1051
209 (QN/Block) 	Elapsed: 0.832	Loglikelihood: -257269	(delta): 0.974969
210 (QN/Block) 	Elapsed: 0.836	Loglikelihood: -257268	(delta): 0.822336
211 (QN/Block) 	Elapsed: 0.836	Loglikelihood: -257267	(delta): 1.16487
212 (QN/Block) 	Elapsed: 0.836	Loglikelihood: -257265	(delta): 1.10356
213 (QN/Block) 	Elapsed: 0.834	Loglikelihood: -257265	(delta): 0.613036
214 (QN/Block) 	Elapsed: 0.834	Loglikelihood: -257264	(delta): 1.04181
215 (QN/Block) 	Elapsed: 0.836	Loglikelihood: -257263	(delta): 1.24065
216 (QN/Block) 	Elapsed: 0.837	Loglikelihood: -257262	(delta): 0.962296
217 (QN/Block) 	Elapsed: 0.834	Loglikelihood: -257261	(delta): 0.917043
218 (QN/Block) 	Elapsed: 0.834	Loglikelihood: -257260	(delta): 0.636265
219 (QN/Block) 	Elapsed: 0.834	Loglikelihood: -257259	(delta): 0.527234
220 (QN/Block) 	Elapsed: 0.836	Loglikelihood: -257259	(delta): 0.720658
221 (QN/Block) 	Elapsed: 0.83	Loglikelihood: -257258	(delta): 0.79565
222 (QN/Block) 	Elapsed: 0.833	Loglikelihood: -257257	(delta): 0.849198
223 (QN/Block) 	Elapsed: 0.833	Loglikelihood: -257256	(delta): 1.41812
224 (QN/Block) 	Elapsed: 0.83	Loglikelihood: -257255	(delta): 1.20809
225 (QN/Block) 	Elapsed: 0.83	Loglikelihood: -257253	(delta): 1.63608
226 (QN/Block) 	Elapsed: 0.83	Loglikelihood: -257251	(delta): 1.74783
227 (QN/Block) 	Elapsed: 0.834	Loglikelihood: -257251	(delta): 0.4802
228 (QN/Block) 	Elapsed: 0.836	Loglikelihood: -257250	(delta): 0.799198
229 (QN/Block) 	Elapsed: 0.836	Loglikelihood: -257250	(delta): 0.269327
230 (QN/Block) 	Elapsed: 0.836	Loglikelihood: -257249	(delta): 0.249202
231 (QN/Block) 	Elapsed: 0.836	Loglikelihood: -257249	(delta): 0.336839
232 (QN/Block) 	Elapsed: 0.833	Loglikelihood: -257249	(delta): 0.283038
233 (QN/Block) 	Elapsed: 0.836	Loglikelihood: -257248	(delta): 0.343585
234 (QN/Block) 	Elapsed: 0.836	Loglikelihood: -257248	(delta): 0.405077
235 (QN/Block) 	Elapsed: 0.836	Loglikelihood: -257247	(delta): 0.473866
236 (QN/Block) 	Elapsed: 0.836	Loglikelihood: -257247	(delta): 0.374039
237 (QN/Block) 	Elapsed: 0.834	Loglikelihood: -257247	(delta): 0.344132
238 (QN/Block) 	Elapsed: 0.836	Loglikelihood: -257246	(delta): 0.602388
239 (QN/Block) 	Elapsed: 0.836	Loglikelihood: -257246	(delta): 0.427985
240 (QN/Block) 	Elapsed: 0.836	Loglikelihood: -257245	(delta): 0.457422
241 (QN/Block) 	Elapsed: 0.836	Loglikelihood: -257245	(delta): 0.465855
242 (QN/Block) 	Elapsed: 0.836	Loglikelihood: -257244	(delta): 0.396807
243 (QN/Block) 	Elapsed: 0.836	Loglikelihood: -257244	(delta): 0.367059
244 (QN/Block) 	Elapsed: 0.836	Loglikelihood: -257243	(delta): 0.716903
245 (QN/Block) 	Elapsed: 0.836	Loglikelihood: -257242	(delta): 1.76355
246 (QN/Block) 	Elapsed: 0.836	Loglikelihood: -257241	(delta): 0.673684
247 (QN/Block) 	Elapsed: 0.834	Loglikelihood: -257240	(delta): 1.14892
248 (QN/Block) 	Elapsed: 0.836	Loglikelihood: -257239	(delta): 0.600816
249 (QN/Block) 	Elapsed: 0.836	Loglikelihood: -257239	(delta): 0.536411
250 (QN/Block) 	Elapsed: 0.836	Loglikelihood: -257237	(delta): 1.10317
251 (QN/Block) 	Elapsed: 0.836	Loglikelihood: -257236	(delta): 1.0853
252 (QN/Block) 	Elapsed: 0.837	Loglikelihood: -257236	(delta): 0.877998
253 (QN/Block) 	Elapsed: 0.836	Loglikelihood: -257235	(delta): 0.657822
254 (QN/Block) 	Elapsed: 0.836	Loglikelihood: -257234	(delta): 0.716082
255 (QN/Block) 	Elapsed: 0.834	Loglikelihood: -257233	(delta): 0.840154
256 (QN/Block) 	Elapsed: 0.834	Loglikelihood: -257233	(delta): 0.78053
257 (QN/Block) 	Elapsed: 0.832	Loglikelihood: -257232	(delta): 0.326065
258 (QN/Block) 	Elapsed: 0.83	Loglikelihood: -257232	(delta): 0.665417
259 (QN/Block) 	Elapsed: 0.832	Loglikelihood: -257231	(delta): 0.575018
260 (QN/Block) 	Elapsed: 0.832	Loglikelihood: -257231	(delta): 0.467989
261 (QN/Block) 	Elapsed: 0.828	Loglikelihood: -257230	(delta): 0.354139
262 (QN/Block) 	Elapsed: 0.834	Loglikelihood: -257230	(delta): 0.284514
263 (QN/Block) 	Elapsed: 0.832	Loglikelihood: -257230	(delta): 0.194589
264 (QN/Block) 	Elapsed: 0.836	Loglikelihood: -257229	(delta): 0.446812
265 (QN/Block) 	Elapsed: 0.829	Loglikelihood: -257229	(delta): 0.121801
266 (QN/Block) 	Elapsed: 0.828	Loglikelihood: -257229	(delta): 0.111469
267 (QN/Block) 	Elapsed: 0.836	Loglikelihood: -257229	(delta): 0.169578
268 (QN/Block) 	Elapsed: 0.841	Loglikelihood: -257229	(delta): 0.282428
269 (QN/Block) 	Elapsed: 0.841	Loglikelihood: -257228	(delta): 0.229497
270 (QN/Block) 	Elapsed: 0.841	Loglikelihood: -257228	(delta): 0.277913
271 (QN/Block) 	Elapsed: 0.841	Loglikelihood: -257228	(delta): 0.282132
272 (QN/Block) 	Elapsed: 0.841	Loglikelihood: -257227	(delta): 0.316443
273 (QN/Block) 	Elapsed: 0.841	Loglikelihood: -257227	(delta): 0.222648
274 (QN/Block) 	Elapsed: 0.841	Loglikelihood: -257227	(delta): 0.145714
275 (QN/Block) 	Elapsed: 0.841	Loglikelihood: -257227	(delta): 0.151816
276 (QN/Block) 	Elapsed: 0.841	Loglikelihood: -257227	(delta): 0.131172
277 (QN/Block) 	Elapsed: 0.841	Loglikelihood: -257226	(delta): 0.404026
278 (QN/Block) 	Elapsed: 0.841	Loglikelihood: -257226	(delta): 0.157968
279 (QN/Block) 	Elapsed: 0.841	Loglikelihood: -257226	(delta): 0.0787637
280 (QN/Block) 	Elapsed: 0.841	Loglikelihood: -257226	(delta): 0.42163
281 (QN/Block) 	Elapsed: 0.839	Loglikelihood: -257226	(delta): 0.195848
282 (QN/Block) 	Elapsed: 0.837	Loglikelihood: -257225	(delta): 0.283285
283 (QN/Block) 	Elapsed: 0.835	Loglikelihood: -257225	(delta): 0.225448
284 (QN/Block) 	Elapsed: 0.841	Loglikelihood: -257225	(delta): 0.424242
285 (QN/Block) 	Elapsed: 0.841	Loglikelihood: -257224	(delta): 0.189564
286 (QN/Block) 	Elapsed: 0.839	Loglikelihood: -257224	(delta): 0.280841
287 (QN/Block) 	Elapsed: 0.841	Loglikelihood: -257224	(delta): 0.174393
288 (QN/Block) 	Elapsed: 0.836	Loglikelihood: -257224	(delta): 0.226789
289 (QN/Block) 	Elapsed: 0.836	Loglikelihood: -257223	(delta): 0.247338
290 (QN/Block) 	Elapsed: 0.841	Loglikelihood: -257223	(delta): 0.224037
291 (QN/Block) 	Elapsed: 0.841	Loglikelihood: -257223	(delta): 0.398407
292 (QN/Block) 	Elapsed: 0.841	Loglikelihood: -257222	(delta): 0.432174
293 (QN/Block) 	Elapsed: 0.841	Loglikelihood: -257222	(delta): 0.574474
294 (QN/Block) 	Elapsed: 0.839	Loglikelihood: -257221	(delta): 0.664439
295 (QN/Block) 	Elapsed: 0.837	Loglikelihood: -257221	(delta): 0.493923
296 (QN/Block) 	Elapsed: 0.838	Loglikelihood: -257220	(delta): 0.447983
297 (QN/Block) 	Elapsed: 0.835	Loglikelihood: -257220	(delta): 0.355725
298 (QN/Block) 	Elapsed: 0.837	Loglikelihood: -257219	(delta): 0.563721
299 (QN/Block) 	Elapsed: 0.839	Loglikelihood: -257219	(delta): 0.209443
300 (QN/Block) 	Elapsed: 0.837	Loglikelihood: -257219	(delta): 0.244949
301 (QN/Block) 	Elapsed: 0.841	Loglikelihood: -257218	(delta): 0.395028
302 (QN/Block) 	Elapsed: 0.839	Loglikelihood: -257218	(delta): 0.300352
303 (QN/Block) 	Elapsed: 0.841	Loglikelihood: -257218	(delta): 0.585987
304 (QN/Block) 	Elapsed: 0.841	Loglikelihood: -257217	(delta): 0.612837
305 (QN/Block) 	Elapsed: 0.841	Loglikelihood: -257217	(delta): 0.164228
306 (QN/Block) 	Elapsed: 0.841	Loglikelihood: -257217	(delta): 0.131474
307 (QN/Block) 	Elapsed: 0.841	Loglikelihood: -257216	(delta): 0.201495
308 (QN/Block) 	Elapsed: 0.839	Loglikelihood: -257216	(delta): 0.210017
309 (QN/Block) 	Elapsed: 0.841	Loglikelihood: -257216	(delta): 0.204273
310 (QN/Block) 	Elapsed: 0.841	Loglikelihood: -257216	(delta): 0.18907
311 (QN/Block) 	Elapsed: 0.841	Loglikelihood: -257216	(delta): 0.367805
312 (QN/Block) 	Elapsed: 0.841	Loglikelihood: -257215	(delta): 0.249033
313 (QN/Block) 	Elapsed: 0.841	Loglikelihood: -257215	(delta): 0.309954
314 (QN/Block) 	Elapsed: 0.841	Loglikelihood: -257213	(delta): 1.45828
315 (QN/Block) 	Elapsed: 0.839	Loglikelihood: -257211	(delta): 2.68544
316 (QN/Block) 	Elapsed: 0.841	Loglikelihood: -257210	(delta): 0.874136
317 (QN/Block) 	Elapsed: 0.841	Loglikelihood: -257209	(delta): 0.47531
318 (QN/Block) 	Elapsed: 0.841	Loglikelihood: -257209	(delta): 0.537054
319 (QN/Block) 	Elapsed: 0.841	Loglikelihood: -257208	(delta): 0.416854
320 (QN/Block) 	Elapsed: 0.841	Loglikelihood: -257208	(delta): 0.366814
321 (QN/Block) 	Elapsed: 0.841	Loglikelihood: -257208	(delta): 0.31179
322 (QN/Block) 	Elapsed: 0.839	Loglikelihood: -257207	(delta): 0.351014
323 (QN/Block) 	Elapsed: 0.841	Loglikelihood: -257207	(delta): 0.388686
324 (QN/Block) 	Elapsed: 0.841	Loglikelihood: -257206	(delta): 1.29886
325 (QN/Block) 	Elapsed: 0.841	Loglikelihood: -257204	(delta): 1.71604
326 (QN/Block) 	Elapsed: 0.841	Loglikelihood: -257203	(delta): 0.945778
327 (QN/Block) 	Elapsed: 0.837	Loglikelihood: -257202	(delta): 0.781991
328 (QN/Block) 	Elapsed: 0.841	Loglikelihood: -257202	(delta): 0.75546
329 (QN/Block) 	Elapsed: 0.839	Loglikelihood: -257201	(delta): 0.701985
330 (QN/Block) 	Elapsed: 0.839	Loglikelihood: -257200	(delta): 0.468175
331 (QN/Block) 	Elapsed: 0.841	Loglikelihood: -257200	(delta): 0.281309
332 (QN/Block) 	Elapsed: 0.841	Loglikelihood: -257200	(delta): 0.334927
333 (QN/Block) 	Elapsed: 0.841	Loglikelihood: -257199	(delta): 0.632681
334 (QN/Block) 	Elapsed: 0.841	Loglikelihood: -257198	(delta): 0.980541
335 (QN/Block) 	Elapsed: 0.841	Loglikelihood: -257198	(delta): 0.455845
336 (QN/Block) 	Elapsed: 0.841	Loglikelihood: -257198	(delta): 0.167637
337 (QN/Block) 	Elapsed: 0.841	Loglikelihood: -257197	(delta): 0.158842
338 (QN/Block) 	Elapsed: 0.841	Loglikelihood: -257197	(delta): 0.237081
339 (QN/Block) 	Elapsed: 0.836	Loglikelihood: -257197	(delta): 0.422993
340 (QN/Block) 	Elapsed: 0.839	Loglikelihood: -257196	(delta): 0.963675
341 (QN/Block) 	Elapsed: 0.839	Loglikelihood: -257195	(delta): 1.03556
342 (QN/Block) 	Elapsed: 0.835	Loglikelihood: -257194	(delta): 0.599922
343 (QN/Block) 	Elapsed: 0.835	Loglikelihood: -257194	(delta): 0.484222
344 (QN/Block) 	Elapsed: 0.837	Loglikelihood: -257193	(delta): 0.431155
345 (QN/Block) 	Elapsed: 0.841	Loglikelihood: -257193	(delta): 0.305037
346 (QN/Block) 	Elapsed: 0.841	Loglikelihood: -257193	(delta): 0.346702
347 (QN/Block) 	Elapsed: 0.839	Loglikelihood: -257192	(delta): 0.355265
348 (QN/Block) 	Elapsed: 0.839	Loglikelihood: -257192	(delta): 0.14439
349 (QN/Block) 	Elapsed: 0.845	Loglikelihood: -257192	(delta): 0.160579
350 (QN/Block) 	Elapsed: 0.835	Loglikelihood: -257192	(delta): 0.101896
351 (QN/Block) 	Elapsed: 0.867	Loglikelihood: -257192	(delta): 0.134201
352 (QN/Block) 	Elapsed: 0.872	Loglikelihood: -257192	(delta): 0.0961417
353 (QN/Block) 	Elapsed: 0.871	Loglikelihood: -257192	(delta): 0.0603065
354 (QN/Block) 	Elapsed: 0.852	Loglikelihood: -257191	(delta): 0.0635528
355 (QN/Block) 	Elapsed: 0.841	Loglikelihood: -257191	(delta): 0.0922087
356 (QN/Block) 	Elapsed: 0.84	Loglikelihood: -257191	(delta): 0.12807
357 (QN/Block) 	Elapsed: 0.84	Loglikelihood: -257191	(delta): 0.119041
358 (QN/Block) 	Elapsed: 0.839	Loglikelihood: -257191	(delta): 0.0991462
359 (QN/Block) 	Elapsed: 0.839	Loglikelihood: -257191	(delta): 0.102287
360 (QN/Block) 	Elapsed: 0.834	Loglikelihood: -257191	(delta): 0.0711691
361 (QN/Block) 	Elapsed: 0.838	Loglikelihood: -257191	(delta): 0.179208
362 (QN/Block) 	Elapsed: 0.837	Loglikelihood: -257191	(delta): 0.103679
363 (QN/Block) 	Elapsed: 0.841	Loglikelihood: -257191	(delta): 0.0337066
364 (QN/Block) 	Elapsed: 0.839	Loglikelihood: -257191	(delta): 0.0259617
365 (QN/Block) 	Elapsed: 0.834	Loglikelihood: -257190	(delta): 0.029374
366 (QN/Block) 	Elapsed: 0.834	Loglikelihood: -257190	(delta): 0.0392784
367 (QN/Block) 	Elapsed: 0.834	Loglikelihood: -257190	(delta): 0.0515215
368 (QN/Block) 	Elapsed: 0.832	Loglikelihood: -257190	(delta): 0.0845414
369 (QN/Block) 	Elapsed: 0.834	Loglikelihood: -257190	(delta): 0.115971
370 (QN/Block) 	Elapsed: 0.834	Loglikelihood: -257190	(delta): 0.0784658
371 (QN/Block) 	Elapsed: 0.866	Loglikelihood: -257190	(delta): 0.0983169
372 (QN/Block) 	Elapsed: 0.84	Loglikelihood: -257190	(delta): 0.138543
373 (QN/Block) 	Elapsed: 0.838	Loglikelihood: -257190	(delta): 0.163301
374 (QN/Block) 	Elapsed: 0.843	Loglikelihood: -257190	(delta): 0.192593
375 (QN/Block) 	Elapsed: 0.846	Loglikelihood: -257189	(delta): 0.200283
376 (QN/Block) 	Elapsed: 0.839	Loglikelihood: -257189	(delta): 0.16559
377 (QN/Block) 	Elapsed: 0.839	Loglikelihood: -257189	(delta): 0.148131
378 (QN/Block) 	Elapsed: 0.869	Loglikelihood: -257189	(delta): 0.156384
379 (QN/Block) 	Elapsed: 0.841	Loglikelihood: -257189	(delta): 0.141567
380 (QN/Block) 	Elapsed: 0.837	Loglikelihood: -257189	(delta): 0.108863
381 (QN/Block) 	Elapsed: 0.86	Loglikelihood: -257189	(delta): 0.065813
382 (QN/Block) 	Elapsed: 0.871	Loglikelihood: -257188	(delta): 0.106982
383 (QN/Block) 	Elapsed: 0.843	Loglikelihood: -257188	(delta): 0.0514508
384 (QN/Block) 	Elapsed: 0.84	Loglikelihood: -257188	(delta): 0.0577025
385 (QN/Block) 	Elapsed: 0.848	Loglikelihood: -257188	(delta): 0.0692985
386 (QN/Block) 	Elapsed: 0.876	Loglikelihood: -257188	(delta): 0.0829813
387 (QN/Block) 	Elapsed: 0.842	Loglikelihood: -257188	(delta): 0.100431
388 (QN/Block) 	Elapsed: 0.84	Loglikelihood: -257188	(delta): 0.119053
389 (QN/Block) 	Elapsed: 0.845	Loglikelihood: -257188	(delta): 0.119776
390 (QN/Block) 	Elapsed: 0.846	Loglikelihood: -257188	(delta): 0.102149
391 (QN/Block) 	Elapsed: 0.845	Loglikelihood: -257188	(delta): 0.12793
392 (QN/Block) 	Elapsed: 0.845	Loglikelihood: -257187	(delta): 0.271392
393 (QN/Block) 	Elapsed: 0.839	Loglikelihood: -257187	(delta): 0.0853563
394 (QN/Block) 	Elapsed: 0.84	Loglikelihood: -257187	(delta): 0.0722111
395 (QN/Block) 	Elapsed: 0.837	Loglikelihood: -257187	(delta): 0.093336
396 (QN/Block) 	Elapsed: 0.839	Loglikelihood: -257187	(delta): 0.0775736
397 (QN/Block) 	Elapsed: 0.838	Loglikelihood: -257187	(delta): 0.137305
398 (QN/Block) 	Elapsed: 0.835	Loglikelihood: -257187	(delta): 0.165422
399 (QN/Block) 	Elapsed: 0.835	Loglikelihood: -257187	(delta): 0.120792
400 (QN/Block) 	Elapsed: 0.835	Loglikelihood: -257186	(delta): 0.0959219
401 (QN/Block) 	Elapsed: 0.833	Loglikelihood: -257186	(delta): 0.099369
402 (QN/Block) 	Elapsed: 0.833	Loglikelihood: -257186	(delta): 0.326958
403 (QN/Block) 	Elapsed: 0.835	Loglikelihood: -257186	(delta): 0.07917
404 (QN/Block) 	Elapsed: 0.833	Loglikelihood: -257186	(delta): 0.0984523
405 (QN/Block) 	Elapsed: 0.839	Loglikelihood: -257186	(delta): 0.0382784
406 (QN/Block) 	Elapsed: 0.835	Loglikelihood: -257186	(delta): 0.0607666
407 (QN/Block) 	Elapsed: 0.835	Loglikelihood: -257186	(delta): 0.0570963
408 (QN/Block) 	Elapsed: 0.835	Loglikelihood: -257185	(delta): 0.229378
409 (QN/Block) 	Elapsed: 0.833	Loglikelihood: -257185	(delta): 0.077814
410 (QN/Block) 	Elapsed: 0.833	Loglikelihood: -257185	(delta): 0.0502777
411 (QN/Block) 	Elapsed: 0.833	Loglikelihood: -257185	(delta): 0.0629022
412 (QN/Block) 	Elapsed: 0.839	Loglikelihood: -257185	(delta): 0.308135
413 (QN/Block) 	Elapsed: 0.839	Loglikelihood: -257185	(delta): 0.36171
414 (QN/Block) 	Elapsed: 0.839	Loglikelihood: -257185	(delta): 0.0962395
415 (QN/Block) 	Elapsed: 0.839	Loglikelihood: -257184	(delta): 0.0406039
416 (QN/Block) 	Elapsed: 0.839	Loglikelihood: -257184	(delta): 0.0317869
417 (QN/Block) 	Elapsed: 0.839	Loglikelihood: -257184	(delta): 0.0469928
418 (QN/Block) 	Elapsed: 0.839	Loglikelihood: -257184	(delta): 0.101224
419 (QN/Block) 	Elapsed: 0.838	Loglikelihood: -257184	(delta): 0.286499
420 (QN/Block) 	Elapsed: 0.839	Loglikelihood: -257184	(delta): 0.504129
421 (QN/Block) 	Elapsed: 0.839	Loglikelihood: -257183	(delta): 0.280935
422 (QN/Block) 	Elapsed: 0.837	Loglikelihood: -257183	(delta): 0.329591
423 (QN/Block) 	Elapsed: 0.835	Loglikelihood: -257182	(delta): 0.561618
424 (QN/Block) 	Elapsed: 0.839	Loglikelihood: -257182	(delta): 0.373209
425 (QN/Block) 	Elapsed: 0.837	Loglikelihood: -257182	(delta): 0.0943319
426 (QN/Block) 	Elapsed: 0.838	Loglikelihood: -257182	(delta): 0.0813169
427 (QN/Block) 	Elapsed: 0.833	Loglikelihood: -257182	(delta): 0.121384
428 (QN/Block) 	Elapsed: 0.833	Loglikelihood: -257182	(delta): 0.0227441
429 (QN/Block) 	Elapsed: 0.833	Loglikelihood: -257182	(delta): 0.0563938
430 (QN/Block) 	Elapsed: 0.839	Loglikelihood: -257182	(delta): 0.0522985
431 (QN/Block) 	Elapsed: 0.839	Loglikelihood: -257181	(delta): 0.0763692
432 (QN/Block) 	Elapsed: 0.839	Loglikelihood: -257181	(delta): 0.0916205
433 (QN/Block) 	Elapsed: 0.838	Loglikelihood: -257181	(delta): 0.0810431
434 (QN/Block) 	Elapsed: 0.839	Loglikelihood: -257181	(delta): 0.0169539
435 (QN/Block) 	Elapsed: 0.839	Loglikelihood: -257181	(delta): 0.00713355
436 (QN/Block) 	Elapsed: 0.838	Loglikelihood: -257181	(delta): 0.00807255
437 (QN/Block) 	Elapsed: 0.839	Loglikelihood: -257181	(delta): 0.00998387
438 (QN/Block) 	Elapsed: 0.838	Loglikelihood: -257181	(delta): 0.00510602
439 (QN/Block) 	Elapsed: 0.833	Loglikelihood: -257181	(delta): 0.00436375
440 (QN/Block) 	Elapsed: 0.833	Loglikelihood: -257181	(delta): 0.00874572
441 (QN/Block) 	Elapsed: 0.835	Loglikelihood: -257181	(delta): 0.00161936
442 (QN/Block) 	Elapsed: 0.833	Loglikelihood: -257181	(delta): 0.00106957
443 (QN/Block) 	Elapsed: 0.833	Loglikelihood: -257181	(delta): 0.000453117
444 (QN/Block) 	Elapsed: 0.833	Loglikelihood: -257181	(delta): 0.000125523
445 (QN/Block) 	Elapsed: 0.833	Loglikelihood: -257181	(delta): 8.63571e-05
Summary: 
Converged in 445 iterations (375.779 sec)
Loglikelihood: -257181.220630
Fst divergences between estimated populations: 
	Pop0	Pop1	Pop2	Pop3	Pop4	Pop5	Pop6	Pop7	Pop8	Pop9	Pop10	Pop11	Pop12	Pop13	Pop14	
Pop0	
Pop1	0.481	
Pop2	0.491	0.113	
Pop3	0.468	0.105	0.119	
Pop4	0.487	0.094	0.109	0.101	
Pop5	0.096	0.485	0.497	0.474	0.489	
Pop6	0.484	0.093	0.096	0.098	0.074	0.488	
Pop7	0.133	0.461	0.481	0.453	0.472	0.151	0.469	
Pop8	0.485	0.105	0.117	0.109	0.118	0.491	0.094	0.471	
Pop9	0.470	0.080	0.088	0.095	0.078	0.476	0.067	0.456	0.095	
Pop10	0.102	0.479	0.488	0.467	0.483	0.105	0.481	0.135	0.483	0.469	
Pop11	0.475	0.099	0.097	0.095	0.093	0.481	0.085	0.464	0.097	0.076	0.471	
Pop12	0.492	0.115	0.119	0.114	0.110	0.497	0.102	0.476	0.126	0.097	0.485	0.102	
Pop13	0.096	0.493	0.503	0.476	0.500	0.104	0.496	0.139	0.494	0.482	0.098	0.486	0.501	
Pop14	0.483	0.093	0.088	0.103	0.087	0.489	0.082	0.469	0.095	0.069	0.476	0.087	0.103	0.494	
Pop15	0.477	0.112	0.104	0.124	0.113	0.482	0.108	0.462	0.109	0.099	0.474	0.101	0.118	0.487	0.107	
CV error (K=16): 0.19406
Writing output files.
