****                   ADMIXTURE Version 1.3.0                  ****
****                    Copyright 2008-2015                     ****
****           David Alexander, Suyash Shringarpure,            ****
****                John  Novembre, Ken Lange                   ****
****                                                            ****
****                 Please cite our paper!                     ****
****   Information at www.genetics.ucla.edu/software/admixture  ****

Cross-validation will be performed.  Folds=10.
Parallel execution requested.  Will use 20 threads.
Random seed: 43
Point estimation method: Block relaxation algorithm
Convergence acceleration algorithm: QuasiNewton, 3 secant conditions
Point estimation will terminate when objective function delta < 0.0001
Estimation of standard errors disabled; will compute point estimates only.
Size of G: 778x1726
Performing five EM steps to prime main algorithm
1 (EM) 	Elapsed: 0.45	Loglikelihood: -398455	(delta): 1.22106e+06
2 (EM) 	Elapsed: 0.45	Loglikelihood: -364680	(delta): 33775.2
3 (EM) 	Elapsed: 0.45	Loglikelihood: -360662	(delta): 4017.27
4 (EM) 	Elapsed: 0.449	Loglikelihood: -358331	(delta): 2331.66
5 (EM) 	Elapsed: 0.451	Loglikelihood: -356150	(delta): 2180.89
Initial loglikelihood: -356150
Starting main algorithm
1 (QN/Block) 	Elapsed: 0.728	Loglikelihood: -274747	(delta): 81402.6
2 (QN/Block) 	Elapsed: 0.721	Loglikelihood: -266733	(delta): 8014.61
3 (QN/Block) 	Elapsed: 0.727	Loglikelihood: -263600	(delta): 3132.92
4 (QN/Block) 	Elapsed: 0.727	Loglikelihood: -262096	(delta): 1503.88
5 (QN/Block) 	Elapsed: 0.727	Loglikelihood: -261494	(delta): 602.147
6 (QN/Block) 	Elapsed: 0.727	Loglikelihood: -261188	(delta): 305.192
7 (QN/Block) 	Elapsed: 0.726	Loglikelihood: -261019	(delta): 169.854
8 (QN/Block) 	Elapsed: 0.727	Loglikelihood: -260867	(delta): 151.52
9 (QN/Block) 	Elapsed: 0.728	Loglikelihood: -260776	(delta): 91.0152
10 (QN/Block) 	Elapsed: 0.728	Loglikelihood: -260702	(delta): 73.6034
11 (QN/Block) 	Elapsed: 0.727	Loglikelihood: -260639	(delta): 63.182
12 (QN/Block) 	Elapsed: 0.728	Loglikelihood: -260586	(delta): 53.3105
13 (QN/Block) 	Elapsed: 0.728	Loglikelihood: -260546	(delta): 39.8857
14 (QN/Block) 	Elapsed: 0.731	Loglikelihood: -260509	(delta): 37.2748
15 (QN/Block) 	Elapsed: 0.727	Loglikelihood: -260475	(delta): 33.9375
16 (QN/Block) 	Elapsed: 0.73	Loglikelihood: -260449	(delta): 26.1837
17 (QN/Block) 	Elapsed: 0.727	Loglikelihood: -260425	(delta): 24.0662
18 (QN/Block) 	Elapsed: 0.725	Loglikelihood: -260403	(delta): 21.6975
19 (QN/Block) 	Elapsed: 0.725	Loglikelihood: -260389	(delta): 14.0362
20 (QN/Block) 	Elapsed: 0.727	Loglikelihood: -260375	(delta): 14.243
21 (QN/Block) 	Elapsed: 0.727	Loglikelihood: -260363	(delta): 11.631
22 (QN/Block) 	Elapsed: 0.731	Loglikelihood: -260353	(delta): 9.53722
23 (QN/Block) 	Elapsed: 0.727	Loglikelihood: -260344	(delta): 9.8144
24 (QN/Block) 	Elapsed: 0.73	Loglikelihood: -260338	(delta): 5.8984
25 (QN/Block) 	Elapsed: 0.73	Loglikelihood: -260331	(delta): 6.48179
26 (QN/Block) 	Elapsed: 0.73	Loglikelihood: -260324	(delta): 7.49995
27 (QN/Block) 	Elapsed: 0.73	Loglikelihood: -260315	(delta): 8.77816
28 (QN/Block) 	Elapsed: 0.726	Loglikelihood: -260306	(delta): 8.97806
29 (QN/Block) 	Elapsed: 0.73	Loglikelihood: -260297	(delta): 9.19031
30 (QN/Block) 	Elapsed: 0.73	Loglikelihood: -260290	(delta): 6.92825
31 (QN/Block) 	Elapsed: 0.727	Loglikelihood: -260285	(delta): 4.94052
32 (QN/Block) 	Elapsed: 0.727	Loglikelihood: -260278	(delta): 6.57409
33 (QN/Block) 	Elapsed: 0.73	Loglikelihood: -260273	(delta): 5.39229
34 (QN/Block) 	Elapsed: 0.728	Loglikelihood: -260268	(delta): 5.32509
35 (QN/Block) 	Elapsed: 0.728	Loglikelihood: -260262	(delta): 5.14138
36 (QN/Block) 	Elapsed: 0.728	Loglikelihood: -260257	(delta): 5.1618
37 (QN/Block) 	Elapsed: 0.728	Loglikelihood: -260252	(delta): 5.01589
38 (QN/Block) 	Elapsed: 0.725	Loglikelihood: -260248	(delta): 4.47045
39 (QN/Block) 	Elapsed: 0.728	Loglikelihood: -260245	(delta): 3.15151
40 (QN/Block) 	Elapsed: 0.726	Loglikelihood: -260242	(delta): 2.77952
41 (QN/Block) 	Elapsed: 0.728	Loglikelihood: -260239	(delta): 2.78676
42 (QN/Block) 	Elapsed: 0.73	Loglikelihood: -260237	(delta): 1.87223
43 (QN/Block) 	Elapsed: 0.73	Loglikelihood: -260235	(delta): 2.03438
44 (QN/Block) 	Elapsed: 0.728	Loglikelihood: -260232	(delta): 2.78328
45 (QN/Block) 	Elapsed: 0.73	Loglikelihood: -260228	(delta): 4.26867
46 (QN/Block) 	Elapsed: 0.725	Loglikelihood: -260225	(delta): 3.01685
47 (QN/Block) 	Elapsed: 0.731	Loglikelihood: -260223	(delta): 2.24338
48 (QN/Block) 	Elapsed: 0.73	Loglikelihood: -260220	(delta): 2.42403
49 (QN/Block) 	Elapsed: 0.73	Loglikelihood: -260217	(delta): 3.09553
50 (QN/Block) 	Elapsed: 0.73	Loglikelihood: -260215	(delta): 2.50784
51 (QN/Block) 	Elapsed: 0.727	Loglikelihood: -260212	(delta): 3.0714
52 (QN/Block) 	Elapsed: 0.726	Loglikelihood: -260208	(delta): 3.57402
53 (QN/Block) 	Elapsed: 0.727	Loglikelihood: -260206	(delta): 2.53777
54 (QN/Block) 	Elapsed: 0.728	Loglikelihood: -260204	(delta): 1.85984
55 (QN/Block) 	Elapsed: 0.728	Loglikelihood: -260202	(delta): 1.5436
56 (QN/Block) 	Elapsed: 0.729	Loglikelihood: -260199	(delta): 3.46529
57 (QN/Block) 	Elapsed: 0.727	Loglikelihood: -260196	(delta): 2.96906
58 (QN/Block) 	Elapsed: 0.728	Loglikelihood: -260193	(delta): 2.87203
59 (QN/Block) 	Elapsed: 0.728	Loglikelihood: -260190	(delta): 3.28726
60 (QN/Block) 	Elapsed: 0.732	Loglikelihood: -260187	(delta): 2.32143
61 (QN/Block) 	Elapsed: 0.73	Loglikelihood: -260183	(delta): 4.05621
62 (QN/Block) 	Elapsed: 0.728	Loglikelihood: -260180	(delta): 3.51281
63 (QN/Block) 	Elapsed: 0.729	Loglikelihood: -260178	(delta): 2.27012
64 (QN/Block) 	Elapsed: 0.728	Loglikelihood: -260176	(delta): 1.41401
65 (QN/Block) 	Elapsed: 0.728	Loglikelihood: -260175	(delta): 1.31884
66 (QN/Block) 	Elapsed: 0.731	Loglikelihood: -260173	(delta): 1.98665
67 (QN/Block) 	Elapsed: 0.772	Loglikelihood: -260171	(delta): 1.42913
68 (QN/Block) 	Elapsed: 0.735	Loglikelihood: -260170	(delta): 1.16143
69 (QN/Block) 	Elapsed: 0.731	Loglikelihood: -260169	(delta): 0.943354
70 (QN/Block) 	Elapsed: 0.732	Loglikelihood: -260168	(delta): 1.36037
71 (QN/Block) 	Elapsed: 0.743	Loglikelihood: -260167	(delta): 0.597827
72 (QN/Block) 	Elapsed: 0.729	Loglikelihood: -260167	(delta): 0.480256
73 (QN/Block) 	Elapsed: 0.733	Loglikelihood: -260166	(delta): 0.648899
74 (QN/Block) 	Elapsed: 0.73	Loglikelihood: -260166	(delta): 0.450364
75 (QN/Block) 	Elapsed: 0.736	Loglikelihood: -260165	(delta): 0.605181
76 (QN/Block) 	Elapsed: 0.76	Loglikelihood: -260165	(delta): 0.367283
77 (QN/Block) 	Elapsed: 0.733	Loglikelihood: -260165	(delta): 0.205037
78 (QN/Block) 	Elapsed: 0.729	Loglikelihood: -260164	(delta): 0.154891
79 (QN/Block) 	Elapsed: 0.735	Loglikelihood: -260164	(delta): 0.169339
80 (QN/Block) 	Elapsed: 0.74	Loglikelihood: -260164	(delta): 0.334004
81 (QN/Block) 	Elapsed: 0.731	Loglikelihood: -260163	(delta): 0.419597
82 (QN/Block) 	Elapsed: 0.733	Loglikelihood: -260163	(delta): 0.374201
83 (QN/Block) 	Elapsed: 0.731	Loglikelihood: -260163	(delta): 0.301833
84 (QN/Block) 	Elapsed: 0.734	Loglikelihood: -260162	(delta): 0.425139
85 (QN/Block) 	Elapsed: 0.732	Loglikelihood: -260162	(delta): 0.483426
86 (QN/Block) 	Elapsed: 0.732	Loglikelihood: -260161	(delta): 0.843171
87 (QN/Block) 	Elapsed: 0.732	Loglikelihood: -260160	(delta): 0.680519
88 (QN/Block) 	Elapsed: 0.727	Loglikelihood: -260160	(delta): 0.830827
89 (QN/Block) 	Elapsed: 0.731	Loglikelihood: -260159	(delta): 0.37132
90 (QN/Block) 	Elapsed: 0.731	Loglikelihood: -260159	(delta): 0.35513
91 (QN/Block) 	Elapsed: 0.731	Loglikelihood: -260158	(delta): 0.556717
92 (QN/Block) 	Elapsed: 0.733	Loglikelihood: -260157	(delta): 0.813499
93 (QN/Block) 	Elapsed: 0.731	Loglikelihood: -260157	(delta): 0.345627
94 (QN/Block) 	Elapsed: 0.734	Loglikelihood: -260157	(delta): 0.313742
95 (QN/Block) 	Elapsed: 0.729	Loglikelihood: -260157	(delta): 0.171919
96 (QN/Block) 	Elapsed: 0.732	Loglikelihood: -260156	(delta): 0.14906
97 (QN/Block) 	Elapsed: 0.732	Loglikelihood: -260156	(delta): 0.0777066
98 (QN/Block) 	Elapsed: 0.731	Loglikelihood: -260156	(delta): 0.0913031
99 (QN/Block) 	Elapsed: 0.729	Loglikelihood: -260156	(delta): 0.183725
100 (QN/Block) 	Elapsed: 0.731	Loglikelihood: -260156	(delta): 0.243406
101 (QN/Block) 	Elapsed: 0.728	Loglikelihood: -260156	(delta): 0.163858
102 (QN/Block) 	Elapsed: 0.73	Loglikelihood: -260156	(delta): 0.105253
103 (QN/Block) 	Elapsed: 0.732	Loglikelihood: -260155	(delta): 0.255474
104 (QN/Block) 	Elapsed: 0.733	Loglikelihood: -260155	(delta): 0.207273
105 (QN/Block) 	Elapsed: 0.732	Loglikelihood: -260155	(delta): 0.134576
106 (QN/Block) 	Elapsed: 0.731	Loglikelihood: -260155	(delta): 0.123924
107 (QN/Block) 	Elapsed: 0.733	Loglikelihood: -260155	(delta): 0.0798352
108 (QN/Block) 	Elapsed: 0.731	Loglikelihood: -260155	(delta): 0.0427528
109 (QN/Block) 	Elapsed: 0.731	Loglikelihood: -260155	(delta): 0.0494123
110 (QN/Block) 	Elapsed: 0.735	Loglikelihood: -260155	(delta): 0.0701033
111 (QN/Block) 	Elapsed: 0.732	Loglikelihood: -260155	(delta): 0.103752
112 (QN/Block) 	Elapsed: 0.732	Loglikelihood: -260154	(delta): 0.10445
113 (QN/Block) 	Elapsed: 0.731	Loglikelihood: -260154	(delta): 0.052178
114 (QN/Block) 	Elapsed: 0.731	Loglikelihood: -260154	(delta): 0.0527703
115 (QN/Block) 	Elapsed: 0.732	Loglikelihood: -260154	(delta): 0.0578596
116 (QN/Block) 	Elapsed: 0.731	Loglikelihood: -260154	(delta): 0.0701812
117 (QN/Block) 	Elapsed: 0.732	Loglikelihood: -260154	(delta): 0.0890537
118 (QN/Block) 	Elapsed: 0.733	Loglikelihood: -260154	(delta): 0.230766
119 (QN/Block) 	Elapsed: 0.733	Loglikelihood: -260154	(delta): 0.221752
120 (QN/Block) 	Elapsed: 0.732	Loglikelihood: -260153	(delta): 0.22128
121 (QN/Block) 	Elapsed: 0.727	Loglikelihood: -260153	(delta): 0.169788
122 (QN/Block) 	Elapsed: 0.73	Loglikelihood: -260152	(delta): 0.943996
123 (QN/Block) 	Elapsed: 0.73	Loglikelihood: -260152	(delta): 0.472099
124 (QN/Block) 	Elapsed: 0.728	Loglikelihood: -260152	(delta): 0.240521
125 (QN/Block) 	Elapsed: 0.73	Loglikelihood: -260151	(delta): 0.524361
126 (QN/Block) 	Elapsed: 0.73	Loglikelihood: -260150	(delta): 0.777755
127 (QN/Block) 	Elapsed: 0.731	Loglikelihood: -260150	(delta): 0.598441
128 (QN/Block) 	Elapsed: 0.729	Loglikelihood: -260149	(delta): 0.316944
129 (QN/Block) 	Elapsed: 0.731	Loglikelihood: -260149	(delta): 0.252771
130 (QN/Block) 	Elapsed: 0.727	Loglikelihood: -260149	(delta): 0.15496
131 (QN/Block) 	Elapsed: 0.73	Loglikelihood: -260149	(delta): 0.255394
132 (QN/Block) 	Elapsed: 0.728	Loglikelihood: -260149	(delta): 0.107484
133 (QN/Block) 	Elapsed: 0.727	Loglikelihood: -260149	(delta): 0.0786297
134 (QN/Block) 	Elapsed: 0.726	Loglikelihood: -260148	(delta): 0.131245
135 (QN/Block) 	Elapsed: 0.728	Loglikelihood: -260148	(delta): 0.515973
136 (QN/Block) 	Elapsed: 0.729	Loglikelihood: -260147	(delta): 0.46376
137 (QN/Block) 	Elapsed: 0.732	Loglikelihood: -260147	(delta): 0.238337
138 (QN/Block) 	Elapsed: 0.731	Loglikelihood: -260147	(delta): 0.053452
139 (QN/Block) 	Elapsed: 0.731	Loglikelihood: -260147	(delta): 0.168016
140 (QN/Block) 	Elapsed: 0.732	Loglikelihood: -260144	(delta): 2.57749
141 (QN/Block) 	Elapsed: 0.732	Loglikelihood: -260144	(delta): 0.2589
142 (QN/Block) 	Elapsed: 0.73	Loglikelihood: -260144	(delta): 0.212528
143 (QN/Block) 	Elapsed: 0.729	Loglikelihood: -260144	(delta): 0.361174
144 (QN/Block) 	Elapsed: 0.732	Loglikelihood: -260143	(delta): 0.165307
145 (QN/Block) 	Elapsed: 0.731	Loglikelihood: -260143	(delta): 0.0597711
146 (QN/Block) 	Elapsed: 0.73	Loglikelihood: -260143	(delta): 0.0340029
147 (QN/Block) 	Elapsed: 0.728	Loglikelihood: -260143	(delta): 0.045738
148 (QN/Block) 	Elapsed: 0.728	Loglikelihood: -260143	(delta): 0.0238184
149 (QN/Block) 	Elapsed: 0.726	Loglikelihood: -260143	(delta): 0.056667
150 (QN/Block) 	Elapsed: 0.73	Loglikelihood: -260143	(delta): 0.0867956
151 (QN/Block) 	Elapsed: 0.729	Loglikelihood: -260143	(delta): 0.271619
152 (QN/Block) 	Elapsed: 0.731	Loglikelihood: -260142	(delta): 0.341745
153 (QN/Block) 	Elapsed: 0.731	Loglikelihood: -260142	(delta): 0.433049
154 (QN/Block) 	Elapsed: 0.732	Loglikelihood: -260142	(delta): 0.214496
155 (QN/Block) 	Elapsed: 0.73	Loglikelihood: -260142	(delta): 0.15633
156 (QN/Block) 	Elapsed: 0.729	Loglikelihood: -260141	(delta): 0.296173
157 (QN/Block) 	Elapsed: 0.731	Loglikelihood: -260141	(delta): 0.32739
158 (QN/Block) 	Elapsed: 0.731	Loglikelihood: -260141	(delta): 0.168691
159 (QN/Block) 	Elapsed: 0.73	Loglikelihood: -260141	(delta): 0.140496
160 (QN/Block) 	Elapsed: 0.732	Loglikelihood: -260140	(delta): 0.252773
161 (QN/Block) 	Elapsed: 0.73	Loglikelihood: -260140	(delta): 0.346272
162 (QN/Block) 	Elapsed: 0.731	Loglikelihood: -260139	(delta): 0.619867
163 (QN/Block) 	Elapsed: 0.731	Loglikelihood: -260139	(delta): 0.651964
164 (QN/Block) 	Elapsed: 0.73	Loglikelihood: -260139	(delta): 0.205608
165 (QN/Block) 	Elapsed: 0.73	Loglikelihood: -260139	(delta): 0.106088
166 (QN/Block) 	Elapsed: 0.73	Loglikelihood: -260138	(delta): 0.111895
167 (QN/Block) 	Elapsed: 0.732	Loglikelihood: -260138	(delta): 0.174652
168 (QN/Block) 	Elapsed: 0.73	Loglikelihood: -260138	(delta): 0.581362
169 (QN/Block) 	Elapsed: 0.727	Loglikelihood: -260137	(delta): 0.350255
170 (QN/Block) 	Elapsed: 0.725	Loglikelihood: -260137	(delta): 0.255472
171 (QN/Block) 	Elapsed: 0.727	Loglikelihood: -260137	(delta): 0.229653
172 (QN/Block) 	Elapsed: 0.73	Loglikelihood: -260137	(delta): 0.121777
173 (QN/Block) 	Elapsed: 0.731	Loglikelihood: -260137	(delta): 0.152241
174 (QN/Block) 	Elapsed: 0.73	Loglikelihood: -260136	(delta): 0.164216
175 (QN/Block) 	Elapsed: 0.73	Loglikelihood: -260136	(delta): 0.0560543
176 (QN/Block) 	Elapsed: 0.73	Loglikelihood: -260136	(delta): 0.0335945
177 (QN/Block) 	Elapsed: 0.731	Loglikelihood: -260136	(delta): 0.0395268
178 (QN/Block) 	Elapsed: 0.731	Loglikelihood: -260136	(delta): 0.0537308
179 (QN/Block) 	Elapsed: 0.76	Loglikelihood: -260136	(delta): 0.0746336
180 (QN/Block) 	Elapsed: 0.746	Loglikelihood: -260136	(delta): 0.230408
181 (QN/Block) 	Elapsed: 0.741	Loglikelihood: -260136	(delta): 0.0788715
182 (QN/Block) 	Elapsed: 0.739	Loglikelihood: -260136	(delta): 0.0392169
183 (QN/Block) 	Elapsed: 0.734	Loglikelihood: -260136	(delta): 0.0473477
184 (QN/Block) 	Elapsed: 0.737	Loglikelihood: -260136	(delta): 0.135831
185 (QN/Block) 	Elapsed: 0.744	Loglikelihood: -260136	(delta): 0.0486973
186 (QN/Block) 	Elapsed: 0.733	Loglikelihood: -260136	(delta): 0.0377071
187 (QN/Block) 	Elapsed: 0.743	Loglikelihood: -260135	(delta): 0.0504101
188 (QN/Block) 	Elapsed: 0.738	Loglikelihood: -260135	(delta): 0.0171118
189 (QN/Block) 	Elapsed: 0.734	Loglikelihood: -260135	(delta): 0.0102356
190 (QN/Block) 	Elapsed: 0.742	Loglikelihood: -260135	(delta): 0.0101743
191 (QN/Block) 	Elapsed: 0.741	Loglikelihood: -260135	(delta): 0.0113556
192 (QN/Block) 	Elapsed: 0.746	Loglikelihood: -260135	(delta): 0.014013
193 (QN/Block) 	Elapsed: 0.733	Loglikelihood: -260135	(delta): 0.0184532
194 (QN/Block) 	Elapsed: 0.735	Loglikelihood: -260135	(delta): 0.0251658
195 (QN/Block) 	Elapsed: 0.736	Loglikelihood: -260135	(delta): 0.032825
196 (QN/Block) 	Elapsed: 0.738	Loglikelihood: -260135	(delta): 0.0409407
197 (QN/Block) 	Elapsed: 0.736	Loglikelihood: -260135	(delta): 0.0533217
198 (QN/Block) 	Elapsed: 0.738	Loglikelihood: -260135	(delta): 0.0486287
199 (QN/Block) 	Elapsed: 0.733	Loglikelihood: -260135	(delta): 0.0723347
200 (QN/Block) 	Elapsed: 0.735	Loglikelihood: -260135	(delta): 0.0678666
201 (QN/Block) 	Elapsed: 0.735	Loglikelihood: -260135	(delta): 0.0173787
202 (QN/Block) 	Elapsed: 0.733	Loglikelihood: -260135	(delta): 0.0182042
203 (QN/Block) 	Elapsed: 0.733	Loglikelihood: -260135	(delta): 0.0185189
204 (QN/Block) 	Elapsed: 0.749	Loglikelihood: -260135	(delta): 0.0207439
205 (QN/Block) 	Elapsed: 0.739	Loglikelihood: -260135	(delta): 0.0244964
206 (QN/Block) 	Elapsed: 0.734	Loglikelihood: -260135	(delta): 0.0632313
207 (QN/Block) 	Elapsed: 0.733	Loglikelihood: -260135	(delta): 0.277416
208 (QN/Block) 	Elapsed: 0.733	Loglikelihood: -260135	(delta): 0.060878
209 (QN/Block) 	Elapsed: 0.737	Loglikelihood: -260134	(delta): 0.043198
210 (QN/Block) 	Elapsed: 0.735	Loglikelihood: -260134	(delta): 0.046563
211 (QN/Block) 	Elapsed: 0.733	Loglikelihood: -260134	(delta): 0.0629879
212 (QN/Block) 	Elapsed: 0.733	Loglikelihood: -260134	(delta): 0.0775322
213 (QN/Block) 	Elapsed: 0.735	Loglikelihood: -260134	(delta): 0.0448755
214 (QN/Block) 	Elapsed: 0.736	Loglikelihood: -260134	(delta): 0.0222111
215 (QN/Block) 	Elapsed: 0.748	Loglikelihood: -260134	(delta): 0.0163638
216 (QN/Block) 	Elapsed: 0.738	Loglikelihood: -260134	(delta): 0.0159216
217 (QN/Block) 	Elapsed: 0.735	Loglikelihood: -260134	(delta): 0.0102179
218 (QN/Block) 	Elapsed: 0.735	Loglikelihood: -260134	(delta): 0.0173808
219 (QN/Block) 	Elapsed: 0.745	Loglikelihood: -260134	(delta): 0.031657
220 (QN/Block) 	Elapsed: 0.736	Loglikelihood: -260134	(delta): 0.00861613
221 (QN/Block) 	Elapsed: 0.748	Loglikelihood: -260134	(delta): 0.0122711
222 (QN/Block) 	Elapsed: 0.744	Loglikelihood: -260134	(delta): 0.013637
223 (QN/Block) 	Elapsed: 0.738	Loglikelihood: -260134	(delta): 0.00881582
224 (QN/Block) 	Elapsed: 0.74	Loglikelihood: -260134	(delta): 0.00946026
225 (QN/Block) 	Elapsed: 0.734	Loglikelihood: -260134	(delta): 0.0099594
226 (QN/Block) 	Elapsed: 0.739	Loglikelihood: -260134	(delta): 0.0102112
227 (QN/Block) 	Elapsed: 0.744	Loglikelihood: -260134	(delta): 0.00706694
228 (QN/Block) 	Elapsed: 0.733	Loglikelihood: -260134	(delta): 0.00367832
229 (QN/Block) 	Elapsed: 0.738	Loglikelihood: -260134	(delta): 0.00372585
230 (QN/Block) 	Elapsed: 0.741	Loglikelihood: -260134	(delta): 0.00393484
231 (QN/Block) 	Elapsed: 0.749	Loglikelihood: -260134	(delta): 0.00421033
232 (QN/Block) 	Elapsed: 0.744	Loglikelihood: -260134	(delta): 0.00452173
233 (QN/Block) 	Elapsed: 0.742	Loglikelihood: -260134	(delta): 0.00486651
234 (QN/Block) 	Elapsed: 0.746	Loglikelihood: -260134	(delta): 0.00523974
235 (QN/Block) 	Elapsed: 0.744	Loglikelihood: -260134	(delta): 0.0056432
236 (QN/Block) 	Elapsed: 0.743	Loglikelihood: -260134	(delta): 0.00607259
237 (QN/Block) 	Elapsed: 0.754	Loglikelihood: -260134	(delta): 0.00584886
238 (QN/Block) 	Elapsed: 0.746	Loglikelihood: -260134	(delta): 0.00554994
239 (QN/Block) 	Elapsed: 0.753	Loglikelihood: -260134	(delta): 0.00577421
240 (QN/Block) 	Elapsed: 0.747	Loglikelihood: -260134	(delta): 0.00238839
241 (QN/Block) 	Elapsed: 0.744	Loglikelihood: -260134	(delta): 0.00180531
242 (QN/Block) 	Elapsed: 0.741	Loglikelihood: -260134	(delta): 0.00129983
243 (QN/Block) 	Elapsed: 0.745	Loglikelihood: -260134	(delta): 0.000463468
244 (QN/Block) 	Elapsed: 0.742	Loglikelihood: -260134	(delta): 0.00035612
245 (QN/Block) 	Elapsed: 0.73	Loglikelihood: -260134	(delta): 0.000180484
246 (QN/Block) 	Elapsed: 0.737	Loglikelihood: -260134	(delta): 0.000115418
247 (QN/Block) 	Elapsed: 0.747	Loglikelihood: -260134	(delta): 4.48086e-05
Summary: 
Converged in 247 iterations (183.757 sec)
Loglikelihood: -260134.002089
Fst divergences between estimated populations: 
	Pop0	Pop1	Pop2	Pop3	Pop4	Pop5	Pop6	Pop7	Pop8	Pop9	Pop10	Pop11	
Pop0	
Pop1	0.077	
Pop2	0.087	0.098	
Pop3	0.089	0.083	0.101	
Pop4	0.074	0.074	0.089	0.082	
Pop5	0.488	0.485	0.479	0.477	0.480	
Pop6	0.485	0.483	0.472	0.472	0.479	0.093	
Pop7	0.073	0.071	0.093	0.079	0.071	0.478	0.473	
Pop8	0.068	0.066	0.083	0.073	0.060	0.468	0.465	0.063	
Pop9	0.472	0.471	0.462	0.461	0.468	0.112	0.084	0.462	0.457	
Pop10	0.481	0.478	0.471	0.471	0.473	0.095	0.079	0.471	0.462	0.101	
Pop11	0.090	0.083	0.091	0.079	0.084	0.463	0.461	0.081	0.069	0.452	0.458	
Pop12	0.103	0.097	0.113	0.105	0.110	0.486	0.484	0.099	0.089	0.473	0.480	0.096	
CV error (K=13): 0.19111
Writing output files.
