****                   ADMIXTURE Version 1.3.0                  ****
****                    Copyright 2008-2015                     ****
****           David Alexander, Suyash Shringarpure,            ****
****                John  Novembre, Ken Lange                   ****
****                                                            ****
****                 Please cite our paper!                     ****
****   Information at www.genetics.ucla.edu/software/admixture  ****

Cross-validation will be performed.  Folds=10.
Parallel execution requested.  Will use 20 threads.
Random seed: 43
Point estimation method: Block relaxation algorithm
Convergence acceleration algorithm: QuasiNewton, 3 secant conditions
Point estimation will terminate when objective function delta < 0.0001
Estimation of standard errors disabled; will compute point estimates only.
Size of G: 778x1726
Performing five EM steps to prime main algorithm
1 (EM) 	Elapsed: 0.091	Loglikelihood: -379187	(delta): 1.54854e+06
2 (EM) 	Elapsed: 0.091	Loglikelihood: -363685	(delta): 15501.3
3 (EM) 	Elapsed: 0.091	Loglikelihood: -361082	(delta): 2602.92
4 (EM) 	Elapsed: 0.091	Loglikelihood: -359846	(delta): 1236.23
5 (EM) 	Elapsed: 0.09	Loglikelihood: -359250	(delta): 595.883
Initial loglikelihood: -359250
Starting main algorithm
1 (QN/Block) 	Elapsed: 0.18	Loglikelihood: -324447	(delta): 34803.2
2 (QN/Block) 	Elapsed: 0.18	Loglikelihood: -296768	(delta): 27679.4
3 (QN/Block) 	Elapsed: 0.182	Loglikelihood: -289438	(delta): 7330.02
4 (QN/Block) 	Elapsed: 0.184	Loglikelihood: -282571	(delta): 6866.95
5 (QN/Block) 	Elapsed: 0.183	Loglikelihood: -277060	(delta): 5510.92
6 (QN/Block) 	Elapsed: 0.183	Loglikelihood: -276400	(delta): 659.904
7 (QN/Block) 	Elapsed: 0.183	Loglikelihood: -276277	(delta): 123.482
8 (QN/Block) 	Elapsed: 0.183	Loglikelihood: -276254	(delta): 22.2657
9 (QN/Block) 	Elapsed: 0.182	Loglikelihood: -276250	(delta): 4.06821
10 (QN/Block) 	Elapsed: 0.181	Loglikelihood: -276250	(delta): 0.513505
11 (QN/Block) 	Elapsed: 0.181	Loglikelihood: -276250	(delta): 0.0262946
12 (QN/Block) 	Elapsed: 0.181	Loglikelihood: -276250	(delta): 0.0154814
13 (QN/Block) 	Elapsed: 0.181	Loglikelihood: -276250	(delta): 0.0110211
14 (QN/Block) 	Elapsed: 0.203	Loglikelihood: -276250	(delta): 0.00229568
15 (QN/Block) 	Elapsed: 0.184	Loglikelihood: -276250	(delta): 6.85612e-05
Summary: 
Converged in 15 iterations (3.236 sec)
Loglikelihood: -276249.646109
Fst divergences between estimated populations: 
	Pop0	
Pop0	
Pop1	0.432	
CV error (K=2): 0.17534
Writing output files.
