****                   ADMIXTURE Version 1.3.0                  ****
****                    Copyright 2008-2015                     ****
****           David Alexander, Suyash Shringarpure,            ****
****                John  Novembre, Ken Lange                   ****
****                                                            ****
****                 Please cite our paper!                     ****
****   Information at www.genetics.ucla.edu/software/admixture  ****

Cross-validation will be performed.  Folds=10.
Parallel execution requested.  Will use 20 threads.
Random seed: 43
Point estimation method: Block relaxation algorithm
Convergence acceleration algorithm: QuasiNewton, 3 secant conditions
Point estimation will terminate when objective function delta < 0.0001
Estimation of standard errors disabled; will compute point estimates only.
Size of G: 778x1726
Performing five EM steps to prime main algorithm
1 (EM) 	Elapsed: 0.818	Loglikelihood: -398049	(delta): 1.19755e+06
2 (EM) 	Elapsed: 0.816	Loglikelihood: -363413	(delta): 34636.2
3 (EM) 	Elapsed: 0.818	Loglikelihood: -359573	(delta): 3840.18
4 (EM) 	Elapsed: 0.816	Loglikelihood: -357397	(delta): 2176
5 (EM) 	Elapsed: 0.816	Loglikelihood: -355349	(delta): 2047.42
Initial loglikelihood: -355349
Starting main algorithm
1 (QN/Block) 	Elapsed: 0.952	Loglikelihood: -269214	(delta): 86135.4
2 (QN/Block) 	Elapsed: 0.934	Loglikelihood: -261290	(delta): 7923.86
3 (QN/Block) 	Elapsed: 0.94	Loglikelihood: -258224	(delta): 3065.81
4 (QN/Block) 	Elapsed: 0.939	Loglikelihood: -256620	(delta): 1604
5 (QN/Block) 	Elapsed: 0.938	Loglikelihood: -255990	(delta): 629.775
6 (QN/Block) 	Elapsed: 0.939	Loglikelihood: -255657	(delta): 333.157
7 (QN/Block) 	Elapsed: 0.942	Loglikelihood: -255459	(delta): 197.847
8 (QN/Block) 	Elapsed: 0.938	Loglikelihood: -255274	(delta): 185.157
9 (QN/Block) 	Elapsed: 0.94	Loglikelihood: -255168	(delta): 106.686
10 (QN/Block) 	Elapsed: 0.938	Loglikelihood: -255095	(delta): 72.2699
11 (QN/Block) 	Elapsed: 0.941	Loglikelihood: -255042	(delta): 53.2636
12 (QN/Block) 	Elapsed: 0.94	Loglikelihood: -254980	(delta): 62.3429
13 (QN/Block) 	Elapsed: 0.939	Loglikelihood: -254924	(delta): 56.2118
14 (QN/Block) 	Elapsed: 0.938	Loglikelihood: -254865	(delta): 58.6391
15 (QN/Block) 	Elapsed: 0.937	Loglikelihood: -254830	(delta): 34.5657
16 (QN/Block) 	Elapsed: 0.938	Loglikelihood: -254796	(delta): 34.0641
17 (QN/Block) 	Elapsed: 0.939	Loglikelihood: -254770	(delta): 26.2576
18 (QN/Block) 	Elapsed: 0.938	Loglikelihood: -254753	(delta): 17.1718
19 (QN/Block) 	Elapsed: 0.939	Loglikelihood: -254737	(delta): 16.1932
20 (QN/Block) 	Elapsed: 0.944	Loglikelihood: -254723	(delta): 13.6564
21 (QN/Block) 	Elapsed: 0.942	Loglikelihood: -254710	(delta): 13.2649
22 (QN/Block) 	Elapsed: 0.944	Loglikelihood: -254695	(delta): 14.9474
23 (QN/Block) 	Elapsed: 0.939	Loglikelihood: -254678	(delta): 16.7955
24 (QN/Block) 	Elapsed: 0.938	Loglikelihood: -254665	(delta): 12.4968
25 (QN/Block) 	Elapsed: 0.941	Loglikelihood: -254657	(delta): 8.56088
26 (QN/Block) 	Elapsed: 0.94	Loglikelihood: -254645	(delta): 11.9013
27 (QN/Block) 	Elapsed: 0.942	Loglikelihood: -254634	(delta): 10.5753
28 (QN/Block) 	Elapsed: 0.94	Loglikelihood: -254621	(delta): 13.3941
29 (QN/Block) 	Elapsed: 0.94	Loglikelihood: -254611	(delta): 10.4809
30 (QN/Block) 	Elapsed: 0.939	Loglikelihood: -254600	(delta): 10.3649
31 (QN/Block) 	Elapsed: 0.944	Loglikelihood: -254586	(delta): 14.4196
32 (QN/Block) 	Elapsed: 0.937	Loglikelihood: -254573	(delta): 13.1146
33 (QN/Block) 	Elapsed: 0.94	Loglikelihood: -254563	(delta): 10.0893
34 (QN/Block) 	Elapsed: 0.939	Loglikelihood: -254556	(delta): 6.9934
35 (QN/Block) 	Elapsed: 0.939	Loglikelihood: -254548	(delta): 7.15663
36 (QN/Block) 	Elapsed: 0.937	Loglikelihood: -254539	(delta): 9.48292
37 (QN/Block) 	Elapsed: 0.937	Loglikelihood: -254529	(delta): 9.73917
38 (QN/Block) 	Elapsed: 0.937	Loglikelihood: -254523	(delta): 6.36992
39 (QN/Block) 	Elapsed: 0.937	Loglikelihood: -254517	(delta): 6.12473
40 (QN/Block) 	Elapsed: 0.939	Loglikelihood: -254509	(delta): 7.43626
41 (QN/Block) 	Elapsed: 0.94	Loglikelihood: -254503	(delta): 6.44945
42 (QN/Block) 	Elapsed: 0.943	Loglikelihood: -254498	(delta): 4.93496
43 (QN/Block) 	Elapsed: 0.942	Loglikelihood: -254494	(delta): 4.15333
44 (QN/Block) 	Elapsed: 0.939	Loglikelihood: -254490	(delta): 3.97922
45 (QN/Block) 	Elapsed: 0.939	Loglikelihood: -254484	(delta): 5.98224
46 (QN/Block) 	Elapsed: 0.941	Loglikelihood: -254480	(delta): 4.15272
47 (QN/Block) 	Elapsed: 0.943	Loglikelihood: -254476	(delta): 4.00921
48 (QN/Block) 	Elapsed: 0.944	Loglikelihood: -254471	(delta): 4.64918
49 (QN/Block) 	Elapsed: 0.943	Loglikelihood: -254466	(delta): 5.43081
50 (QN/Block) 	Elapsed: 0.937	Loglikelihood: -254461	(delta): 4.52743
51 (QN/Block) 	Elapsed: 0.938	Loglikelihood: -254457	(delta): 4.39712
52 (QN/Block) 	Elapsed: 0.94	Loglikelihood: -254450	(delta): 7.03014
53 (QN/Block) 	Elapsed: 0.937	Loglikelihood: -254445	(delta): 4.3949
54 (QN/Block) 	Elapsed: 0.94	Loglikelihood: -254442	(delta): 3.52338
55 (QN/Block) 	Elapsed: 0.941	Loglikelihood: -254439	(delta): 3.0315
56 (QN/Block) 	Elapsed: 0.943	Loglikelihood: -254435	(delta): 3.26776
57 (QN/Block) 	Elapsed: 0.944	Loglikelihood: -254433	(delta): 2.41024
58 (QN/Block) 	Elapsed: 0.943	Loglikelihood: -254428	(delta): 4.61145
59 (QN/Block) 	Elapsed: 0.941	Loglikelihood: -254420	(delta): 8.27753
60 (QN/Block) 	Elapsed: 0.941	Loglikelihood: -254415	(delta): 5.40976
61 (QN/Block) 	Elapsed: 0.937	Loglikelihood: -254407	(delta): 7.50653
62 (QN/Block) 	Elapsed: 0.941	Loglikelihood: -254401	(delta): 6.21965
63 (QN/Block) 	Elapsed: 0.941	Loglikelihood: -254393	(delta): 8.12273
64 (QN/Block) 	Elapsed: 0.939	Loglikelihood: -254379	(delta): 13.4606
65 (QN/Block) 	Elapsed: 0.941	Loglikelihood: -254369	(delta): 9.96692
66 (QN/Block) 	Elapsed: 0.935	Loglikelihood: -254362	(delta): 7.75353
67 (QN/Block) 	Elapsed: 0.937	Loglikelihood: -254355	(delta): 6.33585
68 (QN/Block) 	Elapsed: 0.937	Loglikelihood: -254350	(delta): 5.78205
69 (QN/Block) 	Elapsed: 0.941	Loglikelihood: -254345	(delta): 4.74361
70 (QN/Block) 	Elapsed: 0.94	Loglikelihood: -254340	(delta): 5.19419
71 (QN/Block) 	Elapsed: 0.935	Loglikelihood: -254333	(delta): 6.63039
72 (QN/Block) 	Elapsed: 0.937	Loglikelihood: -254329	(delta): 4.41446
73 (QN/Block) 	Elapsed: 0.935	Loglikelihood: -254324	(delta): 4.13321
74 (QN/Block) 	Elapsed: 0.937	Loglikelihood: -254319	(delta): 5.49117
75 (QN/Block) 	Elapsed: 0.941	Loglikelihood: -254316	(delta): 3.27707
76 (QN/Block) 	Elapsed: 0.942	Loglikelihood: -254313	(delta): 2.33786
77 (QN/Block) 	Elapsed: 0.938	Loglikelihood: -254311	(delta): 2.14323
78 (QN/Block) 	Elapsed: 0.938	Loglikelihood: -254309	(delta): 1.87015
79 (QN/Block) 	Elapsed: 0.941	Loglikelihood: -254307	(delta): 2.13195
80 (QN/Block) 	Elapsed: 0.938	Loglikelihood: -254303	(delta): 4.35524
81 (QN/Block) 	Elapsed: 0.937	Loglikelihood: -254299	(delta): 3.5842
82 (QN/Block) 	Elapsed: 0.935	Loglikelihood: -254296	(delta): 2.95042
83 (QN/Block) 	Elapsed: 0.942	Loglikelihood: -254294	(delta): 2.27558
84 (QN/Block) 	Elapsed: 0.941	Loglikelihood: -254291	(delta): 2.69442
85 (QN/Block) 	Elapsed: 0.956	Loglikelihood: -254289	(delta): 2.51134
86 (QN/Block) 	Elapsed: 0.959	Loglikelihood: -254286	(delta): 2.80337
87 (QN/Block) 	Elapsed: 0.947	Loglikelihood: -254284	(delta): 2.17476
88 (QN/Block) 	Elapsed: 0.949	Loglikelihood: -254282	(delta): 1.97226
89 (QN/Block) 	Elapsed: 0.948	Loglikelihood: -254280	(delta): 1.97483
90 (QN/Block) 	Elapsed: 0.941	Loglikelihood: -254277	(delta): 2.8953
91 (QN/Block) 	Elapsed: 0.942	Loglikelihood: -254275	(delta): 1.78963
92 (QN/Block) 	Elapsed: 0.941	Loglikelihood: -254273	(delta): 2.18445
93 (QN/Block) 	Elapsed: 0.944	Loglikelihood: -254271	(delta): 2.263
94 (QN/Block) 	Elapsed: 0.949	Loglikelihood: -254269	(delta): 2.11361
95 (QN/Block) 	Elapsed: 0.947	Loglikelihood: -254267	(delta): 1.70951
96 (QN/Block) 	Elapsed: 0.949	Loglikelihood: -254265	(delta): 1.49426
97 (QN/Block) 	Elapsed: 0.951	Loglikelihood: -254264	(delta): 1.29451
98 (QN/Block) 	Elapsed: 0.947	Loglikelihood: -254262	(delta): 1.64805
99 (QN/Block) 	Elapsed: 0.944	Loglikelihood: -254261	(delta): 1.91835
100 (QN/Block) 	Elapsed: 0.946	Loglikelihood: -254259	(delta): 1.16395
101 (QN/Block) 	Elapsed: 0.949	Loglikelihood: -254259	(delta): 0.732582
102 (QN/Block) 	Elapsed: 0.952	Loglikelihood: -254258	(delta): 0.798607
103 (QN/Block) 	Elapsed: 0.951	Loglikelihood: -254256	(delta): 1.43402
104 (QN/Block) 	Elapsed: 0.941	Loglikelihood: -254255	(delta): 0.928862
105 (QN/Block) 	Elapsed: 0.946	Loglikelihood: -254253	(delta): 2.26867
106 (QN/Block) 	Elapsed: 0.942	Loglikelihood: -254251	(delta): 2.10891
107 (QN/Block) 	Elapsed: 0.946	Loglikelihood: -254249	(delta): 2.42091
108 (QN/Block) 	Elapsed: 0.949	Loglikelihood: -254247	(delta): 2.05104
109 (QN/Block) 	Elapsed: 0.943	Loglikelihood: -254245	(delta): 1.42943
110 (QN/Block) 	Elapsed: 0.946	Loglikelihood: -254243	(delta): 1.79028
111 (QN/Block) 	Elapsed: 0.948	Loglikelihood: -254242	(delta): 1.0478
112 (QN/Block) 	Elapsed: 0.94	Loglikelihood: -254242	(delta): 0.74579
113 (QN/Block) 	Elapsed: 0.945	Loglikelihood: -254241	(delta): 0.653079
114 (QN/Block) 	Elapsed: 0.941	Loglikelihood: -254239	(delta): 1.54868
115 (QN/Block) 	Elapsed: 0.947	Loglikelihood: -254237	(delta): 2.21963
116 (QN/Block) 	Elapsed: 0.943	Loglikelihood: -254236	(delta): 1.34632
117 (QN/Block) 	Elapsed: 0.942	Loglikelihood: -254235	(delta): 0.810867
118 (QN/Block) 	Elapsed: 0.947	Loglikelihood: -254234	(delta): 1.07039
119 (QN/Block) 	Elapsed: 0.945	Loglikelihood: -254233	(delta): 0.726958
120 (QN/Block) 	Elapsed: 0.946	Loglikelihood: -254232	(delta): 0.800936
121 (QN/Block) 	Elapsed: 0.944	Loglikelihood: -254232	(delta): 0.778034
122 (QN/Block) 	Elapsed: 0.942	Loglikelihood: -254231	(delta): 0.651253
123 (QN/Block) 	Elapsed: 0.947	Loglikelihood: -254230	(delta): 0.880297
124 (QN/Block) 	Elapsed: 0.946	Loglikelihood: -254229	(delta): 0.781165
125 (QN/Block) 	Elapsed: 0.946	Loglikelihood: -254228	(delta): 1.05486
126 (QN/Block) 	Elapsed: 0.94	Loglikelihood: -254227	(delta): 1.66471
127 (QN/Block) 	Elapsed: 0.943	Loglikelihood: -254226	(delta): 1.08389
128 (QN/Block) 	Elapsed: 0.947	Loglikelihood: -254225	(delta): 0.852941
129 (QN/Block) 	Elapsed: 0.942	Loglikelihood: -254224	(delta): 0.98266
130 (QN/Block) 	Elapsed: 0.942	Loglikelihood: -254223	(delta): 1.18778
131 (QN/Block) 	Elapsed: 0.948	Loglikelihood: -254221	(delta): 1.02487
132 (QN/Block) 	Elapsed: 0.946	Loglikelihood: -254221	(delta): 0.937615
133 (QN/Block) 	Elapsed: 0.946	Loglikelihood: -254220	(delta): 0.917481
134 (QN/Block) 	Elapsed: 0.948	Loglikelihood: -254217	(delta): 2.77333
135 (QN/Block) 	Elapsed: 0.949	Loglikelihood: -254215	(delta): 1.74702
136 (QN/Block) 	Elapsed: 0.946	Loglikelihood: -254214	(delta): 1.17092
137 (QN/Block) 	Elapsed: 0.947	Loglikelihood: -254213	(delta): 1.11003
138 (QN/Block) 	Elapsed: 0.95	Loglikelihood: -254212	(delta): 0.804489
139 (QN/Block) 	Elapsed: 0.944	Loglikelihood: -254211	(delta): 0.706797
140 (QN/Block) 	Elapsed: 0.946	Loglikelihood: -254211	(delta): 0.483873
141 (QN/Block) 	Elapsed: 0.942	Loglikelihood: -254210	(delta): 0.434875
142 (QN/Block) 	Elapsed: 0.947	Loglikelihood: -254210	(delta): 0.715799
143 (QN/Block) 	Elapsed: 0.951	Loglikelihood: -254208	(delta): 1.25807
144 (QN/Block) 	Elapsed: 0.946	Loglikelihood: -254207	(delta): 1.33616
145 (QN/Block) 	Elapsed: 0.948	Loglikelihood: -254204	(delta): 3.2412
146 (QN/Block) 	Elapsed: 0.948	Loglikelihood: -254200	(delta): 3.75616
147 (QN/Block) 	Elapsed: 0.949	Loglikelihood: -254198	(delta): 1.63822
148 (QN/Block) 	Elapsed: 0.949	Loglikelihood: -254197	(delta): 1.38794
149 (QN/Block) 	Elapsed: 0.946	Loglikelihood: -254196	(delta): 1.30105
150 (QN/Block) 	Elapsed: 0.946	Loglikelihood: -254195	(delta): 1.05614
151 (QN/Block) 	Elapsed: 0.942	Loglikelihood: -254193	(delta): 1.69306
152 (QN/Block) 	Elapsed: 0.944	Loglikelihood: -254191	(delta): 2.02809
153 (QN/Block) 	Elapsed: 0.942	Loglikelihood: -254190	(delta): 1.44933
154 (QN/Block) 	Elapsed: 0.941	Loglikelihood: -254187	(delta): 2.23037
155 (QN/Block) 	Elapsed: 0.943	Loglikelihood: -254186	(delta): 1.36713
156 (QN/Block) 	Elapsed: 0.946	Loglikelihood: -254185	(delta): 1.05897
157 (QN/Block) 	Elapsed: 0.947	Loglikelihood: -254184	(delta): 1.37446
158 (QN/Block) 	Elapsed: 0.946	Loglikelihood: -254183	(delta): 0.684408
159 (QN/Block) 	Elapsed: 0.951	Loglikelihood: -254182	(delta): 0.525316
160 (QN/Block) 	Elapsed: 0.947	Loglikelihood: -254182	(delta): 0.595433
161 (QN/Block) 	Elapsed: 0.946	Loglikelihood: -254181	(delta): 0.867671
162 (QN/Block) 	Elapsed: 0.946	Loglikelihood: -254180	(delta): 0.730195
163 (QN/Block) 	Elapsed: 0.948	Loglikelihood: -254180	(delta): 0.60636
164 (QN/Block) 	Elapsed: 0.946	Loglikelihood: -254179	(delta): 0.737913
165 (QN/Block) 	Elapsed: 0.946	Loglikelihood: -254178	(delta): 0.776265
166 (QN/Block) 	Elapsed: 0.944	Loglikelihood: -254177	(delta): 0.96566
167 (QN/Block) 	Elapsed: 0.948	Loglikelihood: -254176	(delta): 0.750035
168 (QN/Block) 	Elapsed: 0.946	Loglikelihood: -254174	(delta): 1.84413
169 (QN/Block) 	Elapsed: 0.947	Loglikelihood: -254173	(delta): 0.961476
170 (QN/Block) 	Elapsed: 0.942	Loglikelihood: -254173	(delta): 0.557328
171 (QN/Block) 	Elapsed: 0.942	Loglikelihood: -254173	(delta): 0.330436
172 (QN/Block) 	Elapsed: 0.942	Loglikelihood: -254172	(delta): 0.204301
173 (QN/Block) 	Elapsed: 0.942	Loglikelihood: -254172	(delta): 0.141108
174 (QN/Block) 	Elapsed: 0.943	Loglikelihood: -254172	(delta): 0.125712
175 (QN/Block) 	Elapsed: 0.939	Loglikelihood: -254172	(delta): 0.138757
176 (QN/Block) 	Elapsed: 0.944	Loglikelihood: -254172	(delta): 0.134023
177 (QN/Block) 	Elapsed: 0.947	Loglikelihood: -254172	(delta): 0.292563
178 (QN/Block) 	Elapsed: 0.942	Loglikelihood: -254171	(delta): 0.111713
179 (QN/Block) 	Elapsed: 0.946	Loglikelihood: -254171	(delta): 0.173541
180 (QN/Block) 	Elapsed: 0.951	Loglikelihood: -254171	(delta): 0.0732123
181 (QN/Block) 	Elapsed: 0.946	Loglikelihood: -254171	(delta): 0.0656578
182 (QN/Block) 	Elapsed: 0.949	Loglikelihood: -254171	(delta): 0.0748093
183 (QN/Block) 	Elapsed: 0.956	Loglikelihood: -254171	(delta): 0.0906434
184 (QN/Block) 	Elapsed: 0.944	Loglikelihood: -254171	(delta): 0.125099
185 (QN/Block) 	Elapsed: 0.948	Loglikelihood: -254171	(delta): 0.101896
186 (QN/Block) 	Elapsed: 0.947	Loglikelihood: -254171	(delta): 0.0457113
187 (QN/Block) 	Elapsed: 0.946	Loglikelihood: -254171	(delta): 0.0355086
188 (QN/Block) 	Elapsed: 0.948	Loglikelihood: -254171	(delta): 0.0394408
189 (QN/Block) 	Elapsed: 0.94	Loglikelihood: -254171	(delta): 0.0274649
190 (QN/Block) 	Elapsed: 0.946	Loglikelihood: -254171	(delta): 0.0122502
191 (QN/Block) 	Elapsed: 0.941	Loglikelihood: -254171	(delta): 0.0363152
192 (QN/Block) 	Elapsed: 0.944	Loglikelihood: -254171	(delta): 0.032961
193 (QN/Block) 	Elapsed: 0.949	Loglikelihood: -254170	(delta): 0.0894466
194 (QN/Block) 	Elapsed: 0.941	Loglikelihood: -254170	(delta): 0.22895
195 (QN/Block) 	Elapsed: 0.942	Loglikelihood: -254170	(delta): 0.0474046
196 (QN/Block) 	Elapsed: 0.943	Loglikelihood: -254170	(delta): 0.0512393
197 (QN/Block) 	Elapsed: 0.95	Loglikelihood: -254170	(delta): 0.0634937
198 (QN/Block) 	Elapsed: 0.949	Loglikelihood: -254170	(delta): 0.0443292
199 (QN/Block) 	Elapsed: 0.944	Loglikelihood: -254170	(delta): 0.0491606
200 (QN/Block) 	Elapsed: 0.946	Loglikelihood: -254170	(delta): 0.0520096
201 (QN/Block) 	Elapsed: 0.947	Loglikelihood: -254170	(delta): 0.00914627
202 (QN/Block) 	Elapsed: 0.942	Loglikelihood: -254170	(delta): 0.0164789
203 (QN/Block) 	Elapsed: 0.944	Loglikelihood: -254170	(delta): 0.00585931
204 (QN/Block) 	Elapsed: 0.947	Loglikelihood: -254170	(delta): 0.00814783
205 (QN/Block) 	Elapsed: 0.939	Loglikelihood: -254170	(delta): 0.00187901
206 (QN/Block) 	Elapsed: 0.941	Loglikelihood: -254170	(delta): 0.00220425
207 (QN/Block) 	Elapsed: 0.942	Loglikelihood: -254170	(delta): 0.00455667
208 (QN/Block) 	Elapsed: 0.94	Loglikelihood: -254170	(delta): 0.00830117
209 (QN/Block) 	Elapsed: 0.946	Loglikelihood: -254170	(delta): 0.00474469
210 (QN/Block) 	Elapsed: 0.949	Loglikelihood: -254170	(delta): 0.00586118
211 (QN/Block) 	Elapsed: 0.97	Loglikelihood: -254170	(delta): 0.0153239
212 (QN/Block) 	Elapsed: 0.954	Loglikelihood: -254170	(delta): 0.0158993
213 (QN/Block) 	Elapsed: 0.949	Loglikelihood: -254170	(delta): 0.00636749
214 (QN/Block) 	Elapsed: 0.947	Loglikelihood: -254170	(delta): 0.00567108
215 (QN/Block) 	Elapsed: 0.947	Loglikelihood: -254170	(delta): 0.00753031
216 (QN/Block) 	Elapsed: 0.947	Loglikelihood: -254170	(delta): 0.0116332
217 (QN/Block) 	Elapsed: 0.948	Loglikelihood: -254170	(delta): 0.0234949
218 (QN/Block) 	Elapsed: 0.947	Loglikelihood: -254170	(delta): 0.100701
219 (QN/Block) 	Elapsed: 0.946	Loglikelihood: -254169	(delta): 0.212834
220 (QN/Block) 	Elapsed: 0.947	Loglikelihood: -254169	(delta): 0.048248
221 (QN/Block) 	Elapsed: 0.94	Loglikelihood: -254169	(delta): 0.0402268
222 (QN/Block) 	Elapsed: 0.94	Loglikelihood: -254169	(delta): 0.185914
223 (QN/Block) 	Elapsed: 0.941	Loglikelihood: -254169	(delta): 0.0945304
224 (QN/Block) 	Elapsed: 0.94	Loglikelihood: -254169	(delta): 0.0431446
225 (QN/Block) 	Elapsed: 0.94	Loglikelihood: -254169	(delta): 0.0498606
226 (QN/Block) 	Elapsed: 0.94	Loglikelihood: -254169	(delta): 0.0865928
227 (QN/Block) 	Elapsed: 0.94	Loglikelihood: -254169	(delta): 0.100918
228 (QN/Block) 	Elapsed: 0.947	Loglikelihood: -254169	(delta): 0.143405
229 (QN/Block) 	Elapsed: 0.947	Loglikelihood: -254169	(delta): 0.0934814
230 (QN/Block) 	Elapsed: 0.947	Loglikelihood: -254168	(delta): 0.245908
231 (QN/Block) 	Elapsed: 0.944	Loglikelihood: -254168	(delta): 0.346699
232 (QN/Block) 	Elapsed: 0.947	Loglikelihood: -254168	(delta): 0.231405
233 (QN/Block) 	Elapsed: 0.948	Loglikelihood: -254167	(delta): 0.217026
234 (QN/Block) 	Elapsed: 0.94	Loglikelihood: -254167	(delta): 0.481027
235 (QN/Block) 	Elapsed: 0.942	Loglikelihood: -254167	(delta): 0.170824
236 (QN/Block) 	Elapsed: 0.945	Loglikelihood: -254167	(delta): 0.0996065
237 (QN/Block) 	Elapsed: 0.94	Loglikelihood: -254167	(delta): 0.109962
238 (QN/Block) 	Elapsed: 0.941	Loglikelihood: -254166	(delta): 0.125896
239 (QN/Block) 	Elapsed: 0.947	Loglikelihood: -254166	(delta): 0.194085
240 (QN/Block) 	Elapsed: 0.947	Loglikelihood: -254166	(delta): 0.111727
241 (QN/Block) 	Elapsed: 0.947	Loglikelihood: -254166	(delta): 0.0798679
242 (QN/Block) 	Elapsed: 0.947	Loglikelihood: -254166	(delta): 0.201049
243 (QN/Block) 	Elapsed: 0.947	Loglikelihood: -254166	(delta): 0.0857793
244 (QN/Block) 	Elapsed: 0.947	Loglikelihood: -254166	(delta): 0.140736
245 (QN/Block) 	Elapsed: 0.947	Loglikelihood: -254166	(delta): 0.0499304
246 (QN/Block) 	Elapsed: 0.947	Loglikelihood: -254166	(delta): 0.0580303
247 (QN/Block) 	Elapsed: 0.948	Loglikelihood: -254165	(delta): 0.111519
248 (QN/Block) 	Elapsed: 0.94	Loglikelihood: -254165	(delta): 0.0494069
249 (QN/Block) 	Elapsed: 0.947	Loglikelihood: -254165	(delta): 0.0418904
250 (QN/Block) 	Elapsed: 0.947	Loglikelihood: -254165	(delta): 0.119798
251 (QN/Block) 	Elapsed: 0.943	Loglikelihood: -254165	(delta): 0.0589053
252 (QN/Block) 	Elapsed: 0.946	Loglikelihood: -254165	(delta): 0.126867
253 (QN/Block) 	Elapsed: 0.947	Loglikelihood: -254165	(delta): 0.1739
254 (QN/Block) 	Elapsed: 0.946	Loglikelihood: -254165	(delta): 0.354655
255 (QN/Block) 	Elapsed: 0.947	Loglikelihood: -254164	(delta): 0.230069
256 (QN/Block) 	Elapsed: 0.948	Loglikelihood: -254164	(delta): 0.150167
257 (QN/Block) 	Elapsed: 0.947	Loglikelihood: -254164	(delta): 0.0895904
258 (QN/Block) 	Elapsed: 0.947	Loglikelihood: -254164	(delta): 0.257327
259 (QN/Block) 	Elapsed: 0.947	Loglikelihood: -254164	(delta): 0.129823
260 (QN/Block) 	Elapsed: 0.947	Loglikelihood: -254164	(delta): 0.150403
261 (QN/Block) 	Elapsed: 0.948	Loglikelihood: -254163	(delta): 0.118826
262 (QN/Block) 	Elapsed: 0.948	Loglikelihood: -254163	(delta): 0.062031
263 (QN/Block) 	Elapsed: 0.946	Loglikelihood: -254163	(delta): 0.0761821
264 (QN/Block) 	Elapsed: 0.947	Loglikelihood: -254163	(delta): 0.126683
265 (QN/Block) 	Elapsed: 0.947	Loglikelihood: -254163	(delta): 0.150626
266 (QN/Block) 	Elapsed: 0.947	Loglikelihood: -254163	(delta): 0.135008
267 (QN/Block) 	Elapsed: 0.947	Loglikelihood: -254163	(delta): 0.178804
268 (QN/Block) 	Elapsed: 0.947	Loglikelihood: -254162	(delta): 0.377836
269 (QN/Block) 	Elapsed: 0.947	Loglikelihood: -254162	(delta): 0.503763
270 (QN/Block) 	Elapsed: 0.947	Loglikelihood: -254162	(delta): 0.203272
271 (QN/Block) 	Elapsed: 0.945	Loglikelihood: -254161	(delta): 0.171688
272 (QN/Block) 	Elapsed: 0.944	Loglikelihood: -254161	(delta): 0.182233
273 (QN/Block) 	Elapsed: 0.945	Loglikelihood: -254161	(delta): 0.0866328
274 (QN/Block) 	Elapsed: 0.94	Loglikelihood: -254161	(delta): 0.11735
275 (QN/Block) 	Elapsed: 0.942	Loglikelihood: -254161	(delta): 0.069514
276 (QN/Block) 	Elapsed: 0.94	Loglikelihood: -254161	(delta): 0.082143
277 (QN/Block) 	Elapsed: 0.94	Loglikelihood: -254161	(delta): 0.0762812
278 (QN/Block) 	Elapsed: 0.947	Loglikelihood: -254161	(delta): 0.129702
279 (QN/Block) 	Elapsed: 0.946	Loglikelihood: -254161	(delta): 0.162562
280 (QN/Block) 	Elapsed: 0.947	Loglikelihood: -254160	(delta): 0.111621
281 (QN/Block) 	Elapsed: 0.946	Loglikelihood: -254160	(delta): 0.0524006
282 (QN/Block) 	Elapsed: 0.944	Loglikelihood: -254160	(delta): 0.0949409
283 (QN/Block) 	Elapsed: 0.944	Loglikelihood: -254160	(delta): 0.0663183
284 (QN/Block) 	Elapsed: 0.94	Loglikelihood: -254160	(delta): 0.0626986
285 (QN/Block) 	Elapsed: 0.94	Loglikelihood: -254160	(delta): 0.0427891
286 (QN/Block) 	Elapsed: 0.94	Loglikelihood: -254160	(delta): 0.0205179
287 (QN/Block) 	Elapsed: 0.94	Loglikelihood: -254160	(delta): 0.045994
288 (QN/Block) 	Elapsed: 0.947	Loglikelihood: -254160	(delta): 0.0175702
289 (QN/Block) 	Elapsed: 0.947	Loglikelihood: -254160	(delta): 0.0219583
290 (QN/Block) 	Elapsed: 0.947	Loglikelihood: -254160	(delta): 0.0308407
291 (QN/Block) 	Elapsed: 0.947	Loglikelihood: -254160	(delta): 0.0449805
292 (QN/Block) 	Elapsed: 0.946	Loglikelihood: -254160	(delta): 0.0522935
293 (QN/Block) 	Elapsed: 0.946	Loglikelihood: -254160	(delta): 0.0391168
294 (QN/Block) 	Elapsed: 0.946	Loglikelihood: -254160	(delta): 0.0218976
295 (QN/Block) 	Elapsed: 0.943	Loglikelihood: -254160	(delta): 0.0196345
296 (QN/Block) 	Elapsed: 0.943	Loglikelihood: -254160	(delta): 0.0546982
297 (QN/Block) 	Elapsed: 0.946	Loglikelihood: -254160	(delta): 0.0503856
298 (QN/Block) 	Elapsed: 0.947	Loglikelihood: -254160	(delta): 0.0404917
299 (QN/Block) 	Elapsed: 0.947	Loglikelihood: -254160	(delta): 0.044851
300 (QN/Block) 	Elapsed: 0.946	Loglikelihood: -254160	(delta): 0.0565154
301 (QN/Block) 	Elapsed: 0.94	Loglikelihood: -254159	(delta): 0.0299208
302 (QN/Block) 	Elapsed: 0.947	Loglikelihood: -254159	(delta): 0.0771593
303 (QN/Block) 	Elapsed: 0.947	Loglikelihood: -254159	(delta): 0.0264551
304 (QN/Block) 	Elapsed: 0.947	Loglikelihood: -254159	(delta): 0.0318562
305 (QN/Block) 	Elapsed: 0.946	Loglikelihood: -254159	(delta): 0.0449347
306 (QN/Block) 	Elapsed: 0.947	Loglikelihood: -254159	(delta): 0.0400143
307 (QN/Block) 	Elapsed: 0.946	Loglikelihood: -254159	(delta): 0.0152729
308 (QN/Block) 	Elapsed: 0.946	Loglikelihood: -254159	(delta): 0.00848021
309 (QN/Block) 	Elapsed: 0.947	Loglikelihood: -254159	(delta): 0.00606663
310 (QN/Block) 	Elapsed: 0.946	Loglikelihood: -254159	(delta): 0.00953393
311 (QN/Block) 	Elapsed: 0.947	Loglikelihood: -254159	(delta): 0.0154483
312 (QN/Block) 	Elapsed: 0.946	Loglikelihood: -254159	(delta): 0.0395301
313 (QN/Block) 	Elapsed: 0.946	Loglikelihood: -254159	(delta): 0.0395082
314 (QN/Block) 	Elapsed: 0.947	Loglikelihood: -254159	(delta): 0.201364
315 (QN/Block) 	Elapsed: 0.947	Loglikelihood: -254159	(delta): 0.431789
316 (QN/Block) 	Elapsed: 0.946	Loglikelihood: -254158	(delta): 0.123202
317 (QN/Block) 	Elapsed: 0.941	Loglikelihood: -254158	(delta): 0.0800459
318 (QN/Block) 	Elapsed: 0.944	Loglikelihood: -254158	(delta): 0.136139
319 (QN/Block) 	Elapsed: 0.947	Loglikelihood: -254158	(delta): 0.0639864
320 (QN/Block) 	Elapsed: 0.947	Loglikelihood: -254158	(delta): 0.054255
321 (QN/Block) 	Elapsed: 0.946	Loglikelihood: -254158	(delta): 0.0675772
322 (QN/Block) 	Elapsed: 0.947	Loglikelihood: -254158	(delta): 0.0881115
323 (QN/Block) 	Elapsed: 0.947	Loglikelihood: -254158	(delta): 0.125383
324 (QN/Block) 	Elapsed: 0.946	Loglikelihood: -254158	(delta): 0.190768
325 (QN/Block) 	Elapsed: 0.948	Loglikelihood: -254157	(delta): 0.228292
326 (QN/Block) 	Elapsed: 0.946	Loglikelihood: -254157	(delta): 0.289622
327 (QN/Block) 	Elapsed: 0.947	Loglikelihood: -254157	(delta): 0.335994
328 (QN/Block) 	Elapsed: 0.947	Loglikelihood: -254156	(delta): 0.548552
329 (QN/Block) 	Elapsed: 0.944	Loglikelihood: -254156	(delta): 0.546663
330 (QN/Block) 	Elapsed: 0.948	Loglikelihood: -254155	(delta): 0.441878
331 (QN/Block) 	Elapsed: 0.947	Loglikelihood: -254155	(delta): 0.349393
332 (QN/Block) 	Elapsed: 0.946	Loglikelihood: -254155	(delta): 0.264635
333 (QN/Block) 	Elapsed: 0.94	Loglikelihood: -254154	(delta): 0.123566
334 (QN/Block) 	Elapsed: 0.94	Loglikelihood: -254154	(delta): 0.0982842
335 (QN/Block) 	Elapsed: 0.942	Loglikelihood: -254154	(delta): 0.107381
336 (QN/Block) 	Elapsed: 0.945	Loglikelihood: -254154	(delta): 0.31074
337 (QN/Block) 	Elapsed: 0.946	Loglikelihood: -254154	(delta): 0.306428
338 (QN/Block) 	Elapsed: 0.961	Loglikelihood: -254154	(delta): 0.12421
339 (QN/Block) 	Elapsed: 0.94	Loglikelihood: -254153	(delta): 0.111019
340 (QN/Block) 	Elapsed: 0.947	Loglikelihood: -254153	(delta): 0.161755
341 (QN/Block) 	Elapsed: 0.947	Loglikelihood: -254153	(delta): 0.191689
342 (QN/Block) 	Elapsed: 0.947	Loglikelihood: -254153	(delta): 0.0920092
343 (QN/Block) 	Elapsed: 0.947	Loglikelihood: -254153	(delta): 0.159472
344 (QN/Block) 	Elapsed: 0.948	Loglikelihood: -254153	(delta): 0.0661695
345 (QN/Block) 	Elapsed: 0.948	Loglikelihood: -254153	(delta): 0.034552
346 (QN/Block) 	Elapsed: 0.947	Loglikelihood: -254153	(delta): 0.0408098
347 (QN/Block) 	Elapsed: 0.948	Loglikelihood: -254153	(delta): 0.0339951
348 (QN/Block) 	Elapsed: 0.944	Loglikelihood: -254153	(delta): 0.0366902
349 (QN/Block) 	Elapsed: 0.945	Loglikelihood: -254153	(delta): 0.0553924
350 (QN/Block) 	Elapsed: 0.944	Loglikelihood: -254152	(delta): 0.151081
351 (QN/Block) 	Elapsed: 0.945	Loglikelihood: -254152	(delta): 0.124921
352 (QN/Block) 	Elapsed: 0.945	Loglikelihood: -254152	(delta): 0.147647
353 (QN/Block) 	Elapsed: 0.94	Loglikelihood: -254152	(delta): 0.156271
354 (QN/Block) 	Elapsed: 0.944	Loglikelihood: -254152	(delta): 0.228173
355 (QN/Block) 	Elapsed: 0.94	Loglikelihood: -254152	(delta): 0.0767618
356 (QN/Block) 	Elapsed: 0.94	Loglikelihood: -254152	(delta): 0.0500827
357 (QN/Block) 	Elapsed: 0.94	Loglikelihood: -254152	(delta): 0.0489751
358 (QN/Block) 	Elapsed: 0.938	Loglikelihood: -254151	(delta): 0.107972
359 (QN/Block) 	Elapsed: 0.945	Loglikelihood: -254151	(delta): 0.0816655
360 (QN/Block) 	Elapsed: 0.945	Loglikelihood: -254151	(delta): 0.0772561
361 (QN/Block) 	Elapsed: 0.944	Loglikelihood: -254151	(delta): 0.125988
362 (QN/Block) 	Elapsed: 0.944	Loglikelihood: -254151	(delta): 0.065083
363 (QN/Block) 	Elapsed: 0.945	Loglikelihood: -254151	(delta): 0.0610442
364 (QN/Block) 	Elapsed: 0.946	Loglikelihood: -254151	(delta): 0.0778599
365 (QN/Block) 	Elapsed: 0.944	Loglikelihood: -254151	(delta): 0.0876361
366 (QN/Block) 	Elapsed: 0.945	Loglikelihood: -254151	(delta): 0.0993618
367 (QN/Block) 	Elapsed: 0.945	Loglikelihood: -254151	(delta): 0.0686798
368 (QN/Block) 	Elapsed: 0.945	Loglikelihood: -254151	(delta): 0.0596125
369 (QN/Block) 	Elapsed: 0.945	Loglikelihood: -254151	(delta): 0.059345
370 (QN/Block) 	Elapsed: 0.944	Loglikelihood: -254150	(delta): 0.0718399
371 (QN/Block) 	Elapsed: 0.945	Loglikelihood: -254150	(delta): 0.100151
372 (QN/Block) 	Elapsed: 0.945	Loglikelihood: -254150	(delta): 0.123263
373 (QN/Block) 	Elapsed: 0.944	Loglikelihood: -254150	(delta): 0.218095
374 (QN/Block) 	Elapsed: 0.945	Loglikelihood: -254150	(delta): 0.325799
375 (QN/Block) 	Elapsed: 0.938	Loglikelihood: -254150	(delta): 0.144918
376 (QN/Block) 	Elapsed: 0.938	Loglikelihood: -254149	(delta): 0.342629
377 (QN/Block) 	Elapsed: 0.945	Loglikelihood: -254149	(delta): 0.184626
378 (QN/Block) 	Elapsed: 0.945	Loglikelihood: -254149	(delta): 0.145914
379 (QN/Block) 	Elapsed: 0.946	Loglikelihood: -254149	(delta): 0.33584
380 (QN/Block) 	Elapsed: 0.946	Loglikelihood: -254148	(delta): 0.67721
381 (QN/Block) 	Elapsed: 0.945	Loglikelihood: -254148	(delta): 0.349269
382 (QN/Block) 	Elapsed: 0.939	Loglikelihood: -254147	(delta): 0.415425
383 (QN/Block) 	Elapsed: 0.945	Loglikelihood: -254147	(delta): 0.208438
384 (QN/Block) 	Elapsed: 0.945	Loglikelihood: -254147	(delta): 0.222179
385 (QN/Block) 	Elapsed: 0.944	Loglikelihood: -254146	(delta): 0.423182
386 (QN/Block) 	Elapsed: 0.945	Loglikelihood: -254146	(delta): 0.305468
387 (QN/Block) 	Elapsed: 0.945	Loglikelihood: -254146	(delta): 0.186399
388 (QN/Block) 	Elapsed: 0.945	Loglikelihood: -254145	(delta): 0.334413
389 (QN/Block) 	Elapsed: 0.947	Loglikelihood: -254145	(delta): 0.593477
390 (QN/Block) 	Elapsed: 0.945	Loglikelihood: -254145	(delta): 0.319214
391 (QN/Block) 	Elapsed: 0.938	Loglikelihood: -254144	(delta): 0.0965901
392 (QN/Block) 	Elapsed: 0.939	Loglikelihood: -254144	(delta): 0.121707
393 (QN/Block) 	Elapsed: 0.94	Loglikelihood: -254144	(delta): 0.0291444
394 (QN/Block) 	Elapsed: 0.939	Loglikelihood: -254144	(delta): 0.0192974
395 (QN/Block) 	Elapsed: 0.938	Loglikelihood: -254144	(delta): 0.0163293
396 (QN/Block) 	Elapsed: 0.938	Loglikelihood: -254144	(delta): 0.011076
397 (QN/Block) 	Elapsed: 0.938	Loglikelihood: -254144	(delta): 0.0111202
398 (QN/Block) 	Elapsed: 0.939	Loglikelihood: -254144	(delta): 0.00715558
399 (QN/Block) 	Elapsed: 0.943	Loglikelihood: -254144	(delta): 0.00277859
400 (QN/Block) 	Elapsed: 0.943	Loglikelihood: -254144	(delta): 0.00117486
401 (QN/Block) 	Elapsed: 0.942	Loglikelihood: -254144	(delta): 0.00132897
402 (QN/Block) 	Elapsed: 0.942	Loglikelihood: -254144	(delta): 0.000522568
403 (QN/Block) 	Elapsed: 0.939	Loglikelihood: -254144	(delta): 0.000670968
404 (QN/Block) 	Elapsed: 0.938	Loglikelihood: -254144	(delta): 0.00122319
405 (QN/Block) 	Elapsed: 0.942	Loglikelihood: -254144	(delta): 0.000639413
406 (QN/Block) 	Elapsed: 0.945	Loglikelihood: -254144	(delta): 0.000106102
407 (QN/Block) 	Elapsed: 0.945	Loglikelihood: -254144	(delta): 0.00013747
408 (QN/Block) 	Elapsed: 0.944	Loglikelihood: -254144	(delta): 0.000195228
409 (QN/Block) 	Elapsed: 0.943	Loglikelihood: -254144	(delta): 0.000117156
410 (QN/Block) 	Elapsed: 0.938	Loglikelihood: -254144	(delta): 0.000133361
411 (QN/Block) 	Elapsed: 0.937	Loglikelihood: -254144	(delta): 0.000383432
412 (QN/Block) 	Elapsed: 0.938	Loglikelihood: -254144	(delta): 0.000908004
413 (QN/Block) 	Elapsed: 0.94	Loglikelihood: -254144	(delta): 0.000952148
414 (QN/Block) 	Elapsed: 0.945	Loglikelihood: -254144	(delta): 0.00281524
415 (QN/Block) 	Elapsed: 0.944	Loglikelihood: -254144	(delta): 0.00101263
416 (QN/Block) 	Elapsed: 0.944	Loglikelihood: -254144	(delta): 0.000124194
417 (QN/Block) 	Elapsed: 0.937	Loglikelihood: -254144	(delta): 9.05276e-05
Summary: 
Converged in 417 iterations (398.664 sec)
Loglikelihood: -254144.208069
Fst divergences between estimated populations: 
	Pop0	Pop1	Pop2	Pop3	Pop4	Pop5	Pop6	Pop7	Pop8	Pop9	Pop10	Pop11	Pop12	Pop13	Pop14	Pop15	Pop16	Pop17	Pop18	
Pop0	
Pop1	0.505	
Pop2	0.505	0.127	
Pop3	0.506	0.118	0.118	
Pop4	0.484	0.114	0.105	0.109	
Pop5	0.499	0.138	0.120	0.118	0.098	
Pop6	0.493	0.111	0.113	0.094	0.090	0.111	
Pop7	0.499	0.132	0.129	0.109	0.105	0.124	0.102	
Pop8	0.486	0.132	0.133	0.131	0.112	0.133	0.101	0.127	
Pop9	0.499	0.123	0.127	0.106	0.106	0.110	0.105	0.117	0.121	
Pop10	0.505	0.118	0.127	0.108	0.105	0.117	0.102	0.116	0.130	0.117	
Pop11	0.491	0.119	0.116	0.109	0.095	0.118	0.101	0.112	0.130	0.111	0.110	
Pop12	0.112	0.507	0.507	0.506	0.486	0.502	0.494	0.500	0.485	0.498	0.506	0.492	
Pop13	0.120	0.496	0.493	0.494	0.472	0.485	0.481	0.485	0.475	0.486	0.494	0.478	0.140	
Pop14	0.117	0.496	0.499	0.500	0.474	0.489	0.485	0.489	0.475	0.491	0.497	0.481	0.136	0.136	
Pop15	0.114	0.488	0.487	0.487	0.467	0.482	0.475	0.481	0.469	0.482	0.488	0.476	0.117	0.119	0.116	
Pop16	0.117	0.515	0.514	0.513	0.492	0.507	0.501	0.507	0.495	0.507	0.514	0.500	0.149	0.144	0.132	0.106	
Pop17	0.481	0.129	0.124	0.120	0.098	0.128	0.108	0.119	0.123	0.111	0.130	0.109	0.483	0.469	0.472	0.463	0.490	
Pop18	0.107	0.504	0.508	0.506	0.482	0.500	0.492	0.497	0.482	0.500	0.505	0.491	0.132	0.130	0.142	0.124	0.130	0.481	
Pop19	0.499	0.127	0.126	0.130	0.113	0.134	0.104	0.119	0.125	0.115	0.110	0.113	0.501	0.487	0.488	0.482	0.508	0.125	0.497	
CV error (K=20): 0.19782
Writing output files.
