****                   ADMIXTURE Version 1.3.0                  ****
****                    Copyright 2008-2015                     ****
****           David Alexander, Suyash Shringarpure,            ****
****                John  Novembre, Ken Lange                   ****
****                                                            ****
****                 Please cite our paper!                     ****
****   Information at www.genetics.ucla.edu/software/admixture  ****

Cross-validation will be performed.  Folds=10.
Parallel execution requested.  Will use 20 threads.
Random seed: 43
Point estimation method: Block relaxation algorithm
Convergence acceleration algorithm: QuasiNewton, 3 secant conditions
Point estimation will terminate when objective function delta < 0.0001
Estimation of standard errors disabled; will compute point estimates only.
Size of G: 778x1726
Performing five EM steps to prime main algorithm
1 (EM) 	Elapsed: 1.088	Loglikelihood: -397989	(delta): 1.18488e+06
2 (EM) 	Elapsed: 1.091	Loglikelihood: -363037	(delta): 34951.6
3 (EM) 	Elapsed: 1.092	Loglikelihood: -359595	(delta): 3442.2
4 (EM) 	Elapsed: 1.09	Loglikelihood: -357786	(delta): 1808.84
5 (EM) 	Elapsed: 1.094	Loglikelihood: -356180	(delta): 1605.75
Initial loglikelihood: -356180
Starting main algorithm
1 (QN/Block) 	Elapsed: 1.088	Loglikelihood: -266383	(delta): 89796.9
2 (QN/Block) 	Elapsed: 1.062	Loglikelihood: -257954	(delta): 8429.42
3 (QN/Block) 	Elapsed: 1.078	Loglikelihood: -254515	(delta): 3438.92
4 (QN/Block) 	Elapsed: 1.07	Loglikelihood: -252817	(delta): 1698.38
5 (QN/Block) 	Elapsed: 1.068	Loglikelihood: -251927	(delta): 889.87
6 (QN/Block) 	Elapsed: 1.066	Loglikelihood: -251470	(delta): 456.989
7 (QN/Block) 	Elapsed: 1.066	Loglikelihood: -251146	(delta): 324.059
8 (QN/Block) 	Elapsed: 1.066	Loglikelihood: -250949	(delta): 196.978
9 (QN/Block) 	Elapsed: 1.063	Loglikelihood: -250790	(delta): 158.652
10 (QN/Block) 	Elapsed: 1.071	Loglikelihood: -250652	(delta): 138.287
11 (QN/Block) 	Elapsed: 1.065	Loglikelihood: -250533	(delta): 118.418
12 (QN/Block) 	Elapsed: 1.065	Loglikelihood: -250416	(delta): 117.726
13 (QN/Block) 	Elapsed: 1.071	Loglikelihood: -250303	(delta): 112.212
14 (QN/Block) 	Elapsed: 1.068	Loglikelihood: -250231	(delta): 72.8264
15 (QN/Block) 	Elapsed: 1.068	Loglikelihood: -250169	(delta): 61.5183
16 (QN/Block) 	Elapsed: 1.068	Loglikelihood: -250109	(delta): 59.9875
17 (QN/Block) 	Elapsed: 1.068	Loglikelihood: -250062	(delta): 46.8831
18 (QN/Block) 	Elapsed: 1.068	Loglikelihood: -250026	(delta): 36.4473
19 (QN/Block) 	Elapsed: 1.068	Loglikelihood: -249990	(delta): 36.056
20 (QN/Block) 	Elapsed: 1.069	Loglikelihood: -249954	(delta): 35.594
21 (QN/Block) 	Elapsed: 1.066	Loglikelihood: -249930	(delta): 24.2196
22 (QN/Block) 	Elapsed: 1.065	Loglikelihood: -249911	(delta): 19.1456
23 (QN/Block) 	Elapsed: 1.068	Loglikelihood: -249896	(delta): 15.0304
24 (QN/Block) 	Elapsed: 1.068	Loglikelihood: -249879	(delta): 16.7347
25 (QN/Block) 	Elapsed: 1.066	Loglikelihood: -249869	(delta): 9.55793
26 (QN/Block) 	Elapsed: 1.068	Loglikelihood: -249860	(delta): 9.07849
27 (QN/Block) 	Elapsed: 1.068	Loglikelihood: -249850	(delta): 9.83567
28 (QN/Block) 	Elapsed: 1.068	Loglikelihood: -249840	(delta): 10.5212
29 (QN/Block) 	Elapsed: 1.066	Loglikelihood: -249830	(delta): 10.2694
30 (QN/Block) 	Elapsed: 1.068	Loglikelihood: -249822	(delta): 7.56928
31 (QN/Block) 	Elapsed: 1.066	Loglikelihood: -249815	(delta): 7.55067
32 (QN/Block) 	Elapsed: 1.068	Loglikelihood: -249805	(delta): 9.06838
33 (QN/Block) 	Elapsed: 1.065	Loglikelihood: -249801	(delta): 4.35597
34 (QN/Block) 	Elapsed: 1.065	Loglikelihood: -249796	(delta): 5.11905
35 (QN/Block) 	Elapsed: 1.068	Loglikelihood: -249788	(delta): 8.08556
36 (QN/Block) 	Elapsed: 1.066	Loglikelihood: -249781	(delta): 6.95663
37 (QN/Block) 	Elapsed: 1.065	Loglikelihood: -249770	(delta): 11.1101
38 (QN/Block) 	Elapsed: 1.073	Loglikelihood: -249764	(delta): 5.98607
39 (QN/Block) 	Elapsed: 1.073	Loglikelihood: -249757	(delta): 6.49274
40 (QN/Block) 	Elapsed: 1.071	Loglikelihood: -249749	(delta): 8.26954
41 (QN/Block) 	Elapsed: 1.071	Loglikelihood: -249739	(delta): 10.1022
42 (QN/Block) 	Elapsed: 1.073	Loglikelihood: -249731	(delta): 8.02113
43 (QN/Block) 	Elapsed: 1.073	Loglikelihood: -249726	(delta): 4.88619
44 (QN/Block) 	Elapsed: 1.073	Loglikelihood: -249721	(delta): 5.41314
45 (QN/Block) 	Elapsed: 1.074	Loglikelihood: -249716	(delta): 4.36069
46 (QN/Block) 	Elapsed: 1.065	Loglikelihood: -249711	(delta): 4.95055
47 (QN/Block) 	Elapsed: 1.068	Loglikelihood: -249707	(delta): 3.89598
48 (QN/Block) 	Elapsed: 1.068	Loglikelihood: -249703	(delta): 4.26304
49 (QN/Block) 	Elapsed: 1.066	Loglikelihood: -249698	(delta): 5.31468
50 (QN/Block) 	Elapsed: 1.065	Loglikelihood: -249692	(delta): 5.42876
51 (QN/Block) 	Elapsed: 1.066	Loglikelihood: -249688	(delta): 4.79299
52 (QN/Block) 	Elapsed: 1.066	Loglikelihood: -249683	(delta): 4.75516
53 (QN/Block) 	Elapsed: 1.068	Loglikelihood: -249681	(delta): 2.17843
54 (QN/Block) 	Elapsed: 1.073	Loglikelihood: -249679	(delta): 2.0507
55 (QN/Block) 	Elapsed: 1.073	Loglikelihood: -249676	(delta): 2.74607
56 (QN/Block) 	Elapsed: 1.073	Loglikelihood: -249673	(delta): 2.57478
57 (QN/Block) 	Elapsed: 1.07	Loglikelihood: -249671	(delta): 2.80356
58 (QN/Block) 	Elapsed: 1.073	Loglikelihood: -249668	(delta): 2.06935
59 (QN/Block) 	Elapsed: 1.066	Loglikelihood: -249666	(delta): 2.67918
60 (QN/Block) 	Elapsed: 1.067	Loglikelihood: -249662	(delta): 3.77075
61 (QN/Block) 	Elapsed: 1.069	Loglikelihood: -249656	(delta): 5.57608
62 (QN/Block) 	Elapsed: 1.066	Loglikelihood: -249652	(delta): 4.67996
63 (QN/Block) 	Elapsed: 1.071	Loglikelihood: -249650	(delta): 2.15381
64 (QN/Block) 	Elapsed: 1.071	Loglikelihood: -249648	(delta): 2.01362
65 (QN/Block) 	Elapsed: 1.073	Loglikelihood: -249645	(delta): 2.33069
66 (QN/Block) 	Elapsed: 1.073	Loglikelihood: -249641	(delta): 3.8311
67 (QN/Block) 	Elapsed: 1.073	Loglikelihood: -249637	(delta): 4.17119
68 (QN/Block) 	Elapsed: 1.071	Loglikelihood: -249634	(delta): 3.76894
69 (QN/Block) 	Elapsed: 1.065	Loglikelihood: -249630	(delta): 4.01008
70 (QN/Block) 	Elapsed: 1.068	Loglikelihood: -249624	(delta): 5.2978
71 (QN/Block) 	Elapsed: 1.069	Loglikelihood: -249621	(delta): 3.63943
72 (QN/Block) 	Elapsed: 1.068	Loglikelihood: -249617	(delta): 3.52674
73 (QN/Block) 	Elapsed: 1.067	Loglikelihood: -249614	(delta): 2.69802
74 (QN/Block) 	Elapsed: 1.067	Loglikelihood: -249611	(delta): 2.92194
75 (QN/Block) 	Elapsed: 1.067	Loglikelihood: -249609	(delta): 2.49087
76 (QN/Block) 	Elapsed: 1.067	Loglikelihood: -249606	(delta): 3.08486
77 (QN/Block) 	Elapsed: 1.067	Loglikelihood: -249602	(delta): 3.41271
78 (QN/Block) 	Elapsed: 1.073	Loglikelihood: -249600	(delta): 2.57438
79 (QN/Block) 	Elapsed: 1.066	Loglikelihood: -249597	(delta): 2.92053
80 (QN/Block) 	Elapsed: 1.067	Loglikelihood: -249594	(delta): 2.4499
81 (QN/Block) 	Elapsed: 1.066	Loglikelihood: -249592	(delta): 2.74912
82 (QN/Block) 	Elapsed: 1.071	Loglikelihood: -249589	(delta): 2.60344
83 (QN/Block) 	Elapsed: 1.071	Loglikelihood: -249587	(delta): 2.13805
84 (QN/Block) 	Elapsed: 1.066	Loglikelihood: -249585	(delta): 1.93715
85 (QN/Block) 	Elapsed: 1.066	Loglikelihood: -249584	(delta): 1.42685
86 (QN/Block) 	Elapsed: 1.069	Loglikelihood: -249580	(delta): 3.28714
87 (QN/Block) 	Elapsed: 1.068	Loglikelihood: -249579	(delta): 1.73012
88 (QN/Block) 	Elapsed: 1.066	Loglikelihood: -249578	(delta): 0.995574
89 (QN/Block) 	Elapsed: 1.071	Loglikelihood: -249577	(delta): 0.628942
90 (QN/Block) 	Elapsed: 1.073	Loglikelihood: -249576	(delta): 0.791517
91 (QN/Block) 	Elapsed: 1.074	Loglikelihood: -249575	(delta): 0.911977
92 (QN/Block) 	Elapsed: 1.071	Loglikelihood: -249575	(delta): 0.761242
93 (QN/Block) 	Elapsed: 1.074	Loglikelihood: -249572	(delta): 2.08532
94 (QN/Block) 	Elapsed: 1.067	Loglikelihood: -249571	(delta): 1.17344
95 (QN/Block) 	Elapsed: 1.074	Loglikelihood: -249568	(delta): 3.06381
96 (QN/Block) 	Elapsed: 1.088	Loglikelihood: -249566	(delta): 1.76545
97 (QN/Block) 	Elapsed: 1.074	Loglikelihood: -249564	(delta): 2.57778
98 (QN/Block) 	Elapsed: 1.074	Loglikelihood: -249560	(delta): 3.50768
99 (QN/Block) 	Elapsed: 1.071	Loglikelihood: -249558	(delta): 2.63263
100 (QN/Block) 	Elapsed: 1.074	Loglikelihood: -249555	(delta): 2.78088
101 (QN/Block) 	Elapsed: 1.074	Loglikelihood: -249553	(delta): 1.82051
102 (QN/Block) 	Elapsed: 1.074	Loglikelihood: -249551	(delta): 1.83033
103 (QN/Block) 	Elapsed: 1.071	Loglikelihood: -249549	(delta): 2.04825
104 (QN/Block) 	Elapsed: 1.074	Loglikelihood: -249546	(delta): 3.06207
105 (QN/Block) 	Elapsed: 1.074	Loglikelihood: -249544	(delta): 1.96335
106 (QN/Block) 	Elapsed: 1.071	Loglikelihood: -249543	(delta): 1.67527
107 (QN/Block) 	Elapsed: 1.074	Loglikelihood: -249540	(delta): 2.6031
108 (QN/Block) 	Elapsed: 1.071	Loglikelihood: -249538	(delta): 2.07457
109 (QN/Block) 	Elapsed: 1.069	Loglikelihood: -249536	(delta): 2.04155
110 (QN/Block) 	Elapsed: 1.069	Loglikelihood: -249534	(delta): 1.73102
111 (QN/Block) 	Elapsed: 1.074	Loglikelihood: -249532	(delta): 2.25759
112 (QN/Block) 	Elapsed: 1.074	Loglikelihood: -249529	(delta): 2.80638
113 (QN/Block) 	Elapsed: 1.074	Loglikelihood: -249527	(delta): 1.92304
114 (QN/Block) 	Elapsed: 1.073	Loglikelihood: -249526	(delta): 1.38485
115 (QN/Block) 	Elapsed: 1.077	Loglikelihood: -249524	(delta): 1.90174
116 (QN/Block) 	Elapsed: 1.077	Loglikelihood: -249521	(delta): 2.37491
117 (QN/Block) 	Elapsed: 1.071	Loglikelihood: -249520	(delta): 1.12422
118 (QN/Block) 	Elapsed: 1.073	Loglikelihood: -249518	(delta): 2.33152
119 (QN/Block) 	Elapsed: 1.073	Loglikelihood: -249515	(delta): 2.63759
120 (QN/Block) 	Elapsed: 1.07	Loglikelihood: -249514	(delta): 1.39729
121 (QN/Block) 	Elapsed: 1.074	Loglikelihood: -249513	(delta): 1.15481
122 (QN/Block) 	Elapsed: 1.066	Loglikelihood: -249512	(delta): 0.728855
123 (QN/Block) 	Elapsed: 1.073	Loglikelihood: -249510	(delta): 1.66707
124 (QN/Block) 	Elapsed: 1.07	Loglikelihood: -249510	(delta): 0.691485
125 (QN/Block) 	Elapsed: 1.064	Loglikelihood: -249509	(delta): 0.632481
126 (QN/Block) 	Elapsed: 1.065	Loglikelihood: -249509	(delta): 0.577126
127 (QN/Block) 	Elapsed: 1.072	Loglikelihood: -249508	(delta): 0.579871
128 (QN/Block) 	Elapsed: 1.072	Loglikelihood: -249507	(delta): 1.17984
129 (QN/Block) 	Elapsed: 1.072	Loglikelihood: -249505	(delta): 1.82129
130 (QN/Block) 	Elapsed: 1.085	Loglikelihood: -249504	(delta): 0.577458
131 (QN/Block) 	Elapsed: 1.072	Loglikelihood: -249504	(delta): 0.695815
132 (QN/Block) 	Elapsed: 1.074	Loglikelihood: -249503	(delta): 0.64853
133 (QN/Block) 	Elapsed: 1.069	Loglikelihood: -249502	(delta): 0.553354
134 (QN/Block) 	Elapsed: 1.075	Loglikelihood: -249502	(delta): 0.575696
135 (QN/Block) 	Elapsed: 1.075	Loglikelihood: -249502	(delta): 0.306584
136 (QN/Block) 	Elapsed: 1.074	Loglikelihood: -249501	(delta): 0.608444
137 (QN/Block) 	Elapsed: 1.074	Loglikelihood: -249500	(delta): 0.494642
138 (QN/Block) 	Elapsed: 1.074	Loglikelihood: -249500	(delta): 0.944373
139 (QN/Block) 	Elapsed: 1.071	Loglikelihood: -249499	(delta): 0.559162
140 (QN/Block) 	Elapsed: 1.066	Loglikelihood: -249498	(delta): 0.606086
141 (QN/Block) 	Elapsed: 1.066	Loglikelihood: -249498	(delta): 0.788034
142 (QN/Block) 	Elapsed: 1.073	Loglikelihood: -249496	(delta): 1.6461
143 (QN/Block) 	Elapsed: 1.066	Loglikelihood: -249495	(delta): 0.964326
144 (QN/Block) 	Elapsed: 1.071	Loglikelihood: -249494	(delta): 0.871931
145 (QN/Block) 	Elapsed: 1.074	Loglikelihood: -249493	(delta): 0.820889
146 (QN/Block) 	Elapsed: 1.074	Loglikelihood: -249492	(delta): 1.2274
147 (QN/Block) 	Elapsed: 1.071	Loglikelihood: -249491	(delta): 0.642746
148 (QN/Block) 	Elapsed: 1.066	Loglikelihood: -249491	(delta): 0.815116
149 (QN/Block) 	Elapsed: 1.071	Loglikelihood: -249490	(delta): 0.514417
150 (QN/Block) 	Elapsed: 1.066	Loglikelihood: -249490	(delta): 0.562073
151 (QN/Block) 	Elapsed: 1.068	Loglikelihood: -249488	(delta): 1.16504
152 (QN/Block) 	Elapsed: 1.074	Loglikelihood: -249488	(delta): 0.610822
153 (QN/Block) 	Elapsed: 1.074	Loglikelihood: -249487	(delta): 0.71072
154 (QN/Block) 	Elapsed: 1.074	Loglikelihood: -249486	(delta): 0.665745
155 (QN/Block) 	Elapsed: 1.074	Loglikelihood: -249485	(delta): 1.06513
156 (QN/Block) 	Elapsed: 1.074	Loglikelihood: -249484	(delta): 1.28426
157 (QN/Block) 	Elapsed: 1.069	Loglikelihood: -249483	(delta): 0.767934
158 (QN/Block) 	Elapsed: 1.075	Loglikelihood: -249483	(delta): 0.530947
159 (QN/Block) 	Elapsed: 1.073	Loglikelihood: -249482	(delta): 0.717155
160 (QN/Block) 	Elapsed: 1.08	Loglikelihood: -249478	(delta): 4.34853
161 (QN/Block) 	Elapsed: 1.072	Loglikelihood: -249477	(delta): 0.412059
162 (QN/Block) 	Elapsed: 1.077	Loglikelihood: -249477	(delta): 0.459314
163 (QN/Block) 	Elapsed: 1.073	Loglikelihood: -249476	(delta): 1.00587
164 (QN/Block) 	Elapsed: 1.071	Loglikelihood: -249474	(delta): 1.29883
165 (QN/Block) 	Elapsed: 1.078	Loglikelihood: -249473	(delta): 1.50886
166 (QN/Block) 	Elapsed: 1.072	Loglikelihood: -249472	(delta): 1.39876
167 (QN/Block) 	Elapsed: 1.064	Loglikelihood: -249470	(delta): 1.35692
168 (QN/Block) 	Elapsed: 1.072	Loglikelihood: -249469	(delta): 0.918096
169 (QN/Block) 	Elapsed: 1.072	Loglikelihood: -249468	(delta): 1.00306
170 (QN/Block) 	Elapsed: 1.069	Loglikelihood: -249467	(delta): 1.7192
171 (QN/Block) 	Elapsed: 1.064	Loglikelihood: -249465	(delta): 1.62685
172 (QN/Block) 	Elapsed: 1.072	Loglikelihood: -249464	(delta): 0.883724
173 (QN/Block) 	Elapsed: 1.072	Loglikelihood: -249464	(delta): 0.526677
174 (QN/Block) 	Elapsed: 1.069	Loglikelihood: -249463	(delta): 0.919421
175 (QN/Block) 	Elapsed: 1.072	Loglikelihood: -249462	(delta): 0.799468
176 (QN/Block) 	Elapsed: 1.071	Loglikelihood: -249461	(delta): 0.914793
177 (QN/Block) 	Elapsed: 1.072	Loglikelihood: -249460	(delta): 0.876348
178 (QN/Block) 	Elapsed: 1.103	Loglikelihood: -249459	(delta): 1.34294
179 (QN/Block) 	Elapsed: 1.078	Loglikelihood: -249455	(delta): 3.59164
180 (QN/Block) 	Elapsed: 1.069	Loglikelihood: -249454	(delta): 1.203
181 (QN/Block) 	Elapsed: 1.076	Loglikelihood: -249453	(delta): 1.11826
182 (QN/Block) 	Elapsed: 1.068	Loglikelihood: -249452	(delta): 0.696909
183 (QN/Block) 	Elapsed: 1.064	Loglikelihood: -249451	(delta): 1.12197
184 (QN/Block) 	Elapsed: 1.072	Loglikelihood: -249450	(delta): 1.17332
185 (QN/Block) 	Elapsed: 1.072	Loglikelihood: -249448	(delta): 2.25969
186 (QN/Block) 	Elapsed: 1.072	Loglikelihood: -249446	(delta): 1.63408
187 (QN/Block) 	Elapsed: 1.076	Loglikelihood: -249444	(delta): 1.86606
188 (QN/Block) 	Elapsed: 1.064	Loglikelihood: -249443	(delta): 1.36416
189 (QN/Block) 	Elapsed: 1.067	Loglikelihood: -249442	(delta): 1.0282
190 (QN/Block) 	Elapsed: 1.067	Loglikelihood: -249441	(delta): 0.641898
191 (QN/Block) 	Elapsed: 1.067	Loglikelihood: -249440	(delta): 0.525874
192 (QN/Block) 	Elapsed: 1.068	Loglikelihood: -249440	(delta): 0.667711
193 (QN/Block) 	Elapsed: 1.065	Loglikelihood: -249439	(delta): 0.568408
194 (QN/Block) 	Elapsed: 1.067	Loglikelihood: -249438	(delta): 0.766131
195 (QN/Block) 	Elapsed: 1.067	Loglikelihood: -249438	(delta): 0.65308
196 (QN/Block) 	Elapsed: 1.065	Loglikelihood: -249437	(delta): 0.368619
197 (QN/Block) 	Elapsed: 1.065	Loglikelihood: -249437	(delta): 0.584462
198 (QN/Block) 	Elapsed: 1.072	Loglikelihood: -249437	(delta): 0.297773
199 (QN/Block) 	Elapsed: 1.072	Loglikelihood: -249436	(delta): 0.332103
200 (QN/Block) 	Elapsed: 1.072	Loglikelihood: -249436	(delta): 0.360971
201 (QN/Block) 	Elapsed: 1.074	Loglikelihood: -249436	(delta): 0.297909
202 (QN/Block) 	Elapsed: 1.073	Loglikelihood: -249435	(delta): 0.328993
203 (QN/Block) 	Elapsed: 1.073	Loglikelihood: -249435	(delta): 0.28712
204 (QN/Block) 	Elapsed: 1.073	Loglikelihood: -249435	(delta): 0.425334
205 (QN/Block) 	Elapsed: 1.073	Loglikelihood: -249434	(delta): 0.576002
206 (QN/Block) 	Elapsed: 1.072	Loglikelihood: -249433	(delta): 1.1387
207 (QN/Block) 	Elapsed: 1.07	Loglikelihood: -249432	(delta): 0.992959
208 (QN/Block) 	Elapsed: 1.086	Loglikelihood: -249431	(delta): 1.25447
209 (QN/Block) 	Elapsed: 1.075	Loglikelihood: -249429	(delta): 1.43842
210 (QN/Block) 	Elapsed: 1.074	Loglikelihood: -249428	(delta): 1.27129
211 (QN/Block) 	Elapsed: 1.074	Loglikelihood: -249427	(delta): 0.961693
212 (QN/Block) 	Elapsed: 1.067	Loglikelihood: -249426	(delta): 1.10953
213 (QN/Block) 	Elapsed: 1.074	Loglikelihood: -249425	(delta): 1.20931
214 (QN/Block) 	Elapsed: 1.075	Loglikelihood: -249424	(delta): 0.819889
215 (QN/Block) 	Elapsed: 1.07	Loglikelihood: -249423	(delta): 0.394806
216 (QN/Block) 	Elapsed: 1.067	Loglikelihood: -249423	(delta): 0.265415
217 (QN/Block) 	Elapsed: 1.069	Loglikelihood: -249423	(delta): 0.446736
218 (QN/Block) 	Elapsed: 1.066	Loglikelihood: -249422	(delta): 0.621395
219 (QN/Block) 	Elapsed: 1.067	Loglikelihood: -249422	(delta): 0.432194
220 (QN/Block) 	Elapsed: 1.067	Loglikelihood: -249421	(delta): 0.417083
221 (QN/Block) 	Elapsed: 1.075	Loglikelihood: -249421	(delta): 0.455969
222 (QN/Block) 	Elapsed: 1.072	Loglikelihood: -249420	(delta): 0.411394
223 (QN/Block) 	Elapsed: 1.075	Loglikelihood: -249420	(delta): 0.356043
224 (QN/Block) 	Elapsed: 1.069	Loglikelihood: -249419	(delta): 0.729626
225 (QN/Block) 	Elapsed: 1.069	Loglikelihood: -249419	(delta): 0.666592
226 (QN/Block) 	Elapsed: 1.069	Loglikelihood: -249418	(delta): 0.555651
227 (QN/Block) 	Elapsed: 1.067	Loglikelihood: -249418	(delta): 0.396742
228 (QN/Block) 	Elapsed: 1.067	Loglikelihood: -249417	(delta): 0.829899
229 (QN/Block) 	Elapsed: 1.074	Loglikelihood: -249416	(delta): 0.909506
230 (QN/Block) 	Elapsed: 1.067	Loglikelihood: -249415	(delta): 0.827685
231 (QN/Block) 	Elapsed: 1.067	Loglikelihood: -249414	(delta): 1.15162
232 (QN/Block) 	Elapsed: 1.074	Loglikelihood: -249410	(delta): 4.01106
233 (QN/Block) 	Elapsed: 1.075	Loglikelihood: -249407	(delta): 2.92131
234 (QN/Block) 	Elapsed: 1.072	Loglikelihood: -249406	(delta): 1.18705
235 (QN/Block) 	Elapsed: 1.074	Loglikelihood: -249404	(delta): 1.38833
236 (QN/Block) 	Elapsed: 1.074	Loglikelihood: -249404	(delta): 0.624321
237 (QN/Block) 	Elapsed: 1.074	Loglikelihood: -249403	(delta): 0.662953
238 (QN/Block) 	Elapsed: 1.074	Loglikelihood: -249402	(delta): 0.837489
239 (QN/Block) 	Elapsed: 1.072	Loglikelihood: -249401	(delta): 0.785681
240 (QN/Block) 	Elapsed: 1.072	Loglikelihood: -249400	(delta): 1.23628
241 (QN/Block) 	Elapsed: 1.075	Loglikelihood: -249399	(delta): 1.23521
242 (QN/Block) 	Elapsed: 1.075	Loglikelihood: -249398	(delta): 1.0761
243 (QN/Block) 	Elapsed: 1.069	Loglikelihood: -249397	(delta): 1.05231
244 (QN/Block) 	Elapsed: 1.075	Loglikelihood: -249394	(delta): 2.70739
245 (QN/Block) 	Elapsed: 1.072	Loglikelihood: -249394	(delta): 0.595737
246 (QN/Block) 	Elapsed: 1.067	Loglikelihood: -249393	(delta): 0.721704
247 (QN/Block) 	Elapsed: 1.067	Loglikelihood: -249392	(delta): 0.724372
248 (QN/Block) 	Elapsed: 1.07	Loglikelihood: -249391	(delta): 0.951957
249 (QN/Block) 	Elapsed: 1.067	Loglikelihood: -249390	(delta): 0.723652
250 (QN/Block) 	Elapsed: 1.069	Loglikelihood: -249390	(delta): 0.832697
251 (QN/Block) 	Elapsed: 1.072	Loglikelihood: -249389	(delta): 0.353572
252 (QN/Block) 	Elapsed: 1.075	Loglikelihood: -249389	(delta): 0.414195
253 (QN/Block) 	Elapsed: 1.067	Loglikelihood: -249389	(delta): 0.28343
254 (QN/Block) 	Elapsed: 1.069	Loglikelihood: -249388	(delta): 0.6642
255 (QN/Block) 	Elapsed: 1.072	Loglikelihood: -249387	(delta): 0.987585
256 (QN/Block) 	Elapsed: 1.067	Loglikelihood: -249386	(delta): 0.698615
257 (QN/Block) 	Elapsed: 1.067	Loglikelihood: -249385	(delta): 0.708516
258 (QN/Block) 	Elapsed: 1.07	Loglikelihood: -249384	(delta): 1.64966
259 (QN/Block) 	Elapsed: 1.067	Loglikelihood: -249383	(delta): 0.815418
260 (QN/Block) 	Elapsed: 1.071	Loglikelihood: -249382	(delta): 0.905236
261 (QN/Block) 	Elapsed: 1.07	Loglikelihood: -249381	(delta): 1.06994
262 (QN/Block) 	Elapsed: 1.072	Loglikelihood: -249380	(delta): 1.41434
263 (QN/Block) 	Elapsed: 1.071	Loglikelihood: -249378	(delta): 1.42821
264 (QN/Block) 	Elapsed: 1.067	Loglikelihood: -249377	(delta): 0.868588
265 (QN/Block) 	Elapsed: 1.072	Loglikelihood: -249376	(delta): 1.12836
266 (QN/Block) 	Elapsed: 1.067	Loglikelihood: -249375	(delta): 1.17357
267 (QN/Block) 	Elapsed: 1.072	Loglikelihood: -249374	(delta): 1.38354
268 (QN/Block) 	Elapsed: 1.069	Loglikelihood: -249373	(delta): 0.362829
269 (QN/Block) 	Elapsed: 1.067	Loglikelihood: -249373	(delta): 0.411755
270 (QN/Block) 	Elapsed: 1.074	Loglikelihood: -249373	(delta): 0.342976
271 (QN/Block) 	Elapsed: 1.069	Loglikelihood: -249372	(delta): 0.452348
272 (QN/Block) 	Elapsed: 1.074	Loglikelihood: -249372	(delta): 0.290951
273 (QN/Block) 	Elapsed: 1.074	Loglikelihood: -249371	(delta): 0.701431
274 (QN/Block) 	Elapsed: 1.075	Loglikelihood: -249370	(delta): 0.607447
275 (QN/Block) 	Elapsed: 1.075	Loglikelihood: -249370	(delta): 0.198677
276 (QN/Block) 	Elapsed: 1.074	Loglikelihood: -249370	(delta): 0.251445
277 (QN/Block) 	Elapsed: 1.072	Loglikelihood: -249369	(delta): 1.05628
278 (QN/Block) 	Elapsed: 1.074	Loglikelihood: -249369	(delta): 0.437497
279 (QN/Block) 	Elapsed: 1.067	Loglikelihood: -249368	(delta): 0.576371
280 (QN/Block) 	Elapsed: 1.067	Loglikelihood: -249368	(delta): 0.327111
281 (QN/Block) 	Elapsed: 1.067	Loglikelihood: -249367	(delta): 0.220827
282 (QN/Block) 	Elapsed: 1.067	Loglikelihood: -249367	(delta): 0.260855
283 (QN/Block) 	Elapsed: 1.067	Loglikelihood: -249367	(delta): 0.239854
284 (QN/Block) 	Elapsed: 1.067	Loglikelihood: -249367	(delta): 0.389796
285 (QN/Block) 	Elapsed: 1.074	Loglikelihood: -249366	(delta): 0.249616
286 (QN/Block) 	Elapsed: 1.067	Loglikelihood: -249366	(delta): 0.0910426
287 (QN/Block) 	Elapsed: 1.074	Loglikelihood: -249366	(delta): 0.114536
288 (QN/Block) 	Elapsed: 1.067	Loglikelihood: -249366	(delta): 0.0924602
289 (QN/Block) 	Elapsed: 1.075	Loglikelihood: -249366	(delta): 0.0578794
290 (QN/Block) 	Elapsed: 1.069	Loglikelihood: -249366	(delta): 0.0631929
291 (QN/Block) 	Elapsed: 1.067	Loglikelihood: -249366	(delta): 0.0727311
292 (QN/Block) 	Elapsed: 1.072	Loglikelihood: -249365	(delta): 0.335164
293 (QN/Block) 	Elapsed: 1.067	Loglikelihood: -249365	(delta): 0.235129
294 (QN/Block) 	Elapsed: 1.069	Loglikelihood: -249365	(delta): 0.164265
295 (QN/Block) 	Elapsed: 1.069	Loglikelihood: -249365	(delta): 0.0560713
296 (QN/Block) 	Elapsed: 1.067	Loglikelihood: -249365	(delta): 0.0445078
297 (QN/Block) 	Elapsed: 1.067	Loglikelihood: -249365	(delta): 0.0365429
298 (QN/Block) 	Elapsed: 1.069	Loglikelihood: -249365	(delta): 0.0505237
299 (QN/Block) 	Elapsed: 1.069	Loglikelihood: -249365	(delta): 0.0316141
300 (QN/Block) 	Elapsed: 1.068	Loglikelihood: -249365	(delta): 0.0175501
301 (QN/Block) 	Elapsed: 1.068	Loglikelihood: -249365	(delta): 0.015333
302 (QN/Block) 	Elapsed: 1.076	Loglikelihood: -249365	(delta): 0.0303383
303 (QN/Block) 	Elapsed: 1.076	Loglikelihood: -249365	(delta): 0.101614
304 (QN/Block) 	Elapsed: 1.076	Loglikelihood: -249365	(delta): 0.142053
305 (QN/Block) 	Elapsed: 1.076	Loglikelihood: -249364	(delta): 0.191418
306 (QN/Block) 	Elapsed: 1.075	Loglikelihood: -249364	(delta): 0.435947
307 (QN/Block) 	Elapsed: 1.075	Loglikelihood: -249364	(delta): 0.159895
308 (QN/Block) 	Elapsed: 1.069	Loglikelihood: -249364	(delta): 0.0790817
309 (QN/Block) 	Elapsed: 1.076	Loglikelihood: -249364	(delta): 0.134806
310 (QN/Block) 	Elapsed: 1.076	Loglikelihood: -249363	(delta): 0.0775038
311 (QN/Block) 	Elapsed: 1.075	Loglikelihood: -249363	(delta): 0.161816
312 (QN/Block) 	Elapsed: 1.074	Loglikelihood: -249363	(delta): 0.19129
313 (QN/Block) 	Elapsed: 1.067	Loglikelihood: -249363	(delta): 0.181944
314 (QN/Block) 	Elapsed: 1.074	Loglikelihood: -249363	(delta): 0.197368
315 (QN/Block) 	Elapsed: 1.074	Loglikelihood: -249363	(delta): 0.118488
316 (QN/Block) 	Elapsed: 1.076	Loglikelihood: -249362	(delta): 0.256035
317 (QN/Block) 	Elapsed: 1.076	Loglikelihood: -249362	(delta): 0.449365
318 (QN/Block) 	Elapsed: 1.068	Loglikelihood: -249361	(delta): 0.745917
319 (QN/Block) 	Elapsed: 1.119	Loglikelihood: -249360	(delta): 0.660692
320 (QN/Block) 	Elapsed: 1.083	Loglikelihood: -249360	(delta): 0.237388
321 (QN/Block) 	Elapsed: 1.074	Loglikelihood: -249360	(delta): 0.354048
322 (QN/Block) 	Elapsed: 1.065	Loglikelihood: -249359	(delta): 0.414308
323 (QN/Block) 	Elapsed: 1.073	Loglikelihood: -249359	(delta): 0.401801
324 (QN/Block) 	Elapsed: 1.073	Loglikelihood: -249359	(delta): 0.276472
325 (QN/Block) 	Elapsed: 1.073	Loglikelihood: -249358	(delta): 0.510621
326 (QN/Block) 	Elapsed: 1.073	Loglikelihood: -249358	(delta): 0.490678
327 (QN/Block) 	Elapsed: 1.075	Loglikelihood: -249357	(delta): 0.376368
328 (QN/Block) 	Elapsed: 1.065	Loglikelihood: -249357	(delta): 0.381325
329 (QN/Block) 	Elapsed: 1.071	Loglikelihood: -249357	(delta): 0.376029
330 (QN/Block) 	Elapsed: 1.073	Loglikelihood: -249356	(delta): 0.274307
331 (QN/Block) 	Elapsed: 1.072	Loglikelihood: -249356	(delta): 0.734297
332 (QN/Block) 	Elapsed: 1.072	Loglikelihood: -249355	(delta): 0.437549
333 (QN/Block) 	Elapsed: 1.068	Loglikelihood: -249355	(delta): 0.666122
334 (QN/Block) 	Elapsed: 1.068	Loglikelihood: -249354	(delta): 0.41424
335 (QN/Block) 	Elapsed: 1.068	Loglikelihood: -249354	(delta): 0.197068
336 (QN/Block) 	Elapsed: 1.065	Loglikelihood: -249354	(delta): 0.185326
337 (QN/Block) 	Elapsed: 1.073	Loglikelihood: -249354	(delta): 0.113512
338 (QN/Block) 	Elapsed: 1.073	Loglikelihood: -249353	(delta): 0.129737
339 (QN/Block) 	Elapsed: 1.065	Loglikelihood: -249353	(delta): 0.2136
340 (QN/Block) 	Elapsed: 1.065	Loglikelihood: -249353	(delta): 0.166451
341 (QN/Block) 	Elapsed: 1.072	Loglikelihood: -249353	(delta): 0.348295
342 (QN/Block) 	Elapsed: 1.074	Loglikelihood: -249352	(delta): 0.452742
343 (QN/Block) 	Elapsed: 1.074	Loglikelihood: -249352	(delta): 0.208766
344 (QN/Block) 	Elapsed: 1.073	Loglikelihood: -249352	(delta): 0.123811
345 (QN/Block) 	Elapsed: 1.073	Loglikelihood: -249352	(delta): 0.234904
346 (QN/Block) 	Elapsed: 1.065	Loglikelihood: -249352	(delta): 0.163975
347 (QN/Block) 	Elapsed: 1.065	Loglikelihood: -249351	(delta): 0.25008
348 (QN/Block) 	Elapsed: 1.073	Loglikelihood: -249351	(delta): 0.0953647
349 (QN/Block) 	Elapsed: 1.073	Loglikelihood: -249350	(delta): 0.821339
350 (QN/Block) 	Elapsed: 1.075	Loglikelihood: -249350	(delta): 0.270957
351 (QN/Block) 	Elapsed: 1.074	Loglikelihood: -249350	(delta): 0.399779
352 (QN/Block) 	Elapsed: 1.074	Loglikelihood: -249349	(delta): 0.33727
353 (QN/Block) 	Elapsed: 1.073	Loglikelihood: -249349	(delta): 0.128038
354 (QN/Block) 	Elapsed: 1.074	Loglikelihood: -249349	(delta): 0.0557261
355 (QN/Block) 	Elapsed: 1.074	Loglikelihood: -249349	(delta): 0.274328
356 (QN/Block) 	Elapsed: 1.073	Loglikelihood: -249347	(delta): 1.4916
357 (QN/Block) 	Elapsed: 1.073	Loglikelihood: -249347	(delta): 0.780744
358 (QN/Block) 	Elapsed: 1.068	Loglikelihood: -249346	(delta): 0.332422
359 (QN/Block) 	Elapsed: 1.073	Loglikelihood: -249346	(delta): 0.296652
360 (QN/Block) 	Elapsed: 1.073	Loglikelihood: -249346	(delta): 0.197776
361 (QN/Block) 	Elapsed: 1.068	Loglikelihood: -249346	(delta): 0.339112
362 (QN/Block) 	Elapsed: 1.073	Loglikelihood: -249345	(delta): 0.639079
363 (QN/Block) 	Elapsed: 1.073	Loglikelihood: -249344	(delta): 0.468571
364 (QN/Block) 	Elapsed: 1.07	Loglikelihood: -249344	(delta): 0.568474
365 (QN/Block) 	Elapsed: 1.073	Loglikelihood: -249342	(delta): 1.57345
366 (QN/Block) 	Elapsed: 1.07	Loglikelihood: -249341	(delta): 1.2781
367 (QN/Block) 	Elapsed: 1.073	Loglikelihood: -249340	(delta): 0.704702
368 (QN/Block) 	Elapsed: 1.07	Loglikelihood: -249340	(delta): 0.639981
369 (QN/Block) 	Elapsed: 1.073	Loglikelihood: -249339	(delta): 0.347666
370 (QN/Block) 	Elapsed: 1.073	Loglikelihood: -249339	(delta): 0.195349
371 (QN/Block) 	Elapsed: 1.073	Loglikelihood: -249339	(delta): 0.160071
372 (QN/Block) 	Elapsed: 1.073	Loglikelihood: -249339	(delta): 0.160441
373 (QN/Block) 	Elapsed: 1.067	Loglikelihood: -249339	(delta): 0.203041
374 (QN/Block) 	Elapsed: 1.073	Loglikelihood: -249338	(delta): 0.263698
375 (QN/Block) 	Elapsed: 1.073	Loglikelihood: -249338	(delta): 0.276429
376 (QN/Block) 	Elapsed: 1.073	Loglikelihood: -249338	(delta): 0.223163
377 (QN/Block) 	Elapsed: 1.073	Loglikelihood: -249338	(delta): 0.109541
378 (QN/Block) 	Elapsed: 1.073	Loglikelihood: -249338	(delta): 0.106485
379 (QN/Block) 	Elapsed: 1.073	Loglikelihood: -249337	(delta): 0.154806
380 (QN/Block) 	Elapsed: 1.073	Loglikelihood: -249337	(delta): 0.123961
381 (QN/Block) 	Elapsed: 1.073	Loglikelihood: -249337	(delta): 0.151055
382 (QN/Block) 	Elapsed: 1.073	Loglikelihood: -249337	(delta): 0.145775
383 (QN/Block) 	Elapsed: 1.074	Loglikelihood: -249337	(delta): 0.123495
384 (QN/Block) 	Elapsed: 1.072	Loglikelihood: -249337	(delta): 0.21632
385 (QN/Block) 	Elapsed: 1.069	Loglikelihood: -249337	(delta): 0.14376
386 (QN/Block) 	Elapsed: 1.072	Loglikelihood: -249336	(delta): 0.0954825
387 (QN/Block) 	Elapsed: 1.067	Loglikelihood: -249336	(delta): 0.23677
388 (QN/Block) 	Elapsed: 1.07	Loglikelihood: -249336	(delta): 0.39558
389 (QN/Block) 	Elapsed: 1.075	Loglikelihood: -249336	(delta): 0.299509
390 (QN/Block) 	Elapsed: 1.07	Loglikelihood: -249335	(delta): 0.955439
391 (QN/Block) 	Elapsed: 1.067	Loglikelihood: -249334	(delta): 0.430913
392 (QN/Block) 	Elapsed: 1.067	Loglikelihood: -249334	(delta): 0.433801
393 (QN/Block) 	Elapsed: 1.075	Loglikelihood: -249333	(delta): 0.371443
394 (QN/Block) 	Elapsed: 1.075	Loglikelihood: -249333	(delta): 0.507803
395 (QN/Block) 	Elapsed: 1.074	Loglikelihood: -249333	(delta): 0.0814486
396 (QN/Block) 	Elapsed: 1.075	Loglikelihood: -249333	(delta): 0.0902385
397 (QN/Block) 	Elapsed: 1.075	Loglikelihood: -249332	(delta): 0.191851
398 (QN/Block) 	Elapsed: 1.075	Loglikelihood: -249332	(delta): 0.0518608
399 (QN/Block) 	Elapsed: 1.075	Loglikelihood: -249332	(delta): 0.0653446
400 (QN/Block) 	Elapsed: 1.075	Loglikelihood: -249332	(delta): 0.0876707
401 (QN/Block) 	Elapsed: 1.074	Loglikelihood: -249332	(delta): 0.0562305
402 (QN/Block) 	Elapsed: 1.075	Loglikelihood: -249332	(delta): 0.0210283
403 (QN/Block) 	Elapsed: 1.075	Loglikelihood: -249332	(delta): 0.0166458
404 (QN/Block) 	Elapsed: 1.075	Loglikelihood: -249332	(delta): 0.0173028
405 (QN/Block) 	Elapsed: 1.072	Loglikelihood: -249332	(delta): 0.020346
406 (QN/Block) 	Elapsed: 1.075	Loglikelihood: -249332	(delta): 0.0130339
407 (QN/Block) 	Elapsed: 1.067	Loglikelihood: -249332	(delta): 0.0102031
408 (QN/Block) 	Elapsed: 1.07	Loglikelihood: -249332	(delta): 0.0279595
409 (QN/Block) 	Elapsed: 1.075	Loglikelihood: -249332	(delta): 0.0103879
410 (QN/Block) 	Elapsed: 1.075	Loglikelihood: -249332	(delta): 0.0126499
411 (QN/Block) 	Elapsed: 1.075	Loglikelihood: -249332	(delta): 0.0178195
412 (QN/Block) 	Elapsed: 1.075	Loglikelihood: -249332	(delta): 0.0248955
413 (QN/Block) 	Elapsed: 1.075	Loglikelihood: -249332	(delta): 0.0353568
414 (QN/Block) 	Elapsed: 1.075	Loglikelihood: -249332	(delta): 0.0361039
415 (QN/Block) 	Elapsed: 1.075	Loglikelihood: -249332	(delta): 0.0499646
416 (QN/Block) 	Elapsed: 1.074	Loglikelihood: -249332	(delta): 0.0443211
417 (QN/Block) 	Elapsed: 1.067	Loglikelihood: -249332	(delta): 0.0552524
418 (QN/Block) 	Elapsed: 1.067	Loglikelihood: -249332	(delta): 0.0332905
419 (QN/Block) 	Elapsed: 1.067	Loglikelihood: -249332	(delta): 0.203359
420 (QN/Block) 	Elapsed: 1.072	Loglikelihood: -249331	(delta): 0.13121
421 (QN/Block) 	Elapsed: 1.067	Loglikelihood: -249331	(delta): 0.0432759
422 (QN/Block) 	Elapsed: 1.069	Loglikelihood: -249331	(delta): 0.0341075
423 (QN/Block) 	Elapsed: 1.067	Loglikelihood: -249331	(delta): 0.0057158
424 (QN/Block) 	Elapsed: 1.067	Loglikelihood: -249331	(delta): 0.0032623
425 (QN/Block) 	Elapsed: 1.067	Loglikelihood: -249331	(delta): 0.00215818
426 (QN/Block) 	Elapsed: 1.067	Loglikelihood: -249331	(delta): 0.00115858
427 (QN/Block) 	Elapsed: 1.067	Loglikelihood: -249331	(delta): 0.00044863
428 (QN/Block) 	Elapsed: 1.067	Loglikelihood: -249331	(delta): 0.000310784
429 (QN/Block) 	Elapsed: 1.068	Loglikelihood: -249331	(delta): 0.000474714
430 (QN/Block) 	Elapsed: 1.067	Loglikelihood: -249331	(delta): 0.000301609
431 (QN/Block) 	Elapsed: 1.077	Loglikelihood: -249331	(delta): 0.000173659
432 (QN/Block) 	Elapsed: 1.068	Loglikelihood: -249331	(delta): 0.000124762
433 (QN/Block) 	Elapsed: 1.067	Loglikelihood: -249331	(delta): 0.00022597
434 (QN/Block) 	Elapsed: 1.067	Loglikelihood: -249331	(delta): 0.000195046
435 (QN/Block) 	Elapsed: 1.067	Loglikelihood: -249331	(delta): 0.000119618
436 (QN/Block) 	Elapsed: 1.067	Loglikelihood: -249331	(delta): 0.000315074
437 (QN/Block) 	Elapsed: 1.067	Loglikelihood: -249331	(delta): 0.00126478
438 (QN/Block) 	Elapsed: 1.075	Loglikelihood: -249331	(delta): 0.000599116
439 (QN/Block) 	Elapsed: 1.075	Loglikelihood: -249331	(delta): 0.00100255
440 (QN/Block) 	Elapsed: 1.075	Loglikelihood: -249331	(delta): 0.00479999
441 (QN/Block) 	Elapsed: 1.075	Loglikelihood: -249331	(delta): 0.00234731
442 (QN/Block) 	Elapsed: 1.075	Loglikelihood: -249331	(delta): 0.00245654
443 (QN/Block) 	Elapsed: 1.075	Loglikelihood: -249331	(delta): 0.00273708
444 (QN/Block) 	Elapsed: 1.075	Loglikelihood: -249331	(delta): 0.00321097
445 (QN/Block) 	Elapsed: 1.075	Loglikelihood: -249331	(delta): 0.00386579
446 (QN/Block) 	Elapsed: 1.072	Loglikelihood: -249331	(delta): 0.00489785
447 (QN/Block) 	Elapsed: 1.075	Loglikelihood: -249331	(delta): 0.00263662
448 (QN/Block) 	Elapsed: 1.075	Loglikelihood: -249331	(delta): 0.00156298
449 (QN/Block) 	Elapsed: 1.075	Loglikelihood: -249331	(delta): 0.00235101
450 (QN/Block) 	Elapsed: 1.074	Loglikelihood: -249331	(delta): 0.00445618
451 (QN/Block) 	Elapsed: 1.075	Loglikelihood: -249331	(delta): 0.00730518
452 (QN/Block) 	Elapsed: 1.075	Loglikelihood: -249331	(delta): 0.0120402
453 (QN/Block) 	Elapsed: 1.075	Loglikelihood: -249331	(delta): 0.018415
454 (QN/Block) 	Elapsed: 1.075	Loglikelihood: -249331	(delta): 0.0268382
455 (QN/Block) 	Elapsed: 1.075	Loglikelihood: -249331	(delta): 0.0405213
456 (QN/Block) 	Elapsed: 1.075	Loglikelihood: -249331	(delta): 0.0332431
457 (QN/Block) 	Elapsed: 1.075	Loglikelihood: -249331	(delta): 0.00388873
458 (QN/Block) 	Elapsed: 1.067	Loglikelihood: -249331	(delta): 0.00950462
459 (QN/Block) 	Elapsed: 1.075	Loglikelihood: -249331	(delta): 0.173467
460 (QN/Block) 	Elapsed: 1.075	Loglikelihood: -249331	(delta): 0.385705
461 (QN/Block) 	Elapsed: 1.075	Loglikelihood: -249329	(delta): 1.25006
462 (QN/Block) 	Elapsed: 1.067	Loglikelihood: -249328	(delta): 1.12793
463 (QN/Block) 	Elapsed: 1.075	Loglikelihood: -249326	(delta): 1.86684
464 (QN/Block) 	Elapsed: 1.067	Loglikelihood: -249326	(delta): 0.458548
465 (QN/Block) 	Elapsed: 1.07	Loglikelihood: -249326	(delta): 0.147939
466 (QN/Block) 	Elapsed: 1.075	Loglikelihood: -249325	(delta): 0.320704
467 (QN/Block) 	Elapsed: 1.076	Loglikelihood: -249325	(delta): 0.37476
468 (QN/Block) 	Elapsed: 1.075	Loglikelihood: -249325	(delta): 0.0846409
469 (QN/Block) 	Elapsed: 1.075	Loglikelihood: -249325	(delta): 0.0889607
470 (QN/Block) 	Elapsed: 1.075	Loglikelihood: -249325	(delta): 0.0952388
471 (QN/Block) 	Elapsed: 1.074	Loglikelihood: -249324	(delta): 0.321124
472 (QN/Block) 	Elapsed: 1.075	Loglikelihood: -249324	(delta): 0.35412
473 (QN/Block) 	Elapsed: 1.075	Loglikelihood: -249324	(delta): 0.509809
474 (QN/Block) 	Elapsed: 1.074	Loglikelihood: -249323	(delta): 0.298308
475 (QN/Block) 	Elapsed: 1.075	Loglikelihood: -249323	(delta): 0.168465
476 (QN/Block) 	Elapsed: 1.067	Loglikelihood: -249323	(delta): 0.18629
477 (QN/Block) 	Elapsed: 1.075	Loglikelihood: -249322	(delta): 0.44736
478 (QN/Block) 	Elapsed: 1.074	Loglikelihood: -249322	(delta): 0.184022
479 (QN/Block) 	Elapsed: 1.075	Loglikelihood: -249322	(delta): 0.525783
480 (QN/Block) 	Elapsed: 1.074	Loglikelihood: -249321	(delta): 0.533558
481 (QN/Block) 	Elapsed: 1.075	Loglikelihood: -249321	(delta): 0.210694
482 (QN/Block) 	Elapsed: 1.07	Loglikelihood: -249321	(delta): 0.298227
483 (QN/Block) 	Elapsed: 1.075	Loglikelihood: -249320	(delta): 0.539243
484 (QN/Block) 	Elapsed: 1.075	Loglikelihood: -249320	(delta): 0.197143
485 (QN/Block) 	Elapsed: 1.075	Loglikelihood: -249319	(delta): 0.651446
486 (QN/Block) 	Elapsed: 1.075	Loglikelihood: -249319	(delta): 0.556682
487 (QN/Block) 	Elapsed: 1.075	Loglikelihood: -249318	(delta): 0.311314
488 (QN/Block) 	Elapsed: 1.07	Loglikelihood: -249318	(delta): 0.216356
489 (QN/Block) 	Elapsed: 1.072	Loglikelihood: -249318	(delta): 0.133936
490 (QN/Block) 	Elapsed: 1.067	Loglikelihood: -249318	(delta): 0.150202
491 (QN/Block) 	Elapsed: 1.075	Loglikelihood: -249317	(delta): 0.484605
492 (QN/Block) 	Elapsed: 1.075	Loglikelihood: -249317	(delta): 0.206539
493 (QN/Block) 	Elapsed: 1.067	Loglikelihood: -249317	(delta): 0.123333
494 (QN/Block) 	Elapsed: 1.074	Loglikelihood: -249317	(delta): 0.125396
495 (QN/Block) 	Elapsed: 1.077	Loglikelihood: -249317	(delta): 0.0593137
496 (QN/Block) 	Elapsed: 1.075	Loglikelihood: -249317	(delta): 0.0735834
497 (QN/Block) 	Elapsed: 1.075	Loglikelihood: -249317	(delta): 0.0831577
498 (QN/Block) 	Elapsed: 1.077	Loglikelihood: -249317	(delta): 0.119211
499 (QN/Block) 	Elapsed: 1.076	Loglikelihood: -249317	(delta): 0.0604721
500 (QN/Block) 	Elapsed: 1.076	Loglikelihood: -249317	(delta): 0.0495822
501 (QN/Block) 	Elapsed: 1.076	Loglikelihood: -249317	(delta): 0.0453412
502 (QN/Block) 	Elapsed: 1.076	Loglikelihood: -249316	(delta): 0.0565112
503 (QN/Block) 	Elapsed: 1.076	Loglikelihood: -249316	(delta): 0.0924507
504 (QN/Block) 	Elapsed: 1.076	Loglikelihood: -249316	(delta): 0.140298
505 (QN/Block) 	Elapsed: 1.071	Loglikelihood: -249316	(delta): 0.0660734
506 (QN/Block) 	Elapsed: 1.072	Loglikelihood: -249316	(delta): 0.163151
507 (QN/Block) 	Elapsed: 1.067	Loglikelihood: -249316	(delta): 0.306166
508 (QN/Block) 	Elapsed: 1.07	Loglikelihood: -249315	(delta): 0.425527
509 (QN/Block) 	Elapsed: 1.067	Loglikelihood: -249315	(delta): 0.341735
510 (QN/Block) 	Elapsed: 1.075	Loglikelihood: -249315	(delta): 0.222954
511 (QN/Block) 	Elapsed: 1.075	Loglikelihood: -249314	(delta): 0.510352
512 (QN/Block) 	Elapsed: 1.075	Loglikelihood: -249314	(delta): 0.595452
513 (QN/Block) 	Elapsed: 1.074	Loglikelihood: -249313	(delta): 0.542981
514 (QN/Block) 	Elapsed: 1.075	Loglikelihood: -249313	(delta): 0.387071
515 (QN/Block) 	Elapsed: 1.075	Loglikelihood: -249312	(delta): 0.246643
516 (QN/Block) 	Elapsed: 1.075	Loglikelihood: -249312	(delta): 0.248978
517 (QN/Block) 	Elapsed: 1.075	Loglikelihood: -249312	(delta): 0.237281
518 (QN/Block) 	Elapsed: 1.075	Loglikelihood: -249312	(delta): 0.261052
519 (QN/Block) 	Elapsed: 1.074	Loglikelihood: -249311	(delta): 0.256487
520 (QN/Block) 	Elapsed: 1.075	Loglikelihood: -249311	(delta): 0.236497
521 (QN/Block) 	Elapsed: 1.074	Loglikelihood: -249311	(delta): 0.129048
522 (QN/Block) 	Elapsed: 1.072	Loglikelihood: -249311	(delta): 0.16354
523 (QN/Block) 	Elapsed: 1.076	Loglikelihood: -249311	(delta): 0.185307
524 (QN/Block) 	Elapsed: 1.072	Loglikelihood: -249310	(delta): 0.245809
525 (QN/Block) 	Elapsed: 1.067	Loglikelihood: -249310	(delta): 0.141496
526 (QN/Block) 	Elapsed: 1.067	Loglikelihood: -249310	(delta): 0.0976843
527 (QN/Block) 	Elapsed: 1.067	Loglikelihood: -249309	(delta): 0.832753
528 (QN/Block) 	Elapsed: 1.075	Loglikelihood: -249309	(delta): 0.775862
529 (QN/Block) 	Elapsed: 1.075	Loglikelihood: -249308	(delta): 0.410764
530 (QN/Block) 	Elapsed: 1.067	Loglikelihood: -249308	(delta): 0.186548
531 (QN/Block) 	Elapsed: 1.075	Loglikelihood: -249308	(delta): 0.155817
532 (QN/Block) 	Elapsed: 1.075	Loglikelihood: -249308	(delta): 0.106651
533 (QN/Block) 	Elapsed: 1.075	Loglikelihood: -249308	(delta): 0.0924645
534 (QN/Block) 	Elapsed: 1.075	Loglikelihood: -249308	(delta): 0.0668041
535 (QN/Block) 	Elapsed: 1.07	Loglikelihood: -249308	(delta): 0.0704926
536 (QN/Block) 	Elapsed: 1.067	Loglikelihood: -249307	(delta): 0.236868
537 (QN/Block) 	Elapsed: 1.069	Loglikelihood: -249307	(delta): 0.173419
538 (QN/Block) 	Elapsed: 1.074	Loglikelihood: -249307	(delta): 0.0526597
539 (QN/Block) 	Elapsed: 1.067	Loglikelihood: -249307	(delta): 0.0594044
540 (QN/Block) 	Elapsed: 1.067	Loglikelihood: -249307	(delta): 0.063102
541 (QN/Block) 	Elapsed: 1.075	Loglikelihood: -249307	(delta): 0.0143101
542 (QN/Block) 	Elapsed: 1.067	Loglikelihood: -249307	(delta): 0.0175728
543 (QN/Block) 	Elapsed: 1.091	Loglikelihood: -249307	(delta): 0.0123639
544 (QN/Block) 	Elapsed: 1.067	Loglikelihood: -249307	(delta): 0.0212792
545 (QN/Block) 	Elapsed: 1.067	Loglikelihood: -249307	(delta): 0.010571
546 (QN/Block) 	Elapsed: 1.067	Loglikelihood: -249307	(delta): 0.00882639
547 (QN/Block) 	Elapsed: 1.067	Loglikelihood: -249307	(delta): 0.00394347
548 (QN/Block) 	Elapsed: 1.067	Loglikelihood: -249307	(delta): 0.00483945
549 (QN/Block) 	Elapsed: 1.067	Loglikelihood: -249307	(delta): 0.00636833
550 (QN/Block) 	Elapsed: 1.066	Loglikelihood: -249307	(delta): 0.0059886
551 (QN/Block) 	Elapsed: 1.074	Loglikelihood: -249307	(delta): 0.00221384
552 (QN/Block) 	Elapsed: 1.072	Loglikelihood: -249307	(delta): 0.00163517
553 (QN/Block) 	Elapsed: 1.067	Loglikelihood: -249307	(delta): 0.00172338
554 (QN/Block) 	Elapsed: 1.067	Loglikelihood: -249307	(delta): 0.0115426
555 (QN/Block) 	Elapsed: 1.075	Loglikelihood: -249307	(delta): 0.0264816
556 (QN/Block) 	Elapsed: 1.074	Loglikelihood: -249307	(delta): 0.11899
557 (QN/Block) 	Elapsed: 1.066	Loglikelihood: -249307	(delta): 0.0349972
558 (QN/Block) 	Elapsed: 1.074	Loglikelihood: -249307	(delta): 0.00578478
559 (QN/Block) 	Elapsed: 1.067	Loglikelihood: -249307	(delta): 0.0048539
560 (QN/Block) 	Elapsed: 1.067	Loglikelihood: -249307	(delta): 0.00261169
561 (QN/Block) 	Elapsed: 1.067	Loglikelihood: -249307	(delta): 0.00285354
562 (QN/Block) 	Elapsed: 1.067	Loglikelihood: -249307	(delta): 0.000946256
563 (QN/Block) 	Elapsed: 1.067	Loglikelihood: -249307	(delta): 0.000827445
564 (QN/Block) 	Elapsed: 1.067	Loglikelihood: -249307	(delta): 0.000658761
565 (QN/Block) 	Elapsed: 1.066	Loglikelihood: -249307	(delta): 0.0014949
566 (QN/Block) 	Elapsed: 1.067	Loglikelihood: -249307	(delta): 0.00139672
567 (QN/Block) 	Elapsed: 1.067	Loglikelihood: -249307	(delta): 0.000793753
568 (QN/Block) 	Elapsed: 1.067	Loglikelihood: -249307	(delta): 0.000311974
569 (QN/Block) 	Elapsed: 1.067	Loglikelihood: -249307	(delta): 0.000277271
570 (QN/Block) 	Elapsed: 1.074	Loglikelihood: -249307	(delta): 6.96065e-05
Summary: 
Converged in 570 iterations (617.642 sec)
Loglikelihood: -249306.608915
Fst divergences between estimated populations: 
	Pop0	Pop1	Pop2	Pop3	Pop4	Pop5	Pop6	Pop7	Pop8	Pop9	Pop10	Pop11	Pop12	Pop13	Pop14	Pop15	Pop16	Pop17	Pop18	Pop19	Pop20	Pop21	Pop22	Pop23	
Pop0	
Pop1	0.138	
Pop2	0.134	0.119	
Pop3	0.510	0.509	0.501	
Pop4	0.492	0.488	0.484	0.176	
Pop5	0.502	0.504	0.493	0.109	0.155	
Pop6	0.146	0.156	0.144	0.508	0.490	0.501	
Pop7	0.119	0.125	0.118	0.493	0.470	0.487	0.138	
Pop8	0.122	0.121	0.114	0.479	0.466	0.476	0.144	0.110	
Pop9	0.149	0.140	0.141	0.513	0.490	0.503	0.150	0.130	0.126	
Pop10	0.516	0.514	0.508	0.146	0.178	0.110	0.511	0.494	0.487	0.515	
Pop11	0.499	0.496	0.486	0.130	0.155	0.110	0.494	0.480	0.471	0.498	0.123	
Pop12	0.121	0.129	0.129	0.482	0.465	0.477	0.125	0.111	0.110	0.141	0.486	0.470	
Pop13	0.123	0.119	0.128	0.502	0.484	0.497	0.126	0.109	0.108	0.136	0.510	0.492	0.112	
Pop14	0.538	0.535	0.527	0.162	0.186	0.151	0.535	0.517	0.509	0.538	0.180	0.170	0.509	0.532	
Pop15	0.143	0.115	0.135	0.514	0.494	0.509	0.140	0.120	0.116	0.137	0.517	0.500	0.122	0.120	0.540	
Pop16	0.175	0.165	0.171	0.518	0.500	0.517	0.185	0.159	0.141	0.181	0.526	0.510	0.158	0.163	0.549	0.169	
Pop17	0.151	0.170	0.156	0.517	0.497	0.511	0.163	0.144	0.137	0.177	0.520	0.504	0.145	0.150	0.542	0.158	0.205	
Pop18	0.121	0.120	0.123	0.481	0.464	0.476	0.142	0.115	0.115	0.137	0.487	0.472	0.122	0.119	0.508	0.117	0.165	0.142	
Pop19	0.511	0.511	0.499	0.148	0.179	0.116	0.507	0.492	0.484	0.512	0.126	0.126	0.482	0.505	0.176	0.516	0.524	0.516	0.485	
Pop20	0.128	0.118	0.114	0.492	0.476	0.484	0.142	0.115	0.107	0.136	0.495	0.481	0.116	0.115	0.518	0.117	0.153	0.137	0.114	0.493	
Pop21	0.128	0.127	0.120	0.492	0.474	0.485	0.136	0.106	0.105	0.118	0.498	0.478	0.116	0.118	0.519	0.112	0.151	0.151	0.105	0.493	0.110	
Pop22	0.159	0.168	0.158	0.512	0.489	0.503	0.173	0.142	0.145	0.162	0.515	0.500	0.147	0.153	0.536	0.154	0.192	0.187	0.140	0.511	0.147	0.145	
Pop23	0.108	0.108	0.115	0.496	0.474	0.487	0.138	0.099	0.101	0.120	0.498	0.483	0.119	0.103	0.518	0.109	0.149	0.148	0.102	0.496	0.100	0.112	0.136	
Pop24	0.128	0.132	0.127	0.503	0.481	0.494	0.140	0.123	0.116	0.144	0.506	0.490	0.130	0.109	0.527	0.129	0.173	0.163	0.118	0.502	0.122	0.125	0.149	0.103	
CV error (K=25): 0.20352
Writing output files.
