****                   ADMIXTURE Version 1.3.0                  ****
****                    Copyright 2008-2015                     ****
****           David Alexander, Suyash Shringarpure,            ****
****                John  Novembre, Ken Lange                   ****
****                                                            ****
****                 Please cite our paper!                     ****
****   Information at www.genetics.ucla.edu/software/admixture  ****

Cross-validation will be performed.  Folds=10.
Parallel execution requested.  Will use 20 threads.
Random seed: 43
Point estimation method: Block relaxation algorithm
Convergence acceleration algorithm: QuasiNewton, 3 secant conditions
Point estimation will terminate when objective function delta < 0.0001
Estimation of standard errors disabled; will compute point estimates only.
Size of G: 778x1726
Performing five EM steps to prime main algorithm
1 (EM) 	Elapsed: 0.373	Loglikelihood: -399948	(delta): 1.23938e+06
2 (EM) 	Elapsed: 0.373	Loglikelihood: -365814	(delta): 34134.1
3 (EM) 	Elapsed: 0.373	Loglikelihood: -362029	(delta): 3785.14
4 (EM) 	Elapsed: 0.373	Loglikelihood: -360184	(delta): 1845.23
5 (EM) 	Elapsed: 0.374	Loglikelihood: -358779	(delta): 1405.08
Initial loglikelihood: -358779
Starting main algorithm
1 (QN/Block) 	Elapsed: 0.697	Loglikelihood: -287128	(delta): 71651
2 (QN/Block) 	Elapsed: 0.688	Loglikelihood: -271773	(delta): 15354.6
3 (QN/Block) 	Elapsed: 0.701	Loglikelihood: -267098	(delta): 4675.47
4 (QN/Block) 	Elapsed: 0.711	Loglikelihood: -264931	(delta): 2166.98
5 (QN/Block) 	Elapsed: 0.687	Loglikelihood: -264143	(delta): 787.87
6 (QN/Block) 	Elapsed: 0.688	Loglikelihood: -263799	(delta): 344.334
7 (QN/Block) 	Elapsed: 0.708	Loglikelihood: -263632	(delta): 166.284
8 (QN/Block) 	Elapsed: 0.701	Loglikelihood: -263442	(delta): 190.753
9 (QN/Block) 	Elapsed: 0.703	Loglikelihood: -263321	(delta): 120.444
10 (QN/Block) 	Elapsed: 0.696	Loglikelihood: -263253	(delta): 67.9006
11 (QN/Block) 	Elapsed: 0.698	Loglikelihood: -263191	(delta): 62.3335
12 (QN/Block) 	Elapsed: 0.699	Loglikelihood: -263139	(delta): 51.8463
13 (QN/Block) 	Elapsed: 0.703	Loglikelihood: -263078	(delta): 61.3243
14 (QN/Block) 	Elapsed: 0.709	Loglikelihood: -263038	(delta): 39.457
15 (QN/Block) 	Elapsed: 0.705	Loglikelihood: -263005	(delta): 33.0877
16 (QN/Block) 	Elapsed: 0.722	Loglikelihood: -262980	(delta): 25.2113
17 (QN/Block) 	Elapsed: 0.703	Loglikelihood: -262946	(delta): 33.545
18 (QN/Block) 	Elapsed: 0.717	Loglikelihood: -262929	(delta): 17.1125
19 (QN/Block) 	Elapsed: 0.696	Loglikelihood: -262916	(delta): 12.8983
20 (QN/Block) 	Elapsed: 0.688	Loglikelihood: -262908	(delta): 8.57947
21 (QN/Block) 	Elapsed: 0.701	Loglikelihood: -262900	(delta): 7.72967
22 (QN/Block) 	Elapsed: 0.712	Loglikelihood: -262891	(delta): 8.80759
23 (QN/Block) 	Elapsed: 0.696	Loglikelihood: -262883	(delta): 8.41511
24 (QN/Block) 	Elapsed: 0.706	Loglikelihood: -262877	(delta): 6.19127
25 (QN/Block) 	Elapsed: 0.7	Loglikelihood: -262872	(delta): 5.04566
26 (QN/Block) 	Elapsed: 0.709	Loglikelihood: -262867	(delta): 4.2325
27 (QN/Block) 	Elapsed: 0.692	Loglikelihood: -262863	(delta): 3.93615
28 (QN/Block) 	Elapsed: 0.704	Loglikelihood: -262859	(delta): 4.53172
29 (QN/Block) 	Elapsed: 0.7	Loglikelihood: -262855	(delta): 3.67215
30 (QN/Block) 	Elapsed: 0.711	Loglikelihood: -262850	(delta): 4.76543
31 (QN/Block) 	Elapsed: 0.685	Loglikelihood: -262847	(delta): 3.66621
32 (QN/Block) 	Elapsed: 0.716	Loglikelihood: -262843	(delta): 4.11683
33 (QN/Block) 	Elapsed: 0.7	Loglikelihood: -262840	(delta): 2.72238
34 (QN/Block) 	Elapsed: 0.7	Loglikelihood: -262837	(delta): 2.91387
35 (QN/Block) 	Elapsed: 0.703	Loglikelihood: -262832	(delta): 4.89254
36 (QN/Block) 	Elapsed: 0.702	Loglikelihood: -262825	(delta): 6.89349
37 (QN/Block) 	Elapsed: 0.706	Loglikelihood: -262820	(delta): 4.79269
38 (QN/Block) 	Elapsed: 0.687	Loglikelihood: -262813	(delta): 7.04275
39 (QN/Block) 	Elapsed: 0.721	Loglikelihood: -262810	(delta): 3.90533
40 (QN/Block) 	Elapsed: 0.71	Loglikelihood: -262807	(delta): 2.35732
41 (QN/Block) 	Elapsed: 0.712	Loglikelihood: -262804	(delta): 2.93182
42 (QN/Block) 	Elapsed: 0.71	Loglikelihood: -262801	(delta): 2.82105
43 (QN/Block) 	Elapsed: 0.709	Loglikelihood: -262800	(delta): 1.71115
44 (QN/Block) 	Elapsed: 0.696	Loglikelihood: -262799	(delta): 0.979803
45 (QN/Block) 	Elapsed: 0.691	Loglikelihood: -262798	(delta): 1.19365
46 (QN/Block) 	Elapsed: 0.703	Loglikelihood: -262797	(delta): 0.798847
47 (QN/Block) 	Elapsed: 0.718	Loglikelihood: -262796	(delta): 1.20183
48 (QN/Block) 	Elapsed: 0.692	Loglikelihood: -262795	(delta): 0.564767
49 (QN/Block) 	Elapsed: 0.712	Loglikelihood: -262794	(delta): 0.969081
50 (QN/Block) 	Elapsed: 0.711	Loglikelihood: -262793	(delta): 1.04831
51 (QN/Block) 	Elapsed: 0.713	Loglikelihood: -262792	(delta): 0.796789
52 (QN/Block) 	Elapsed: 0.711	Loglikelihood: -262791	(delta): 0.841597
53 (QN/Block) 	Elapsed: 0.693	Loglikelihood: -262790	(delta): 1.34475
54 (QN/Block) 	Elapsed: 0.704	Loglikelihood: -262788	(delta): 2.29204
55 (QN/Block) 	Elapsed: 0.702	Loglikelihood: -262786	(delta): 1.23382
56 (QN/Block) 	Elapsed: 0.699	Loglikelihood: -262785	(delta): 1.51438
57 (QN/Block) 	Elapsed: 0.683	Loglikelihood: -262784	(delta): 1.36314
58 (QN/Block) 	Elapsed: 0.704	Loglikelihood: -262783	(delta): 0.959438
59 (QN/Block) 	Elapsed: 0.7	Loglikelihood: -262781	(delta): 1.30151
60 (QN/Block) 	Elapsed: 0.694	Loglikelihood: -262780	(delta): 1.15817
61 (QN/Block) 	Elapsed: 0.695	Loglikelihood: -262779	(delta): 1.33097
62 (QN/Block) 	Elapsed: 0.701	Loglikelihood: -262778	(delta): 1.05112
63 (QN/Block) 	Elapsed: 0.692	Loglikelihood: -262777	(delta): 0.739931
64 (QN/Block) 	Elapsed: 0.698	Loglikelihood: -262776	(delta): 0.553086
65 (QN/Block) 	Elapsed: 0.699	Loglikelihood: -262775	(delta): 1.81543
66 (QN/Block) 	Elapsed: 0.717	Loglikelihood: -262773	(delta): 1.18915
67 (QN/Block) 	Elapsed: 0.701	Loglikelihood: -262773	(delta): 0.852483
68 (QN/Block) 	Elapsed: 0.706	Loglikelihood: -262772	(delta): 0.965619
69 (QN/Block) 	Elapsed: 0.711	Loglikelihood: -262771	(delta): 0.935582
70 (QN/Block) 	Elapsed: 0.701	Loglikelihood: -262770	(delta): 1.11506
71 (QN/Block) 	Elapsed: 0.691	Loglikelihood: -262769	(delta): 0.806508
72 (QN/Block) 	Elapsed: 0.702	Loglikelihood: -262768	(delta): 0.665123
73 (QN/Block) 	Elapsed: 0.719	Loglikelihood: -262768	(delta): 0.605777
74 (QN/Block) 	Elapsed: 0.708	Loglikelihood: -262766	(delta): 1.09879
75 (QN/Block) 	Elapsed: 0.701	Loglikelihood: -262766	(delta): 0.830756
76 (QN/Block) 	Elapsed: 0.696	Loglikelihood: -262765	(delta): 0.508537
77 (QN/Block) 	Elapsed: 0.694	Loglikelihood: -262765	(delta): 0.566342
78 (QN/Block) 	Elapsed: 0.705	Loglikelihood: -262764	(delta): 0.472069
79 (QN/Block) 	Elapsed: 0.704	Loglikelihood: -262764	(delta): 0.513464
80 (QN/Block) 	Elapsed: 0.715	Loglikelihood: -262763	(delta): 0.89712
81 (QN/Block) 	Elapsed: 0.69	Loglikelihood: -262761	(delta): 1.61855
82 (QN/Block) 	Elapsed: 0.693	Loglikelihood: -262760	(delta): 1.45823
83 (QN/Block) 	Elapsed: 0.688	Loglikelihood: -262759	(delta): 0.64559
84 (QN/Block) 	Elapsed: 0.69	Loglikelihood: -262758	(delta): 0.562574
85 (QN/Block) 	Elapsed: 0.7	Loglikelihood: -262757	(delta): 1.12569
86 (QN/Block) 	Elapsed: 0.688	Loglikelihood: -262756	(delta): 0.883471
87 (QN/Block) 	Elapsed: 0.706	Loglikelihood: -262756	(delta): 0.363815
88 (QN/Block) 	Elapsed: 0.696	Loglikelihood: -262756	(delta): 0.267358
89 (QN/Block) 	Elapsed: 0.705	Loglikelihood: -262755	(delta): 0.390635
90 (QN/Block) 	Elapsed: 0.691	Loglikelihood: -262755	(delta): 0.134559
91 (QN/Block) 	Elapsed: 0.698	Loglikelihood: -262755	(delta): 0.170896
92 (QN/Block) 	Elapsed: 0.7	Loglikelihood: -262755	(delta): 0.353464
93 (QN/Block) 	Elapsed: 0.687	Loglikelihood: -262754	(delta): 0.684641
94 (QN/Block) 	Elapsed: 0.688	Loglikelihood: -262753	(delta): 0.987722
95 (QN/Block) 	Elapsed: 0.7	Loglikelihood: -262752	(delta): 0.674819
96 (QN/Block) 	Elapsed: 0.705	Loglikelihood: -262752	(delta): 0.584967
97 (QN/Block) 	Elapsed: 0.704	Loglikelihood: -262751	(delta): 0.440979
98 (QN/Block) 	Elapsed: 0.706	Loglikelihood: -262751	(delta): 0.525351
99 (QN/Block) 	Elapsed: 0.713	Loglikelihood: -262750	(delta): 0.832735
100 (QN/Block) 	Elapsed: 0.709	Loglikelihood: -262749	(delta): 0.976535
101 (QN/Block) 	Elapsed: 0.701	Loglikelihood: -262748	(delta): 0.739808
102 (QN/Block) 	Elapsed: 0.702	Loglikelihood: -262747	(delta): 0.830557
103 (QN/Block) 	Elapsed: 0.701	Loglikelihood: -262745	(delta): 2.44856
104 (QN/Block) 	Elapsed: 0.698	Loglikelihood: -262744	(delta): 1.14655
105 (QN/Block) 	Elapsed: 0.698	Loglikelihood: -262743	(delta): 1.03107
106 (QN/Block) 	Elapsed: 0.696	Loglikelihood: -262742	(delta): 0.982219
107 (QN/Block) 	Elapsed: 0.701	Loglikelihood: -262740	(delta): 1.45928
108 (QN/Block) 	Elapsed: 0.706	Loglikelihood: -262739	(delta): 0.94059
109 (QN/Block) 	Elapsed: 0.699	Loglikelihood: -262738	(delta): 0.981334
110 (QN/Block) 	Elapsed: 0.701	Loglikelihood: -262738	(delta): 0.64017
111 (QN/Block) 	Elapsed: 0.69	Loglikelihood: -262737	(delta): 0.948377
112 (QN/Block) 	Elapsed: 0.701	Loglikelihood: -262735	(delta): 1.87499
113 (QN/Block) 	Elapsed: 0.691	Loglikelihood: -262734	(delta): 0.679711
114 (QN/Block) 	Elapsed: 0.697	Loglikelihood: -262734	(delta): 0.463536
115 (QN/Block) 	Elapsed: 0.718	Loglikelihood: -262733	(delta): 0.56223
116 (QN/Block) 	Elapsed: 0.685	Loglikelihood: -262732	(delta): 1.33194
117 (QN/Block) 	Elapsed: 0.696	Loglikelihood: -262730	(delta): 1.73764
118 (QN/Block) 	Elapsed: 0.7	Loglikelihood: -262729	(delta): 0.806539
119 (QN/Block) 	Elapsed: 0.689	Loglikelihood: -262729	(delta): 0.426267
120 (QN/Block) 	Elapsed: 0.691	Loglikelihood: -262729	(delta): 0.200982
121 (QN/Block) 	Elapsed: 0.692	Loglikelihood: -262729	(delta): 0.169221
122 (QN/Block) 	Elapsed: 0.706	Loglikelihood: -262728	(delta): 0.103471
123 (QN/Block) 	Elapsed: 0.696	Loglikelihood: -262728	(delta): 0.0631964
124 (QN/Block) 	Elapsed: 0.703	Loglikelihood: -262728	(delta): 0.174332
125 (QN/Block) 	Elapsed: 0.697	Loglikelihood: -262728	(delta): 0.119533
126 (QN/Block) 	Elapsed: 0.699	Loglikelihood: -262728	(delta): 0.122536
127 (QN/Block) 	Elapsed: 0.69	Loglikelihood: -262728	(delta): 0.131404
128 (QN/Block) 	Elapsed: 0.694	Loglikelihood: -262728	(delta): 0.206226
129 (QN/Block) 	Elapsed: 0.704	Loglikelihood: -262728	(delta): 0.116903
130 (QN/Block) 	Elapsed: 0.695	Loglikelihood: -262727	(delta): 0.0550586
131 (QN/Block) 	Elapsed: 0.711	Loglikelihood: -262727	(delta): 0.0370892
132 (QN/Block) 	Elapsed: 0.71	Loglikelihood: -262727	(delta): 0.123252
133 (QN/Block) 	Elapsed: 0.704	Loglikelihood: -262727	(delta): 0.227966
134 (QN/Block) 	Elapsed: 0.703	Loglikelihood: -262727	(delta): 0.303081
135 (QN/Block) 	Elapsed: 0.69	Loglikelihood: -262726	(delta): 0.457732
136 (QN/Block) 	Elapsed: 0.703	Loglikelihood: -262724	(delta): 1.85946
137 (QN/Block) 	Elapsed: 0.711	Loglikelihood: -262724	(delta): 0.840032
138 (QN/Block) 	Elapsed: 0.695	Loglikelihood: -262723	(delta): 0.494988
139 (QN/Block) 	Elapsed: 0.693	Loglikelihood: -262722	(delta): 0.60774
140 (QN/Block) 	Elapsed: 0.686	Loglikelihood: -262722	(delta): 0.460818
141 (QN/Block) 	Elapsed: 0.718	Loglikelihood: -262722	(delta): 0.357387
142 (QN/Block) 	Elapsed: 0.705	Loglikelihood: -262721	(delta): 0.411742
143 (QN/Block) 	Elapsed: 0.712	Loglikelihood: -262721	(delta): 0.493285
144 (QN/Block) 	Elapsed: 0.717	Loglikelihood: -262720	(delta): 0.654838
145 (QN/Block) 	Elapsed: 0.707	Loglikelihood: -262719	(delta): 1.45584
146 (QN/Block) 	Elapsed: 0.716	Loglikelihood: -262717	(delta): 1.48446
147 (QN/Block) 	Elapsed: 0.704	Loglikelihood: -262716	(delta): 1.5092
148 (QN/Block) 	Elapsed: 0.697	Loglikelihood: -262714	(delta): 2.13941
149 (QN/Block) 	Elapsed: 0.73	Loglikelihood: -262713	(delta): 1.03053
150 (QN/Block) 	Elapsed: 0.699	Loglikelihood: -262712	(delta): 0.696695
151 (QN/Block) 	Elapsed: 0.69	Loglikelihood: -262711	(delta): 0.412446
152 (QN/Block) 	Elapsed: 0.705	Loglikelihood: -262711	(delta): 0.45322
153 (QN/Block) 	Elapsed: 0.713	Loglikelihood: -262710	(delta): 0.65368
154 (QN/Block) 	Elapsed: 0.7	Loglikelihood: -262710	(delta): 0.291202
155 (QN/Block) 	Elapsed: 0.692	Loglikelihood: -262710	(delta): 0.368449
156 (QN/Block) 	Elapsed: 0.702	Loglikelihood: -262709	(delta): 0.216723
157 (QN/Block) 	Elapsed: 0.704	Loglikelihood: -262709	(delta): 0.262736
158 (QN/Block) 	Elapsed: 0.695	Loglikelihood: -262708	(delta): 0.747578
159 (QN/Block) 	Elapsed: 0.703	Loglikelihood: -262708	(delta): 0.232322
160 (QN/Block) 	Elapsed: 0.716	Loglikelihood: -262708	(delta): 0.206027
161 (QN/Block) 	Elapsed: 0.697	Loglikelihood: -262708	(delta): 0.175951
162 (QN/Block) 	Elapsed: 0.716	Loglikelihood: -262708	(delta): 0.143554
163 (QN/Block) 	Elapsed: 0.694	Loglikelihood: -262708	(delta): 0.0781442
164 (QN/Block) 	Elapsed: 0.715	Loglikelihood: -262707	(delta): 0.0863961
165 (QN/Block) 	Elapsed: 0.695	Loglikelihood: -262707	(delta): 0.142474
166 (QN/Block) 	Elapsed: 0.687	Loglikelihood: -262707	(delta): 0.251657
167 (QN/Block) 	Elapsed: 0.693	Loglikelihood: -262707	(delta): 0.203174
168 (QN/Block) 	Elapsed: 0.701	Loglikelihood: -262707	(delta): 0.101619
169 (QN/Block) 	Elapsed: 0.685	Loglikelihood: -262707	(delta): 0.0984544
170 (QN/Block) 	Elapsed: 0.697	Loglikelihood: -262707	(delta): 0.0702567
171 (QN/Block) 	Elapsed: 0.695	Loglikelihood: -262706	(delta): 0.147783
172 (QN/Block) 	Elapsed: 0.692	Loglikelihood: -262706	(delta): 0.169764
173 (QN/Block) 	Elapsed: 0.715	Loglikelihood: -262706	(delta): 0.0709509
174 (QN/Block) 	Elapsed: 0.696	Loglikelihood: -262706	(delta): 0.0581123
175 (QN/Block) 	Elapsed: 0.701	Loglikelihood: -262706	(delta): 0.088489
176 (QN/Block) 	Elapsed: 0.695	Loglikelihood: -262706	(delta): 0.159794
177 (QN/Block) 	Elapsed: 0.707	Loglikelihood: -262705	(delta): 0.721806
178 (QN/Block) 	Elapsed: 0.703	Loglikelihood: -262704	(delta): 0.749132
179 (QN/Block) 	Elapsed: 0.718	Loglikelihood: -262704	(delta): 0.359222
180 (QN/Block) 	Elapsed: 0.703	Loglikelihood: -262704	(delta): 0.29945
181 (QN/Block) 	Elapsed: 0.691	Loglikelihood: -262704	(delta): 0.247857
182 (QN/Block) 	Elapsed: 0.704	Loglikelihood: -262703	(delta): 0.901975
183 (QN/Block) 	Elapsed: 0.696	Loglikelihood: -262702	(delta): 0.589522
184 (QN/Block) 	Elapsed: 0.703	Loglikelihood: -262702	(delta): 0.406454
185 (QN/Block) 	Elapsed: 0.692	Loglikelihood: -262701	(delta): 0.164235
186 (QN/Block) 	Elapsed: 0.709	Loglikelihood: -262701	(delta): 0.0604532
187 (QN/Block) 	Elapsed: 0.694	Loglikelihood: -262701	(delta): 0.162786
188 (QN/Block) 	Elapsed: 0.698	Loglikelihood: -262701	(delta): 0.103712
189 (QN/Block) 	Elapsed: 0.714	Loglikelihood: -262701	(delta): 0.15668
190 (QN/Block) 	Elapsed: 0.709	Loglikelihood: -262701	(delta): 0.243089
191 (QN/Block) 	Elapsed: 0.706	Loglikelihood: -262701	(delta): 0.123421
192 (QN/Block) 	Elapsed: 0.695	Loglikelihood: -262700	(delta): 0.256643
193 (QN/Block) 	Elapsed: 0.702	Loglikelihood: -262700	(delta): 0.837738
194 (QN/Block) 	Elapsed: 0.708	Loglikelihood: -262699	(delta): 0.706107
195 (QN/Block) 	Elapsed: 0.682	Loglikelihood: -262698	(delta): 0.509118
196 (QN/Block) 	Elapsed: 0.7	Loglikelihood: -262698	(delta): 0.520864
197 (QN/Block) 	Elapsed: 0.691	Loglikelihood: -262697	(delta): 0.690484
198 (QN/Block) 	Elapsed: 0.711	Loglikelihood: -262697	(delta): 0.521728
199 (QN/Block) 	Elapsed: 0.686	Loglikelihood: -262696	(delta): 0.616611
200 (QN/Block) 	Elapsed: 0.694	Loglikelihood: -262695	(delta): 0.59998
201 (QN/Block) 	Elapsed: 0.689	Loglikelihood: -262695	(delta): 0.400828
202 (QN/Block) 	Elapsed: 0.737	Loglikelihood: -262695	(delta): 0.179029
203 (QN/Block) 	Elapsed: 0.711	Loglikelihood: -262694	(delta): 0.427981
204 (QN/Block) 	Elapsed: 0.712	Loglikelihood: -262694	(delta): 0.282487
205 (QN/Block) 	Elapsed: 0.708	Loglikelihood: -262694	(delta): 0.266166
206 (QN/Block) 	Elapsed: 0.715	Loglikelihood: -262694	(delta): 0.134358
207 (QN/Block) 	Elapsed: 0.692	Loglikelihood: -262693	(delta): 0.185143
208 (QN/Block) 	Elapsed: 0.704	Loglikelihood: -262693	(delta): 0.7877
209 (QN/Block) 	Elapsed: 0.702	Loglikelihood: -262692	(delta): 0.555304
210 (QN/Block) 	Elapsed: 0.697	Loglikelihood: -262692	(delta): 0.191506
211 (QN/Block) 	Elapsed: 0.709	Loglikelihood: -262692	(delta): 0.0979124
212 (QN/Block) 	Elapsed: 0.696	Loglikelihood: -262692	(delta): 0.0726368
213 (QN/Block) 	Elapsed: 0.688	Loglikelihood: -262692	(delta): 0.0648672
214 (QN/Block) 	Elapsed: 0.703	Loglikelihood: -262692	(delta): 0.0492789
215 (QN/Block) 	Elapsed: 0.705	Loglikelihood: -262692	(delta): 0.0514102
216 (QN/Block) 	Elapsed: 0.693	Loglikelihood: -262692	(delta): 0.0601581
217 (QN/Block) 	Elapsed: 0.7	Loglikelihood: -262691	(delta): 0.0873097
218 (QN/Block) 	Elapsed: 0.701	Loglikelihood: -262691	(delta): 0.127152
219 (QN/Block) 	Elapsed: 0.713	Loglikelihood: -262691	(delta): 0.0749078
220 (QN/Block) 	Elapsed: 0.699	Loglikelihood: -262691	(delta): 0.0585147
221 (QN/Block) 	Elapsed: 0.693	Loglikelihood: -262691	(delta): 0.0380417
222 (QN/Block) 	Elapsed: 0.698	Loglikelihood: -262691	(delta): 0.0839837
223 (QN/Block) 	Elapsed: 0.705	Loglikelihood: -262691	(delta): 0.104466
224 (QN/Block) 	Elapsed: 0.692	Loglikelihood: -262691	(delta): 0.0547174
225 (QN/Block) 	Elapsed: 0.706	Loglikelihood: -262691	(delta): 0.0790826
226 (QN/Block) 	Elapsed: 0.704	Loglikelihood: -262691	(delta): 0.108672
227 (QN/Block) 	Elapsed: 0.684	Loglikelihood: -262691	(delta): 0.130369
228 (QN/Block) 	Elapsed: 0.699	Loglikelihood: -262690	(delta): 0.155765
229 (QN/Block) 	Elapsed: 0.699	Loglikelihood: -262690	(delta): 0.357544
230 (QN/Block) 	Elapsed: 0.694	Loglikelihood: -262689	(delta): 1.16939
231 (QN/Block) 	Elapsed: 0.702	Loglikelihood: -262688	(delta): 1.2728
232 (QN/Block) 	Elapsed: 0.706	Loglikelihood: -262687	(delta): 0.537189
233 (QN/Block) 	Elapsed: 0.697	Loglikelihood: -262687	(delta): 0.175885
234 (QN/Block) 	Elapsed: 0.703	Loglikelihood: -262687	(delta): 0.176607
235 (QN/Block) 	Elapsed: 0.693	Loglikelihood: -262687	(delta): 0.152704
236 (QN/Block) 	Elapsed: 0.705	Loglikelihood: -262686	(delta): 0.158866
237 (QN/Block) 	Elapsed: 0.692	Loglikelihood: -262686	(delta): 0.219186
238 (QN/Block) 	Elapsed: 0.7	Loglikelihood: -262686	(delta): 0.34273
239 (QN/Block) 	Elapsed: 0.706	Loglikelihood: -262686	(delta): 0.251285
240 (QN/Block) 	Elapsed: 0.696	Loglikelihood: -262685	(delta): 0.289318
241 (QN/Block) 	Elapsed: 0.707	Loglikelihood: -262685	(delta): 0.0962596
242 (QN/Block) 	Elapsed: 0.701	Loglikelihood: -262685	(delta): 0.0491571
243 (QN/Block) 	Elapsed: 0.692	Loglikelihood: -262685	(delta): 0.0283286
244 (QN/Block) 	Elapsed: 0.713	Loglikelihood: -262685	(delta): 0.00817683
245 (QN/Block) 	Elapsed: 0.701	Loglikelihood: -262685	(delta): 0.00815453
246 (QN/Block) 	Elapsed: 0.69	Loglikelihood: -262685	(delta): 0.038023
247 (QN/Block) 	Elapsed: 0.7	Loglikelihood: -262685	(delta): 0.140303
248 (QN/Block) 	Elapsed: 0.701	Loglikelihood: -262685	(delta): 0.0378504
249 (QN/Block) 	Elapsed: 0.714	Loglikelihood: -262685	(delta): 0.0217325
250 (QN/Block) 	Elapsed: 0.698	Loglikelihood: -262685	(delta): 0.0173295
251 (QN/Block) 	Elapsed: 0.715	Loglikelihood: -262685	(delta): 0.0294692
252 (QN/Block) 	Elapsed: 0.699	Loglikelihood: -262685	(delta): 0.225536
253 (QN/Block) 	Elapsed: 0.705	Loglikelihood: -262685	(delta): 0.116366
254 (QN/Block) 	Elapsed: 0.704	Loglikelihood: -262684	(delta): 0.154585
255 (QN/Block) 	Elapsed: 0.705	Loglikelihood: -262684	(delta): 0.0617943
256 (QN/Block) 	Elapsed: 0.701	Loglikelihood: -262684	(delta): 0.0264603
257 (QN/Block) 	Elapsed: 0.708	Loglikelihood: -262684	(delta): 0.0231443
258 (QN/Block) 	Elapsed: 0.71	Loglikelihood: -262684	(delta): 0.027778
259 (QN/Block) 	Elapsed: 0.708	Loglikelihood: -262684	(delta): 0.0324994
260 (QN/Block) 	Elapsed: 0.708	Loglikelihood: -262684	(delta): 0.0331062
261 (QN/Block) 	Elapsed: 0.7	Loglikelihood: -262684	(delta): 0.0420959
262 (QN/Block) 	Elapsed: 0.716	Loglikelihood: -262684	(delta): 0.0536981
263 (QN/Block) 	Elapsed: 0.709	Loglikelihood: -262684	(delta): 0.0632283
264 (QN/Block) 	Elapsed: 0.698	Loglikelihood: -262684	(delta): 0.0351922
265 (QN/Block) 	Elapsed: 0.697	Loglikelihood: -262684	(delta): 0.00529571
266 (QN/Block) 	Elapsed: 0.704	Loglikelihood: -262684	(delta): 0.00353067
267 (QN/Block) 	Elapsed: 0.706	Loglikelihood: -262684	(delta): 0.00365724
268 (QN/Block) 	Elapsed: 0.697	Loglikelihood: -262684	(delta): 0.00275333
269 (QN/Block) 	Elapsed: 0.695	Loglikelihood: -262684	(delta): 0.00566695
270 (QN/Block) 	Elapsed: 0.704	Loglikelihood: -262684	(delta): 0.0119736
271 (QN/Block) 	Elapsed: 0.699	Loglikelihood: -262684	(delta): 0.00943345
272 (QN/Block) 	Elapsed: 0.704	Loglikelihood: -262684	(delta): 0.0408675
273 (QN/Block) 	Elapsed: 0.696	Loglikelihood: -262684	(delta): 0.0164702
274 (QN/Block) 	Elapsed: 0.691	Loglikelihood: -262684	(delta): 0.0159988
275 (QN/Block) 	Elapsed: 0.697	Loglikelihood: -262684	(delta): 0.0314323
276 (QN/Block) 	Elapsed: 0.689	Loglikelihood: -262684	(delta): 0.0905065
277 (QN/Block) 	Elapsed: 0.698	Loglikelihood: -262684	(delta): 0.0973578
278 (QN/Block) 	Elapsed: 0.692	Loglikelihood: -262684	(delta): 0.0347473
279 (QN/Block) 	Elapsed: 0.705	Loglikelihood: -262684	(delta): 0.0515235
280 (QN/Block) 	Elapsed: 0.698	Loglikelihood: -262684	(delta): 0.00672691
281 (QN/Block) 	Elapsed: 0.706	Loglikelihood: -262684	(delta): 0.00359929
282 (QN/Block) 	Elapsed: 0.72	Loglikelihood: -262684	(delta): 0.00601223
283 (QN/Block) 	Elapsed: 0.708	Loglikelihood: -262683	(delta): 0.108778
284 (QN/Block) 	Elapsed: 0.699	Loglikelihood: -262683	(delta): 0.331044
285 (QN/Block) 	Elapsed: 0.696	Loglikelihood: -262683	(delta): 0.0592002
286 (QN/Block) 	Elapsed: 0.701	Loglikelihood: -262683	(delta): 0.0230244
287 (QN/Block) 	Elapsed: 0.689	Loglikelihood: -262683	(delta): 0.0201942
288 (QN/Block) 	Elapsed: 0.703	Loglikelihood: -262683	(delta): 0.0300815
289 (QN/Block) 	Elapsed: 0.726	Loglikelihood: -262683	(delta): 0.0256486
290 (QN/Block) 	Elapsed: 0.703	Loglikelihood: -262683	(delta): 0.0380947
291 (QN/Block) 	Elapsed: 0.691	Loglikelihood: -262683	(delta): 0.0485661
292 (QN/Block) 	Elapsed: 0.7	Loglikelihood: -262683	(delta): 0.054743
293 (QN/Block) 	Elapsed: 0.699	Loglikelihood: -262683	(delta): 0.0576199
294 (QN/Block) 	Elapsed: 0.711	Loglikelihood: -262683	(delta): 0.135301
295 (QN/Block) 	Elapsed: 0.705	Loglikelihood: -262683	(delta): 0.053659
296 (QN/Block) 	Elapsed: 0.704	Loglikelihood: -262682	(delta): 0.168616
297 (QN/Block) 	Elapsed: 0.694	Loglikelihood: -262682	(delta): 0.100403
298 (QN/Block) 	Elapsed: 0.707	Loglikelihood: -262682	(delta): 0.043158
299 (QN/Block) 	Elapsed: 0.692	Loglikelihood: -262682	(delta): 0.0259775
300 (QN/Block) 	Elapsed: 0.7	Loglikelihood: -262682	(delta): 0.0520256
301 (QN/Block) 	Elapsed: 0.697	Loglikelihood: -262682	(delta): 0.647987
302 (QN/Block) 	Elapsed: 0.699	Loglikelihood: -262681	(delta): 0.10247
303 (QN/Block) 	Elapsed: 0.696	Loglikelihood: -262681	(delta): 0.0836685
304 (QN/Block) 	Elapsed: 0.698	Loglikelihood: -262681	(delta): 0.0971953
305 (QN/Block) 	Elapsed: 0.691	Loglikelihood: -262681	(delta): 0.15686
306 (QN/Block) 	Elapsed: 0.697	Loglikelihood: -262681	(delta): 0.0913913
307 (QN/Block) 	Elapsed: 0.686	Loglikelihood: -262681	(delta): 0.0515388
308 (QN/Block) 	Elapsed: 0.692	Loglikelihood: -262681	(delta): 0.0469215
309 (QN/Block) 	Elapsed: 0.706	Loglikelihood: -262681	(delta): 0.141868
310 (QN/Block) 	Elapsed: 0.715	Loglikelihood: -262681	(delta): 0.0386027
311 (QN/Block) 	Elapsed: 0.697	Loglikelihood: -262681	(delta): 0.120246
312 (QN/Block) 	Elapsed: 0.698	Loglikelihood: -262681	(delta): 0.0306629
313 (QN/Block) 	Elapsed: 0.716	Loglikelihood: -262681	(delta): 0.0119661
314 (QN/Block) 	Elapsed: 0.704	Loglikelihood: -262681	(delta): 0.00839649
315 (QN/Block) 	Elapsed: 0.707	Loglikelihood: -262681	(delta): 0.00837452
316 (QN/Block) 	Elapsed: 0.707	Loglikelihood: -262681	(delta): 0.00559002
317 (QN/Block) 	Elapsed: 0.711	Loglikelihood: -262681	(delta): 0.00432728
318 (QN/Block) 	Elapsed: 0.702	Loglikelihood: -262681	(delta): 0.00546969
319 (QN/Block) 	Elapsed: 0.69	Loglikelihood: -262681	(delta): 0.00784847
320 (QN/Block) 	Elapsed: 0.69	Loglikelihood: -262681	(delta): 0.00428959
321 (QN/Block) 	Elapsed: 0.689	Loglikelihood: -262680	(delta): 0.0013305
322 (QN/Block) 	Elapsed: 0.692	Loglikelihood: -262680	(delta): 0.00138008
323 (QN/Block) 	Elapsed: 0.692	Loglikelihood: -262680	(delta): 0.00148284
324 (QN/Block) 	Elapsed: 0.696	Loglikelihood: -262680	(delta): 0.00227954
325 (QN/Block) 	Elapsed: 0.703	Loglikelihood: -262680	(delta): 0.00202187
326 (QN/Block) 	Elapsed: 0.707	Loglikelihood: -262680	(delta): 0.00195194
327 (QN/Block) 	Elapsed: 0.692	Loglikelihood: -262680	(delta): 0.00214653
328 (QN/Block) 	Elapsed: 0.703	Loglikelihood: -262680	(delta): 0.00250749
329 (QN/Block) 	Elapsed: 0.714	Loglikelihood: -262680	(delta): 0.00370797
330 (QN/Block) 	Elapsed: 0.697	Loglikelihood: -262680	(delta): 0.00689649
331 (QN/Block) 	Elapsed: 0.706	Loglikelihood: -262680	(delta): 0.0136047
332 (QN/Block) 	Elapsed: 0.687	Loglikelihood: -262680	(delta): 0.00382132
333 (QN/Block) 	Elapsed: 0.698	Loglikelihood: -262680	(delta): 0.00365501
334 (QN/Block) 	Elapsed: 0.689	Loglikelihood: -262680	(delta): 0.00393827
335 (QN/Block) 	Elapsed: 0.699	Loglikelihood: -262680	(delta): 0.00439343
336 (QN/Block) 	Elapsed: 0.691	Loglikelihood: -262680	(delta): 0.00501135
337 (QN/Block) 	Elapsed: 0.695	Loglikelihood: -262680	(delta): 0.00582846
338 (QN/Block) 	Elapsed: 0.71	Loglikelihood: -262680	(delta): 0.00692242
339 (QN/Block) 	Elapsed: 0.697	Loglikelihood: -262680	(delta): 0.003594
340 (QN/Block) 	Elapsed: 0.692	Loglikelihood: -262680	(delta): 0.00259862
341 (QN/Block) 	Elapsed: 0.693	Loglikelihood: -262680	(delta): 0.0052808
342 (QN/Block) 	Elapsed: 0.692	Loglikelihood: -262680	(delta): 0.00742746
343 (QN/Block) 	Elapsed: 0.696	Loglikelihood: -262680	(delta): 0.00273783
344 (QN/Block) 	Elapsed: 0.682	Loglikelihood: -262680	(delta): 0.00452535
345 (QN/Block) 	Elapsed: 0.704	Loglikelihood: -262680	(delta): 0.00105542
346 (QN/Block) 	Elapsed: 0.703	Loglikelihood: -262680	(delta): 0.000400506
347 (QN/Block) 	Elapsed: 0.697	Loglikelihood: -262680	(delta): 0.000262618
348 (QN/Block) 	Elapsed: 0.699	Loglikelihood: -262680	(delta): 0.000124729
349 (QN/Block) 	Elapsed: 0.679	Loglikelihood: -262680	(delta): 8.22208e-05
Summary: 
Converged in 349 iterations (247.018 sec)
Loglikelihood: -262680.400175
Fst divergences between estimated populations: 
	Pop0	Pop1	Pop2	Pop3	Pop4	Pop5	Pop6	Pop7	Pop8	Pop9	
Pop0	
Pop1	0.467	
Pop2	0.459	0.062	
Pop3	0.461	0.071	0.059	
Pop4	0.097	0.479	0.475	0.475	
Pop5	0.461	0.056	0.052	0.066	0.472	
Pop6	0.468	0.065	0.057	0.074	0.482	0.063	
Pop7	0.098	0.460	0.456	0.458	0.104	0.455	0.463	
Pop8	0.093	0.480	0.474	0.475	0.109	0.472	0.481	0.099	
Pop9	0.449	0.068	0.060	0.070	0.463	0.061	0.065	0.447	0.463	
Pop10	0.453	0.069	0.054	0.071	0.467	0.059	0.059	0.448	0.465	0.056	
CV error (K=11): 0.18857
Writing output files.
