****                   ADMIXTURE Version 1.3.0                  ****
****                    Copyright 2008-2015                     ****
****           David Alexander, Suyash Shringarpure,            ****
****                John  Novembre, Ken Lange                   ****
****                                                            ****
****                 Please cite our paper!                     ****
****   Information at www.genetics.ucla.edu/software/admixture  ****

Cross-validation will be performed.  Folds=10.
Parallel execution requested.  Will use 20 threads.
Random seed: 43
Point estimation method: Block relaxation algorithm
Convergence acceleration algorithm: QuasiNewton, 3 secant conditions
Point estimation will terminate when objective function delta < 0.0001
Estimation of standard errors disabled; will compute point estimates only.
Size of G: 778x1726
Performing five EM steps to prime main algorithm
1 (EM) 	Elapsed: 0.49	Loglikelihood: -398093	(delta): 1.21558e+06
2 (EM) 	Elapsed: 0.49	Loglikelihood: -364839	(delta): 33253.4
3 (EM) 	Elapsed: 0.491	Loglikelihood: -361224	(delta): 3615.55
4 (EM) 	Elapsed: 0.49	Loglikelihood: -359191	(delta): 2032.53
5 (EM) 	Elapsed: 0.49	Loglikelihood: -357401	(delta): 1790.25
Initial loglikelihood: -357401
Starting main algorithm
1 (QN/Block) 	Elapsed: 0.764	Loglikelihood: -273708	(delta): 83692.7
2 (QN/Block) 	Elapsed: 0.759	Loglikelihood: -265998	(delta): 7710.01
3 (QN/Block) 	Elapsed: 0.765	Loglikelihood: -262890	(delta): 3108.28
4 (QN/Block) 	Elapsed: 0.764	Loglikelihood: -261203	(delta): 1686.78
5 (QN/Block) 	Elapsed: 0.766	Loglikelihood: -260584	(delta): 619.211
6 (QN/Block) 	Elapsed: 0.766	Loglikelihood: -260275	(delta): 309.426
7 (QN/Block) 	Elapsed: 0.765	Loglikelihood: -260080	(delta): 194.214
8 (QN/Block) 	Elapsed: 0.765	Loglikelihood: -259891	(delta): 189.209
9 (QN/Block) 	Elapsed: 0.766	Loglikelihood: -259769	(delta): 122.604
10 (QN/Block) 	Elapsed: 0.765	Loglikelihood: -259693	(delta): 75.831
11 (QN/Block) 	Elapsed: 0.766	Loglikelihood: -259628	(delta): 64.5208
12 (QN/Block) 	Elapsed: 0.765	Loglikelihood: -259576	(delta): 52.1926
13 (QN/Block) 	Elapsed: 0.765	Loglikelihood: -259527	(delta): 49.4781
14 (QN/Block) 	Elapsed: 0.764	Loglikelihood: -259478	(delta): 48.1476
15 (QN/Block) 	Elapsed: 0.763	Loglikelihood: -259440	(delta): 37.9577
16 (QN/Block) 	Elapsed: 0.764	Loglikelihood: -259412	(delta): 28.2003
17 (QN/Block) 	Elapsed: 0.763	Loglikelihood: -259388	(delta): 24.7309
18 (QN/Block) 	Elapsed: 0.767	Loglikelihood: -259370	(delta): 17.957
19 (QN/Block) 	Elapsed: 0.767	Loglikelihood: -259354	(delta): 15.3774
20 (QN/Block) 	Elapsed: 0.769	Loglikelihood: -259344	(delta): 10.6161
21 (QN/Block) 	Elapsed: 0.764	Loglikelihood: -259336	(delta): 7.48214
22 (QN/Block) 	Elapsed: 0.766	Loglikelihood: -259325	(delta): 10.9083
23 (QN/Block) 	Elapsed: 0.767	Loglikelihood: -259316	(delta): 9.31486
24 (QN/Block) 	Elapsed: 0.767	Loglikelihood: -259311	(delta): 5.09379
25 (QN/Block) 	Elapsed: 0.765	Loglikelihood: -259305	(delta): 5.37722
26 (QN/Block) 	Elapsed: 0.765	Loglikelihood: -259299	(delta): 6.02423
27 (QN/Block) 	Elapsed: 0.765	Loglikelihood: -259295	(delta): 4.75855
28 (QN/Block) 	Elapsed: 0.765	Loglikelihood: -259289	(delta): 5.84194
29 (QN/Block) 	Elapsed: 0.767	Loglikelihood: -259285	(delta): 4.09441
30 (QN/Block) 	Elapsed: 0.766	Loglikelihood: -259282	(delta): 3.13512
31 (QN/Block) 	Elapsed: 0.767	Loglikelihood: -259277	(delta): 5.04694
32 (QN/Block) 	Elapsed: 0.768	Loglikelihood: -259272	(delta): 4.90883
33 (QN/Block) 	Elapsed: 0.769	Loglikelihood: -259264	(delta): 7.87107
34 (QN/Block) 	Elapsed: 0.767	Loglikelihood: -259257	(delta): 6.95612
35 (QN/Block) 	Elapsed: 0.763	Loglikelihood: -259250	(delta): 6.30667
36 (QN/Block) 	Elapsed: 0.765	Loglikelihood: -259246	(delta): 4.64366
37 (QN/Block) 	Elapsed: 0.765	Loglikelihood: -259241	(delta): 5.08369
38 (QN/Block) 	Elapsed: 0.765	Loglikelihood: -259237	(delta): 3.83082
39 (QN/Block) 	Elapsed: 0.768	Loglikelihood: -259231	(delta): 5.55283
40 (QN/Block) 	Elapsed: 0.765	Loglikelihood: -259228	(delta): 3.51998
41 (QN/Block) 	Elapsed: 0.768	Loglikelihood: -259225	(delta): 2.46134
42 (QN/Block) 	Elapsed: 0.767	Loglikelihood: -259223	(delta): 2.12285
43 (QN/Block) 	Elapsed: 0.767	Loglikelihood: -259220	(delta): 3.36164
44 (QN/Block) 	Elapsed: 0.767	Loglikelihood: -259217	(delta): 2.63161
45 (QN/Block) 	Elapsed: 0.77	Loglikelihood: -259215	(delta): 2.25988
46 (QN/Block) 	Elapsed: 0.763	Loglikelihood: -259213	(delta): 2.12955
47 (QN/Block) 	Elapsed: 0.763	Loglikelihood: -259211	(delta): 1.68452
48 (QN/Block) 	Elapsed: 0.768	Loglikelihood: -259209	(delta): 2.55283
49 (QN/Block) 	Elapsed: 0.768	Loglikelihood: -259207	(delta): 1.50184
50 (QN/Block) 	Elapsed: 0.766	Loglikelihood: -259205	(delta): 2.11454
51 (QN/Block) 	Elapsed: 0.767	Loglikelihood: -259204	(delta): 1.41292
52 (QN/Block) 	Elapsed: 0.763	Loglikelihood: -259202	(delta): 1.34629
53 (QN/Block) 	Elapsed: 0.767	Loglikelihood: -259200	(delta): 2.05162
54 (QN/Block) 	Elapsed: 0.765	Loglikelihood: -259197	(delta): 2.77316
55 (QN/Block) 	Elapsed: 0.765	Loglikelihood: -259195	(delta): 2.09855
56 (QN/Block) 	Elapsed: 0.769	Loglikelihood: -259193	(delta): 2.07651
57 (QN/Block) 	Elapsed: 0.768	Loglikelihood: -259192	(delta): 1.45483
58 (QN/Block) 	Elapsed: 0.768	Loglikelihood: -259190	(delta): 2.0397
59 (QN/Block) 	Elapsed: 0.768	Loglikelihood: -259188	(delta): 1.37672
60 (QN/Block) 	Elapsed: 0.769	Loglikelihood: -259187	(delta): 1.40463
61 (QN/Block) 	Elapsed: 0.768	Loglikelihood: -259185	(delta): 1.60857
62 (QN/Block) 	Elapsed: 0.768	Loglikelihood: -259183	(delta): 2.63664
63 (QN/Block) 	Elapsed: 0.769	Loglikelihood: -259180	(delta): 2.72359
64 (QN/Block) 	Elapsed: 0.767	Loglikelihood: -259178	(delta): 2.50496
65 (QN/Block) 	Elapsed: 0.767	Loglikelihood: -259175	(delta): 2.04959
66 (QN/Block) 	Elapsed: 0.768	Loglikelihood: -259174	(delta): 1.34988
67 (QN/Block) 	Elapsed: 0.768	Loglikelihood: -259173	(delta): 1.42774
68 (QN/Block) 	Elapsed: 0.768	Loglikelihood: -259171	(delta): 1.41464
69 (QN/Block) 	Elapsed: 0.768	Loglikelihood: -259169	(delta): 2.62069
70 (QN/Block) 	Elapsed: 0.765	Loglikelihood: -259166	(delta): 2.31177
71 (QN/Block) 	Elapsed: 0.768	Loglikelihood: -259163	(delta): 3.48401
72 (QN/Block) 	Elapsed: 0.768	Loglikelihood: -259161	(delta): 1.75298
73 (QN/Block) 	Elapsed: 0.768	Loglikelihood: -259159	(delta): 2.30469
74 (QN/Block) 	Elapsed: 0.768	Loglikelihood: -259157	(delta): 1.67852
75 (QN/Block) 	Elapsed: 0.768	Loglikelihood: -259156	(delta): 1.0495
76 (QN/Block) 	Elapsed: 0.769	Loglikelihood: -259155	(delta): 0.775433
77 (QN/Block) 	Elapsed: 0.769	Loglikelihood: -259154	(delta): 0.969365
78 (QN/Block) 	Elapsed: 0.768	Loglikelihood: -259153	(delta): 1.48459
79 (QN/Block) 	Elapsed: 0.768	Loglikelihood: -259152	(delta): 0.855857
80 (QN/Block) 	Elapsed: 0.768	Loglikelihood: -259152	(delta): 0.481472
81 (QN/Block) 	Elapsed: 0.768	Loglikelihood: -259151	(delta): 0.617936
82 (QN/Block) 	Elapsed: 0.77	Loglikelihood: -259150	(delta): 0.534825
83 (QN/Block) 	Elapsed: 0.766	Loglikelihood: -259150	(delta): 0.527103
84 (QN/Block) 	Elapsed: 0.768	Loglikelihood: -259149	(delta): 0.571143
85 (QN/Block) 	Elapsed: 0.768	Loglikelihood: -259148	(delta): 1.12975
86 (QN/Block) 	Elapsed: 0.768	Loglikelihood: -259147	(delta): 1.24457
87 (QN/Block) 	Elapsed: 0.768	Loglikelihood: -259145	(delta): 2.16443
88 (QN/Block) 	Elapsed: 0.769	Loglikelihood: -259142	(delta): 2.92194
89 (QN/Block) 	Elapsed: 0.768	Loglikelihood: -259140	(delta): 2.20802
90 (QN/Block) 	Elapsed: 0.768	Loglikelihood: -259138	(delta): 1.94203
91 (QN/Block) 	Elapsed: 0.768	Loglikelihood: -259135	(delta): 2.97657
92 (QN/Block) 	Elapsed: 0.771	Loglikelihood: -259132	(delta): 3.13456
93 (QN/Block) 	Elapsed: 0.768	Loglikelihood: -259129	(delta): 2.34144
94 (QN/Block) 	Elapsed: 0.766	Loglikelihood: -259126	(delta): 2.75914
95 (QN/Block) 	Elapsed: 0.768	Loglikelihood: -259121	(delta): 5.31573
96 (QN/Block) 	Elapsed: 0.763	Loglikelihood: -259117	(delta): 3.654
97 (QN/Block) 	Elapsed: 0.768	Loglikelihood: -259115	(delta): 2.92878
98 (QN/Block) 	Elapsed: 0.763	Loglikelihood: -259112	(delta): 2.60519
99 (QN/Block) 	Elapsed: 0.767	Loglikelihood: -259109	(delta): 2.6677
100 (QN/Block) 	Elapsed: 0.768	Loglikelihood: -259105	(delta): 3.9255
101 (QN/Block) 	Elapsed: 0.766	Loglikelihood: -259102	(delta): 3.6552
102 (QN/Block) 	Elapsed: 0.766	Loglikelihood: -259098	(delta): 3.53705
103 (QN/Block) 	Elapsed: 0.768	Loglikelihood: -259096	(delta): 2.4785
104 (QN/Block) 	Elapsed: 0.768	Loglikelihood: -259094	(delta): 2.02539
105 (QN/Block) 	Elapsed: 0.768	Loglikelihood: -259092	(delta): 1.68046
106 (QN/Block) 	Elapsed: 0.766	Loglikelihood: -259091	(delta): 1.13586
107 (QN/Block) 	Elapsed: 0.768	Loglikelihood: -259089	(delta): 1.61108
108 (QN/Block) 	Elapsed: 0.769	Loglikelihood: -259088	(delta): 1.08164
109 (QN/Block) 	Elapsed: 0.766	Loglikelihood: -259087	(delta): 1.05973
110 (QN/Block) 	Elapsed: 0.813	Loglikelihood: -259086	(delta): 1.31513
111 (QN/Block) 	Elapsed: 0.78	Loglikelihood: -259085	(delta): 0.597034
112 (QN/Block) 	Elapsed: 0.772	Loglikelihood: -259084	(delta): 0.680814
113 (QN/Block) 	Elapsed: 0.768	Loglikelihood: -259083	(delta): 1.06559
114 (QN/Block) 	Elapsed: 0.774	Loglikelihood: -259083	(delta): 0.763397
115 (QN/Block) 	Elapsed: 0.771	Loglikelihood: -259082	(delta): 0.257399
116 (QN/Block) 	Elapsed: 0.769	Loglikelihood: -259082	(delta): 0.2034
117 (QN/Block) 	Elapsed: 0.771	Loglikelihood: -259082	(delta): 0.285399
118 (QN/Block) 	Elapsed: 0.77	Loglikelihood: -259082	(delta): 0.250766
119 (QN/Block) 	Elapsed: 0.771	Loglikelihood: -259081	(delta): 0.319057
120 (QN/Block) 	Elapsed: 0.77	Loglikelihood: -259081	(delta): 0.138818
121 (QN/Block) 	Elapsed: 0.766	Loglikelihood: -259081	(delta): 0.136738
122 (QN/Block) 	Elapsed: 0.77	Loglikelihood: -259081	(delta): 0.201724
123 (QN/Block) 	Elapsed: 0.771	Loglikelihood: -259081	(delta): 0.109718
124 (QN/Block) 	Elapsed: 0.773	Loglikelihood: -259081	(delta): 0.123097
125 (QN/Block) 	Elapsed: 0.77	Loglikelihood: -259081	(delta): 0.136285
126 (QN/Block) 	Elapsed: 0.771	Loglikelihood: -259080	(delta): 0.140956
127 (QN/Block) 	Elapsed: 0.771	Loglikelihood: -259080	(delta): 0.148273
128 (QN/Block) 	Elapsed: 0.772	Loglikelihood: -259080	(delta): 0.201959
129 (QN/Block) 	Elapsed: 0.769	Loglikelihood: -259080	(delta): 0.267952
130 (QN/Block) 	Elapsed: 0.77	Loglikelihood: -259080	(delta): 0.231355
131 (QN/Block) 	Elapsed: 0.769	Loglikelihood: -259079	(delta): 0.199853
132 (QN/Block) 	Elapsed: 0.771	Loglikelihood: -259079	(delta): 0.316721
133 (QN/Block) 	Elapsed: 0.763	Loglikelihood: -259079	(delta): 0.396281
134 (QN/Block) 	Elapsed: 0.771	Loglikelihood: -259078	(delta): 0.320003
135 (QN/Block) 	Elapsed: 0.771	Loglikelihood: -259078	(delta): 0.332167
136 (QN/Block) 	Elapsed: 0.77	Loglikelihood: -259078	(delta): 0.388562
137 (QN/Block) 	Elapsed: 0.773	Loglikelihood: -259077	(delta): 0.592812
138 (QN/Block) 	Elapsed: 0.767	Loglikelihood: -259076	(delta): 0.481638
139 (QN/Block) 	Elapsed: 0.77	Loglikelihood: -259076	(delta): 0.475914
140 (QN/Block) 	Elapsed: 0.772	Loglikelihood: -259076	(delta): 0.303572
141 (QN/Block) 	Elapsed: 0.767	Loglikelihood: -259075	(delta): 0.461718
142 (QN/Block) 	Elapsed: 0.768	Loglikelihood: -259075	(delta): 0.360889
143 (QN/Block) 	Elapsed: 0.77	Loglikelihood: -259075	(delta): 0.292206
144 (QN/Block) 	Elapsed: 0.767	Loglikelihood: -259074	(delta): 0.456341
145 (QN/Block) 	Elapsed: 0.77	Loglikelihood: -259074	(delta): 0.634407
146 (QN/Block) 	Elapsed: 0.768	Loglikelihood: -259072	(delta): 1.01443
147 (QN/Block) 	Elapsed: 0.77	Loglikelihood: -259072	(delta): 0.463689
148 (QN/Block) 	Elapsed: 0.769	Loglikelihood: -259072	(delta): 0.34186
149 (QN/Block) 	Elapsed: 0.779	Loglikelihood: -259071	(delta): 0.224893
150 (QN/Block) 	Elapsed: 0.776	Loglikelihood: -259071	(delta): 0.517067
151 (QN/Block) 	Elapsed: 0.769	Loglikelihood: -259070	(delta): 0.866828
152 (QN/Block) 	Elapsed: 0.77	Loglikelihood: -259069	(delta): 0.744587
153 (QN/Block) 	Elapsed: 0.771	Loglikelihood: -259069	(delta): 0.678122
154 (QN/Block) 	Elapsed: 0.768	Loglikelihood: -259068	(delta): 0.692124
155 (QN/Block) 	Elapsed: 0.768	Loglikelihood: -259067	(delta): 1.01517
156 (QN/Block) 	Elapsed: 0.769	Loglikelihood: -259065	(delta): 2.1202
157 (QN/Block) 	Elapsed: 0.773	Loglikelihood: -259064	(delta): 1.26707
158 (QN/Block) 	Elapsed: 0.766	Loglikelihood: -259062	(delta): 1.3613
159 (QN/Block) 	Elapsed: 0.774	Loglikelihood: -259061	(delta): 1.54371
160 (QN/Block) 	Elapsed: 0.771	Loglikelihood: -259060	(delta): 1.07111
161 (QN/Block) 	Elapsed: 0.767	Loglikelihood: -259059	(delta): 0.872942
162 (QN/Block) 	Elapsed: 0.776	Loglikelihood: -259058	(delta): 0.806303
163 (QN/Block) 	Elapsed: 0.773	Loglikelihood: -259057	(delta): 0.559977
164 (QN/Block) 	Elapsed: 0.768	Loglikelihood: -259057	(delta): 0.340035
165 (QN/Block) 	Elapsed: 0.769	Loglikelihood: -259056	(delta): 0.634721
166 (QN/Block) 	Elapsed: 0.772	Loglikelihood: -259053	(delta): 3.731
167 (QN/Block) 	Elapsed: 0.768	Loglikelihood: -259051	(delta): 1.63562
168 (QN/Block) 	Elapsed: 0.774	Loglikelihood: -259050	(delta): 0.788709
169 (QN/Block) 	Elapsed: 0.766	Loglikelihood: -259050	(delta): 0.684881
170 (QN/Block) 	Elapsed: 0.769	Loglikelihood: -259049	(delta): 0.797525
171 (QN/Block) 	Elapsed: 0.776	Loglikelihood: -259048	(delta): 0.6419
172 (QN/Block) 	Elapsed: 0.765	Loglikelihood: -259047	(delta): 0.803277
173 (QN/Block) 	Elapsed: 0.765	Loglikelihood: -259047	(delta): 0.709199
174 (QN/Block) 	Elapsed: 0.768	Loglikelihood: -259046	(delta): 0.414432
175 (QN/Block) 	Elapsed: 0.772	Loglikelihood: -259046	(delta): 0.258905
176 (QN/Block) 	Elapsed: 0.768	Loglikelihood: -259046	(delta): 0.351753
177 (QN/Block) 	Elapsed: 0.769	Loglikelihood: -259045	(delta): 0.691986
178 (QN/Block) 	Elapsed: 0.772	Loglikelihood: -259044	(delta): 0.446809
179 (QN/Block) 	Elapsed: 0.77	Loglikelihood: -259044	(delta): 0.546408
180 (QN/Block) 	Elapsed: 0.768	Loglikelihood: -259044	(delta): 0.318787
181 (QN/Block) 	Elapsed: 0.779	Loglikelihood: -259043	(delta): 0.375205
182 (QN/Block) 	Elapsed: 0.778	Loglikelihood: -259043	(delta): 0.343615
183 (QN/Block) 	Elapsed: 0.765	Loglikelihood: -259042	(delta): 0.484249
184 (QN/Block) 	Elapsed: 0.767	Loglikelihood: -259042	(delta): 0.833232
185 (QN/Block) 	Elapsed: 0.769	Loglikelihood: -259041	(delta): 0.502703
186 (QN/Block) 	Elapsed: 0.768	Loglikelihood: -259040	(delta): 0.552616
187 (QN/Block) 	Elapsed: 0.78	Loglikelihood: -259040	(delta): 0.633359
188 (QN/Block) 	Elapsed: 0.77	Loglikelihood: -259039	(delta): 0.409775
189 (QN/Block) 	Elapsed: 0.77	Loglikelihood: -259039	(delta): 0.542932
190 (QN/Block) 	Elapsed: 0.77	Loglikelihood: -259038	(delta): 0.797427
191 (QN/Block) 	Elapsed: 0.771	Loglikelihood: -259037	(delta): 0.920406
192 (QN/Block) 	Elapsed: 0.77	Loglikelihood: -259036	(delta): 0.661952
193 (QN/Block) 	Elapsed: 0.769	Loglikelihood: -259035	(delta): 1.32459
194 (QN/Block) 	Elapsed: 0.769	Loglikelihood: -259034	(delta): 1.38292
195 (QN/Block) 	Elapsed: 0.768	Loglikelihood: -259033	(delta): 0.30452
196 (QN/Block) 	Elapsed: 0.766	Loglikelihood: -259033	(delta): 0.442252
197 (QN/Block) 	Elapsed: 0.77	Loglikelihood: -259033	(delta): 0.478933
198 (QN/Block) 	Elapsed: 0.77	Loglikelihood: -259031	(delta): 1.55638
199 (QN/Block) 	Elapsed: 0.766	Loglikelihood: -259031	(delta): 0.248237
200 (QN/Block) 	Elapsed: 0.767	Loglikelihood: -259031	(delta): 0.163086
201 (QN/Block) 	Elapsed: 0.766	Loglikelihood: -259030	(delta): 0.149482
202 (QN/Block) 	Elapsed: 0.772	Loglikelihood: -259030	(delta): 0.0910554
203 (QN/Block) 	Elapsed: 0.769	Loglikelihood: -259030	(delta): 0.324346
204 (QN/Block) 	Elapsed: 0.771	Loglikelihood: -259030	(delta): 0.252999
205 (QN/Block) 	Elapsed: 0.774	Loglikelihood: -259030	(delta): 0.259732
206 (QN/Block) 	Elapsed: 0.771	Loglikelihood: -259029	(delta): 0.335762
207 (QN/Block) 	Elapsed: 0.772	Loglikelihood: -259029	(delta): 0.383271
208 (QN/Block) 	Elapsed: 0.773	Loglikelihood: -259028	(delta): 0.421378
209 (QN/Block) 	Elapsed: 0.772	Loglikelihood: -259028	(delta): 0.234044
210 (QN/Block) 	Elapsed: 0.775	Loglikelihood: -259028	(delta): 0.172967
211 (QN/Block) 	Elapsed: 0.771	Loglikelihood: -259028	(delta): 0.148049
212 (QN/Block) 	Elapsed: 0.772	Loglikelihood: -259028	(delta): 0.143319
213 (QN/Block) 	Elapsed: 0.769	Loglikelihood: -259028	(delta): 0.150087
214 (QN/Block) 	Elapsed: 0.773	Loglikelihood: -259027	(delta): 0.360612
215 (QN/Block) 	Elapsed: 0.768	Loglikelihood: -259027	(delta): 0.386444
216 (QN/Block) 	Elapsed: 0.769	Loglikelihood: -259026	(delta): 0.279616
217 (QN/Block) 	Elapsed: 0.764	Loglikelihood: -259026	(delta): 0.318359
218 (QN/Block) 	Elapsed: 0.769	Loglikelihood: -259026	(delta): 0.626099
219 (QN/Block) 	Elapsed: 0.766	Loglikelihood: -259025	(delta): 0.333216
220 (QN/Block) 	Elapsed: 0.769	Loglikelihood: -259025	(delta): 0.248262
221 (QN/Block) 	Elapsed: 0.768	Loglikelihood: -259025	(delta): 0.169713
222 (QN/Block) 	Elapsed: 0.769	Loglikelihood: -259024	(delta): 0.301407
223 (QN/Block) 	Elapsed: 0.777	Loglikelihood: -259024	(delta): 0.306426
224 (QN/Block) 	Elapsed: 0.769	Loglikelihood: -259023	(delta): 1.15043
225 (QN/Block) 	Elapsed: 0.772	Loglikelihood: -259023	(delta): 0.523131
226 (QN/Block) 	Elapsed: 0.77	Loglikelihood: -259022	(delta): 0.482134
227 (QN/Block) 	Elapsed: 0.769	Loglikelihood: -259021	(delta): 0.984068
228 (QN/Block) 	Elapsed: 0.77	Loglikelihood: -259021	(delta): 0.447142
229 (QN/Block) 	Elapsed: 0.771	Loglikelihood: -259020	(delta): 0.376149
230 (QN/Block) 	Elapsed: 0.773	Loglikelihood: -259020	(delta): 0.294969
231 (QN/Block) 	Elapsed: 0.769	Loglikelihood: -259020	(delta): 0.30297
232 (QN/Block) 	Elapsed: 0.775	Loglikelihood: -259019	(delta): 0.365193
233 (QN/Block) 	Elapsed: 0.77	Loglikelihood: -259019	(delta): 0.264453
234 (QN/Block) 	Elapsed: 0.771	Loglikelihood: -259018	(delta): 0.560945
235 (QN/Block) 	Elapsed: 0.77	Loglikelihood: -259018	(delta): 0.28437
236 (QN/Block) 	Elapsed: 0.765	Loglikelihood: -259018	(delta): 0.20598
237 (QN/Block) 	Elapsed: 0.778	Loglikelihood: -259018	(delta): 0.20071
238 (QN/Block) 	Elapsed: 0.777	Loglikelihood: -259018	(delta): 0.158667
239 (QN/Block) 	Elapsed: 0.774	Loglikelihood: -259017	(delta): 0.126462
240 (QN/Block) 	Elapsed: 0.775	Loglikelihood: -259017	(delta): 0.107736
241 (QN/Block) 	Elapsed: 0.776	Loglikelihood: -259017	(delta): 0.0655726
242 (QN/Block) 	Elapsed: 0.776	Loglikelihood: -259017	(delta): 0.0755395
243 (QN/Block) 	Elapsed: 0.773	Loglikelihood: -259017	(delta): 0.0474872
244 (QN/Block) 	Elapsed: 0.769	Loglikelihood: -259017	(delta): 0.0293391
245 (QN/Block) 	Elapsed: 0.771	Loglikelihood: -259017	(delta): 0.0215292
246 (QN/Block) 	Elapsed: 0.771	Loglikelihood: -259017	(delta): 0.0164277
247 (QN/Block) 	Elapsed: 0.772	Loglikelihood: -259017	(delta): 0.0181282
248 (QN/Block) 	Elapsed: 0.771	Loglikelihood: -259017	(delta): 0.00842968
249 (QN/Block) 	Elapsed: 0.775	Loglikelihood: -259017	(delta): 0.005503
250 (QN/Block) 	Elapsed: 0.77	Loglikelihood: -259017	(delta): 0.00408975
251 (QN/Block) 	Elapsed: 0.767	Loglikelihood: -259017	(delta): 0.002144
252 (QN/Block) 	Elapsed: 0.769	Loglikelihood: -259017	(delta): 0.00196932
253 (QN/Block) 	Elapsed: 0.772	Loglikelihood: -259017	(delta): 0.00016775
254 (QN/Block) 	Elapsed: 0.772	Loglikelihood: -259017	(delta): 8.51061e-05
Summary: 
Converged in 254 iterations (198.278 sec)
Loglikelihood: -259017.055952
Fst divergences between estimated populations: 
	Pop0	Pop1	Pop2	Pop3	Pop4	Pop5	Pop6	Pop7	Pop8	Pop9	Pop10	Pop11	Pop12	
Pop0	
Pop1	0.107	
Pop2	0.099	0.099	
Pop3	0.476	0.485	0.477	
Pop4	0.097	0.096	0.082	0.471	
Pop5	0.103	0.109	0.098	0.496	0.090	
Pop6	0.103	0.088	0.084	0.465	0.079	0.090	
Pop7	0.096	0.103	0.081	0.480	0.082	0.091	0.084	
Pop8	0.481	0.485	0.482	0.115	0.472	0.500	0.469	0.484	
Pop9	0.469	0.478	0.472	0.101	0.464	0.487	0.458	0.475	0.093	
Pop10	0.093	0.097	0.088	0.485	0.082	0.094	0.079	0.087	0.491	0.478	
Pop11	0.096	0.094	0.087	0.489	0.089	0.076	0.084	0.081	0.493	0.481	0.085	
Pop12	0.458	0.462	0.455	0.090	0.448	0.476	0.445	0.458	0.095	0.099	0.468	0.467	
Pop13	0.102	0.081	0.082	0.484	0.081	0.085	0.078	0.085	0.485	0.475	0.076	0.079	0.463	
CV error (K=14): 0.19225
Writing output files.
