****                   ADMIXTURE Version 1.3.0                  ****
****                    Copyright 2008-2015                     ****
****           David Alexander, Suyash Shringarpure,            ****
****                John  Novembre, Ken Lange                   ****
****                                                            ****
****                 Please cite our paper!                     ****
****   Information at www.genetics.ucla.edu/software/admixture  ****

Cross-validation will be performed.  Folds=10.
Parallel execution requested.  Will use 20 threads.
Random seed: 43
Point estimation method: Block relaxation algorithm
Convergence acceleration algorithm: QuasiNewton, 3 secant conditions
Point estimation will terminate when objective function delta < 0.0001
Estimation of standard errors disabled; will compute point estimates only.
Size of G: 778x1726
Performing five EM steps to prime main algorithm
1 (EM) 	Elapsed: 0.651	Loglikelihood: -397464	(delta): 1.20356e+06
2 (EM) 	Elapsed: 0.651	Loglikelihood: -363927	(delta): 33537
3 (EM) 	Elapsed: 0.652	Loglikelihood: -360071	(delta): 3856.77
4 (EM) 	Elapsed: 0.656	Loglikelihood: -357943	(delta): 2127.61
5 (EM) 	Elapsed: 0.654	Loglikelihood: -355963	(delta): 1980.56
Initial loglikelihood: -355963
Starting main algorithm
1 (QN/Block) 	Elapsed: 0.847	Loglikelihood: -272870	(delta): 83092.5
2 (QN/Block) 	Elapsed: 0.838	Loglikelihood: -263998	(delta): 8871.58
3 (QN/Block) 	Elapsed: 0.845	Loglikelihood: -260731	(delta): 3267.21
4 (QN/Block) 	Elapsed: 0.844	Loglikelihood: -259058	(delta): 1672.72
5 (QN/Block) 	Elapsed: 0.844	Loglikelihood: -258488	(delta): 570.431
6 (QN/Block) 	Elapsed: 0.844	Loglikelihood: -258161	(delta): 327.56
7 (QN/Block) 	Elapsed: 0.844	Loglikelihood: -257936	(delta): 224.558
8 (QN/Block) 	Elapsed: 0.844	Loglikelihood: -257703	(delta): 233.29
9 (QN/Block) 	Elapsed: 0.843	Loglikelihood: -257530	(delta): 172.262
10 (QN/Block) 	Elapsed: 0.844	Loglikelihood: -257405	(delta): 125.147
11 (QN/Block) 	Elapsed: 0.845	Loglikelihood: -257274	(delta): 131.502
12 (QN/Block) 	Elapsed: 0.845	Loglikelihood: -257199	(delta): 74.304
13 (QN/Block) 	Elapsed: 0.846	Loglikelihood: -257132	(delta): 67.5176
14 (QN/Block) 	Elapsed: 0.845	Loglikelihood: -257068	(delta): 63.8264
15 (QN/Block) 	Elapsed: 0.869	Loglikelihood: -257020	(delta): 48.4325
16 (QN/Block) 	Elapsed: 0.849	Loglikelihood: -256985	(delta): 34.1836
17 (QN/Block) 	Elapsed: 0.846	Loglikelihood: -256959	(delta): 26.6774
18 (QN/Block) 	Elapsed: 0.846	Loglikelihood: -256932	(delta): 26.433
19 (QN/Block) 	Elapsed: 0.845	Loglikelihood: -256899	(delta): 33.553
20 (QN/Block) 	Elapsed: 0.844	Loglikelihood: -256876	(delta): 23.0269
21 (QN/Block) 	Elapsed: 0.843	Loglikelihood: -256852	(delta): 23.7545
22 (QN/Block) 	Elapsed: 0.842	Loglikelihood: -256832	(delta): 20.2956
23 (QN/Block) 	Elapsed: 0.842	Loglikelihood: -256808	(delta): 24.0452
24 (QN/Block) 	Elapsed: 0.842	Loglikelihood: -256784	(delta): 23.9749
25 (QN/Block) 	Elapsed: 0.842	Loglikelihood: -256764	(delta): 19.4374
26 (QN/Block) 	Elapsed: 0.843	Loglikelihood: -256757	(delta): 7.52226
27 (QN/Block) 	Elapsed: 0.842	Loglikelihood: -256723	(delta): 33.8626
28 (QN/Block) 	Elapsed: 0.842	Loglikelihood: -256709	(delta): 14.2312
29 (QN/Block) 	Elapsed: 0.848	Loglikelihood: -256698	(delta): 10.4996
30 (QN/Block) 	Elapsed: 0.846	Loglikelihood: -256686	(delta): 12.4411
31 (QN/Block) 	Elapsed: 0.844	Loglikelihood: -256675	(delta): 10.6665
32 (QN/Block) 	Elapsed: 0.844	Loglikelihood: -256663	(delta): 12.008
33 (QN/Block) 	Elapsed: 0.844	Loglikelihood: -256653	(delta): 10.1259
34 (QN/Block) 	Elapsed: 0.846	Loglikelihood: -256646	(delta): 7.24143
35 (QN/Block) 	Elapsed: 0.846	Loglikelihood: -256636	(delta): 9.61473
36 (QN/Block) 	Elapsed: 0.848	Loglikelihood: -256626	(delta): 9.85676
37 (QN/Block) 	Elapsed: 0.844	Loglikelihood: -256615	(delta): 11.6351
38 (QN/Block) 	Elapsed: 0.848	Loglikelihood: -256604	(delta): 10.8427
39 (QN/Block) 	Elapsed: 0.848	Loglikelihood: -256596	(delta): 7.42398
40 (QN/Block) 	Elapsed: 0.848	Loglikelihood: -256587	(delta): 8.93606
41 (QN/Block) 	Elapsed: 0.844	Loglikelihood: -256576	(delta): 10.8912
42 (QN/Block) 	Elapsed: 0.848	Loglikelihood: -256560	(delta): 16.1732
43 (QN/Block) 	Elapsed: 0.848	Loglikelihood: -256553	(delta): 7.6056
44 (QN/Block) 	Elapsed: 0.848	Loglikelihood: -256539	(delta): 13.5971
45 (QN/Block) 	Elapsed: 0.848	Loglikelihood: -256531	(delta): 8.01996
46 (QN/Block) 	Elapsed: 0.834	Loglikelihood: -256523	(delta): 8.2953
47 (QN/Block) 	Elapsed: 0.848	Loglikelihood: -256508	(delta): 14.8323
48 (QN/Block) 	Elapsed: 0.846	Loglikelihood: -256501	(delta): 7.14491
49 (QN/Block) 	Elapsed: 0.844	Loglikelihood: -256494	(delta): 7.30964
50 (QN/Block) 	Elapsed: 0.844	Loglikelihood: -256489	(delta): 4.03349
51 (QN/Block) 	Elapsed: 0.846	Loglikelihood: -256484	(delta): 4.97456
52 (QN/Block) 	Elapsed: 0.848	Loglikelihood: -256477	(delta): 7.40556
53 (QN/Block) 	Elapsed: 0.848	Loglikelihood: -256473	(delta): 3.64586
54 (QN/Block) 	Elapsed: 0.846	Loglikelihood: -256469	(delta): 4.09442
55 (QN/Block) 	Elapsed: 0.844	Loglikelihood: -256465	(delta): 3.97439
56 (QN/Block) 	Elapsed: 0.846	Loglikelihood: -256460	(delta): 4.93201
57 (QN/Block) 	Elapsed: 0.842	Loglikelihood: -256457	(delta): 3.64487
58 (QN/Block) 	Elapsed: 0.842	Loglikelihood: -256453	(delta): 4.1184
59 (QN/Block) 	Elapsed: 0.845	Loglikelihood: -256448	(delta): 5.07784
60 (QN/Block) 	Elapsed: 0.848	Loglikelihood: -256443	(delta): 4.30949
61 (QN/Block) 	Elapsed: 0.849	Loglikelihood: -256437	(delta): 6.45603
62 (QN/Block) 	Elapsed: 0.848	Loglikelihood: -256431	(delta): 5.68336
63 (QN/Block) 	Elapsed: 0.842	Loglikelihood: -256428	(delta): 2.88713
64 (QN/Block) 	Elapsed: 0.845	Loglikelihood: -256422	(delta): 6.3743
65 (QN/Block) 	Elapsed: 0.847	Loglikelihood: -256419	(delta): 3.08212
66 (QN/Block) 	Elapsed: 0.848	Loglikelihood: -256415	(delta): 3.65663
67 (QN/Block) 	Elapsed: 0.848	Loglikelihood: -256413	(delta): 2.37725
68 (QN/Block) 	Elapsed: 0.849	Loglikelihood: -256411	(delta): 1.99849
69 (QN/Block) 	Elapsed: 0.846	Loglikelihood: -256409	(delta): 2.21272
70 (QN/Block) 	Elapsed: 0.846	Loglikelihood: -256406	(delta): 2.70955
71 (QN/Block) 	Elapsed: 0.848	Loglikelihood: -256404	(delta): 2.10779
72 (QN/Block) 	Elapsed: 0.847	Loglikelihood: -256401	(delta): 2.97088
73 (QN/Block) 	Elapsed: 0.843	Loglikelihood: -256399	(delta): 2.01728
74 (QN/Block) 	Elapsed: 0.846	Loglikelihood: -256397	(delta): 2.00788
75 (QN/Block) 	Elapsed: 0.846	Loglikelihood: -256395	(delta): 1.61021
76 (QN/Block) 	Elapsed: 0.846	Loglikelihood: -256393	(delta): 1.92272
77 (QN/Block) 	Elapsed: 0.846	Loglikelihood: -256392	(delta): 1.38339
78 (QN/Block) 	Elapsed: 0.844	Loglikelihood: -256390	(delta): 1.61192
79 (QN/Block) 	Elapsed: 0.848	Loglikelihood: -256389	(delta): 1.65493
80 (QN/Block) 	Elapsed: 0.848	Loglikelihood: -256387	(delta): 1.10313
81 (QN/Block) 	Elapsed: 0.843	Loglikelihood: -256386	(delta): 1.51973
82 (QN/Block) 	Elapsed: 0.844	Loglikelihood: -256384	(delta): 1.87071
83 (QN/Block) 	Elapsed: 0.845	Loglikelihood: -256383	(delta): 0.867625
84 (QN/Block) 	Elapsed: 0.849	Loglikelihood: -256382	(delta): 0.834736
85 (QN/Block) 	Elapsed: 0.848	Loglikelihood: -256382	(delta): 0.835888
86 (QN/Block) 	Elapsed: 0.848	Loglikelihood: -256381	(delta): 0.84566
87 (QN/Block) 	Elapsed: 0.848	Loglikelihood: -256380	(delta): 1.01646
88 (QN/Block) 	Elapsed: 0.848	Loglikelihood: -256379	(delta): 1.1436
89 (QN/Block) 	Elapsed: 0.848	Loglikelihood: -256377	(delta): 1.07466
90 (QN/Block) 	Elapsed: 0.848	Loglikelihood: -256377	(delta): 0.764371
91 (QN/Block) 	Elapsed: 0.846	Loglikelihood: -256376	(delta): 0.910373
92 (QN/Block) 	Elapsed: 0.848	Loglikelihood: -256375	(delta): 0.960382
93 (QN/Block) 	Elapsed: 0.849	Loglikelihood: -256374	(delta): 0.748126
94 (QN/Block) 	Elapsed: 0.846	Loglikelihood: -256373	(delta): 1.0528
95 (QN/Block) 	Elapsed: 0.846	Loglikelihood: -256372	(delta): 1.41223
96 (QN/Block) 	Elapsed: 0.848	Loglikelihood: -256370	(delta): 1.88626
97 (QN/Block) 	Elapsed: 0.842	Loglikelihood: -256368	(delta): 1.61104
98 (QN/Block) 	Elapsed: 0.848	Loglikelihood: -256366	(delta): 2.36965
99 (QN/Block) 	Elapsed: 0.848	Loglikelihood: -256363	(delta): 2.97804
100 (QN/Block) 	Elapsed: 0.848	Loglikelihood: -256361	(delta): 2.13614
101 (QN/Block) 	Elapsed: 0.848	Loglikelihood: -256358	(delta): 2.18639
102 (QN/Block) 	Elapsed: 0.846	Loglikelihood: -256357	(delta): 1.10894
103 (QN/Block) 	Elapsed: 0.849	Loglikelihood: -256356	(delta): 1.54709
104 (QN/Block) 	Elapsed: 0.846	Loglikelihood: -256353	(delta): 2.28891
105 (QN/Block) 	Elapsed: 0.843	Loglikelihood: -256350	(delta): 3.54804
106 (QN/Block) 	Elapsed: 0.845	Loglikelihood: -256347	(delta): 2.97472
107 (QN/Block) 	Elapsed: 0.843	Loglikelihood: -256345	(delta): 1.66872
108 (QN/Block) 	Elapsed: 0.844	Loglikelihood: -256343	(delta): 2.33996
109 (QN/Block) 	Elapsed: 0.848	Loglikelihood: -256342	(delta): 1.29781
110 (QN/Block) 	Elapsed: 0.848	Loglikelihood: -256340	(delta): 1.52203
111 (QN/Block) 	Elapsed: 0.848	Loglikelihood: -256339	(delta): 0.949037
112 (QN/Block) 	Elapsed: 0.844	Loglikelihood: -256339	(delta): 0.483201
113 (QN/Block) 	Elapsed: 0.846	Loglikelihood: -256338	(delta): 0.585164
114 (QN/Block) 	Elapsed: 0.846	Loglikelihood: -256338	(delta): 0.214576
115 (QN/Block) 	Elapsed: 0.848	Loglikelihood: -256338	(delta): 0.217215
116 (QN/Block) 	Elapsed: 0.848	Loglikelihood: -256337	(delta): 0.279861
117 (QN/Block) 	Elapsed: 0.848	Loglikelihood: -256337	(delta): 0.467453
118 (QN/Block) 	Elapsed: 0.848	Loglikelihood: -256337	(delta): 0.257005
119 (QN/Block) 	Elapsed: 0.848	Loglikelihood: -256336	(delta): 0.474659
120 (QN/Block) 	Elapsed: 0.846	Loglikelihood: -256336	(delta): 0.404394
121 (QN/Block) 	Elapsed: 0.848	Loglikelihood: -256336	(delta): 0.155038
122 (QN/Block) 	Elapsed: 0.844	Loglikelihood: -256336	(delta): 0.129352
123 (QN/Block) 	Elapsed: 0.848	Loglikelihood: -256335	(delta): 0.408129
124 (QN/Block) 	Elapsed: 0.849	Loglikelihood: -256335	(delta): 0.0940485
125 (QN/Block) 	Elapsed: 0.849	Loglikelihood: -256335	(delta): 0.0891737
126 (QN/Block) 	Elapsed: 0.849	Loglikelihood: -256335	(delta): 0.108788
127 (QN/Block) 	Elapsed: 0.848	Loglikelihood: -256335	(delta): 0.157724
128 (QN/Block) 	Elapsed: 0.848	Loglikelihood: -256334	(delta): 0.2717
129 (QN/Block) 	Elapsed: 0.877	Loglikelihood: -256334	(delta): 0.718174
130 (QN/Block) 	Elapsed: 0.853	Loglikelihood: -256333	(delta): 0.889699
131 (QN/Block) 	Elapsed: 0.844	Loglikelihood: -256332	(delta): 0.888934
132 (QN/Block) 	Elapsed: 0.845	Loglikelihood: -256332	(delta): 0.367931
133 (QN/Block) 	Elapsed: 0.85	Loglikelihood: -256331	(delta): 0.514751
134 (QN/Block) 	Elapsed: 0.851	Loglikelihood: -256331	(delta): 0.151469
135 (QN/Block) 	Elapsed: 0.846	Loglikelihood: -256331	(delta): 0.143768
136 (QN/Block) 	Elapsed: 0.849	Loglikelihood: -256330	(delta): 0.399611
137 (QN/Block) 	Elapsed: 0.849	Loglikelihood: -256330	(delta): 0.244913
138 (QN/Block) 	Elapsed: 0.847	Loglikelihood: -256330	(delta): 0.392729
139 (QN/Block) 	Elapsed: 0.85	Loglikelihood: -256329	(delta): 0.701535
140 (QN/Block) 	Elapsed: 0.85	Loglikelihood: -256329	(delta): 0.340566
141 (QN/Block) 	Elapsed: 0.85	Loglikelihood: -256328	(delta): 0.241175
142 (QN/Block) 	Elapsed: 0.85	Loglikelihood: -256328	(delta): 0.206957
143 (QN/Block) 	Elapsed: 0.85	Loglikelihood: -256328	(delta): 0.214263
144 (QN/Block) 	Elapsed: 0.849	Loglikelihood: -256328	(delta): 0.285889
145 (QN/Block) 	Elapsed: 0.85	Loglikelihood: -256327	(delta): 0.483171
146 (QN/Block) 	Elapsed: 0.845	Loglikelihood: -256327	(delta): 0.220075
147 (QN/Block) 	Elapsed: 0.845	Loglikelihood: -256326	(delta): 0.536863
148 (QN/Block) 	Elapsed: 0.846	Loglikelihood: -256326	(delta): 0.470276
149 (QN/Block) 	Elapsed: 0.844	Loglikelihood: -256325	(delta): 0.82106
150 (QN/Block) 	Elapsed: 0.849	Loglikelihood: -256325	(delta): 0.597541
151 (QN/Block) 	Elapsed: 0.849	Loglikelihood: -256323	(delta): 2.03912
152 (QN/Block) 	Elapsed: 0.849	Loglikelihood: -256322	(delta): 0.442341
153 (QN/Block) 	Elapsed: 0.85	Loglikelihood: -256322	(delta): 0.2288
154 (QN/Block) 	Elapsed: 0.844	Loglikelihood: -256322	(delta): 0.307839
155 (QN/Block) 	Elapsed: 0.849	Loglikelihood: -256321	(delta): 0.200283
156 (QN/Block) 	Elapsed: 0.845	Loglikelihood: -256321	(delta): 0.166459
157 (QN/Block) 	Elapsed: 0.861	Loglikelihood: -256321	(delta): 0.419295
158 (QN/Block) 	Elapsed: 0.846	Loglikelihood: -256321	(delta): 0.197233
159 (QN/Block) 	Elapsed: 0.849	Loglikelihood: -256320	(delta): 0.159812
160 (QN/Block) 	Elapsed: 0.849	Loglikelihood: -256320	(delta): 0.0715988
161 (QN/Block) 	Elapsed: 0.849	Loglikelihood: -256320	(delta): 0.096268
162 (QN/Block) 	Elapsed: 0.849	Loglikelihood: -256320	(delta): 0.247392
163 (QN/Block) 	Elapsed: 0.849	Loglikelihood: -256319	(delta): 0.954914
164 (QN/Block) 	Elapsed: 0.845	Loglikelihood: -256318	(delta): 0.564024
165 (QN/Block) 	Elapsed: 0.849	Loglikelihood: -256318	(delta): 0.51749
166 (QN/Block) 	Elapsed: 0.847	Loglikelihood: -256318	(delta): 0.26042
167 (QN/Block) 	Elapsed: 0.846	Loglikelihood: -256317	(delta): 0.530091
168 (QN/Block) 	Elapsed: 0.848	Loglikelihood: -256316	(delta): 0.777354
169 (QN/Block) 	Elapsed: 0.842	Loglikelihood: -256316	(delta): 0.687074
170 (QN/Block) 	Elapsed: 0.846	Loglikelihood: -256315	(delta): 0.581438
171 (QN/Block) 	Elapsed: 0.843	Loglikelihood: -256315	(delta): 0.328732
172 (QN/Block) 	Elapsed: 0.844	Loglikelihood: -256315	(delta): 0.144484
173 (QN/Block) 	Elapsed: 0.844	Loglikelihood: -256315	(delta): 0.0922713
174 (QN/Block) 	Elapsed: 0.844	Loglikelihood: -256314	(delta): 0.194014
175 (QN/Block) 	Elapsed: 0.847	Loglikelihood: -256314	(delta): 0.110347
176 (QN/Block) 	Elapsed: 0.842	Loglikelihood: -256314	(delta): 0.0867706
177 (QN/Block) 	Elapsed: 0.846	Loglikelihood: -256314	(delta): 0.0589099
178 (QN/Block) 	Elapsed: 0.845	Loglikelihood: -256314	(delta): 0.0378296
179 (QN/Block) 	Elapsed: 0.843	Loglikelihood: -256314	(delta): 0.0333278
180 (QN/Block) 	Elapsed: 0.848	Loglikelihood: -256314	(delta): 0.182914
181 (QN/Block) 	Elapsed: 0.848	Loglikelihood: -256314	(delta): 0.030718
182 (QN/Block) 	Elapsed: 0.844	Loglikelihood: -256314	(delta): 0.0212367
183 (QN/Block) 	Elapsed: 0.844	Loglikelihood: -256314	(delta): 0.0216254
184 (QN/Block) 	Elapsed: 0.844	Loglikelihood: -256314	(delta): 0.00792733
185 (QN/Block) 	Elapsed: 0.842	Loglikelihood: -256314	(delta): 0.005325
186 (QN/Block) 	Elapsed: 0.842	Loglikelihood: -256314	(delta): 0.00473657
187 (QN/Block) 	Elapsed: 0.848	Loglikelihood: -256314	(delta): 0.0104983
188 (QN/Block) 	Elapsed: 0.842	Loglikelihood: -256314	(delta): 0.00272517
189 (QN/Block) 	Elapsed: 0.848	Loglikelihood: -256314	(delta): 0.00158198
190 (QN/Block) 	Elapsed: 0.848	Loglikelihood: -256314	(delta): 0.000713115
191 (QN/Block) 	Elapsed: 0.848	Loglikelihood: -256314	(delta): 0.000900518
192 (QN/Block) 	Elapsed: 0.848	Loglikelihood: -256314	(delta): 0.00152109
193 (QN/Block) 	Elapsed: 0.848	Loglikelihood: -256314	(delta): 0.00331951
194 (QN/Block) 	Elapsed: 0.849	Loglikelihood: -256314	(delta): 0.0088654
195 (QN/Block) 	Elapsed: 0.848	Loglikelihood: -256314	(delta): 0.0317756
196 (QN/Block) 	Elapsed: 0.848	Loglikelihood: -256314	(delta): 0.124829
197 (QN/Block) 	Elapsed: 0.848	Loglikelihood: -256313	(delta): 0.127188
198 (QN/Block) 	Elapsed: 0.848	Loglikelihood: -256313	(delta): 0.290169
199 (QN/Block) 	Elapsed: 0.848	Loglikelihood: -256313	(delta): 0.640402
200 (QN/Block) 	Elapsed: 0.848	Loglikelihood: -256312	(delta): 0.234731
201 (QN/Block) 	Elapsed: 0.848	Loglikelihood: -256312	(delta): 0.245529
202 (QN/Block) 	Elapsed: 0.849	Loglikelihood: -256312	(delta): 0.28035
203 (QN/Block) 	Elapsed: 0.844	Loglikelihood: -256311	(delta): 0.331712
204 (QN/Block) 	Elapsed: 0.844	Loglikelihood: -256311	(delta): 0.360898
205 (QN/Block) 	Elapsed: 0.848	Loglikelihood: -256311	(delta): 0.115213
206 (QN/Block) 	Elapsed: 0.848	Loglikelihood: -256311	(delta): 0.0924667
207 (QN/Block) 	Elapsed: 0.848	Loglikelihood: -256311	(delta): 0.118544
208 (QN/Block) 	Elapsed: 0.842	Loglikelihood: -256311	(delta): 0.0845678
209 (QN/Block) 	Elapsed: 0.849	Loglikelihood: -256311	(delta): 0.056702
210 (QN/Block) 	Elapsed: 0.849	Loglikelihood: -256311	(delta): 0.0216142
211 (QN/Block) 	Elapsed: 0.848	Loglikelihood: -256311	(delta): 0.0201381
212 (QN/Block) 	Elapsed: 0.848	Loglikelihood: -256311	(delta): 0.0213661
213 (QN/Block) 	Elapsed: 0.848	Loglikelihood: -256311	(delta): 0.0228713
214 (QN/Block) 	Elapsed: 0.844	Loglikelihood: -256310	(delta): 0.0327506
215 (QN/Block) 	Elapsed: 0.844	Loglikelihood: -256310	(delta): 0.0448076
216 (QN/Block) 	Elapsed: 0.846	Loglikelihood: -256310	(delta): 0.0119926
217 (QN/Block) 	Elapsed: 0.842	Loglikelihood: -256310	(delta): 0.0120198
218 (QN/Block) 	Elapsed: 0.844	Loglikelihood: -256310	(delta): 0.00957112
219 (QN/Block) 	Elapsed: 0.844	Loglikelihood: -256310	(delta): 0.0175681
220 (QN/Block) 	Elapsed: 0.842	Loglikelihood: -256310	(delta): 0.0665173
221 (QN/Block) 	Elapsed: 0.842	Loglikelihood: -256310	(delta): 0.224372
222 (QN/Block) 	Elapsed: 0.849	Loglikelihood: -256310	(delta): 0.221327
223 (QN/Block) 	Elapsed: 0.845	Loglikelihood: -256309	(delta): 0.499851
224 (QN/Block) 	Elapsed: 0.846	Loglikelihood: -256309	(delta): 0.614623
225 (QN/Block) 	Elapsed: 0.846	Loglikelihood: -256307	(delta): 1.4328
226 (QN/Block) 	Elapsed: 0.842	Loglikelihood: -256307	(delta): 0.532621
227 (QN/Block) 	Elapsed: 0.849	Loglikelihood: -256305	(delta): 1.45981
228 (QN/Block) 	Elapsed: 0.848	Loglikelihood: -256305	(delta): 0.629666
229 (QN/Block) 	Elapsed: 0.848	Loglikelihood: -256305	(delta): 0.117477
230 (QN/Block) 	Elapsed: 0.842	Loglikelihood: -256304	(delta): 0.0813021
231 (QN/Block) 	Elapsed: 0.846	Loglikelihood: -256304	(delta): 0.0778917
232 (QN/Block) 	Elapsed: 0.848	Loglikelihood: -256304	(delta): 0.028333
233 (QN/Block) 	Elapsed: 0.848	Loglikelihood: -256304	(delta): 0.0311818
234 (QN/Block) 	Elapsed: 0.848	Loglikelihood: -256304	(delta): 0.0781678
235 (QN/Block) 	Elapsed: 0.848	Loglikelihood: -256304	(delta): 0.425772
236 (QN/Block) 	Elapsed: 0.845	Loglikelihood: -256304	(delta): 0.27502
237 (QN/Block) 	Elapsed: 0.848	Loglikelihood: -256303	(delta): 0.144478
238 (QN/Block) 	Elapsed: 0.848	Loglikelihood: -256303	(delta): 0.11998
239 (QN/Block) 	Elapsed: 0.848	Loglikelihood: -256303	(delta): 0.158547
240 (QN/Block) 	Elapsed: 0.848	Loglikelihood: -256303	(delta): 0.204692
241 (QN/Block) 	Elapsed: 0.848	Loglikelihood: -256303	(delta): 0.174401
242 (QN/Block) 	Elapsed: 0.846	Loglikelihood: -256303	(delta): 0.216969
243 (QN/Block) 	Elapsed: 0.848	Loglikelihood: -256302	(delta): 0.506146
244 (QN/Block) 	Elapsed: 0.849	Loglikelihood: -256302	(delta): 0.292851
245 (QN/Block) 	Elapsed: 0.849	Loglikelihood: -256302	(delta): 0.168849
246 (QN/Block) 	Elapsed: 0.848	Loglikelihood: -256301	(delta): 0.201479
247 (QN/Block) 	Elapsed: 0.846	Loglikelihood: -256301	(delta): 0.259557
248 (QN/Block) 	Elapsed: 0.848	Loglikelihood: -256301	(delta): 0.167378
249 (QN/Block) 	Elapsed: 0.846	Loglikelihood: -256301	(delta): 0.163908
250 (QN/Block) 	Elapsed: 0.849	Loglikelihood: -256300	(delta): 0.314007
251 (QN/Block) 	Elapsed: 0.849	Loglikelihood: -256300	(delta): 0.216591
252 (QN/Block) 	Elapsed: 0.848	Loglikelihood: -256300	(delta): 0.182919
253 (QN/Block) 	Elapsed: 0.848	Loglikelihood: -256300	(delta): 0.189586
254 (QN/Block) 	Elapsed: 0.848	Loglikelihood: -256300	(delta): 0.332069
255 (QN/Block) 	Elapsed: 0.848	Loglikelihood: -256299	(delta): 0.239705
256 (QN/Block) 	Elapsed: 0.848	Loglikelihood: -256299	(delta): 0.593468
257 (QN/Block) 	Elapsed: 0.848	Loglikelihood: -256298	(delta): 0.622137
258 (QN/Block) 	Elapsed: 0.848	Loglikelihood: -256298	(delta): 0.387055
259 (QN/Block) 	Elapsed: 0.849	Loglikelihood: -256297	(delta): 0.562945
260 (QN/Block) 	Elapsed: 0.849	Loglikelihood: -256297	(delta): 0.59978
261 (QN/Block) 	Elapsed: 0.848	Loglikelihood: -256296	(delta): 0.231838
262 (QN/Block) 	Elapsed: 0.842	Loglikelihood: -256296	(delta): 0.260424
263 (QN/Block) 	Elapsed: 0.846	Loglikelihood: -256296	(delta): 0.557097
264 (QN/Block) 	Elapsed: 0.848	Loglikelihood: -256295	(delta): 0.243447
265 (QN/Block) 	Elapsed: 0.848	Loglikelihood: -256295	(delta): 0.251878
266 (QN/Block) 	Elapsed: 0.848	Loglikelihood: -256295	(delta): 0.224513
267 (QN/Block) 	Elapsed: 0.848	Loglikelihood: -256294	(delta): 0.445394
268 (QN/Block) 	Elapsed: 0.842	Loglikelihood: -256294	(delta): 0.480416
269 (QN/Block) 	Elapsed: 0.843	Loglikelihood: -256293	(delta): 1.17291
270 (QN/Block) 	Elapsed: 0.848	Loglikelihood: -256292	(delta): 0.39977
271 (QN/Block) 	Elapsed: 0.848	Loglikelihood: -256292	(delta): 0.455949
272 (QN/Block) 	Elapsed: 0.861	Loglikelihood: -256291	(delta): 1.24577
273 (QN/Block) 	Elapsed: 0.847	Loglikelihood: -256290	(delta): 0.695492
274 (QN/Block) 	Elapsed: 0.846	Loglikelihood: -256289	(delta): 0.673534
275 (QN/Block) 	Elapsed: 0.848	Loglikelihood: -256288	(delta): 0.839649
276 (QN/Block) 	Elapsed: 0.848	Loglikelihood: -256287	(delta): 0.969371
277 (QN/Block) 	Elapsed: 0.842	Loglikelihood: -256287	(delta): 0.571537
278 (QN/Block) 	Elapsed: 0.847	Loglikelihood: -256286	(delta): 0.887969
279 (QN/Block) 	Elapsed: 0.841	Loglikelihood: -256286	(delta): 0.283071
280 (QN/Block) 	Elapsed: 0.841	Loglikelihood: -256285	(delta): 0.287879
281 (QN/Block) 	Elapsed: 0.847	Loglikelihood: -256285	(delta): 0.17654
282 (QN/Block) 	Elapsed: 0.847	Loglikelihood: -256285	(delta): 0.224578
283 (QN/Block) 	Elapsed: 0.847	Loglikelihood: -256285	(delta): 0.287331
284 (QN/Block) 	Elapsed: 0.847	Loglikelihood: -256284	(delta): 0.249401
285 (QN/Block) 	Elapsed: 0.847	Loglikelihood: -256284	(delta): 0.274275
286 (QN/Block) 	Elapsed: 0.847	Loglikelihood: -256284	(delta): 0.25072
287 (QN/Block) 	Elapsed: 0.846	Loglikelihood: -256284	(delta): 0.211689
288 (QN/Block) 	Elapsed: 0.845	Loglikelihood: -256283	(delta): 0.634786
289 (QN/Block) 	Elapsed: 0.846	Loglikelihood: -256283	(delta): 0.426957
290 (QN/Block) 	Elapsed: 0.847	Loglikelihood: -256282	(delta): 0.257471
291 (QN/Block) 	Elapsed: 0.847	Loglikelihood: -256282	(delta): 0.454991
292 (QN/Block) 	Elapsed: 0.848	Loglikelihood: -256282	(delta): 0.346876
293 (QN/Block) 	Elapsed: 0.846	Loglikelihood: -256281	(delta): 0.286199
294 (QN/Block) 	Elapsed: 0.847	Loglikelihood: -256281	(delta): 0.616676
295 (QN/Block) 	Elapsed: 0.847	Loglikelihood: -256279	(delta): 1.24862
296 (QN/Block) 	Elapsed: 0.845	Loglikelihood: -256279	(delta): 0.36652
297 (QN/Block) 	Elapsed: 0.844	Loglikelihood: -256279	(delta): 0.26329
298 (QN/Block) 	Elapsed: 0.871	Loglikelihood: -256279	(delta): 0.284215
299 (QN/Block) 	Elapsed: 0.844	Loglikelihood: -256278	(delta): 0.245228
300 (QN/Block) 	Elapsed: 0.846	Loglikelihood: -256278	(delta): 0.107768
301 (QN/Block) 	Elapsed: 0.844	Loglikelihood: -256278	(delta): 0.35854
302 (QN/Block) 	Elapsed: 0.845	Loglikelihood: -256277	(delta): 0.522268
303 (QN/Block) 	Elapsed: 0.85	Loglikelihood: -256277	(delta): 0.744051
304 (QN/Block) 	Elapsed: 0.846	Loglikelihood: -256276	(delta): 0.475585
305 (QN/Block) 	Elapsed: 0.849	Loglikelihood: -256275	(delta): 1.01226
306 (QN/Block) 	Elapsed: 0.845	Loglikelihood: -256274	(delta): 0.574922
307 (QN/Block) 	Elapsed: 0.85	Loglikelihood: -256274	(delta): 0.424907
308 (QN/Block) 	Elapsed: 0.85	Loglikelihood: -256274	(delta): 0.385739
309 (QN/Block) 	Elapsed: 0.85	Loglikelihood: -256273	(delta): 0.423364
310 (QN/Block) 	Elapsed: 0.85	Loglikelihood: -256273	(delta): 0.350496
311 (QN/Block) 	Elapsed: 0.85	Loglikelihood: -256272	(delta): 0.451202
312 (QN/Block) 	Elapsed: 0.848	Loglikelihood: -256272	(delta): 0.436235
313 (QN/Block) 	Elapsed: 0.85	Loglikelihood: -256272	(delta): 0.463337
314 (QN/Block) 	Elapsed: 0.845	Loglikelihood: -256271	(delta): 0.27913
315 (QN/Block) 	Elapsed: 0.848	Loglikelihood: -256271	(delta): 0.154752
316 (QN/Block) 	Elapsed: 0.844	Loglikelihood: -256271	(delta): 0.118455
317 (QN/Block) 	Elapsed: 0.846	Loglikelihood: -256271	(delta): 0.181167
318 (QN/Block) 	Elapsed: 0.846	Loglikelihood: -256270	(delta): 0.32687
319 (QN/Block) 	Elapsed: 0.851	Loglikelihood: -256270	(delta): 0.267181
320 (QN/Block) 	Elapsed: 0.85	Loglikelihood: -256270	(delta): 0.382793
321 (QN/Block) 	Elapsed: 0.85	Loglikelihood: -256270	(delta): 0.312903
322 (QN/Block) 	Elapsed: 0.85	Loglikelihood: -256269	(delta): 0.264976
323 (QN/Block) 	Elapsed: 0.85	Loglikelihood: -256269	(delta): 0.239764
324 (QN/Block) 	Elapsed: 0.85	Loglikelihood: -256269	(delta): 0.268857
325 (QN/Block) 	Elapsed: 0.85	Loglikelihood: -256268	(delta): 0.25036
326 (QN/Block) 	Elapsed: 0.85	Loglikelihood: -256268	(delta): 0.180571
327 (QN/Block) 	Elapsed: 0.85	Loglikelihood: -256268	(delta): 0.602146
328 (QN/Block) 	Elapsed: 0.85	Loglikelihood: -256267	(delta): 0.310347
329 (QN/Block) 	Elapsed: 0.846	Loglikelihood: -256267	(delta): 0.237337
330 (QN/Block) 	Elapsed: 0.844	Loglikelihood: -256267	(delta): 0.284222
331 (QN/Block) 	Elapsed: 0.846	Loglikelihood: -256266	(delta): 0.912956
332 (QN/Block) 	Elapsed: 0.848	Loglikelihood: -256265	(delta): 0.805785
333 (QN/Block) 	Elapsed: 0.85	Loglikelihood: -256265	(delta): 0.618951
334 (QN/Block) 	Elapsed: 0.848	Loglikelihood: -256264	(delta): 0.440785
335 (QN/Block) 	Elapsed: 0.85	Loglikelihood: -256264	(delta): 0.263804
336 (QN/Block) 	Elapsed: 0.85	Loglikelihood: -256264	(delta): 0.0963632
337 (QN/Block) 	Elapsed: 0.846	Loglikelihood: -256264	(delta): 0.15091
338 (QN/Block) 	Elapsed: 0.849	Loglikelihood: -256263	(delta): 0.457221
339 (QN/Block) 	Elapsed: 0.845	Loglikelihood: -256263	(delta): 0.320883
340 (QN/Block) 	Elapsed: 0.85	Loglikelihood: -256263	(delta): 0.246537
341 (QN/Block) 	Elapsed: 0.849	Loglikelihood: -256262	(delta): 0.151985
342 (QN/Block) 	Elapsed: 0.849	Loglikelihood: -256262	(delta): 0.409377
343 (QN/Block) 	Elapsed: 0.847	Loglikelihood: -256262	(delta): 0.198342
344 (QN/Block) 	Elapsed: 0.85	Loglikelihood: -256262	(delta): 0.0531147
345 (QN/Block) 	Elapsed: 0.847	Loglikelihood: -256262	(delta): 0.0474493
346 (QN/Block) 	Elapsed: 0.849	Loglikelihood: -256262	(delta): 0.0868259
347 (QN/Block) 	Elapsed: 0.849	Loglikelihood: -256262	(delta): 0.0429222
348 (QN/Block) 	Elapsed: 0.849	Loglikelihood: -256262	(delta): 0.060847
349 (QN/Block) 	Elapsed: 0.85	Loglikelihood: -256261	(delta): 0.0674711
350 (QN/Block) 	Elapsed: 0.849	Loglikelihood: -256261	(delta): 0.0289197
351 (QN/Block) 	Elapsed: 0.849	Loglikelihood: -256261	(delta): 0.0282932
352 (QN/Block) 	Elapsed: 0.849	Loglikelihood: -256261	(delta): 0.0261201
353 (QN/Block) 	Elapsed: 0.849	Loglikelihood: -256261	(delta): 0.0282237
354 (QN/Block) 	Elapsed: 0.849	Loglikelihood: -256261	(delta): 0.0315547
355 (QN/Block) 	Elapsed: 0.849	Loglikelihood: -256261	(delta): 0.0366902
356 (QN/Block) 	Elapsed: 0.849	Loglikelihood: -256261	(delta): 0.0414976
357 (QN/Block) 	Elapsed: 0.85	Loglikelihood: -256261	(delta): 0.0431068
358 (QN/Block) 	Elapsed: 0.849	Loglikelihood: -256261	(delta): 0.133794
359 (QN/Block) 	Elapsed: 0.85	Loglikelihood: -256261	(delta): 0.441708
360 (QN/Block) 	Elapsed: 0.845	Loglikelihood: -256261	(delta): 0.0555982
361 (QN/Block) 	Elapsed: 0.843	Loglikelihood: -256261	(delta): 0.0439577
362 (QN/Block) 	Elapsed: 0.849	Loglikelihood: -256260	(delta): 0.17443
363 (QN/Block) 	Elapsed: 0.849	Loglikelihood: -256260	(delta): 0.303512
364 (QN/Block) 	Elapsed: 0.843	Loglikelihood: -256260	(delta): 0.0939032
365 (QN/Block) 	Elapsed: 0.844	Loglikelihood: -256260	(delta): 0.120142
366 (QN/Block) 	Elapsed: 0.849	Loglikelihood: -256260	(delta): 0.207611
367 (QN/Block) 	Elapsed: 0.843	Loglikelihood: -256260	(delta): 0.0957095
368 (QN/Block) 	Elapsed: 0.849	Loglikelihood: -256259	(delta): 0.0497872
369 (QN/Block) 	Elapsed: 0.85	Loglikelihood: -256259	(delta): 0.0697236
370 (QN/Block) 	Elapsed: 0.849	Loglikelihood: -256259	(delta): 0.109705
371 (QN/Block) 	Elapsed: 0.849	Loglikelihood: -256259	(delta): 0.12369
372 (QN/Block) 	Elapsed: 0.845	Loglikelihood: -256259	(delta): 0.0638627
373 (QN/Block) 	Elapsed: 0.849	Loglikelihood: -256259	(delta): 0.152378
374 (QN/Block) 	Elapsed: 0.849	Loglikelihood: -256259	(delta): 0.125802
375 (QN/Block) 	Elapsed: 0.849	Loglikelihood: -256259	(delta): 0.12726
376 (QN/Block) 	Elapsed: 0.849	Loglikelihood: -256259	(delta): 0.067922
377 (QN/Block) 	Elapsed: 0.849	Loglikelihood: -256259	(delta): 0.107283
378 (QN/Block) 	Elapsed: 0.849	Loglikelihood: -256258	(delta): 0.0657943
379 (QN/Block) 	Elapsed: 0.844	Loglikelihood: -256258	(delta): 0.0378695
380 (QN/Block) 	Elapsed: 0.844	Loglikelihood: -256258	(delta): 0.0240307
381 (QN/Block) 	Elapsed: 0.844	Loglikelihood: -256258	(delta): 0.0990499
382 (QN/Block) 	Elapsed: 0.844	Loglikelihood: -256258	(delta): 0.0156463
383 (QN/Block) 	Elapsed: 0.844	Loglikelihood: -256258	(delta): 0.00621858
384 (QN/Block) 	Elapsed: 0.844	Loglikelihood: -256258	(delta): 0.00447693
385 (QN/Block) 	Elapsed: 0.845	Loglikelihood: -256258	(delta): 0.00272333
386 (QN/Block) 	Elapsed: 0.844	Loglikelihood: -256258	(delta): 0.00195955
387 (QN/Block) 	Elapsed: 0.844	Loglikelihood: -256258	(delta): 0.00163342
388 (QN/Block) 	Elapsed: 0.844	Loglikelihood: -256258	(delta): 0.00149019
389 (QN/Block) 	Elapsed: 0.85	Loglikelihood: -256258	(delta): 0.0124415
390 (QN/Block) 	Elapsed: 0.85	Loglikelihood: -256258	(delta): 0.0688223
391 (QN/Block) 	Elapsed: 0.848	Loglikelihood: -256258	(delta): 0.0419391
392 (QN/Block) 	Elapsed: 0.846	Loglikelihood: -256258	(delta): 0.0360185
393 (QN/Block) 	Elapsed: 0.843	Loglikelihood: -256258	(delta): 0.162536
394 (QN/Block) 	Elapsed: 0.843	Loglikelihood: -256258	(delta): 0.029963
395 (QN/Block) 	Elapsed: 0.843	Loglikelihood: -256258	(delta): 0.0457093
396 (QN/Block) 	Elapsed: 0.849	Loglikelihood: -256258	(delta): 0.0103678
397 (QN/Block) 	Elapsed: 0.843	Loglikelihood: -256258	(delta): 0.0227329
398 (QN/Block) 	Elapsed: 0.85	Loglikelihood: -256258	(delta): 0.276595
399 (QN/Block) 	Elapsed: 0.846	Loglikelihood: -256257	(delta): 0.275208
400 (QN/Block) 	Elapsed: 0.847	Loglikelihood: -256257	(delta): 0.181882
401 (QN/Block) 	Elapsed: 0.844	Loglikelihood: -256257	(delta): 0.0439952
402 (QN/Block) 	Elapsed: 0.845	Loglikelihood: -256257	(delta): 0.0717701
403 (QN/Block) 	Elapsed: 0.849	Loglikelihood: -256257	(delta): 0.0192167
404 (QN/Block) 	Elapsed: 0.847	Loglikelihood: -256257	(delta): 0.0297662
405 (QN/Block) 	Elapsed: 0.843	Loglikelihood: -256257	(delta): 0.0222018
406 (QN/Block) 	Elapsed: 0.843	Loglikelihood: -256257	(delta): 0.0208113
407 (QN/Block) 	Elapsed: 0.849	Loglikelihood: -256257	(delta): 0.0175235
408 (QN/Block) 	Elapsed: 0.849	Loglikelihood: -256257	(delta): 0.0368587
409 (QN/Block) 	Elapsed: 0.849	Loglikelihood: -256257	(delta): 0.0543967
410 (QN/Block) 	Elapsed: 0.844	Loglikelihood: -256257	(delta): 0.144392
411 (QN/Block) 	Elapsed: 0.849	Loglikelihood: -256257	(delta): 0.031848
412 (QN/Block) 	Elapsed: 0.849	Loglikelihood: -256257	(delta): 0.0159828
413 (QN/Block) 	Elapsed: 0.85	Loglikelihood: -256257	(delta): 0.0173774
414 (QN/Block) 	Elapsed: 0.85	Loglikelihood: -256257	(delta): 0.0208028
415 (QN/Block) 	Elapsed: 0.849	Loglikelihood: -256257	(delta): 0.0277679
416 (QN/Block) 	Elapsed: 0.849	Loglikelihood: -256256	(delta): 0.0437331
417 (QN/Block) 	Elapsed: 0.849	Loglikelihood: -256256	(delta): 0.0593605
418 (QN/Block) 	Elapsed: 0.849	Loglikelihood: -256256	(delta): 0.042181
419 (QN/Block) 	Elapsed: 0.849	Loglikelihood: -256256	(delta): 0.054771
420 (QN/Block) 	Elapsed: 0.849	Loglikelihood: -256256	(delta): 0.0923203
421 (QN/Block) 	Elapsed: 0.849	Loglikelihood: -256256	(delta): 0.150789
422 (QN/Block) 	Elapsed: 0.849	Loglikelihood: -256256	(delta): 0.106317
423 (QN/Block) 	Elapsed: 0.849	Loglikelihood: -256256	(delta): 0.130569
424 (QN/Block) 	Elapsed: 0.849	Loglikelihood: -256256	(delta): 0.144615
425 (QN/Block) 	Elapsed: 0.845	Loglikelihood: -256256	(delta): 0.0393908
426 (QN/Block) 	Elapsed: 0.843	Loglikelihood: -256256	(delta): 0.076044
427 (QN/Block) 	Elapsed: 0.843	Loglikelihood: -256256	(delta): 0.0478853
428 (QN/Block) 	Elapsed: 0.843	Loglikelihood: -256255	(delta): 0.0416557
429 (QN/Block) 	Elapsed: 0.843	Loglikelihood: -256255	(delta): 0.0466539
430 (QN/Block) 	Elapsed: 0.843	Loglikelihood: -256255	(delta): 0.029258
431 (QN/Block) 	Elapsed: 0.845	Loglikelihood: -256255	(delta): 0.0451208
432 (QN/Block) 	Elapsed: 0.849	Loglikelihood: -256255	(delta): 0.100822
433 (QN/Block) 	Elapsed: 0.849	Loglikelihood: -256255	(delta): 0.0446146
434 (QN/Block) 	Elapsed: 0.849	Loglikelihood: -256255	(delta): 0.0411491
435 (QN/Block) 	Elapsed: 0.849	Loglikelihood: -256255	(delta): 0.0504303
436 (QN/Block) 	Elapsed: 0.85	Loglikelihood: -256255	(delta): 0.0534277
437 (QN/Block) 	Elapsed: 0.851	Loglikelihood: -256255	(delta): 0.0521354
438 (QN/Block) 	Elapsed: 0.85	Loglikelihood: -256255	(delta): 0.0516473
439 (QN/Block) 	Elapsed: 0.87	Loglikelihood: -256255	(delta): 0.0736959
440 (QN/Block) 	Elapsed: 0.854	Loglikelihood: -256255	(delta): 0.13748
441 (QN/Block) 	Elapsed: 0.849	Loglikelihood: -256255	(delta): 0.099281
442 (QN/Block) 	Elapsed: 0.848	Loglikelihood: -256255	(delta): 0.0639372
443 (QN/Block) 	Elapsed: 0.849	Loglikelihood: -256255	(delta): 0.0454344
444 (QN/Block) 	Elapsed: 0.849	Loglikelihood: -256255	(delta): 0.0521701
445 (QN/Block) 	Elapsed: 0.849	Loglikelihood: -256254	(delta): 0.0814779
446 (QN/Block) 	Elapsed: 0.849	Loglikelihood: -256254	(delta): 0.159331
447 (QN/Block) 	Elapsed: 0.85	Loglikelihood: -256254	(delta): 0.310194
448 (QN/Block) 	Elapsed: 0.849	Loglikelihood: -256253	(delta): 0.576333
449 (QN/Block) 	Elapsed: 0.851	Loglikelihood: -256253	(delta): 0.455224
450 (QN/Block) 	Elapsed: 0.842	Loglikelihood: -256252	(delta): 0.787339
451 (QN/Block) 	Elapsed: 0.848	Loglikelihood: -256251	(delta): 0.841298
452 (QN/Block) 	Elapsed: 0.842	Loglikelihood: -256251	(delta): 0.27065
453 (QN/Block) 	Elapsed: 0.843	Loglikelihood: -256251	(delta): 0.300541
454 (QN/Block) 	Elapsed: 0.842	Loglikelihood: -256250	(delta): 0.643426
455 (QN/Block) 	Elapsed: 0.844	Loglikelihood: -256249	(delta): 0.904969
456 (QN/Block) 	Elapsed: 0.841	Loglikelihood: -256249	(delta): 0.544621
457 (QN/Block) 	Elapsed: 0.841	Loglikelihood: -256248	(delta): 0.410426
458 (QN/Block) 	Elapsed: 0.848	Loglikelihood: -256248	(delta): 0.274263
459 (QN/Block) 	Elapsed: 0.848	Loglikelihood: -256248	(delta): 0.228175
460 (QN/Block) 	Elapsed: 0.847	Loglikelihood: -256247	(delta): 0.239174
461 (QN/Block) 	Elapsed: 0.848	Loglikelihood: -256247	(delta): 0.298093
462 (QN/Block) 	Elapsed: 0.848	Loglikelihood: -256246	(delta): 1.24361
463 (QN/Block) 	Elapsed: 0.847	Loglikelihood: -256244	(delta): 1.76404
464 (QN/Block) 	Elapsed: 0.847	Loglikelihood: -256242	(delta): 1.88192
465 (QN/Block) 	Elapsed: 0.848	Loglikelihood: -256241	(delta): 1.06202
466 (QN/Block) 	Elapsed: 0.846	Loglikelihood: -256241	(delta): 0.626956
467 (QN/Block) 	Elapsed: 0.845	Loglikelihood: -256240	(delta): 0.39563
468 (QN/Block) 	Elapsed: 0.845	Loglikelihood: -256240	(delta): 0.169097
469 (QN/Block) 	Elapsed: 0.842	Loglikelihood: -256240	(delta): 0.299253
470 (QN/Block) 	Elapsed: 0.847	Loglikelihood: -256239	(delta): 0.239953
471 (QN/Block) 	Elapsed: 0.844	Loglikelihood: -256239	(delta): 0.387139
472 (QN/Block) 	Elapsed: 0.843	Loglikelihood: -256239	(delta): 0.28603
473 (QN/Block) 	Elapsed: 0.848	Loglikelihood: -256238	(delta): 0.397341
474 (QN/Block) 	Elapsed: 0.847	Loglikelihood: -256238	(delta): 0.645195
475 (QN/Block) 	Elapsed: 0.841	Loglikelihood: -256237	(delta): 0.321982
476 (QN/Block) 	Elapsed: 0.843	Loglikelihood: -256237	(delta): 0.450911
477 (QN/Block) 	Elapsed: 0.844	Loglikelihood: -256237	(delta): 0.16406
478 (QN/Block) 	Elapsed: 0.841	Loglikelihood: -256237	(delta): 0.0879537
479 (QN/Block) 	Elapsed: 0.844	Loglikelihood: -256237	(delta): 0.0528721
480 (QN/Block) 	Elapsed: 0.842	Loglikelihood: -256237	(delta): 0.129596
481 (QN/Block) 	Elapsed: 0.843	Loglikelihood: -256236	(delta): 0.0998951
482 (QN/Block) 	Elapsed: 0.842	Loglikelihood: -256236	(delta): 0.0676848
483 (QN/Block) 	Elapsed: 0.843	Loglikelihood: -256236	(delta): 0.0174025
484 (QN/Block) 	Elapsed: 0.841	Loglikelihood: -256236	(delta): 0.00943189
485 (QN/Block) 	Elapsed: 0.843	Loglikelihood: -256236	(delta): 0.00533717
486 (QN/Block) 	Elapsed: 0.842	Loglikelihood: -256236	(delta): 0.00709058
487 (QN/Block) 	Elapsed: 0.848	Loglikelihood: -256236	(delta): 0.0166666
488 (QN/Block) 	Elapsed: 0.848	Loglikelihood: -256236	(delta): 0.0218285
489 (QN/Block) 	Elapsed: 0.847	Loglikelihood: -256236	(delta): 0.0108952
490 (QN/Block) 	Elapsed: 0.841	Loglikelihood: -256236	(delta): 0.029179
491 (QN/Block) 	Elapsed: 0.847	Loglikelihood: -256236	(delta): 0.0740663
492 (QN/Block) 	Elapsed: 0.848	Loglikelihood: -256236	(delta): 0.018423
493 (QN/Block) 	Elapsed: 0.848	Loglikelihood: -256236	(delta): 0.0181216
494 (QN/Block) 	Elapsed: 0.848	Loglikelihood: -256236	(delta): 0.0203254
495 (QN/Block) 	Elapsed: 0.847	Loglikelihood: -256236	(delta): 0.0237112
496 (QN/Block) 	Elapsed: 0.848	Loglikelihood: -256236	(delta): 0.0130559
497 (QN/Block) 	Elapsed: 0.848	Loglikelihood: -256236	(delta): 0.00932934
498 (QN/Block) 	Elapsed: 0.848	Loglikelihood: -256236	(delta): 0.0109042
499 (QN/Block) 	Elapsed: 0.848	Loglikelihood: -256236	(delta): 0.0267741
500 (QN/Block) 	Elapsed: 0.847	Loglikelihood: -256236	(delta): 0.0187553
501 (QN/Block) 	Elapsed: 0.841	Loglikelihood: -256236	(delta): 0.0307541
502 (QN/Block) 	Elapsed: 0.847	Loglikelihood: -256236	(delta): 0.0455424
503 (QN/Block) 	Elapsed: 0.847	Loglikelihood: -256236	(delta): 0.0834681
504 (QN/Block) 	Elapsed: 0.847	Loglikelihood: -256236	(delta): 0.0477135
505 (QN/Block) 	Elapsed: 0.844	Loglikelihood: -256236	(delta): 0.0211998
506 (QN/Block) 	Elapsed: 0.842	Loglikelihood: -256236	(delta): 0.018267
507 (QN/Block) 	Elapsed: 0.842	Loglikelihood: -256236	(delta): 0.00710158
508 (QN/Block) 	Elapsed: 0.842	Loglikelihood: -256236	(delta): 0.00282012
509 (QN/Block) 	Elapsed: 0.847	Loglikelihood: -256236	(delta): 0.0031634
510 (QN/Block) 	Elapsed: 0.844	Loglikelihood: -256236	(delta): 0.000343357
511 (QN/Block) 	Elapsed: 0.842	Loglikelihood: -256236	(delta): 0.00120443
512 (QN/Block) 	Elapsed: 0.841	Loglikelihood: -256236	(delta): 0.00215488
513 (QN/Block) 	Elapsed: 0.842	Loglikelihood: -256236	(delta): 0.00464139
514 (QN/Block) 	Elapsed: 0.842	Loglikelihood: -256236	(delta): 0.0143962
515 (QN/Block) 	Elapsed: 0.841	Loglikelihood: -256236	(delta): 0.0145648
516 (QN/Block) 	Elapsed: 0.847	Loglikelihood: -256236	(delta): 0.0050103
517 (QN/Block) 	Elapsed: 0.848	Loglikelihood: -256236	(delta): 0.00674938
518 (QN/Block) 	Elapsed: 0.847	Loglikelihood: -256236	(delta): 0.148339
519 (QN/Block) 	Elapsed: 0.847	Loglikelihood: -256235	(delta): 0.0991109
520 (QN/Block) 	Elapsed: 0.848	Loglikelihood: -256235	(delta): 0.0327901
521 (QN/Block) 	Elapsed: 0.847	Loglikelihood: -256235	(delta): 0.0331708
522 (QN/Block) 	Elapsed: 0.848	Loglikelihood: -256235	(delta): 0.0450908
523 (QN/Block) 	Elapsed: 0.848	Loglikelihood: -256235	(delta): 0.0211223
524 (QN/Block) 	Elapsed: 0.847	Loglikelihood: -256235	(delta): 0.0198008
525 (QN/Block) 	Elapsed: 0.847	Loglikelihood: -256235	(delta): 0.0203828
526 (QN/Block) 	Elapsed: 0.847	Loglikelihood: -256235	(delta): 0.0243954
527 (QN/Block) 	Elapsed: 0.848	Loglikelihood: -256235	(delta): 0.037329
528 (QN/Block) 	Elapsed: 0.845	Loglikelihood: -256235	(delta): 0.0443002
529 (QN/Block) 	Elapsed: 0.847	Loglikelihood: -256235	(delta): 0.0531033
530 (QN/Block) 	Elapsed: 0.848	Loglikelihood: -256235	(delta): 0.0330264
531 (QN/Block) 	Elapsed: 0.843	Loglikelihood: -256235	(delta): 0.0245869
532 (QN/Block) 	Elapsed: 0.848	Loglikelihood: -256235	(delta): 0.0155069
533 (QN/Block) 	Elapsed: 0.847	Loglikelihood: -256235	(delta): 0.00530719
534 (QN/Block) 	Elapsed: 0.847	Loglikelihood: -256235	(delta): 0.00577125
535 (QN/Block) 	Elapsed: 0.848	Loglikelihood: -256235	(delta): 0.00759997
536 (QN/Block) 	Elapsed: 0.848	Loglikelihood: -256235	(delta): 0.0106825
537 (QN/Block) 	Elapsed: 0.847	Loglikelihood: -256235	(delta): 0.0150576
538 (QN/Block) 	Elapsed: 0.847	Loglikelihood: -256235	(delta): 0.0204391
539 (QN/Block) 	Elapsed: 0.848	Loglikelihood: -256235	(delta): 0.0258409
540 (QN/Block) 	Elapsed: 0.847	Loglikelihood: -256235	(delta): 0.0291965
541 (QN/Block) 	Elapsed: 0.847	Loglikelihood: -256235	(delta): 0.0219174
542 (QN/Block) 	Elapsed: 0.845	Loglikelihood: -256235	(delta): 0.00306673
543 (QN/Block) 	Elapsed: 0.842	Loglikelihood: -256235	(delta): 0.00268493
544 (QN/Block) 	Elapsed: 0.842	Loglikelihood: -256235	(delta): 0.00104838
545 (QN/Block) 	Elapsed: 0.842	Loglikelihood: -256235	(delta): 0.000257773
546 (QN/Block) 	Elapsed: 0.842	Loglikelihood: -256235	(delta): 0.000215958
547 (QN/Block) 	Elapsed: 0.842	Loglikelihood: -256235	(delta): 0.00014745
548 (QN/Block) 	Elapsed: 0.841	Loglikelihood: -256235	(delta): 0.000117968
549 (QN/Block) 	Elapsed: 0.842	Loglikelihood: -256235	(delta): 9.26769e-05
Summary: 
Converged in 549 iterations (469.309 sec)
Loglikelihood: -256234.939617
Fst divergences between estimated populations: 
	Pop0	Pop1	Pop2	Pop3	Pop4	Pop5	Pop6	Pop7	Pop8	Pop9	Pop10	Pop11	Pop12	Pop13	Pop14	Pop15	
Pop0	
Pop1	0.475	
Pop2	0.485	0.107	
Pop3	0.491	0.116	0.104	
Pop4	0.106	0.480	0.492	0.498	
Pop5	0.492	0.124	0.128	0.113	0.498	
Pop6	0.472	0.087	0.092	0.081	0.477	0.098	
Pop7	0.095	0.460	0.469	0.475	0.102	0.476	0.456	
Pop8	0.457	0.099	0.099	0.085	0.465	0.115	0.079	0.444	
Pop9	0.477	0.091	0.102	0.083	0.485	0.102	0.072	0.462	0.090	
Pop10	0.096	0.464	0.472	0.477	0.114	0.475	0.459	0.078	0.443	0.462	
Pop11	0.504	0.116	0.126	0.114	0.510	0.142	0.097	0.487	0.124	0.108	0.488	
Pop12	0.476	0.107	0.109	0.101	0.483	0.119	0.095	0.458	0.094	0.095	0.461	0.132	
Pop13	0.489	0.102	0.116	0.094	0.494	0.115	0.080	0.472	0.095	0.078	0.476	0.117	0.097	
Pop14	0.490	0.115	0.119	0.109	0.498	0.131	0.086	0.474	0.099	0.098	0.476	0.125	0.110	0.104	
Pop15	0.498	0.110	0.111	0.089	0.505	0.116	0.089	0.479	0.100	0.090	0.484	0.116	0.099	0.088	0.104	
Pop16	0.094	0.481	0.492	0.496	0.090	0.498	0.478	0.086	0.463	0.482	0.093	0.508	0.480	0.493	0.497	0.501	
CV error (K=17): 0.19501
Writing output files.
