****                   ADMIXTURE Version 1.3.0                  ****
****                    Copyright 2008-2015                     ****
****           David Alexander, Suyash Shringarpure,            ****
****                John  Novembre, Ken Lange                   ****
****                                                            ****
****                 Please cite our paper!                     ****
****   Information at www.genetics.ucla.edu/software/admixture  ****

Cross-validation will be performed.  Folds=10.
Parallel execution requested.  Will use 20 threads.
Random seed: 43
Point estimation method: Block relaxation algorithm
Convergence acceleration algorithm: QuasiNewton, 3 secant conditions
Point estimation will terminate when objective function delta < 0.0001
Estimation of standard errors disabled; will compute point estimates only.
Size of G: 778x1726
Performing five EM steps to prime main algorithm
1 (EM) 	Elapsed: 0.32	Loglikelihood: -400192	(delta): 1.24295e+06
2 (EM) 	Elapsed: 0.32	Loglikelihood: -366311	(delta): 33880.8
3 (EM) 	Elapsed: 0.319	Loglikelihood: -362061	(delta): 4250.65
4 (EM) 	Elapsed: 0.32	Loglikelihood: -359835	(delta): 2225.94
5 (EM) 	Elapsed: 0.319	Loglikelihood: -358026	(delta): 1808.7
Initial loglikelihood: -358026
Starting main algorithm
1 (QN/Block) 	Elapsed: 0.598	Loglikelihood: -278583	(delta): 79443.3
2 (QN/Block) 	Elapsed: 0.596	Loglikelihood: -270455	(delta): 8127.59
3 (QN/Block) 	Elapsed: 0.602	Loglikelihood: -266848	(delta): 3607.2
4 (QN/Block) 	Elapsed: 0.6	Loglikelihood: -265110	(delta): 1738.29
5 (QN/Block) 	Elapsed: 0.601	Loglikelihood: -264485	(delta): 624.381
6 (QN/Block) 	Elapsed: 0.6	Loglikelihood: -264184	(delta): 301.188
7 (QN/Block) 	Elapsed: 0.601	Loglikelihood: -264043	(delta): 141.402
8 (QN/Block) 	Elapsed: 0.602	Loglikelihood: -263948	(delta): 95.0365
9 (QN/Block) 	Elapsed: 0.601	Loglikelihood: -263880	(delta): 67.2612
10 (QN/Block) 	Elapsed: 0.601	Loglikelihood: -263832	(delta): 48.4145
11 (QN/Block) 	Elapsed: 0.601	Loglikelihood: -263797	(delta): 35.1735
12 (QN/Block) 	Elapsed: 0.601	Loglikelihood: -263760	(delta): 36.8564
13 (QN/Block) 	Elapsed: 0.602	Loglikelihood: -263736	(delta): 23.5032
14 (QN/Block) 	Elapsed: 0.602	Loglikelihood: -263716	(delta): 20.3661
15 (QN/Block) 	Elapsed: 0.603	Loglikelihood: -263700	(delta): 16.2683
16 (QN/Block) 	Elapsed: 0.599	Loglikelihood: -263685	(delta): 14.3896
17 (QN/Block) 	Elapsed: 0.601	Loglikelihood: -263670	(delta): 15.7001
18 (QN/Block) 	Elapsed: 0.602	Loglikelihood: -263663	(delta): 6.66936
19 (QN/Block) 	Elapsed: 0.601	Loglikelihood: -263654	(delta): 8.48084
20 (QN/Block) 	Elapsed: 0.604	Loglikelihood: -263647	(delta): 7.62671
21 (QN/Block) 	Elapsed: 0.604	Loglikelihood: -263641	(delta): 5.89048
22 (QN/Block) 	Elapsed: 0.601	Loglikelihood: -263634	(delta): 7.12537
23 (QN/Block) 	Elapsed: 0.603	Loglikelihood: -263625	(delta): 8.60802
24 (QN/Block) 	Elapsed: 0.601	Loglikelihood: -263617	(delta): 8.51313
25 (QN/Block) 	Elapsed: 0.602	Loglikelihood: -263610	(delta): 7.15715
26 (QN/Block) 	Elapsed: 0.602	Loglikelihood: -263596	(delta): 13.7649
27 (QN/Block) 	Elapsed: 0.602	Loglikelihood: -263585	(delta): 11.1275
28 (QN/Block) 	Elapsed: 0.604	Loglikelihood: -263575	(delta): 9.59995
29 (QN/Block) 	Elapsed: 0.603	Loglikelihood: -263563	(delta): 11.7229
30 (QN/Block) 	Elapsed: 0.604	Loglikelihood: -263558	(delta): 5.85185
31 (QN/Block) 	Elapsed: 0.6	Loglikelihood: -263550	(delta): 7.04553
32 (QN/Block) 	Elapsed: 0.601	Loglikelihood: -263542	(delta): 7.9978
33 (QN/Block) 	Elapsed: 0.604	Loglikelihood: -263535	(delta): 7.78146
34 (QN/Block) 	Elapsed: 0.602	Loglikelihood: -263524	(delta): 10.5428
35 (QN/Block) 	Elapsed: 0.604	Loglikelihood: -263511	(delta): 13.1028
36 (QN/Block) 	Elapsed: 0.601	Loglikelihood: -263503	(delta): 8.11973
37 (QN/Block) 	Elapsed: 0.601	Loglikelihood: -263498	(delta): 5.373
38 (QN/Block) 	Elapsed: 0.602	Loglikelihood: -263492	(delta): 5.46984
39 (QN/Block) 	Elapsed: 0.604	Loglikelihood: -263488	(delta): 3.74366
40 (QN/Block) 	Elapsed: 0.603	Loglikelihood: -263486	(delta): 2.53832
41 (QN/Block) 	Elapsed: 0.604	Loglikelihood: -263484	(delta): 2.16111
42 (QN/Block) 	Elapsed: 0.603	Loglikelihood: -263482	(delta): 1.41229
43 (QN/Block) 	Elapsed: 0.603	Loglikelihood: -263481	(delta): 1.50989
44 (QN/Block) 	Elapsed: 0.601	Loglikelihood: -263478	(delta): 2.97843
45 (QN/Block) 	Elapsed: 0.609	Loglikelihood: -263473	(delta): 4.94467
46 (QN/Block) 	Elapsed: 0.603	Loglikelihood: -263468	(delta): 4.47026
47 (QN/Block) 	Elapsed: 0.617	Loglikelihood: -263462	(delta): 6.80931
48 (QN/Block) 	Elapsed: 0.605	Loglikelihood: -263457	(delta): 4.03032
49 (QN/Block) 	Elapsed: 0.598	Loglikelihood: -263454	(delta): 3.81859
50 (QN/Block) 	Elapsed: 0.601	Loglikelihood: -263450	(delta): 3.67051
51 (QN/Block) 	Elapsed: 0.601	Loglikelihood: -263448	(delta): 2.4325
52 (QN/Block) 	Elapsed: 0.602	Loglikelihood: -263443	(delta): 4.4098
53 (QN/Block) 	Elapsed: 0.602	Loglikelihood: -263440	(delta): 2.76376
54 (QN/Block) 	Elapsed: 0.601	Loglikelihood: -263436	(delta): 3.88372
55 (QN/Block) 	Elapsed: 0.601	Loglikelihood: -263433	(delta): 3.31449
56 (QN/Block) 	Elapsed: 0.601	Loglikelihood: -263429	(delta): 3.72686
57 (QN/Block) 	Elapsed: 0.602	Loglikelihood: -263427	(delta): 2.33991
58 (QN/Block) 	Elapsed: 0.602	Loglikelihood: -263423	(delta): 4.25715
59 (QN/Block) 	Elapsed: 0.602	Loglikelihood: -263420	(delta): 2.77129
60 (QN/Block) 	Elapsed: 0.602	Loglikelihood: -263416	(delta): 3.79249
61 (QN/Block) 	Elapsed: 0.604	Loglikelihood: -263412	(delta): 4.39187
62 (QN/Block) 	Elapsed: 0.601	Loglikelihood: -263410	(delta): 2.34334
63 (QN/Block) 	Elapsed: 0.602	Loglikelihood: -263408	(delta): 1.74874
64 (QN/Block) 	Elapsed: 0.6	Loglikelihood: -263406	(delta): 1.64118
65 (QN/Block) 	Elapsed: 0.598	Loglikelihood: -263405	(delta): 1.43521
66 (QN/Block) 	Elapsed: 0.598	Loglikelihood: -263404	(delta): 0.673247
67 (QN/Block) 	Elapsed: 0.6	Loglikelihood: -263403	(delta): 1.18127
68 (QN/Block) 	Elapsed: 0.601	Loglikelihood: -263402	(delta): 0.473778
69 (QN/Block) 	Elapsed: 0.602	Loglikelihood: -263401	(delta): 1.08604
70 (QN/Block) 	Elapsed: 0.602	Loglikelihood: -263401	(delta): 0.78188
71 (QN/Block) 	Elapsed: 0.61	Loglikelihood: -263400	(delta): 0.948658
72 (QN/Block) 	Elapsed: 0.602	Loglikelihood: -263399	(delta): 0.534552
73 (QN/Block) 	Elapsed: 0.602	Loglikelihood: -263398	(delta): 0.551893
74 (QN/Block) 	Elapsed: 0.607	Loglikelihood: -263397	(delta): 1.13284
75 (QN/Block) 	Elapsed: 0.603	Loglikelihood: -263396	(delta): 1.2154
76 (QN/Block) 	Elapsed: 0.6	Loglikelihood: -263395	(delta): 1.06989
77 (QN/Block) 	Elapsed: 0.602	Loglikelihood: -263393	(delta): 1.63076
78 (QN/Block) 	Elapsed: 0.599	Loglikelihood: -263392	(delta): 1.83201
79 (QN/Block) 	Elapsed: 0.598	Loglikelihood: -263390	(delta): 1.4582
80 (QN/Block) 	Elapsed: 0.607	Loglikelihood: -263389	(delta): 1.2439
81 (QN/Block) 	Elapsed: 0.6	Loglikelihood: -263388	(delta): 1.15978
82 (QN/Block) 	Elapsed: 0.631	Loglikelihood: -263387	(delta): 1.1774
83 (QN/Block) 	Elapsed: 0.602	Loglikelihood: -263385	(delta): 1.30316
84 (QN/Block) 	Elapsed: 0.601	Loglikelihood: -263382	(delta): 3.50537
85 (QN/Block) 	Elapsed: 0.603	Loglikelihood: -263379	(delta): 2.34059
86 (QN/Block) 	Elapsed: 0.6	Loglikelihood: -263378	(delta): 1.28744
87 (QN/Block) 	Elapsed: 0.603	Loglikelihood: -263376	(delta): 1.77262
88 (QN/Block) 	Elapsed: 0.603	Loglikelihood: -263375	(delta): 1.17886
89 (QN/Block) 	Elapsed: 0.603	Loglikelihood: -263374	(delta): 1.50432
90 (QN/Block) 	Elapsed: 0.6	Loglikelihood: -263372	(delta): 1.6173
91 (QN/Block) 	Elapsed: 0.603	Loglikelihood: -263371	(delta): 1.50063
92 (QN/Block) 	Elapsed: 0.6	Loglikelihood: -263370	(delta): 0.742869
93 (QN/Block) 	Elapsed: 0.601	Loglikelihood: -263367	(delta): 2.4668
94 (QN/Block) 	Elapsed: 0.603	Loglikelihood: -263367	(delta): 0.749151
95 (QN/Block) 	Elapsed: 0.602	Loglikelihood: -263366	(delta): 0.629627
96 (QN/Block) 	Elapsed: 0.603	Loglikelihood: -263365	(delta): 0.481086
97 (QN/Block) 	Elapsed: 0.603	Loglikelihood: -263365	(delta): 0.440492
98 (QN/Block) 	Elapsed: 0.601	Loglikelihood: -263364	(delta): 0.65858
99 (QN/Block) 	Elapsed: 0.603	Loglikelihood: -263364	(delta): 0.261107
100 (QN/Block) 	Elapsed: 0.599	Loglikelihood: -263364	(delta): 0.467189
101 (QN/Block) 	Elapsed: 0.603	Loglikelihood: -263363	(delta): 0.403851
102 (QN/Block) 	Elapsed: 0.6	Loglikelihood: -263363	(delta): 0.269478
103 (QN/Block) 	Elapsed: 0.6	Loglikelihood: -263363	(delta): 0.213279
104 (QN/Block) 	Elapsed: 0.599	Loglikelihood: -263362	(delta): 0.445806
105 (QN/Block) 	Elapsed: 0.6	Loglikelihood: -263361	(delta): 0.940407
106 (QN/Block) 	Elapsed: 0.6	Loglikelihood: -263361	(delta): 0.364482
107 (QN/Block) 	Elapsed: 0.601	Loglikelihood: -263360	(delta): 0.648828
108 (QN/Block) 	Elapsed: 0.6	Loglikelihood: -263360	(delta): 0.517398
109 (QN/Block) 	Elapsed: 0.603	Loglikelihood: -263359	(delta): 0.624357
110 (QN/Block) 	Elapsed: 0.603	Loglikelihood: -263359	(delta): 0.433071
111 (QN/Block) 	Elapsed: 0.601	Loglikelihood: -263358	(delta): 0.521188
112 (QN/Block) 	Elapsed: 0.601	Loglikelihood: -263358	(delta): 0.712545
113 (QN/Block) 	Elapsed: 0.603	Loglikelihood: -263357	(delta): 0.449386
114 (QN/Block) 	Elapsed: 0.603	Loglikelihood: -263357	(delta): 0.574963
115 (QN/Block) 	Elapsed: 0.603	Loglikelihood: -263355	(delta): 1.11174
116 (QN/Block) 	Elapsed: 0.603	Loglikelihood: -263355	(delta): 0.298604
117 (QN/Block) 	Elapsed: 0.6	Loglikelihood: -263355	(delta): 0.165569
118 (QN/Block) 	Elapsed: 0.603	Loglikelihood: -263355	(delta): 0.223161
119 (QN/Block) 	Elapsed: 0.603	Loglikelihood: -263355	(delta): 0.158204
120 (QN/Block) 	Elapsed: 0.603	Loglikelihood: -263354	(delta): 0.139112
121 (QN/Block) 	Elapsed: 0.603	Loglikelihood: -263354	(delta): 0.152741
122 (QN/Block) 	Elapsed: 0.603	Loglikelihood: -263354	(delta): 0.252071
123 (QN/Block) 	Elapsed: 0.603	Loglikelihood: -263354	(delta): 0.379497
124 (QN/Block) 	Elapsed: 0.601	Loglikelihood: -263353	(delta): 0.186958
125 (QN/Block) 	Elapsed: 0.602	Loglikelihood: -263353	(delta): 0.414043
126 (QN/Block) 	Elapsed: 0.603	Loglikelihood: -263353	(delta): 0.251244
127 (QN/Block) 	Elapsed: 0.603	Loglikelihood: -263352	(delta): 0.357657
128 (QN/Block) 	Elapsed: 0.603	Loglikelihood: -263352	(delta): 0.496226
129 (QN/Block) 	Elapsed: 0.603	Loglikelihood: -263352	(delta): 0.249084
130 (QN/Block) 	Elapsed: 0.6	Loglikelihood: -263352	(delta): 0.179854
131 (QN/Block) 	Elapsed: 0.603	Loglikelihood: -263351	(delta): 0.0859904
132 (QN/Block) 	Elapsed: 0.599	Loglikelihood: -263351	(delta): 0.0725216
133 (QN/Block) 	Elapsed: 0.599	Loglikelihood: -263351	(delta): 0.0637372
134 (QN/Block) 	Elapsed: 0.6	Loglikelihood: -263351	(delta): 0.0520076
135 (QN/Block) 	Elapsed: 0.603	Loglikelihood: -263351	(delta): 0.193945
136 (QN/Block) 	Elapsed: 0.602	Loglikelihood: -263351	(delta): 0.0932953
137 (QN/Block) 	Elapsed: 0.603	Loglikelihood: -263351	(delta): 0.0192949
138 (QN/Block) 	Elapsed: 0.599	Loglikelihood: -263351	(delta): 0.0161018
139 (QN/Block) 	Elapsed: 0.599	Loglikelihood: -263351	(delta): 0.0134891
140 (QN/Block) 	Elapsed: 0.599	Loglikelihood: -263351	(delta): 0.00660188
141 (QN/Block) 	Elapsed: 0.599	Loglikelihood: -263351	(delta): 0.00377193
142 (QN/Block) 	Elapsed: 0.599	Loglikelihood: -263351	(delta): 0.00239944
143 (QN/Block) 	Elapsed: 0.599	Loglikelihood: -263351	(delta): 0.00443645
144 (QN/Block) 	Elapsed: 0.603	Loglikelihood: -263351	(delta): 0.00316743
145 (QN/Block) 	Elapsed: 0.603	Loglikelihood: -263351	(delta): 0.00406021
146 (QN/Block) 	Elapsed: 0.603	Loglikelihood: -263351	(delta): 0.00596458
147 (QN/Block) 	Elapsed: 0.603	Loglikelihood: -263351	(delta): 0.00909359
148 (QN/Block) 	Elapsed: 0.603	Loglikelihood: -263351	(delta): 0.00975194
149 (QN/Block) 	Elapsed: 0.603	Loglikelihood: -263351	(delta): 0.0064179
150 (QN/Block) 	Elapsed: 0.601	Loglikelihood: -263351	(delta): 0.00521928
151 (QN/Block) 	Elapsed: 0.603	Loglikelihood: -263351	(delta): 0.0111405
152 (QN/Block) 	Elapsed: 0.603	Loglikelihood: -263351	(delta): 0.000858932
153 (QN/Block) 	Elapsed: 0.603	Loglikelihood: -263351	(delta): 0.000656564
154 (QN/Block) 	Elapsed: 0.603	Loglikelihood: -263351	(delta): 0.000621684
155 (QN/Block) 	Elapsed: 0.603	Loglikelihood: -263351	(delta): 0.000399112
156 (QN/Block) 	Elapsed: 0.603	Loglikelihood: -263351	(delta): 0.000474952
157 (QN/Block) 	Elapsed: 0.603	Loglikelihood: -263351	(delta): 0.000452519
158 (QN/Block) 	Elapsed: 0.603	Loglikelihood: -263351	(delta): 0.000520988
159 (QN/Block) 	Elapsed: 0.603	Loglikelihood: -263351	(delta): 0.000658904
160 (QN/Block) 	Elapsed: 0.603	Loglikelihood: -263351	(delta): 0.00085131
161 (QN/Block) 	Elapsed: 0.603	Loglikelihood: -263351	(delta): 0.00111329
162 (QN/Block) 	Elapsed: 0.603	Loglikelihood: -263351	(delta): 0.00146725
163 (QN/Block) 	Elapsed: 0.603	Loglikelihood: -263351	(delta): 0.00194467
164 (QN/Block) 	Elapsed: 0.603	Loglikelihood: -263351	(delta): 0.00258947
165 (QN/Block) 	Elapsed: 0.603	Loglikelihood: -263351	(delta): 0.00346325
166 (QN/Block) 	Elapsed: 0.603	Loglikelihood: -263351	(delta): 0.00465305
167 (QN/Block) 	Elapsed: 0.603	Loglikelihood: -263351	(delta): 0.00628277
168 (QN/Block) 	Elapsed: 0.603	Loglikelihood: -263351	(delta): 0.00852982
169 (QN/Block) 	Elapsed: 0.603	Loglikelihood: -263351	(delta): 0.0089795
170 (QN/Block) 	Elapsed: 0.603	Loglikelihood: -263351	(delta): 0.000843072
171 (QN/Block) 	Elapsed: 0.599	Loglikelihood: -263351	(delta): 0.00127805
172 (QN/Block) 	Elapsed: 0.599	Loglikelihood: -263351	(delta): 0.000463397
173 (QN/Block) 	Elapsed: 0.599	Loglikelihood: -263351	(delta): 0.000200365
174 (QN/Block) 	Elapsed: 0.599	Loglikelihood: -263351	(delta): 7.87953e-05
Summary: 
Converged in 174 iterations (106.647 sec)
Loglikelihood: -263350.806502
Fst divergences between estimated populations: 
	Pop0	Pop1	Pop2	Pop3	Pop4	Pop5	Pop6	Pop7	Pop8	
Pop0	
Pop1	0.068	
Pop2	0.071	0.071	
Pop3	0.067	0.073	0.056	
Pop4	0.456	0.456	0.459	0.454	
Pop5	0.072	0.068	0.058	0.065	0.472	
Pop6	0.456	0.456	0.457	0.452	0.065	0.472	
Pop7	0.063	0.065	0.055	0.055	0.457	0.058	0.457	
Pop8	0.073	0.075	0.057	0.062	0.470	0.065	0.469	0.063	
Pop9	0.462	0.462	0.464	0.458	0.080	0.476	0.087	0.462	0.474	
CV error (K=10): 0.18861
Writing output files.
