[2021-08-28 01:48:13,791] multiqc                                            [DEBUG  ]  No MultiQC config found: /home/apps/python/gcc7/3.7.4/lib/python3.7/site-packages/multiqc_config.yaml
[2021-08-28 01:48:13,791] multiqc                                            [DEBUG  ]  No MultiQC config found: /home/jselwyn/.multiqc_config.yaml
[2021-08-28 01:48:13,802] multiqc                                            [DEBUG  ]  No MultiQC config found: multiqc_config.yaml
[2021-08-28 01:48:13,802] multiqc                                            [DEBUG  ]  Command used: /home/apps/python/gcc7/3.7.4/bin/multiqc MiSeq/fq_fp1_fp2 -n MiSeq/fq_fp1_fp2/2nd_fastp_report
[2021-08-28 01:48:14,936] multiqc                                            [DEBUG  ]  Could not connect to multiqc.info for version check: <urlopen error [SSL: CERTIFICATE_VERIFY_FAILED] certificate verify failed: unable to get local issuer certificate (_ssl.c:1076)>
[2021-08-28 01:48:14,936] multiqc                                            [INFO   ]  This is MultiQC v1.9
[2021-08-28 01:48:14,941] multiqc                                            [DEBUG  ]  Command     : /home/apps/python/gcc7/3.7.4/bin/multiqc MiSeq/fq_fp1_fp2 -n MiSeq/fq_fp1_fp2/2nd_fastp_report
[2021-08-28 01:48:14,941] multiqc                                            [DEBUG  ]  Working dir : /work/hobi/jselwyn/Coryphopterus_RAD
[2021-08-28 01:48:14,942] multiqc                                            [INFO   ]  Template    : default
[2021-08-28 01:48:14,942] multiqc                                            [DEBUG  ]  Running Python 3.7.4 (default, Oct 10 2019, 13:29:06)  [GCC 7.3.0]
[2021-08-28 01:48:14,942] multiqc                                            [INFO   ]  Searching   : /work/hobi/jselwyn/Coryphopterus_RAD/MiSeq/fq_fp1_fp2
[2021-08-28 01:48:14,942] multiqc                                            [DEBUG  ]  Analysing modules: custom_content, conpair, peddy, somalier, methylQA, mosdepth, phantompeakqualtools, qualimap, preseq, quast, qorts, rna_seqc, rockhopper, rsem, rseqc, busco, goleft_indexcov, disambiguate, supernova, deeptools, sargasso, verifybamid, mirtrace, happy, mirtop, homer, macs2, theta2, snpeff, gatk, htseq, bcftools, featureCounts, fgbio, dragen, dedup, damageprofiler, biobambam2, mtnucratio, picard, prokka, samblaster, samtools, sexdeterrmine, bamtools, jellyfish, vcftools, longranger, stacks, varscan2, bbmap, bismark, biscuit, hicexplorer, hicup, hicpro, salmon, kallisto, slamdunk, star, hisat2, tophat, bowtie2, bowtie1, snpsplit, kat, leehom, adapterRemoval, clipandmerge, cutadapt, flexbar, kaiju, kraken, malt, trimmomatic, sickle, skewer, sortmerna, biobloomtools, fastq_screen, afterqc, fastp, fastqc, pycoqc, minionqc, multivcfanalyzer, clusterflow, bcl2fastq, interop, ivar, flash, seqyclean
[2021-08-28 01:48:14,942] multiqc                                            [DEBUG  ]  Using temporary directory for creating report: /tmp/tmp_nmudxj5
[2021-08-28 01:48:15,050] multiqc                                            [DEBUG  ]  Ignoring file as matched an ignore pattern: COPE-0922.fp2_r1.fq.gz
[2021-08-28 01:48:15,050] multiqc                                            [DEBUG  ]  Ignoring file as matched an ignore pattern: COPE-0942.fp2_r2.fq.gz
[2021-08-28 01:48:15,050] multiqc                                            [DEBUG  ]  Ignoring file as matched an ignore pattern: COPE-0922.r1r2_fastp.html
[2021-08-28 01:48:15,050] multiqc                                            [DEBUG  ]  Ignoring file as matched an ignore pattern: COPE-1030.fp2_r2.fq.gz
[2021-08-28 01:48:15,090] multiqc                                            [DEBUG  ]  Ignoring file as matched an ignore pattern: COPE-0773.r1r2_fastp.html
[2021-08-28 01:48:15,090] multiqc                                            [DEBUG  ]  Ignoring file as matched an ignore pattern: COPE-0694.r1r2_fastp.html
[2021-08-28 01:48:15,091] multiqc                                            [DEBUG  ]  Ignoring file as matched an ignore pattern: COPE-1033.r1r2_fastp.html
[2021-08-28 01:48:15,091] multiqc                                            [DEBUG  ]  Ignoring file as matched an ignore pattern: COPE-0697.fp2_r1.fq.gz
[2021-08-28 01:48:15,091] multiqc                                            [DEBUG  ]  Ignoring file as matched an ignore pattern: COPE-0942.fp2_r1.fq.gz
[2021-08-28 01:48:15,091] multiqc                                            [DEBUG  ]  Ignoring file as matched an ignore pattern: COPE-1188.fp2_r1.fq.gz
[2021-08-28 01:48:15,091] multiqc                                            [DEBUG  ]  Ignoring file as matched an ignore pattern: COPE-1030.fp2_r1.fq.gz
[2021-08-28 01:48:15,091] multiqc                                            [DEBUG  ]  Ignoring file as matched an ignore pattern: COPE-0694.fp2_r1.fq.gz
[2021-08-28 01:48:15,092] multiqc                                            [DEBUG  ]  Ignoring file as matched an ignore pattern: COPE-0773.fp2_r2.fq.gz
[2021-08-28 01:48:15,092] multiqc                                            [DEBUG  ]  Ignoring file as matched an ignore pattern: COPE-0694.fp2_r2.fq.gz
[2021-08-28 01:48:15,092] multiqc                                            [DEBUG  ]  Ignoring file as matched an ignore pattern: COPE-0697.r1r2_fastp.html
[2021-08-28 01:48:15,092] multiqc                                            [DEBUG  ]  Ignoring file as matched an ignore pattern: COPE-0942.r1r2_fastp.html
[2021-08-28 01:48:15,093] multiqc                                            [DEBUG  ]  Ignoring file as matched an ignore pattern: COPE-1188.r1r2_fastp.html
[2021-08-28 01:48:15,093] multiqc                                            [DEBUG  ]  Ignoring file as matched an ignore pattern: COPE-1030.r1r2_fastp.html
[2021-08-28 01:48:15,093] multiqc                                            [DEBUG  ]  Ignoring file as matched an ignore pattern: COPE-1033.fp2_r1.fq.gz
[2021-08-28 01:48:15,093] multiqc                                            [DEBUG  ]  Ignoring file as matched an ignore pattern: COPE-1033.fp2_r2.fq.gz
[2021-08-28 01:48:15,093] multiqc                                            [DEBUG  ]  Ignoring file as matched an ignore pattern: COPE-0922.fp2_r2.fq.gz
[2021-08-28 01:48:15,093] multiqc                                            [DEBUG  ]  Ignoring file as matched an ignore pattern: COPE-0697.fp2_r2.fq.gz
[2021-08-28 01:48:15,094] multiqc                                            [DEBUG  ]  Ignoring file as matched an ignore pattern: COPE-0773.fp2_r1.fq.gz
[2021-08-28 01:48:15,094] multiqc                                            [DEBUG  ]  Ignoring file as matched an ignore pattern: COPE-1188.fp2_r2.fq.gz
[2021-08-28 01:48:15,095] multiqc                                            [DEBUG  ]  Ignoring file as matched an ignore pattern: COPE-0942.fp2_fail.fq.gz
[2021-08-28 01:48:15,096] multiqc                                            [DEBUG  ]  Ignoring file as matched an ignore pattern: COPE-0694.fp2_fail.fq.gz
[2021-08-28 01:48:15,096] multiqc                                            [DEBUG  ]  Ignoring file as matched an ignore pattern: COPE-0697.fp2_unprd.fq.gz
[2021-08-28 01:48:15,096] multiqc                                            [DEBUG  ]  Ignoring file as matched an ignore pattern: COPE-0922.fp2_unprd.fq.gz
[2021-08-28 01:48:15,096] multiqc                                            [DEBUG  ]  Ignoring file as matched an ignore pattern: COPE-0942.fp2_unprd.fq.gz
[2021-08-28 01:48:15,096] multiqc                                            [DEBUG  ]  Ignoring file as matched an ignore pattern: COPE-1030.fp2_unprd.fq.gz
[2021-08-28 01:48:15,096] multiqc                                            [DEBUG  ]  Ignoring file as matched an ignore pattern: COPE-1033.fp2_unprd.fq.gz
[2021-08-28 01:48:15,096] multiqc                                            [DEBUG  ]  Ignoring file as matched an ignore pattern: COPE-0922.fp2_fail.fq.gz
[2021-08-28 01:48:15,096] multiqc                                            [DEBUG  ]  Ignoring file as matched an ignore pattern: COPE-0773.fp2_fail.fq.gz
[2021-08-28 01:48:15,096] multiqc                                            [DEBUG  ]  Ignoring file as matched an ignore pattern: COPE-1188.fp2_fail.fq.gz
[2021-08-28 01:48:15,097] multiqc                                            [DEBUG  ]  Ignoring file as matched an ignore pattern: COPE-1030.fp2_fail.fq.gz
[2021-08-28 01:48:15,097] multiqc                                            [DEBUG  ]  Ignoring file as matched an ignore pattern: COPE-1033.fp2_fail.fq.gz
[2021-08-28 01:48:15,097] multiqc                                            [DEBUG  ]  Ignoring file as matched an ignore pattern: COPE-0697.fp2_fail.fq.gz
[2021-08-28 01:48:15,097] multiqc                                            [DEBUG  ]  Ignoring file as matched an ignore pattern: COPE-0694.fp2_unprd.fq.gz
[2021-08-28 01:48:15,097] multiqc                                            [DEBUG  ]  Ignoring file as matched an ignore pattern: COPE-0773.fp2_unprd.fq.gz
[2021-08-28 01:48:15,097] multiqc                                            [DEBUG  ]  Ignoring file as matched an ignore pattern: COPE-1188.fp2_unprd.fq.gz
[2021-08-28 01:48:15,653] multiqc.plots.bargraph                             [DEBUG  ]  Using matplotlib version 3.1.1
[2021-08-28 01:48:15,657] multiqc.plots.linegraph                            [DEBUG  ]  Using matplotlib version 3.1.1
[2021-08-28 01:48:15,659] multiqc                                            [DEBUG  ]  No samples found: custom_content
[2021-08-28 01:48:15,666] multiqc                                            [DEBUG  ]  No samples found: conpair
[2021-08-28 01:48:15,673] multiqc                                            [DEBUG  ]  No samples found: peddy
[2021-08-28 01:48:15,680] multiqc                                            [DEBUG  ]  No samples found: somalier
[2021-08-28 01:48:15,687] multiqc                                            [DEBUG  ]  No samples found: methylQA
[2021-08-28 01:48:15,697] multiqc                                            [DEBUG  ]  No samples found: mosdepth
[2021-08-28 01:48:15,704] multiqc                                            [DEBUG  ]  No samples found: phantompeakqualtools
[2021-08-28 01:48:15,709] multiqc                                            [DEBUG  ]  No samples found: qualimap
[2021-08-28 01:48:15,716] multiqc                                            [DEBUG  ]  No samples found: preseq
[2021-08-28 01:48:15,723] multiqc                                            [DEBUG  ]  No samples found: quast
[2021-08-28 01:48:15,730] multiqc                                            [DEBUG  ]  No samples found: qorts
[2021-08-28 01:48:15,737] multiqc                                            [DEBUG  ]  No samples found: rna_seqc
[2021-08-28 01:48:15,744] multiqc                                            [DEBUG  ]  No samples found: rockhopper
[2021-08-28 01:48:15,751] multiqc                                            [DEBUG  ]  No samples found: rsem
[2021-08-28 01:48:15,765] multiqc                                            [DEBUG  ]  No samples found: rseqc
[2021-08-28 01:48:15,771] multiqc                                            [DEBUG  ]  No samples found: busco
[2021-08-28 01:48:15,778] multiqc                                            [DEBUG  ]  No samples found: goleft_indexcov
[2021-08-28 01:48:15,785] multiqc                                            [DEBUG  ]  No samples found: disambiguate
[2021-08-28 01:48:15,792] multiqc                                            [DEBUG  ]  No samples found: supernova
[2021-08-28 01:48:15,806] multiqc                                            [DEBUG  ]  No samples found: deeptools
[2021-08-28 01:48:15,813] multiqc                                            [DEBUG  ]  No samples found: sargasso
[2021-08-28 01:48:15,820] multiqc                                            [DEBUG  ]  No samples found: verifybamid
[2021-08-28 01:48:15,827] multiqc                                            [DEBUG  ]  No samples found: mirtrace
[2021-08-28 01:48:15,834] multiqc                                            [DEBUG  ]  No samples found: happy
[2021-08-28 01:48:15,841] multiqc                                            [DEBUG  ]  No samples found: mirtop
[2021-08-28 01:48:15,849] multiqc                                            [DEBUG  ]  No samples found: homer
[2021-08-28 01:48:15,856] multiqc                                            [DEBUG  ]  No samples found: macs2
[2021-08-28 01:48:15,863] multiqc                                            [DEBUG  ]  No samples found: theta2
[2021-08-28 01:48:15,870] multiqc                                            [DEBUG  ]  No samples found: snpeff
[2021-08-28 01:48:15,878] multiqc                                            [DEBUG  ]  No samples found: gatk
[2021-08-28 01:48:15,885] multiqc                                            [DEBUG  ]  No samples found: htseq
[2021-08-28 01:48:15,893] multiqc                                            [DEBUG  ]  No samples found: bcftools
[2021-08-28 01:48:15,900] multiqc                                            [DEBUG  ]  No samples found: featureCounts
[2021-08-28 01:48:15,908] multiqc                                            [DEBUG  ]  No samples found: fgbio
[2021-08-28 01:48:15,922] multiqc                                            [DEBUG  ]  No samples found: dragen
[2021-08-28 01:48:15,929] multiqc                                            [DEBUG  ]  No samples found: dedup
[2021-08-28 01:48:15,936] multiqc                                            [DEBUG  ]  No samples found: damageprofiler
[2021-08-28 01:48:15,959] multiqc                                            [DEBUG  ]  No samples found: biobambam2
[2021-08-28 01:48:15,966] multiqc                                            [DEBUG  ]  No samples found: mtnucratio
[2021-08-28 01:48:15,970] multiqc                                            [DEBUG  ]  No samples found: picard
[2021-08-28 01:48:15,977] multiqc                                            [DEBUG  ]  No samples found: prokka
[2021-08-28 01:48:15,984] multiqc                                            [DEBUG  ]  No samples found: samblaster
[2021-08-28 01:48:15,994] multiqc                                            [DEBUG  ]  No samples found: samtools
[2021-08-28 01:48:16,001] multiqc                                            [DEBUG  ]  No samples found: sexdeterrmine
[2021-08-28 01:48:16,008] multiqc                                            [DEBUG  ]  No samples found: bamtools
[2021-08-28 01:48:16,015] multiqc                                            [DEBUG  ]  No samples found: jellyfish
[2021-08-28 01:48:16,025] multiqc                                            [DEBUG  ]  No samples found: vcftools
[2021-08-28 01:48:16,032] multiqc                                            [DEBUG  ]  No samples found: longranger
[2021-08-28 01:48:16,039] multiqc                                            [DEBUG  ]  No samples found: stacks
[2021-08-28 01:48:16,046] multiqc                                            [DEBUG  ]  No samples found: varscan2
[2021-08-28 01:48:16,061] multiqc                                            [DEBUG  ]  No samples found: bbmap
[2021-08-28 01:48:16,068] multiqc                                            [DEBUG  ]  No samples found: bismark
[2021-08-28 01:48:16,076] multiqc                                            [DEBUG  ]  No samples found: biscuit
[2021-08-28 01:48:16,083] multiqc                                            [DEBUG  ]  No samples found: hicexplorer
[2021-08-28 01:48:16,090] multiqc                                            [DEBUG  ]  No samples found: hicup
[2021-08-28 01:48:16,097] multiqc                                            [DEBUG  ]  No samples found: hicpro
[2021-08-28 01:48:16,103] multiqc                                            [DEBUG  ]  No samples found: salmon
[2021-08-28 01:48:16,110] multiqc                                            [DEBUG  ]  No samples found: kallisto
[2021-08-28 01:48:16,118] multiqc                                            [DEBUG  ]  No samples found: slamdunk
[2021-08-28 01:48:16,124] multiqc                                            [DEBUG  ]  No samples found: star
[2021-08-28 01:48:16,131] multiqc                                            [DEBUG  ]  No samples found: hisat2
[2021-08-28 01:48:16,138] multiqc                                            [DEBUG  ]  No samples found: tophat
[2021-08-28 01:48:16,145] multiqc                                            [DEBUG  ]  No samples found: bowtie2
[2021-08-28 01:48:16,152] multiqc                                            [DEBUG  ]  No samples found: bowtie1
[2021-08-28 01:48:16,159] multiqc                                            [DEBUG  ]  No samples found: snpsplit
[2021-08-28 01:48:16,166] multiqc                                            [DEBUG  ]  No samples found: kat
[2021-08-28 01:48:16,172] multiqc                                            [DEBUG  ]  No samples found: leehom
[2021-08-28 01:48:16,179] multiqc                                            [DEBUG  ]  No samples found: adapterRemoval
[2021-08-28 01:48:16,186] multiqc                                            [DEBUG  ]  No samples found: clipandmerge
[2021-08-28 01:48:16,193] multiqc                                            [DEBUG  ]  No samples found: cutadapt
[2021-08-28 01:48:16,200] multiqc                                            [DEBUG  ]  No samples found: flexbar
[2021-08-28 01:48:16,207] multiqc                                            [DEBUG  ]  No samples found: kaiju
[2021-08-28 01:48:16,213] multiqc                                            [DEBUG  ]  No samples found: kraken
[2021-08-28 01:48:16,220] multiqc                                            [DEBUG  ]  No samples found: malt
[2021-08-28 01:48:16,227] multiqc                                            [DEBUG  ]  No samples found: trimmomatic
[2021-08-28 01:48:16,234] multiqc                                            [DEBUG  ]  No samples found: sickle
[2021-08-28 01:48:16,241] multiqc                                            [DEBUG  ]  No samples found: skewer
[2021-08-28 01:48:16,248] multiqc                                            [DEBUG  ]  No samples found: sortmerna
[2021-08-28 01:48:16,254] multiqc                                            [DEBUG  ]  No samples found: biobloomtools
[2021-08-28 01:48:16,261] multiqc                                            [DEBUG  ]  No samples found: fastq_screen
[2021-08-28 01:48:16,268] multiqc                                            [DEBUG  ]  No samples found: afterqc
[2021-08-28 01:48:16,539] multiqc.modules.fastp.fastp                        [INFO   ]  Found 8 reports
[2021-08-28 01:48:16,616] multiqc                                            [DEBUG  ]  No samples found: fastqc
[2021-08-28 01:48:16,622] multiqc                                            [DEBUG  ]  No samples found: pycoqc
[2021-08-28 01:48:16,629] multiqc                                            [DEBUG  ]  No samples found: minionqc
[2021-08-28 01:48:16,636] multiqc                                            [DEBUG  ]  No samples found: multivcfanalyzer
[2021-08-28 01:48:16,643] multiqc                                            [DEBUG  ]  No samples found: clusterflow
[2021-08-28 01:48:16,651] multiqc                                            [DEBUG  ]  No samples found: bcl2fastq
[2021-08-28 01:48:16,658] multiqc                                            [DEBUG  ]  No samples found: interop
[2021-08-28 01:48:16,664] multiqc                                            [DEBUG  ]  No samples found: ivar
[2021-08-28 01:48:16,671] multiqc                                            [DEBUG  ]  No samples found: flash
[2021-08-28 01:48:16,678] multiqc                                            [DEBUG  ]  No samples found: seqyclean
[2021-08-28 01:48:16,696] multiqc                                            [INFO   ]  Compressing plot data
[2021-08-28 01:48:17,845] multiqc                                            [INFO   ]  Report      : MiSeq/fq_fp1_fp2/2nd_fastp_report.html
[2021-08-28 01:48:17,845] multiqc                                            [INFO   ]  Data        : MiSeq/fq_fp1_fp2/2nd_fastp_report_data
[2021-08-28 01:48:17,845] multiqc                                            [DEBUG  ]  Moving data file from '/tmp/tmp_nmudxj5/multiqc_data' to '/work/hobi/jselwyn/Coryphopterus_RAD/MiSeq/fq_fp1_fp2/2nd_fastp_report_data'
[2021-08-28 01:48:20,028] multiqc                                            [INFO   ]  MultiQC complete
